ARM GAS  /tmp/ccK9Ktbl.s 			page 1


   1              		.syntax unified
   2              		.cpu cortex-m3
   3              		.fpu softvfp
   4              		.eabi_attribute 20, 1
   5              		.eabi_attribute 21, 1
   6              		.eabi_attribute 23, 3
   7              		.eabi_attribute 24, 1
   8              		.eabi_attribute 25, 1
   9              		.eabi_attribute 26, 1
  10              		.eabi_attribute 30, 2
  11              		.eabi_attribute 34, 1
  12              		.eabi_attribute 18, 4
  13              		.thumb
  14              		.file	"board.c"
  15              		.text
  16              	.Ltext0:
  17              		.cfi_sections	.debug_frame
  18              		.section	.text.__early_init,"ax",%progbits
  19              		.align	2
  20              		.p2align 4,,15
  21              		.global	__early_init
  22              		.thumb
  23              		.thumb_func
  24              		.type	__early_init, %function
  25              	__early_init:
  26              	.LFB207:
  27              		.file 1 "board/Nite4/board.c"
  28              		.loc 1 45 0
  29              		.cfi_startproc
  30              		@ args = 0, pretend = 0, frame = 0
  31              		@ frame_needed = 0, uses_anonymous_args = 0
  32              		@ link register save eliminated.
  33              		.loc 1 47 0
  34 0000 FFF7FEBF 		b	stm32_clock_init
  35              	.LVL0:
  36              		.cfi_endproc
  37              	.LFE207:
  38              		.size	__early_init, .-__early_init
  39 0004 AFF30080 		.section	.text.boardInit,"ax",%progbits
  39      AFF30080 
  39      AFF30080 
  40              		.align	2
  41              		.p2align 4,,15
  42              		.global	boardInit
  43              		.thumb
  44              		.thumb_func
  45              		.type	boardInit, %function
  46              	boardInit:
  47              	.LFB208:
  48              		.loc 1 68 0
  49              		.cfi_startproc
  50              		@ args = 0, pretend = 0, frame = 0
  51              		@ frame_needed = 0, uses_anonymous_args = 0
  52              		@ link register save eliminated.
  53 0000 7047     		bx	lr
  54              		.cfi_endproc
  55              	.LFE208:
ARM GAS  /tmp/ccK9Ktbl.s 			page 2


  56              		.size	boardInit, .-boardInit
  57              		.global	pal_default_config
  58 0002 00BFAFF3 		.section	.rodata.pal_default_config,"a",%progbits
  58      0080AFF3 
  58      0080AFF3 
  58      0080
  59              		.align	2
  60              		.type	pal_default_config, %object
  61              		.size	pal_default_config, 252
  62              	pal_default_config:
  63 0000 00000028 		.word	671088640
  64 0004 00000000 		.word	0
  65 0008 55555555 		.word	1431655765
  66 000c 55555555 		.word	1431655765
  67 0010 FFF0FFFF 		.word	-3841
  68 0014 00005055 		.word	1431306240
  69 0018 70070000 		.word	1904
  70 001c 0000A000 		.word	10485760
  71 0020 000C0000 		.word	3072
  72 0024 55555555 		.word	1431655765
  73 0028 00000000 		.word	0
  74 002c FF0FFFFF 		.word	-61441
  75 0030 00606600 		.word	6709248
  76 0034 00440000 		.word	17408
  77 0038 00000000 		.word	0
  78 003c 00000000 		.word	0
  79 0040 55555555 		.word	1431655765
  80 0044 55000004 		.word	67108949
  81 0048 FF08FFFF 		.word	-63233
  82 004c 00000088 		.word	-2013265920
  83 0050 00000000 		.word	0
  84 0054 00000000 		.word	0
  85 0058 00000000 		.word	0
  86 005c 55555555 		.word	1431655765
  87 0060 55555555 		.word	1431655765
  88 0064 00FFFFFF 		.word	-256
  89 0068 00000000 		.word	0
  90 006c 77002200 		.word	2228343
  91 0070 00000050 		.word	1342177280
  92 0074 00000000 		.word	0
  93 0078 55555555 		.word	1431655765
  94 007c 55555555 		.word	1431655765
  95 0080 0002FFFF 		.word	-65024
  96 0084 00000000 		.word	0
  97 0088 00000000 		.word	0
  98 008c 00000000 		.word	0
  99 0090 00000000 		.word	0
 100 0094 FFFFFFFF 		.word	-1
 101 0098 FFFFFFFF 		.word	-1
 102 009c FFFFFFFF 		.word	-1
 103 00a0 00000000 		.word	0
 104 00a4 00000000 		.word	0
 105 00a8 00000000 		.word	0
 106 00ac 00000000 		.word	0
 107 00b0 FFFFFFFF 		.word	-1
 108 00b4 FFFFFFFF 		.word	-1
 109 00b8 FFFFFFFF 		.word	-1
ARM GAS  /tmp/ccK9Ktbl.s 			page 3


 110 00bc 00000000 		.word	0
 111 00c0 00000000 		.word	0
 112 00c4 00000000 		.word	0
 113 00c8 00000000 		.word	0
 114 00cc FFFFFFFF 		.word	-1
 115 00d0 FFFFFFFF 		.word	-1
 116 00d4 FFFFFFFF 		.word	-1
 117 00d8 00000000 		.word	0
 118 00dc 00000000 		.word	0
 119 00e0 00000000 		.word	0
 120 00e4 00000000 		.word	0
 121 00e8 FFFFFFFF 		.word	-1
 122 00ec FFFFFFFF 		.word	-1
 123 00f0 FFFFFFFF 		.word	-1
 124 00f4 00000000 		.word	0
 125 00f8 00000000 		.word	0
 126              		.text
 127              	.Letext0:
 128              		.file 2 "/usr/lib/gcc/arm-none-eabi/4.9.3/include/stddef.h"
 129              		.file 3 "/usr/include/newlib/machine/_default_types.h"
 130              		.file 4 "/usr/include/newlib/stdint.h"
 131              		.file 5 "/home/peter/ChibiOS_16.1.4/os/rt/ports/ARMCMx/compilers/GCC/chtypes.h"
 132              		.file 6 "/home/peter/ChibiOS_16.1.4/os/rt/include/chsystypes.h"
 133              		.file 7 "/home/peter/ChibiOS_16.1.4/os/rt/include/chschd.h"
 134              		.file 8 "/home/peter/ChibiOS_16.1.4/os/rt/ports/ARMCMx/chcore.h"
 135              		.file 9 "/home/peter/ChibiOS_16.1.4/os/rt/ports/ARMCMx/chcore_v7m.h"
 136              		.file 10 "/home/peter/ChibiOS_16.1.4/os/rt/include/chtm.h"
 137              		.file 11 "/home/peter/ChibiOS_16.1.4/os/rt/include/chsem.h"
 138              		.file 12 "/home/peter/ChibiOS_16.1.4/os/rt/include/chmtx.h"
 139              		.file 13 "/home/peter/ChibiOS_16.1.4/os/hal/ports/STM32/LLD/GPIOv2/pal_lld.h"
 140              		.file 14 "/home/peter/ChibiOS_16.1.4/os/ext/CMSIS/include/core_cm3.h"
 141              		.file 15 "/home/peter/ChibiOS_16.1.4/os/hal/ports/STM32/STM32F4xx/hal_lld.h"
 142              		.section	.debug_info,"",%progbits
 143              	.Ldebug_info0:
 144 0000 A1070000 		.4byte	0x7a1
 145 0004 0400     		.2byte	0x4
 146 0006 00000000 		.4byte	.Ldebug_abbrev0
 147 000a 04       		.byte	0x4
 148 000b 01       		.uleb128 0x1
 149 000c 52040000 		.4byte	.LASF124
 150 0010 01       		.byte	0x1
 151 0011 73010000 		.4byte	.LASF125
 152 0015 32010000 		.4byte	.LASF126
 153 0019 00000000 		.4byte	.Ldebug_ranges0+0
 154 001d 00000000 		.4byte	0
 155 0021 00000000 		.4byte	.Ldebug_line0
 156 0025 02       		.uleb128 0x2
 157 0026 04       		.byte	0x4
 158 0027 05       		.byte	0x5
 159 0028 696E7400 		.ascii	"int\000"
 160 002c 03       		.uleb128 0x3
 161 002d 20000000 		.4byte	.LASF2
 162 0031 02       		.byte	0x2
 163 0032 D4       		.byte	0xd4
 164 0033 37000000 		.4byte	0x37
 165 0037 04       		.uleb128 0x4
 166 0038 04       		.byte	0x4
ARM GAS  /tmp/ccK9Ktbl.s 			page 4


 167 0039 07       		.byte	0x7
 168 003a EC010000 		.4byte	.LASF0
 169 003e 04       		.uleb128 0x4
 170 003f 01       		.byte	0x1
 171 0040 06       		.byte	0x6
 172 0041 DD000000 		.4byte	.LASF1
 173 0045 03       		.uleb128 0x3
 174 0046 37000000 		.4byte	.LASF3
 175 004a 03       		.byte	0x3
 176 004b 1D       		.byte	0x1d
 177 004c 50000000 		.4byte	0x50
 178 0050 04       		.uleb128 0x4
 179 0051 01       		.byte	0x1
 180 0052 08       		.byte	0x8
 181 0053 7C030000 		.4byte	.LASF4
 182 0057 04       		.uleb128 0x4
 183 0058 02       		.byte	0x2
 184 0059 05       		.byte	0x5
 185 005a 9F030000 		.4byte	.LASF5
 186 005e 04       		.uleb128 0x4
 187 005f 02       		.byte	0x2
 188 0060 07       		.byte	0x7
 189 0061 2F020000 		.4byte	.LASF6
 190 0065 03       		.uleb128 0x3
 191 0066 87020000 		.4byte	.LASF7
 192 006a 03       		.byte	0x3
 193 006b 3F       		.byte	0x3f
 194 006c 70000000 		.4byte	0x70
 195 0070 04       		.uleb128 0x4
 196 0071 04       		.byte	0x4
 197 0072 05       		.byte	0x5
 198 0073 19010000 		.4byte	.LASF8
 199 0077 03       		.uleb128 0x3
 200 0078 41050000 		.4byte	.LASF9
 201 007c 03       		.byte	0x3
 202 007d 41       		.byte	0x41
 203 007e 82000000 		.4byte	0x82
 204 0082 04       		.uleb128 0x4
 205 0083 04       		.byte	0x4
 206 0084 07       		.byte	0x7
 207 0085 40040000 		.4byte	.LASF10
 208 0089 04       		.uleb128 0x4
 209 008a 08       		.byte	0x8
 210 008b 05       		.byte	0x5
 211 008c CF000000 		.4byte	.LASF11
 212 0090 03       		.uleb128 0x3
 213 0091 2C030000 		.4byte	.LASF12
 214 0095 03       		.byte	0x3
 215 0096 5B       		.byte	0x5b
 216 0097 9B000000 		.4byte	0x9b
 217 009b 04       		.uleb128 0x4
 218 009c 08       		.byte	0x8
 219 009d 07       		.byte	0x7
 220 009e 63000000 		.4byte	.LASF13
 221 00a2 03       		.uleb128 0x3
 222 00a3 A4050000 		.4byte	.LASF14
 223 00a7 04       		.byte	0x4
ARM GAS  /tmp/ccK9Ktbl.s 			page 5


 224 00a8 15       		.byte	0x15
 225 00a9 45000000 		.4byte	0x45
 226 00ad 03       		.uleb128 0x3
 227 00ae 74030000 		.4byte	.LASF15
 228 00b2 04       		.byte	0x4
 229 00b3 2C       		.byte	0x2c
 230 00b4 65000000 		.4byte	0x65
 231 00b8 03       		.uleb128 0x3
 232 00b9 0F040000 		.4byte	.LASF16
 233 00bd 04       		.byte	0x4
 234 00be 2D       		.byte	0x2d
 235 00bf 77000000 		.4byte	0x77
 236 00c3 03       		.uleb128 0x3
 237 00c4 2E000000 		.4byte	.LASF17
 238 00c8 04       		.byte	0x4
 239 00c9 39       		.byte	0x39
 240 00ca 90000000 		.4byte	0x90
 241 00ce 03       		.uleb128 0x3
 242 00cf 65050000 		.4byte	.LASF18
 243 00d3 05       		.byte	0x5
 244 00d4 39       		.byte	0x39
 245 00d5 B8000000 		.4byte	0xb8
 246 00d9 03       		.uleb128 0x3
 247 00da 65020000 		.4byte	.LASF19
 248 00de 05       		.byte	0x5
 249 00df 3C       		.byte	0x3c
 250 00e0 A2000000 		.4byte	0xa2
 251 00e4 03       		.uleb128 0x3
 252 00e5 29010000 		.4byte	.LASF20
 253 00e9 05       		.byte	0x5
 254 00ea 3D       		.byte	0x3d
 255 00eb A2000000 		.4byte	0xa2
 256 00ef 03       		.uleb128 0x3
 257 00f0 37030000 		.4byte	.LASF21
 258 00f4 05       		.byte	0x5
 259 00f5 3E       		.byte	0x3e
 260 00f6 A2000000 		.4byte	0xa2
 261 00fa 03       		.uleb128 0x3
 262 00fb FF000000 		.4byte	.LASF22
 263 00ff 05       		.byte	0x5
 264 0100 3F       		.byte	0x3f
 265 0101 A2000000 		.4byte	0xa2
 266 0105 03       		.uleb128 0x3
 267 0106 56030000 		.4byte	.LASF23
 268 010a 05       		.byte	0x5
 269 010b 40       		.byte	0x40
 270 010c B8000000 		.4byte	0xb8
 271 0110 03       		.uleb128 0x3
 272 0111 53020000 		.4byte	.LASF24
 273 0115 05       		.byte	0x5
 274 0116 41       		.byte	0x41
 275 0117 AD000000 		.4byte	0xad
 276 011b 03       		.uleb128 0x3
 277 011c 7B020000 		.4byte	.LASF25
 278 0120 05       		.byte	0x5
 279 0121 43       		.byte	0x43
 280 0122 B8000000 		.4byte	0xb8
ARM GAS  /tmp/ccK9Ktbl.s 			page 6


 281 0126 03       		.uleb128 0x3
 282 0127 E6010000 		.4byte	.LASF26
 283 012b 05       		.byte	0x5
 284 012c 45       		.byte	0x45
 285 012d AD000000 		.4byte	0xad
 286 0131 03       		.uleb128 0x3
 287 0132 23050000 		.4byte	.LASF27
 288 0136 06       		.byte	0x6
 289 0137 33       		.byte	0x33
 290 0138 B8000000 		.4byte	0xb8
 291 013c 03       		.uleb128 0x3
 292 013d 13050000 		.4byte	.LASF28
 293 0141 06       		.byte	0x6
 294 0142 3F       		.byte	0x3f
 295 0143 47010000 		.4byte	0x147
 296 0147 05       		.uleb128 0x5
 297 0148 49020000 		.4byte	.LASF49
 298 014c 44       		.byte	0x44
 299 014d 07       		.byte	0x7
 300 014e C2       		.byte	0xc2
 301 014f 40020000 		.4byte	0x240
 302 0153 06       		.uleb128 0x6
 303 0154 D0030000 		.4byte	.LASF29
 304 0158 07       		.byte	0x7
 305 0159 C3       		.byte	0xc3
 306 015a 4B020000 		.4byte	0x24b
 307 015e 00       		.byte	0
 308 015f 06       		.uleb128 0x6
 309 0160 4F030000 		.4byte	.LASF30
 310 0164 07       		.byte	0x7
 311 0165 C5       		.byte	0xc5
 312 0166 4B020000 		.4byte	0x24b
 313 016a 04       		.byte	0x4
 314 016b 06       		.uleb128 0x6
 315 016c C8000000 		.4byte	.LASF31
 316 0170 07       		.byte	0x7
 317 0171 C7       		.byte	0xc7
 318 0172 05010000 		.4byte	0x105
 319 0176 08       		.byte	0x8
 320 0177 06       		.uleb128 0x6
 321 0178 F7050000 		.4byte	.LASF32
 322 017c 07       		.byte	0x7
 323 017d C8       		.byte	0xc8
 324 017e 7B040000 		.4byte	0x47b
 325 0182 0C       		.byte	0xc
 326 0183 06       		.uleb128 0x6
 327 0184 87010000 		.4byte	.LASF33
 328 0188 07       		.byte	0x7
 329 0189 CA       		.byte	0xca
 330 018a 4B020000 		.4byte	0x24b
 331 018e 10       		.byte	0x10
 332 018f 06       		.uleb128 0x6
 333 0190 EF020000 		.4byte	.LASF34
 334 0194 07       		.byte	0x7
 335 0195 CB       		.byte	0xcb
 336 0196 4B020000 		.4byte	0x24b
 337 019a 14       		.byte	0x14
ARM GAS  /tmp/ccK9Ktbl.s 			page 7


 338 019b 06       		.uleb128 0x6
 339 019c B3050000 		.4byte	.LASF35
 340 01a0 07       		.byte	0x7
 341 01a1 D2       		.byte	0xd2
 342 01a2 FA050000 		.4byte	0x5fa
 343 01a6 18       		.byte	0x18
 344 01a7 06       		.uleb128 0x6
 345 01a8 A9030000 		.4byte	.LASF36
 346 01ac 07       		.byte	0x7
 347 01ad DD       		.byte	0xdd
 348 01ae E4000000 		.4byte	0xe4
 349 01b2 1C       		.byte	0x1c
 350 01b3 06       		.uleb128 0x6
 351 01b4 D7030000 		.4byte	.LASF37
 352 01b8 07       		.byte	0x7
 353 01b9 E1       		.byte	0xe1
 354 01ba D9000000 		.4byte	0xd9
 355 01be 1D       		.byte	0x1d
 356 01bf 06       		.uleb128 0x6
 357 01c0 8D050000 		.4byte	.LASF38
 358 01c4 07       		.byte	0x7
 359 01c5 E6       		.byte	0xe6
 360 01c6 EF000000 		.4byte	0xef
 361 01ca 1E       		.byte	0x1e
 362 01cb 06       		.uleb128 0x6
 363 01cc B1030000 		.4byte	.LASF39
 364 01d0 07       		.byte	0x7
 365 01d1 EC       		.byte	0xec
 366 01d2 FA000000 		.4byte	0xfa
 367 01d6 1F       		.byte	0x1f
 368 01d7 07       		.uleb128 0x7
 369 01d8 705F7500 		.ascii	"p_u\000"
 370 01dc 07       		.byte	0x7
 371 01dd 3101     		.2byte	0x131
 372 01df 35050000 		.4byte	0x535
 373 01e3 20       		.byte	0x20
 374 01e4 08       		.uleb128 0x8
 375 01e5 B2020000 		.4byte	.LASF40
 376 01e9 07       		.byte	0x7
 377 01ea 3601     		.2byte	0x136
 378 01ec 51020000 		.4byte	0x251
 379 01f0 24       		.byte	0x24
 380 01f1 08       		.uleb128 0x8
 381 01f2 08020000 		.4byte	.LASF41
 382 01f6 07       		.byte	0x7
 383 01f7 3C01     		.2byte	0x13c
 384 01f9 75020000 		.4byte	0x275
 385 01fd 28       		.byte	0x28
 386 01fe 08       		.uleb128 0x8
 387 01ff CC050000 		.4byte	.LASF42
 388 0203 07       		.byte	0x7
 389 0204 4001     		.2byte	0x140
 390 0206 10010000 		.4byte	0x110
 391 020a 30       		.byte	0x30
 392 020b 08       		.uleb128 0x8
 393 020c 04040000 		.4byte	.LASF43
 394 0210 07       		.byte	0x7
ARM GAS  /tmp/ccK9Ktbl.s 			page 8


 395 0211 4601     		.2byte	0x146
 396 0213 1B010000 		.4byte	0x11b
 397 0217 34       		.byte	0x34
 398 0218 08       		.uleb128 0x8
 399 0219 95030000 		.4byte	.LASF44
 400 021d 07       		.byte	0x7
 401 021e 4D01     		.2byte	0x14d
 402 0220 F4050000 		.4byte	0x5f4
 403 0224 38       		.byte	0x38
 404 0225 08       		.uleb128 0x8
 405 0226 2D050000 		.4byte	.LASF45
 406 022a 07       		.byte	0x7
 407 022b 5101     		.2byte	0x151
 408 022d 05010000 		.4byte	0x105
 409 0231 3C       		.byte	0x3c
 410 0232 08       		.uleb128 0x8
 411 0233 E9000000 		.4byte	.LASF46
 412 0237 07       		.byte	0x7
 413 0238 5801     		.2byte	0x158
 414 023a 28030000 		.4byte	0x328
 415 023e 40       		.byte	0x40
 416 023f 00       		.byte	0
 417 0240 03       		.uleb128 0x3
 418 0241 C5020000 		.4byte	.LASF47
 419 0245 06       		.byte	0x6
 420 0246 44       		.byte	0x44
 421 0247 4B020000 		.4byte	0x24b
 422 024b 09       		.uleb128 0x9
 423 024c 04       		.byte	0x4
 424 024d 3C010000 		.4byte	0x13c
 425 0251 03       		.uleb128 0x3
 426 0252 A3020000 		.4byte	.LASF48
 427 0256 06       		.byte	0x6
 428 0257 49       		.byte	0x49
 429 0258 5C020000 		.4byte	0x25c
 430 025c 05       		.uleb128 0x5
 431 025d 30040000 		.4byte	.LASF50
 432 0261 04       		.byte	0x4
 433 0262 07       		.byte	0x7
 434 0263 B0       		.byte	0xb0
 435 0264 75020000 		.4byte	0x275
 436 0268 06       		.uleb128 0x6
 437 0269 D0030000 		.4byte	.LASF29
 438 026d 07       		.byte	0x7
 439 026e B1       		.byte	0xb1
 440 026f 4B020000 		.4byte	0x24b
 441 0273 00       		.byte	0
 442 0274 00       		.byte	0
 443 0275 03       		.uleb128 0x3
 444 0276 74050000 		.4byte	.LASF51
 445 027a 06       		.byte	0x6
 446 027b 50       		.byte	0x50
 447 027c 80020000 		.4byte	0x280
 448 0280 05       		.uleb128 0x5
 449 0281 B7000000 		.4byte	.LASF52
 450 0285 08       		.byte	0x8
 451 0286 07       		.byte	0x7
ARM GAS  /tmp/ccK9Ktbl.s 			page 9


 452 0287 B7       		.byte	0xb7
 453 0288 A5020000 		.4byte	0x2a5
 454 028c 06       		.uleb128 0x6
 455 028d D0030000 		.4byte	.LASF29
 456 0291 07       		.byte	0x7
 457 0292 B8       		.byte	0xb8
 458 0293 4B020000 		.4byte	0x24b
 459 0297 00       		.byte	0
 460 0298 06       		.uleb128 0x6
 461 0299 4F030000 		.4byte	.LASF30
 462 029d 07       		.byte	0x7
 463 029e B9       		.byte	0xb9
 464 029f 4B020000 		.4byte	0x24b
 465 02a3 04       		.byte	0x4
 466 02a4 00       		.byte	0
 467 02a5 03       		.uleb128 0x3
 468 02a6 13000000 		.4byte	.LASF53
 469 02aa 06       		.byte	0x6
 470 02ab 57       		.byte	0x57
 471 02ac B0020000 		.4byte	0x2b0
 472 02b0 0A       		.uleb128 0xa
 473 02b1 6D020000 		.4byte	.LASF54
 474 02b5 1C       		.byte	0x1c
 475 02b6 07       		.byte	0x7
 476 02b7 9001     		.2byte	0x190
 477 02b9 0C030000 		.4byte	0x30c
 478 02bd 08       		.uleb128 0x8
 479 02be 1F040000 		.4byte	.LASF55
 480 02c2 07       		.byte	0x7
 481 02c3 9101     		.2byte	0x191
 482 02c5 75020000 		.4byte	0x275
 483 02c9 00       		.byte	0
 484 02ca 08       		.uleb128 0x8
 485 02cb BB030000 		.4byte	.LASF56
 486 02cf 07       		.byte	0x7
 487 02d0 9201     		.2byte	0x192
 488 02d2 05010000 		.4byte	0x105
 489 02d6 08       		.byte	0x8
 490 02d7 08       		.uleb128 0x8
 491 02d8 F7020000 		.4byte	.LASF57
 492 02dc 07       		.byte	0x7
 493 02dd 9401     		.2byte	0x194
 494 02df 7B040000 		.4byte	0x47b
 495 02e3 0C       		.byte	0xc
 496 02e4 08       		.uleb128 0x8
 497 02e5 97010000 		.4byte	.LASF58
 498 02e9 07       		.byte	0x7
 499 02ea 9701     		.2byte	0x197
 500 02ec 4B020000 		.4byte	0x24b
 501 02f0 10       		.byte	0x10
 502 02f1 08       		.uleb128 0x8
 503 02f2 24030000 		.4byte	.LASF59
 504 02f6 07       		.byte	0x7
 505 02f7 9801     		.2byte	0x198
 506 02f9 4B020000 		.4byte	0x24b
 507 02fd 14       		.byte	0x14
 508 02fe 08       		.uleb128 0x8
ARM GAS  /tmp/ccK9Ktbl.s 			page 10


 509 02ff 1A030000 		.4byte	.LASF60
 510 0303 07       		.byte	0x7
 511 0304 9B01     		.2byte	0x19b
 512 0306 4B020000 		.4byte	0x24b
 513 030a 18       		.byte	0x18
 514 030b 00       		.byte	0
 515 030c 03       		.uleb128 0x3
 516 030d 38050000 		.4byte	.LASF61
 517 0311 06       		.byte	0x6
 518 0312 5C       		.byte	0x5c
 519 0313 17030000 		.4byte	0x317
 520 0317 09       		.uleb128 0x9
 521 0318 04       		.byte	0x4
 522 0319 1D030000 		.4byte	0x31d
 523 031d 0B       		.uleb128 0xb
 524 031e 28030000 		.4byte	0x328
 525 0322 0C       		.uleb128 0xc
 526 0323 28030000 		.4byte	0x328
 527 0327 00       		.byte	0
 528 0328 0D       		.uleb128 0xd
 529 0329 04       		.byte	0x4
 530 032a 03       		.uleb128 0x3
 531 032b 3F030000 		.4byte	.LASF62
 532 032f 06       		.byte	0x6
 533 0330 61       		.byte	0x61
 534 0331 35030000 		.4byte	0x335
 535 0335 0A       		.uleb128 0xa
 536 0336 E6030000 		.4byte	.LASF63
 537 033a 14       		.byte	0x14
 538 033b 07       		.byte	0x7
 539 033c 6B01     		.2byte	0x16b
 540 033e 84030000 		.4byte	0x384
 541 0342 08       		.uleb128 0x8
 542 0343 F9010000 		.4byte	.LASF64
 543 0347 07       		.byte	0x7
 544 0348 6C01     		.2byte	0x16c
 545 034a 0C060000 		.4byte	0x60c
 546 034e 00       		.byte	0
 547 034f 08       		.uleb128 0x8
 548 0350 A8010000 		.4byte	.LASF65
 549 0354 07       		.byte	0x7
 550 0355 6D01     		.2byte	0x16d
 551 0357 0C060000 		.4byte	0x60c
 552 035b 04       		.byte	0x4
 553 035c 08       		.uleb128 0x8
 554 035d 27040000 		.4byte	.LASF66
 555 0361 07       		.byte	0x7
 556 0362 6E01     		.2byte	0x16e
 557 0364 31010000 		.4byte	0x131
 558 0368 08       		.byte	0x8
 559 0369 08       		.uleb128 0x8
 560 036a FD050000 		.4byte	.LASF67
 561 036e 07       		.byte	0x7
 562 036f 6F01     		.2byte	0x16f
 563 0371 0C030000 		.4byte	0x30c
 564 0375 0C       		.byte	0xc
 565 0376 08       		.uleb128 0x8
ARM GAS  /tmp/ccK9Ktbl.s 			page 11


 566 0377 6D050000 		.4byte	.LASF68
 567 037b 07       		.byte	0x7
 568 037c 7101     		.2byte	0x171
 569 037e 28030000 		.4byte	0x328
 570 0382 10       		.byte	0x10
 571 0383 00       		.byte	0
 572 0384 03       		.uleb128 0x3
 573 0385 94000000 		.4byte	.LASF69
 574 0389 06       		.byte	0x6
 575 038a 66       		.byte	0x66
 576 038b 8F030000 		.4byte	0x38f
 577 038f 0A       		.uleb128 0xa
 578 0390 D8020000 		.4byte	.LASF70
 579 0394 10       		.byte	0x10
 580 0395 07       		.byte	0x7
 581 0396 7B01     		.2byte	0x17b
 582 0398 D1030000 		.4byte	0x3d1
 583 039c 08       		.uleb128 0x8
 584 039d F9010000 		.4byte	.LASF64
 585 03a1 07       		.byte	0x7
 586 03a2 7C01     		.2byte	0x17c
 587 03a4 0C060000 		.4byte	0x60c
 588 03a8 00       		.byte	0
 589 03a9 08       		.uleb128 0x8
 590 03aa A8010000 		.4byte	.LASF65
 591 03ae 07       		.byte	0x7
 592 03af 7E01     		.2byte	0x17e
 593 03b1 0C060000 		.4byte	0x60c
 594 03b5 04       		.byte	0x4
 595 03b6 08       		.uleb128 0x8
 596 03b7 27040000 		.4byte	.LASF66
 597 03bb 07       		.byte	0x7
 598 03bc 8001     		.2byte	0x180
 599 03be 31010000 		.4byte	0x131
 600 03c2 08       		.byte	0x8
 601 03c3 08       		.uleb128 0x8
 602 03c4 C1050000 		.4byte	.LASF71
 603 03c8 07       		.byte	0x7
 604 03c9 8201     		.2byte	0x182
 605 03cb 12060000 		.4byte	0x612
 606 03cf 0C       		.byte	0xc
 607 03d0 00       		.byte	0
 608 03d1 03       		.uleb128 0x3
 609 03d2 4D000000 		.4byte	.LASF72
 610 03d6 06       		.byte	0x6
 611 03d7 6B       		.byte	0x6b
 612 03d8 DC030000 		.4byte	0x3dc
 613 03dc 0A       		.uleb128 0xa
 614 03dd 5E030000 		.4byte	.LASF73
 615 03e1 04       		.byte	0x4
 616 03e2 07       		.byte	0x7
 617 03e3 A201     		.2byte	0x1a2
 618 03e5 F7030000 		.4byte	0x3f7
 619 03e9 08       		.uleb128 0x8
 620 03ea 4C050000 		.4byte	.LASF74
 621 03ee 07       		.byte	0x7
 622 03ef AA01     		.2byte	0x1aa
ARM GAS  /tmp/ccK9Ktbl.s 			page 12


 623 03f1 17060000 		.4byte	0x617
 624 03f5 00       		.byte	0
 625 03f6 00       		.byte	0
 626 03f7 03       		.uleb128 0x3
 627 03f8 59020000 		.4byte	.LASF75
 628 03fc 06       		.byte	0x6
 629 03fd 70       		.byte	0x70
 630 03fe 02040000 		.4byte	0x402
 631 0402 0E       		.uleb128 0xe
 632 0403 0F010000 		.4byte	.LASF76
 633 0407 5001     		.2byte	0x150
 634 0409 07       		.byte	0x7
 635 040a C201     		.2byte	0x1c2
 636 040c 5E040000 		.4byte	0x45e
 637 0410 08       		.uleb128 0x8
 638 0411 9E050000 		.4byte	.LASF77
 639 0415 07       		.byte	0x7
 640 0416 C601     		.2byte	0x1c6
 641 0418 A5020000 		.4byte	0x2a5
 642 041c 00       		.byte	0
 643 041d 08       		.uleb128 0x8
 644 041e B0010000 		.4byte	.LASF78
 645 0422 07       		.byte	0x7
 646 0423 CA01     		.2byte	0x1ca
 647 0425 84030000 		.4byte	0x384
 648 0429 1C       		.byte	0x1c
 649 042a 07       		.uleb128 0x7
 650 042b 64626700 		.ascii	"dbg\000"
 651 042f 07       		.byte	0x7
 652 0430 CE01     		.2byte	0x1ce
 653 0432 D1030000 		.4byte	0x3d1
 654 0436 2C       		.byte	0x2c
 655 0437 08       		.uleb128 0x8
 656 0438 89000000 		.4byte	.LASF79
 657 043c 07       		.byte	0x7
 658 043d D201     		.2byte	0x1d2
 659 043f 3C010000 		.4byte	0x13c
 660 0443 30       		.byte	0x30
 661 0444 07       		.uleb128 0x7
 662 0445 746D00   		.ascii	"tm\000"
 663 0448 07       		.byte	0x7
 664 0449 D701     		.2byte	0x1d7
 665 044b 2A050000 		.4byte	0x52a
 666 044f 74       		.byte	0x74
 667 0450 08       		.uleb128 0x8
 668 0451 D7010000 		.4byte	.LASF80
 669 0455 07       		.byte	0x7
 670 0456 E301     		.2byte	0x1e3
 671 0458 1C060000 		.4byte	0x61c
 672 045c 78       		.byte	0x78
 673 045d 00       		.byte	0
 674 045e 04       		.uleb128 0x4
 675 045f 04       		.byte	0x4
 676 0460 07       		.byte	0x7
 677 0461 BC020000 		.4byte	.LASF81
 678 0465 03       		.uleb128 0x3
 679 0466 9F010000 		.4byte	.LASF82
ARM GAS  /tmp/ccK9Ktbl.s 			page 13


 680 046a 08       		.byte	0x8
 681 046b 65       		.byte	0x65
 682 046c 28030000 		.4byte	0x328
 683 0470 03       		.uleb128 0x3
 684 0471 98020000 		.4byte	.LASF83
 685 0475 08       		.byte	0x8
 686 0476 6D       		.byte	0x6d
 687 0477 C3000000 		.4byte	0xc3
 688 047b 05       		.uleb128 0x5
 689 047c 5D050000 		.4byte	.LASF84
 690 0480 04       		.byte	0x4
 691 0481 08       		.byte	0x8
 692 0482 89       		.byte	0x89
 693 0483 94040000 		.4byte	0x494
 694 0487 0F       		.uleb128 0xf
 695 0488 72313300 		.ascii	"r13\000"
 696 048c 08       		.byte	0x8
 697 048d 8A       		.byte	0x8a
 698 048e 0F050000 		.4byte	0x50f
 699 0492 00       		.byte	0
 700 0493 00       		.byte	0
 701 0494 05       		.uleb128 0x5
 702 0495 41000000 		.4byte	.LASF85
 703 0499 24       		.byte	0x24
 704 049a 09       		.byte	0x9
 705 049b FD       		.byte	0xfd
 706 049c 0F050000 		.4byte	0x50f
 707 04a0 07       		.uleb128 0x7
 708 04a1 723400   		.ascii	"r4\000"
 709 04a4 09       		.byte	0x9
 710 04a5 1001     		.2byte	0x110
 711 04a7 65040000 		.4byte	0x465
 712 04ab 00       		.byte	0
 713 04ac 07       		.uleb128 0x7
 714 04ad 723500   		.ascii	"r5\000"
 715 04b0 09       		.byte	0x9
 716 04b1 1101     		.2byte	0x111
 717 04b3 65040000 		.4byte	0x465
 718 04b7 04       		.byte	0x4
 719 04b8 07       		.uleb128 0x7
 720 04b9 723600   		.ascii	"r6\000"
 721 04bc 09       		.byte	0x9
 722 04bd 1201     		.2byte	0x112
 723 04bf 65040000 		.4byte	0x465
 724 04c3 08       		.byte	0x8
 725 04c4 07       		.uleb128 0x7
 726 04c5 723700   		.ascii	"r7\000"
 727 04c8 09       		.byte	0x9
 728 04c9 1301     		.2byte	0x113
 729 04cb 65040000 		.4byte	0x465
 730 04cf 0C       		.byte	0xc
 731 04d0 07       		.uleb128 0x7
 732 04d1 723800   		.ascii	"r8\000"
 733 04d4 09       		.byte	0x9
 734 04d5 1401     		.2byte	0x114
 735 04d7 65040000 		.4byte	0x465
 736 04db 10       		.byte	0x10
ARM GAS  /tmp/ccK9Ktbl.s 			page 14


 737 04dc 07       		.uleb128 0x7
 738 04dd 723900   		.ascii	"r9\000"
 739 04e0 09       		.byte	0x9
 740 04e1 1501     		.2byte	0x115
 741 04e3 65040000 		.4byte	0x465
 742 04e7 14       		.byte	0x14
 743 04e8 07       		.uleb128 0x7
 744 04e9 72313000 		.ascii	"r10\000"
 745 04ed 09       		.byte	0x9
 746 04ee 1601     		.2byte	0x116
 747 04f0 65040000 		.4byte	0x465
 748 04f4 18       		.byte	0x18
 749 04f5 07       		.uleb128 0x7
 750 04f6 72313100 		.ascii	"r11\000"
 751 04fa 09       		.byte	0x9
 752 04fb 1701     		.2byte	0x117
 753 04fd 65040000 		.4byte	0x465
 754 0501 1C       		.byte	0x1c
 755 0502 07       		.uleb128 0x7
 756 0503 6C7200   		.ascii	"lr\000"
 757 0506 09       		.byte	0x9
 758 0507 1801     		.2byte	0x118
 759 0509 65040000 		.4byte	0x465
 760 050d 20       		.byte	0x20
 761 050e 00       		.byte	0
 762 050f 09       		.uleb128 0x9
 763 0510 04       		.byte	0x4
 764 0511 94040000 		.4byte	0x494
 765 0515 10       		.uleb128 0x10
 766 0516 04       		.byte	0x4
 767 0517 0A       		.byte	0xa
 768 0518 38       		.byte	0x38
 769 0519 2A050000 		.4byte	0x52a
 770 051d 06       		.uleb128 0x6
 771 051e 56050000 		.4byte	.LASF86
 772 0522 0A       		.byte	0xa
 773 0523 3C       		.byte	0x3c
 774 0524 CE000000 		.4byte	0xce
 775 0528 00       		.byte	0
 776 0529 00       		.byte	0
 777 052a 03       		.uleb128 0x3
 778 052b FD020000 		.4byte	.LASF87
 779 052f 0A       		.byte	0xa
 780 0530 3D       		.byte	0x3d
 781 0531 15050000 		.4byte	0x515
 782 0535 11       		.uleb128 0x11
 783 0536 04       		.byte	0x4
 784 0537 07       		.byte	0x7
 785 0538 FA       		.byte	0xfa
 786 0539 92050000 		.4byte	0x592
 787 053d 12       		.uleb128 0x12
 788 053e 27000000 		.4byte	.LASF88
 789 0542 07       		.byte	0x7
 790 0543 0101     		.2byte	0x101
 791 0545 10010000 		.4byte	0x110
 792 0549 12       		.uleb128 0x12
 793 054a 80000000 		.4byte	.LASF89
ARM GAS  /tmp/ccK9Ktbl.s 			page 15


 794 054e 07       		.byte	0x7
 795 054f 0801     		.2byte	0x108
 796 0551 10010000 		.4byte	0x110
 797 0555 12       		.uleb128 0x12
 798 0556 AC050000 		.4byte	.LASF90
 799 055a 07       		.byte	0x7
 800 055b 0F01     		.2byte	0x10f
 801 055d 28030000 		.4byte	0x328
 802 0561 12       		.uleb128 0x12
 803 0562 09010000 		.4byte	.LASF91
 804 0566 07       		.byte	0x7
 805 0567 1601     		.2byte	0x116
 806 0569 92050000 		.4byte	0x592
 807 056d 12       		.uleb128 0x12
 808 056e 01020000 		.4byte	.LASF92
 809 0572 07       		.byte	0x7
 810 0573 1E01     		.2byte	0x11e
 811 0575 BD050000 		.4byte	0x5bd
 812 0579 12       		.uleb128 0x12
 813 057a 18040000 		.4byte	.LASF93
 814 057e 07       		.byte	0x7
 815 057f 2701     		.2byte	0x127
 816 0581 F4050000 		.4byte	0x5f4
 817 0585 12       		.uleb128 0x12
 818 0586 C9030000 		.4byte	.LASF94
 819 058a 07       		.byte	0x7
 820 058b 2F01     		.2byte	0x12f
 821 058d 1B010000 		.4byte	0x11b
 822 0591 00       		.byte	0
 823 0592 09       		.uleb128 0x9
 824 0593 04       		.byte	0x4
 825 0594 40020000 		.4byte	0x240
 826 0598 05       		.uleb128 0x5
 827 0599 F7030000 		.4byte	.LASF95
 828 059d 0C       		.byte	0xc
 829 059e 0B       		.byte	0xb
 830 059f 34       		.byte	0x34
 831 05a0 BD050000 		.4byte	0x5bd
 832 05a4 06       		.uleb128 0x6
 833 05a5 8F010000 		.4byte	.LASF96
 834 05a9 0B       		.byte	0xb
 835 05aa 35       		.byte	0x35
 836 05ab 75020000 		.4byte	0x275
 837 05af 00       		.byte	0
 838 05b0 06       		.uleb128 0x6
 839 05b1 8F030000 		.4byte	.LASF97
 840 05b5 0B       		.byte	0xb
 841 05b6 37       		.byte	0x37
 842 05b7 26010000 		.4byte	0x126
 843 05bb 08       		.byte	0x8
 844 05bc 00       		.byte	0
 845 05bd 09       		.uleb128 0x9
 846 05be 04       		.byte	0x4
 847 05bf 98050000 		.4byte	0x598
 848 05c3 05       		.uleb128 0x5
 849 05c4 84050000 		.4byte	.LASF98
 850 05c8 10       		.byte	0x10
ARM GAS  /tmp/ccK9Ktbl.s 			page 16


 851 05c9 0C       		.byte	0xc
 852 05ca 39       		.byte	0x39
 853 05cb F4050000 		.4byte	0x5f4
 854 05cf 06       		.uleb128 0x6
 855 05d0 F1000000 		.4byte	.LASF99
 856 05d4 0C       		.byte	0xc
 857 05d5 3A       		.byte	0x3a
 858 05d6 75020000 		.4byte	0x275
 859 05da 00       		.byte	0
 860 05db 06       		.uleb128 0x6
 861 05dc DC050000 		.4byte	.LASF100
 862 05e0 0C       		.byte	0xc
 863 05e1 3C       		.byte	0x3c
 864 05e2 4B020000 		.4byte	0x24b
 865 05e6 08       		.byte	0x8
 866 05e7 06       		.uleb128 0x6
 867 05e8 1C050000 		.4byte	.LASF101
 868 05ec 0C       		.byte	0xc
 869 05ed 3E       		.byte	0x3e
 870 05ee 37060000 		.4byte	0x637
 871 05f2 0C       		.byte	0xc
 872 05f3 00       		.byte	0
 873 05f4 09       		.uleb128 0x9
 874 05f5 04       		.byte	0x4
 875 05f6 C3050000 		.4byte	0x5c3
 876 05fa 09       		.uleb128 0x9
 877 05fb 04       		.byte	0x4
 878 05fc 00060000 		.4byte	0x600
 879 0600 13       		.uleb128 0x13
 880 0601 05060000 		.4byte	0x605
 881 0605 04       		.uleb128 0x4
 882 0606 01       		.byte	0x1
 883 0607 08       		.byte	0x8
 884 0608 0E050000 		.4byte	.LASF102
 885 060c 09       		.uleb128 0x9
 886 060d 04       		.byte	0x4
 887 060e 2A030000 		.4byte	0x32a
 888 0612 14       		.uleb128 0x14
 889 0613 31010000 		.4byte	0x131
 890 0617 14       		.uleb128 0x14
 891 0618 FA050000 		.4byte	0x5fa
 892 061c 15       		.uleb128 0x15
 893 061d 70040000 		.4byte	0x470
 894 0621 2C060000 		.4byte	0x62c
 895 0625 16       		.uleb128 0x16
 896 0626 5E040000 		.4byte	0x45e
 897 062a 1A       		.byte	0x1a
 898 062b 00       		.byte	0
 899 062c 03       		.uleb128 0x3
 900 062d C8010000 		.4byte	.LASF103
 901 0631 0C       		.byte	0xc
 902 0632 34       		.byte	0x34
 903 0633 C3050000 		.4byte	0x5c3
 904 0637 09       		.uleb128 0x9
 905 0638 04       		.byte	0x4
 906 0639 2C060000 		.4byte	0x62c
 907 063d 04       		.uleb128 0x4
ARM GAS  /tmp/ccK9Ktbl.s 			page 17


 908 063e 01       		.byte	0x1
 909 063f 02       		.byte	0x2
 910 0640 6E030000 		.4byte	.LASF104
 911 0644 10       		.uleb128 0x10
 912 0645 1C       		.byte	0x1c
 913 0646 0D       		.byte	0xd
 914 0647 F5       		.byte	0xf5
 915 0648 A3060000 		.4byte	0x6a3
 916 064c 06       		.uleb128 0x6
 917 064d F9000000 		.4byte	.LASF105
 918 0651 0D       		.byte	0xd
 919 0652 F7       		.byte	0xf7
 920 0653 B8000000 		.4byte	0xb8
 921 0657 00       		.byte	0
 922 0658 06       		.uleb128 0x6
 923 0659 1B020000 		.4byte	.LASF106
 924 065d 0D       		.byte	0xd
 925 065e F9       		.byte	0xf9
 926 065f B8000000 		.4byte	0xb8
 927 0663 04       		.byte	0x4
 928 0664 06       		.uleb128 0x6
 929 0665 13020000 		.4byte	.LASF107
 930 0669 0D       		.byte	0xd
 931 066a FB       		.byte	0xfb
 932 066b B8000000 		.4byte	0xb8
 933 066f 08       		.byte	0x8
 934 0670 06       		.uleb128 0x6
 935 0671 7A000000 		.4byte	.LASF108
 936 0675 0D       		.byte	0xd
 937 0676 FD       		.byte	0xfd
 938 0677 B8000000 		.4byte	0xb8
 939 067b 0C       		.byte	0xc
 940 067c 0F       		.uleb128 0xf
 941 067d 6F647200 		.ascii	"odr\000"
 942 0681 0D       		.byte	0xd
 943 0682 FF       		.byte	0xff
 944 0683 B8000000 		.4byte	0xb8
 945 0687 10       		.byte	0x10
 946 0688 08       		.uleb128 0x8
 947 0689 8A030000 		.4byte	.LASF109
 948 068d 0D       		.byte	0xd
 949 068e 0101     		.2byte	0x101
 950 0690 B8000000 		.4byte	0xb8
 951 0694 14       		.byte	0x14
 952 0695 08       		.uleb128 0x8
 953 0696 0E030000 		.4byte	.LASF110
 954 069a 0D       		.byte	0xd
 955 069b 0301     		.2byte	0x103
 956 069d B8000000 		.4byte	0xb8
 957 06a1 18       		.byte	0x18
 958 06a2 00       		.byte	0
 959 06a3 17       		.uleb128 0x17
 960 06a4 00000000 		.4byte	.LASF111
 961 06a8 0D       		.byte	0xd
 962 06a9 0401     		.2byte	0x104
 963 06ab 44060000 		.4byte	0x644
 964 06af 18       		.uleb128 0x18
ARM GAS  /tmp/ccK9Ktbl.s 			page 18


 965 06b0 FC       		.byte	0xfc
 966 06b1 0D       		.byte	0xd
 967 06b2 0D01     		.2byte	0x10d
 968 06b4 2E070000 		.4byte	0x72e
 969 06b8 08       		.uleb128 0x8
 970 06b9 C2030000 		.4byte	.LASF112
 971 06bd 0D       		.byte	0xd
 972 06be 1001     		.2byte	0x110
 973 06c0 A3060000 		.4byte	0x6a3
 974 06c4 00       		.byte	0
 975 06c5 08       		.uleb128 0x8
 976 06c6 D0010000 		.4byte	.LASF113
 977 06ca 0D       		.byte	0xd
 978 06cb 1401     		.2byte	0x114
 979 06cd A3060000 		.4byte	0x6a3
 980 06d1 1C       		.byte	0x1c
 981 06d2 08       		.uleb128 0x8
 982 06d3 BA050000 		.4byte	.LASF114
 983 06d7 0D       		.byte	0xd
 984 06d8 1801     		.2byte	0x118
 985 06da A3060000 		.4byte	0x6a3
 986 06de 38       		.byte	0x38
 987 06df 08       		.uleb128 0x8
 988 06e0 13030000 		.4byte	.LASF115
 989 06e4 0D       		.byte	0xd
 990 06e5 1C01     		.2byte	0x11c
 991 06e7 A3060000 		.4byte	0x6a3
 992 06eb 54       		.byte	0x54
 993 06ec 08       		.uleb128 0x8
 994 06ed 22010000 		.4byte	.LASF116
 995 06f1 0D       		.byte	0xd
 996 06f2 2001     		.2byte	0x120
 997 06f4 A3060000 		.4byte	0x6a3
 998 06f8 70       		.byte	0x70
 999 06f9 08       		.uleb128 0x8
 1000 06fa 42020000 		.4byte	.LASF117
 1001 06fe 0D       		.byte	0xd
 1002 06ff 2401     		.2byte	0x124
 1003 0701 A3060000 		.4byte	0x6a3
 1004 0705 8C       		.byte	0x8c
 1005 0706 08       		.uleb128 0x8
 1006 0707 91020000 		.4byte	.LASF118
 1007 070b 0D       		.byte	0xd
 1008 070c 2801     		.2byte	0x128
 1009 070e A3060000 		.4byte	0x6a3
 1010 0712 A8       		.byte	0xa8
 1011 0713 08       		.uleb128 0x8
 1012 0714 5C000000 		.4byte	.LASF119
 1013 0718 0D       		.byte	0xd
 1014 0719 2C01     		.2byte	0x12c
 1015 071b A3060000 		.4byte	0x6a3
 1016 071f C4       		.byte	0xc4
 1017 0720 08       		.uleb128 0x8
 1018 0721 DF030000 		.4byte	.LASF120
 1019 0725 0D       		.byte	0xd
 1020 0726 3001     		.2byte	0x130
 1021 0728 A3060000 		.4byte	0x6a3
ARM GAS  /tmp/ccK9Ktbl.s 			page 19


 1022 072c E0       		.byte	0xe0
 1023 072d 00       		.byte	0
 1024 072e 17       		.uleb128 0x17
 1025 072f D2050000 		.4byte	.LASF121
 1026 0733 0D       		.byte	0xd
 1027 0734 3A01     		.2byte	0x13a
 1028 0736 AF060000 		.4byte	0x6af
 1029 073a 19       		.uleb128 0x19
 1030 073b 22020000 		.4byte	.LASF127
 1031 073f 01       		.byte	0x1
 1032 0740 2D       		.byte	0x2d
 1033 0741 00000000 		.4byte	.LFB207
 1034 0745 04000000 		.4byte	.LFE207-.LFB207
 1035 0749 01       		.uleb128 0x1
 1036 074a 9C       		.byte	0x9c
 1037 074b 59070000 		.4byte	0x759
 1038 074f 1A       		.uleb128 0x1a
 1039 0750 04000000 		.4byte	.LVL0
 1040 0754 9C070000 		.4byte	0x79c
 1041 0758 00       		.byte	0
 1042 0759 1B       		.uleb128 0x1b
 1043 075a 94050000 		.4byte	.LASF128
 1044 075e 01       		.byte	0x1
 1045 075f 44       		.byte	0x44
 1046 0760 00000000 		.4byte	.LFB208
 1047 0764 02000000 		.4byte	.LFE208-.LFB208
 1048 0768 01       		.uleb128 0x1
 1049 0769 9C       		.byte	0x9c
 1050 076a 1C       		.uleb128 0x1c
 1051 076b AA000000 		.4byte	.LASF122
 1052 076f 0E       		.byte	0xe
 1053 0770 5506     		.2byte	0x655
 1054 0772 76070000 		.4byte	0x776
 1055 0776 14       		.uleb128 0x14
 1056 0777 AD000000 		.4byte	0xad
 1057 077b 1D       		.uleb128 0x1d
 1058 077c 636800   		.ascii	"ch\000"
 1059 077f 07       		.byte	0x7
 1060 0780 0902     		.2byte	0x209
 1061 0782 F7030000 		.4byte	0x3f7
 1062 0786 1E       		.uleb128 0x1e
 1063 0787 E4050000 		.4byte	.LASF123
 1064 078b 01       		.byte	0x1
 1065 078c 1A       		.byte	0x1a
 1066 078d 97070000 		.4byte	0x797
 1067 0791 05       		.uleb128 0x5
 1068 0792 03       		.byte	0x3
 1069 0793 00000000 		.4byte	pal_default_config
 1070 0797 13       		.uleb128 0x13
 1071 0798 2E070000 		.4byte	0x72e
 1072 079c 1F       		.uleb128 0x1f
 1073 079d B7010000 		.4byte	.LASF129
 1074 07a1 0F       		.byte	0xf
 1075 07a2 2106     		.2byte	0x621
 1076 07a4 00       		.byte	0
 1077              		.section	.debug_abbrev,"",%progbits
 1078              	.Ldebug_abbrev0:
ARM GAS  /tmp/ccK9Ktbl.s 			page 20


 1079 0000 01       		.uleb128 0x1
 1080 0001 11       		.uleb128 0x11
 1081 0002 01       		.byte	0x1
 1082 0003 25       		.uleb128 0x25
 1083 0004 0E       		.uleb128 0xe
 1084 0005 13       		.uleb128 0x13
 1085 0006 0B       		.uleb128 0xb
 1086 0007 03       		.uleb128 0x3
 1087 0008 0E       		.uleb128 0xe
 1088 0009 1B       		.uleb128 0x1b
 1089 000a 0E       		.uleb128 0xe
 1090 000b 55       		.uleb128 0x55
 1091 000c 17       		.uleb128 0x17
 1092 000d 11       		.uleb128 0x11
 1093 000e 01       		.uleb128 0x1
 1094 000f 10       		.uleb128 0x10
 1095 0010 17       		.uleb128 0x17
 1096 0011 00       		.byte	0
 1097 0012 00       		.byte	0
 1098 0013 02       		.uleb128 0x2
 1099 0014 24       		.uleb128 0x24
 1100 0015 00       		.byte	0
 1101 0016 0B       		.uleb128 0xb
 1102 0017 0B       		.uleb128 0xb
 1103 0018 3E       		.uleb128 0x3e
 1104 0019 0B       		.uleb128 0xb
 1105 001a 03       		.uleb128 0x3
 1106 001b 08       		.uleb128 0x8
 1107 001c 00       		.byte	0
 1108 001d 00       		.byte	0
 1109 001e 03       		.uleb128 0x3
 1110 001f 16       		.uleb128 0x16
 1111 0020 00       		.byte	0
 1112 0021 03       		.uleb128 0x3
 1113 0022 0E       		.uleb128 0xe
 1114 0023 3A       		.uleb128 0x3a
 1115 0024 0B       		.uleb128 0xb
 1116 0025 3B       		.uleb128 0x3b
 1117 0026 0B       		.uleb128 0xb
 1118 0027 49       		.uleb128 0x49
 1119 0028 13       		.uleb128 0x13
 1120 0029 00       		.byte	0
 1121 002a 00       		.byte	0
 1122 002b 04       		.uleb128 0x4
 1123 002c 24       		.uleb128 0x24
 1124 002d 00       		.byte	0
 1125 002e 0B       		.uleb128 0xb
 1126 002f 0B       		.uleb128 0xb
 1127 0030 3E       		.uleb128 0x3e
 1128 0031 0B       		.uleb128 0xb
 1129 0032 03       		.uleb128 0x3
 1130 0033 0E       		.uleb128 0xe
 1131 0034 00       		.byte	0
 1132 0035 00       		.byte	0
 1133 0036 05       		.uleb128 0x5
 1134 0037 13       		.uleb128 0x13
 1135 0038 01       		.byte	0x1
ARM GAS  /tmp/ccK9Ktbl.s 			page 21


 1136 0039 03       		.uleb128 0x3
 1137 003a 0E       		.uleb128 0xe
 1138 003b 0B       		.uleb128 0xb
 1139 003c 0B       		.uleb128 0xb
 1140 003d 3A       		.uleb128 0x3a
 1141 003e 0B       		.uleb128 0xb
 1142 003f 3B       		.uleb128 0x3b
 1143 0040 0B       		.uleb128 0xb
 1144 0041 01       		.uleb128 0x1
 1145 0042 13       		.uleb128 0x13
 1146 0043 00       		.byte	0
 1147 0044 00       		.byte	0
 1148 0045 06       		.uleb128 0x6
 1149 0046 0D       		.uleb128 0xd
 1150 0047 00       		.byte	0
 1151 0048 03       		.uleb128 0x3
 1152 0049 0E       		.uleb128 0xe
 1153 004a 3A       		.uleb128 0x3a
 1154 004b 0B       		.uleb128 0xb
 1155 004c 3B       		.uleb128 0x3b
 1156 004d 0B       		.uleb128 0xb
 1157 004e 49       		.uleb128 0x49
 1158 004f 13       		.uleb128 0x13
 1159 0050 38       		.uleb128 0x38
 1160 0051 0B       		.uleb128 0xb
 1161 0052 00       		.byte	0
 1162 0053 00       		.byte	0
 1163 0054 07       		.uleb128 0x7
 1164 0055 0D       		.uleb128 0xd
 1165 0056 00       		.byte	0
 1166 0057 03       		.uleb128 0x3
 1167 0058 08       		.uleb128 0x8
 1168 0059 3A       		.uleb128 0x3a
 1169 005a 0B       		.uleb128 0xb
 1170 005b 3B       		.uleb128 0x3b
 1171 005c 05       		.uleb128 0x5
 1172 005d 49       		.uleb128 0x49
 1173 005e 13       		.uleb128 0x13
 1174 005f 38       		.uleb128 0x38
 1175 0060 0B       		.uleb128 0xb
 1176 0061 00       		.byte	0
 1177 0062 00       		.byte	0
 1178 0063 08       		.uleb128 0x8
 1179 0064 0D       		.uleb128 0xd
 1180 0065 00       		.byte	0
 1181 0066 03       		.uleb128 0x3
 1182 0067 0E       		.uleb128 0xe
 1183 0068 3A       		.uleb128 0x3a
 1184 0069 0B       		.uleb128 0xb
 1185 006a 3B       		.uleb128 0x3b
 1186 006b 05       		.uleb128 0x5
 1187 006c 49       		.uleb128 0x49
 1188 006d 13       		.uleb128 0x13
 1189 006e 38       		.uleb128 0x38
 1190 006f 0B       		.uleb128 0xb
 1191 0070 00       		.byte	0
 1192 0071 00       		.byte	0
ARM GAS  /tmp/ccK9Ktbl.s 			page 22


 1193 0072 09       		.uleb128 0x9
 1194 0073 0F       		.uleb128 0xf
 1195 0074 00       		.byte	0
 1196 0075 0B       		.uleb128 0xb
 1197 0076 0B       		.uleb128 0xb
 1198 0077 49       		.uleb128 0x49
 1199 0078 13       		.uleb128 0x13
 1200 0079 00       		.byte	0
 1201 007a 00       		.byte	0
 1202 007b 0A       		.uleb128 0xa
 1203 007c 13       		.uleb128 0x13
 1204 007d 01       		.byte	0x1
 1205 007e 03       		.uleb128 0x3
 1206 007f 0E       		.uleb128 0xe
 1207 0080 0B       		.uleb128 0xb
 1208 0081 0B       		.uleb128 0xb
 1209 0082 3A       		.uleb128 0x3a
 1210 0083 0B       		.uleb128 0xb
 1211 0084 3B       		.uleb128 0x3b
 1212 0085 05       		.uleb128 0x5
 1213 0086 01       		.uleb128 0x1
 1214 0087 13       		.uleb128 0x13
 1215 0088 00       		.byte	0
 1216 0089 00       		.byte	0
 1217 008a 0B       		.uleb128 0xb
 1218 008b 15       		.uleb128 0x15
 1219 008c 01       		.byte	0x1
 1220 008d 27       		.uleb128 0x27
 1221 008e 19       		.uleb128 0x19
 1222 008f 01       		.uleb128 0x1
 1223 0090 13       		.uleb128 0x13
 1224 0091 00       		.byte	0
 1225 0092 00       		.byte	0
 1226 0093 0C       		.uleb128 0xc
 1227 0094 05       		.uleb128 0x5
 1228 0095 00       		.byte	0
 1229 0096 49       		.uleb128 0x49
 1230 0097 13       		.uleb128 0x13
 1231 0098 00       		.byte	0
 1232 0099 00       		.byte	0
 1233 009a 0D       		.uleb128 0xd
 1234 009b 0F       		.uleb128 0xf
 1235 009c 00       		.byte	0
 1236 009d 0B       		.uleb128 0xb
 1237 009e 0B       		.uleb128 0xb
 1238 009f 00       		.byte	0
 1239 00a0 00       		.byte	0
 1240 00a1 0E       		.uleb128 0xe
 1241 00a2 13       		.uleb128 0x13
 1242 00a3 01       		.byte	0x1
 1243 00a4 03       		.uleb128 0x3
 1244 00a5 0E       		.uleb128 0xe
 1245 00a6 0B       		.uleb128 0xb
 1246 00a7 05       		.uleb128 0x5
 1247 00a8 3A       		.uleb128 0x3a
 1248 00a9 0B       		.uleb128 0xb
 1249 00aa 3B       		.uleb128 0x3b
ARM GAS  /tmp/ccK9Ktbl.s 			page 23


 1250 00ab 05       		.uleb128 0x5
 1251 00ac 01       		.uleb128 0x1
 1252 00ad 13       		.uleb128 0x13
 1253 00ae 00       		.byte	0
 1254 00af 00       		.byte	0
 1255 00b0 0F       		.uleb128 0xf
 1256 00b1 0D       		.uleb128 0xd
 1257 00b2 00       		.byte	0
 1258 00b3 03       		.uleb128 0x3
 1259 00b4 08       		.uleb128 0x8
 1260 00b5 3A       		.uleb128 0x3a
 1261 00b6 0B       		.uleb128 0xb
 1262 00b7 3B       		.uleb128 0x3b
 1263 00b8 0B       		.uleb128 0xb
 1264 00b9 49       		.uleb128 0x49
 1265 00ba 13       		.uleb128 0x13
 1266 00bb 38       		.uleb128 0x38
 1267 00bc 0B       		.uleb128 0xb
 1268 00bd 00       		.byte	0
 1269 00be 00       		.byte	0
 1270 00bf 10       		.uleb128 0x10
 1271 00c0 13       		.uleb128 0x13
 1272 00c1 01       		.byte	0x1
 1273 00c2 0B       		.uleb128 0xb
 1274 00c3 0B       		.uleb128 0xb
 1275 00c4 3A       		.uleb128 0x3a
 1276 00c5 0B       		.uleb128 0xb
 1277 00c6 3B       		.uleb128 0x3b
 1278 00c7 0B       		.uleb128 0xb
 1279 00c8 01       		.uleb128 0x1
 1280 00c9 13       		.uleb128 0x13
 1281 00ca 00       		.byte	0
 1282 00cb 00       		.byte	0
 1283 00cc 11       		.uleb128 0x11
 1284 00cd 17       		.uleb128 0x17
 1285 00ce 01       		.byte	0x1
 1286 00cf 0B       		.uleb128 0xb
 1287 00d0 0B       		.uleb128 0xb
 1288 00d1 3A       		.uleb128 0x3a
 1289 00d2 0B       		.uleb128 0xb
 1290 00d3 3B       		.uleb128 0x3b
 1291 00d4 0B       		.uleb128 0xb
 1292 00d5 01       		.uleb128 0x1
 1293 00d6 13       		.uleb128 0x13
 1294 00d7 00       		.byte	0
 1295 00d8 00       		.byte	0
 1296 00d9 12       		.uleb128 0x12
 1297 00da 0D       		.uleb128 0xd
 1298 00db 00       		.byte	0
 1299 00dc 03       		.uleb128 0x3
 1300 00dd 0E       		.uleb128 0xe
 1301 00de 3A       		.uleb128 0x3a
 1302 00df 0B       		.uleb128 0xb
 1303 00e0 3B       		.uleb128 0x3b
 1304 00e1 05       		.uleb128 0x5
 1305 00e2 49       		.uleb128 0x49
 1306 00e3 13       		.uleb128 0x13
ARM GAS  /tmp/ccK9Ktbl.s 			page 24


 1307 00e4 00       		.byte	0
 1308 00e5 00       		.byte	0
 1309 00e6 13       		.uleb128 0x13
 1310 00e7 26       		.uleb128 0x26
 1311 00e8 00       		.byte	0
 1312 00e9 49       		.uleb128 0x49
 1313 00ea 13       		.uleb128 0x13
 1314 00eb 00       		.byte	0
 1315 00ec 00       		.byte	0
 1316 00ed 14       		.uleb128 0x14
 1317 00ee 35       		.uleb128 0x35
 1318 00ef 00       		.byte	0
 1319 00f0 49       		.uleb128 0x49
 1320 00f1 13       		.uleb128 0x13
 1321 00f2 00       		.byte	0
 1322 00f3 00       		.byte	0
 1323 00f4 15       		.uleb128 0x15
 1324 00f5 01       		.uleb128 0x1
 1325 00f6 01       		.byte	0x1
 1326 00f7 49       		.uleb128 0x49
 1327 00f8 13       		.uleb128 0x13
 1328 00f9 01       		.uleb128 0x1
 1329 00fa 13       		.uleb128 0x13
 1330 00fb 00       		.byte	0
 1331 00fc 00       		.byte	0
 1332 00fd 16       		.uleb128 0x16
 1333 00fe 21       		.uleb128 0x21
 1334 00ff 00       		.byte	0
 1335 0100 49       		.uleb128 0x49
 1336 0101 13       		.uleb128 0x13
 1337 0102 2F       		.uleb128 0x2f
 1338 0103 0B       		.uleb128 0xb
 1339 0104 00       		.byte	0
 1340 0105 00       		.byte	0
 1341 0106 17       		.uleb128 0x17
 1342 0107 16       		.uleb128 0x16
 1343 0108 00       		.byte	0
 1344 0109 03       		.uleb128 0x3
 1345 010a 0E       		.uleb128 0xe
 1346 010b 3A       		.uleb128 0x3a
 1347 010c 0B       		.uleb128 0xb
 1348 010d 3B       		.uleb128 0x3b
 1349 010e 05       		.uleb128 0x5
 1350 010f 49       		.uleb128 0x49
 1351 0110 13       		.uleb128 0x13
 1352 0111 00       		.byte	0
 1353 0112 00       		.byte	0
 1354 0113 18       		.uleb128 0x18
 1355 0114 13       		.uleb128 0x13
 1356 0115 01       		.byte	0x1
 1357 0116 0B       		.uleb128 0xb
 1358 0117 0B       		.uleb128 0xb
 1359 0118 3A       		.uleb128 0x3a
 1360 0119 0B       		.uleb128 0xb
 1361 011a 3B       		.uleb128 0x3b
 1362 011b 05       		.uleb128 0x5
 1363 011c 01       		.uleb128 0x1
ARM GAS  /tmp/ccK9Ktbl.s 			page 25


 1364 011d 13       		.uleb128 0x13
 1365 011e 00       		.byte	0
 1366 011f 00       		.byte	0
 1367 0120 19       		.uleb128 0x19
 1368 0121 2E       		.uleb128 0x2e
 1369 0122 01       		.byte	0x1
 1370 0123 3F       		.uleb128 0x3f
 1371 0124 19       		.uleb128 0x19
 1372 0125 03       		.uleb128 0x3
 1373 0126 0E       		.uleb128 0xe
 1374 0127 3A       		.uleb128 0x3a
 1375 0128 0B       		.uleb128 0xb
 1376 0129 3B       		.uleb128 0x3b
 1377 012a 0B       		.uleb128 0xb
 1378 012b 27       		.uleb128 0x27
 1379 012c 19       		.uleb128 0x19
 1380 012d 11       		.uleb128 0x11
 1381 012e 01       		.uleb128 0x1
 1382 012f 12       		.uleb128 0x12
 1383 0130 06       		.uleb128 0x6
 1384 0131 40       		.uleb128 0x40
 1385 0132 18       		.uleb128 0x18
 1386 0133 9742     		.uleb128 0x2117
 1387 0135 19       		.uleb128 0x19
 1388 0136 01       		.uleb128 0x1
 1389 0137 13       		.uleb128 0x13
 1390 0138 00       		.byte	0
 1391 0139 00       		.byte	0
 1392 013a 1A       		.uleb128 0x1a
 1393 013b 898201   		.uleb128 0x4109
 1394 013e 00       		.byte	0
 1395 013f 11       		.uleb128 0x11
 1396 0140 01       		.uleb128 0x1
 1397 0141 9542     		.uleb128 0x2115
 1398 0143 19       		.uleb128 0x19
 1399 0144 31       		.uleb128 0x31
 1400 0145 13       		.uleb128 0x13
 1401 0146 00       		.byte	0
 1402 0147 00       		.byte	0
 1403 0148 1B       		.uleb128 0x1b
 1404 0149 2E       		.uleb128 0x2e
 1405 014a 00       		.byte	0
 1406 014b 3F       		.uleb128 0x3f
 1407 014c 19       		.uleb128 0x19
 1408 014d 03       		.uleb128 0x3
 1409 014e 0E       		.uleb128 0xe
 1410 014f 3A       		.uleb128 0x3a
 1411 0150 0B       		.uleb128 0xb
 1412 0151 3B       		.uleb128 0x3b
 1413 0152 0B       		.uleb128 0xb
 1414 0153 27       		.uleb128 0x27
 1415 0154 19       		.uleb128 0x19
 1416 0155 11       		.uleb128 0x11
 1417 0156 01       		.uleb128 0x1
 1418 0157 12       		.uleb128 0x12
 1419 0158 06       		.uleb128 0x6
 1420 0159 40       		.uleb128 0x40
ARM GAS  /tmp/ccK9Ktbl.s 			page 26


 1421 015a 18       		.uleb128 0x18
 1422 015b 9742     		.uleb128 0x2117
 1423 015d 19       		.uleb128 0x19
 1424 015e 00       		.byte	0
 1425 015f 00       		.byte	0
 1426 0160 1C       		.uleb128 0x1c
 1427 0161 34       		.uleb128 0x34
 1428 0162 00       		.byte	0
 1429 0163 03       		.uleb128 0x3
 1430 0164 0E       		.uleb128 0xe
 1431 0165 3A       		.uleb128 0x3a
 1432 0166 0B       		.uleb128 0xb
 1433 0167 3B       		.uleb128 0x3b
 1434 0168 05       		.uleb128 0x5
 1435 0169 49       		.uleb128 0x49
 1436 016a 13       		.uleb128 0x13
 1437 016b 3F       		.uleb128 0x3f
 1438 016c 19       		.uleb128 0x19
 1439 016d 3C       		.uleb128 0x3c
 1440 016e 19       		.uleb128 0x19
 1441 016f 00       		.byte	0
 1442 0170 00       		.byte	0
 1443 0171 1D       		.uleb128 0x1d
 1444 0172 34       		.uleb128 0x34
 1445 0173 00       		.byte	0
 1446 0174 03       		.uleb128 0x3
 1447 0175 08       		.uleb128 0x8
 1448 0176 3A       		.uleb128 0x3a
 1449 0177 0B       		.uleb128 0xb
 1450 0178 3B       		.uleb128 0x3b
 1451 0179 05       		.uleb128 0x5
 1452 017a 49       		.uleb128 0x49
 1453 017b 13       		.uleb128 0x13
 1454 017c 3F       		.uleb128 0x3f
 1455 017d 19       		.uleb128 0x19
 1456 017e 3C       		.uleb128 0x3c
 1457 017f 19       		.uleb128 0x19
 1458 0180 00       		.byte	0
 1459 0181 00       		.byte	0
 1460 0182 1E       		.uleb128 0x1e
 1461 0183 34       		.uleb128 0x34
 1462 0184 00       		.byte	0
 1463 0185 03       		.uleb128 0x3
 1464 0186 0E       		.uleb128 0xe
 1465 0187 3A       		.uleb128 0x3a
 1466 0188 0B       		.uleb128 0xb
 1467 0189 3B       		.uleb128 0x3b
 1468 018a 0B       		.uleb128 0xb
 1469 018b 49       		.uleb128 0x49
 1470 018c 13       		.uleb128 0x13
 1471 018d 3F       		.uleb128 0x3f
 1472 018e 19       		.uleb128 0x19
 1473 018f 02       		.uleb128 0x2
 1474 0190 18       		.uleb128 0x18
 1475 0191 00       		.byte	0
 1476 0192 00       		.byte	0
 1477 0193 1F       		.uleb128 0x1f
ARM GAS  /tmp/ccK9Ktbl.s 			page 27


 1478 0194 2E       		.uleb128 0x2e
 1479 0195 00       		.byte	0
 1480 0196 3F       		.uleb128 0x3f
 1481 0197 19       		.uleb128 0x19
 1482 0198 03       		.uleb128 0x3
 1483 0199 0E       		.uleb128 0xe
 1484 019a 3A       		.uleb128 0x3a
 1485 019b 0B       		.uleb128 0xb
 1486 019c 3B       		.uleb128 0x3b
 1487 019d 05       		.uleb128 0x5
 1488 019e 27       		.uleb128 0x27
 1489 019f 19       		.uleb128 0x19
 1490 01a0 3C       		.uleb128 0x3c
 1491 01a1 19       		.uleb128 0x19
 1492 01a2 00       		.byte	0
 1493 01a3 00       		.byte	0
 1494 01a4 00       		.byte	0
 1495              		.section	.debug_aranges,"",%progbits
 1496 0000 24000000 		.4byte	0x24
 1497 0004 0200     		.2byte	0x2
 1498 0006 00000000 		.4byte	.Ldebug_info0
 1499 000a 04       		.byte	0x4
 1500 000b 00       		.byte	0
 1501 000c 0000     		.2byte	0
 1502 000e 0000     		.2byte	0
 1503 0010 00000000 		.4byte	.LFB207
 1504 0014 04000000 		.4byte	.LFE207-.LFB207
 1505 0018 00000000 		.4byte	.LFB208
 1506 001c 02000000 		.4byte	.LFE208-.LFB208
 1507 0020 00000000 		.4byte	0
 1508 0024 00000000 		.4byte	0
 1509              		.section	.debug_ranges,"",%progbits
 1510              	.Ldebug_ranges0:
 1511 0000 00000000 		.4byte	.LFB207
 1512 0004 04000000 		.4byte	.LFE207
 1513 0008 00000000 		.4byte	.LFB208
 1514 000c 02000000 		.4byte	.LFE208
 1515 0010 00000000 		.4byte	0
 1516 0014 00000000 		.4byte	0
 1517              		.section	.debug_line,"",%progbits
 1518              	.Ldebug_line0:
 1519 0000 96020000 		.section	.debug_str,"MS",%progbits,1
 1519      02007002 
 1519      00000201 
 1519      FB0E0D00 
 1519      01010101 
 1520              	.LASF111:
 1521 0000 73746D33 		.ascii	"stm32_gpio_setup_t\000"
 1521      325F6770 
 1521      696F5F73 
 1521      65747570 
 1521      5F7400
 1522              	.LASF53:
 1523 0013 72656164 		.ascii	"ready_list_t\000"
 1523      795F6C69 
 1523      73745F74 
 1523      00
ARM GAS  /tmp/ccK9Ktbl.s 			page 28


 1524              	.LASF2:
 1525 0020 73697A65 		.ascii	"size_t\000"
 1525      5F7400
 1526              	.LASF88:
 1527 0027 7264796D 		.ascii	"rdymsg\000"
 1527      736700
 1528              	.LASF17:
 1529 002e 75696E74 		.ascii	"uint64_t\000"
 1529      36345F74 
 1529      00
 1530              	.LASF3:
 1531 0037 5F5F7569 		.ascii	"__uint8_t\000"
 1531      6E74385F 
 1531      7400
 1532              	.LASF85:
 1533 0041 706F7274 		.ascii	"port_intctx\000"
 1533      5F696E74 
 1533      63747800 
 1534              	.LASF72:
 1535 004d 73797374 		.ascii	"system_debug_t\000"
 1535      656D5F64 
 1535      65627567 
 1535      5F7400
 1536              	.LASF119:
 1537 005c 50484461 		.ascii	"PHData\000"
 1537      746100
 1538              	.LASF13:
 1539 0063 6C6F6E67 		.ascii	"long long unsigned int\000"
 1539      206C6F6E 
 1539      6720756E 
 1539      7369676E 
 1539      65642069 
 1540              	.LASF108:
 1541 007a 70757064 		.ascii	"pupdr\000"
 1541      7200
 1542              	.LASF89:
 1543 0080 65786974 		.ascii	"exitcode\000"
 1543      636F6465 
 1543      00
 1544              	.LASF79:
 1545 0089 6D61696E 		.ascii	"mainthread\000"
 1545      74687265 
 1545      616400
 1546              	.LASF69:
 1547 0094 76697274 		.ascii	"virtual_timers_list_t\000"
 1547      75616C5F 
 1547      74696D65 
 1547      72735F6C 
 1547      6973745F 
 1548              	.LASF122:
 1549 00aa 49544D5F 		.ascii	"ITM_RxBuffer\000"
 1549      52784275 
 1549      66666572 
 1549      00
 1550              	.LASF52:
 1551 00b7 63685F74 		.ascii	"ch_threads_queue\000"
 1551      68726561 
ARM GAS  /tmp/ccK9Ktbl.s 			page 29


 1551      64735F71 
 1551      75657565 
 1551      00
 1552              	.LASF31:
 1553 00c8 705F7072 		.ascii	"p_prio\000"
 1553      696F00
 1554              	.LASF11:
 1555 00cf 6C6F6E67 		.ascii	"long long int\000"
 1555      206C6F6E 
 1555      6720696E 
 1555      7400
 1556              	.LASF1:
 1557 00dd 7369676E 		.ascii	"signed char\000"
 1557      65642063 
 1557      68617200 
 1558              	.LASF46:
 1559 00e9 705F6D70 		.ascii	"p_mpool\000"
 1559      6F6F6C00 
 1560              	.LASF99:
 1561 00f1 6D5F7175 		.ascii	"m_queue\000"
 1561      65756500 
 1562              	.LASF105:
 1563 00f9 6D6F6465 		.ascii	"moder\000"
 1563      7200
 1564              	.LASF22:
 1565 00ff 74736C69 		.ascii	"tslices_t\000"
 1565      6365735F 
 1565      7400
 1566              	.LASF91:
 1567 0109 77747472 		.ascii	"wttrp\000"
 1567      7000
 1568              	.LASF76:
 1569 010f 63685F73 		.ascii	"ch_system\000"
 1569      79737465 
 1569      6D00
 1570              	.LASF8:
 1571 0119 6C6F6E67 		.ascii	"long int\000"
 1571      20696E74 
 1571      00
 1572              	.LASF116:
 1573 0122 50454461 		.ascii	"PEData\000"
 1573      746100
 1574              	.LASF20:
 1575 0129 74737461 		.ascii	"tstate_t\000"
 1575      74655F74 
 1575      00
 1576              	.LASF126:
 1577 0132 2F686F6D 		.ascii	"/home/peter/Plocha/robocup_2017/dribler_versions/ro"
 1577      652F7065 
 1577      7465722F 
 1577      506C6F63 
 1577      68612F72 
 1578 0165 626F6375 		.ascii	"bocup_austria\000"
 1578      705F6175 
 1578      73747269 
 1578      6100
 1579              	.LASF125:
ARM GAS  /tmp/ccK9Ktbl.s 			page 30


 1580 0173 626F6172 		.ascii	"board/Nite4/board.c\000"
 1580      642F4E69 
 1580      7465342F 
 1580      626F6172 
 1580      642E6300 
 1581              	.LASF33:
 1582 0187 705F6E65 		.ascii	"p_newer\000"
 1582      77657200 
 1583              	.LASF96:
 1584 018f 735F7175 		.ascii	"s_queue\000"
 1584      65756500 
 1585              	.LASF58:
 1586 0197 725F6E65 		.ascii	"r_newer\000"
 1586      77657200 
 1587              	.LASF82:
 1588 019f 72656761 		.ascii	"regarm_t\000"
 1588      726D5F74 
 1588      00
 1589              	.LASF65:
 1590 01a8 76745F70 		.ascii	"vt_prev\000"
 1590      72657600 
 1591              	.LASF78:
 1592 01b0 76746C69 		.ascii	"vtlist\000"
 1592      737400
 1593              	.LASF129:
 1594 01b7 73746D33 		.ascii	"stm32_clock_init\000"
 1594      325F636C 
 1594      6F636B5F 
 1594      696E6974 
 1594      00
 1595              	.LASF103:
 1596 01c8 6D757465 		.ascii	"mutex_t\000"
 1596      785F7400 
 1597              	.LASF113:
 1598 01d0 50424461 		.ascii	"PBData\000"
 1598      746100
 1599              	.LASF80:
 1600 01d7 69646C65 		.ascii	"idle_thread_wa\000"
 1600      5F746872 
 1600      6561645F 
 1600      776100
 1601              	.LASF26:
 1602 01e6 636E745F 		.ascii	"cnt_t\000"
 1602      7400
 1603              	.LASF0:
 1604 01ec 756E7369 		.ascii	"unsigned int\000"
 1604      676E6564 
 1604      20696E74 
 1604      00
 1605              	.LASF64:
 1606 01f9 76745F6E 		.ascii	"vt_next\000"
 1606      65787400 
 1607              	.LASF92:
 1608 0201 77747365 		.ascii	"wtsemp\000"
 1608      6D7000
 1609              	.LASF41:
 1610 0208 705F6D73 		.ascii	"p_msgqueue\000"
ARM GAS  /tmp/ccK9Ktbl.s 			page 31


 1610      67717565 
 1610      756500
 1611              	.LASF107:
 1612 0213 6F737065 		.ascii	"ospeedr\000"
 1612      65647200 
 1613              	.LASF106:
 1614 021b 6F747970 		.ascii	"otyper\000"
 1614      657200
 1615              	.LASF127:
 1616 0222 5F5F6561 		.ascii	"__early_init\000"
 1616      726C795F 
 1616      696E6974 
 1616      00
 1617              	.LASF6:
 1618 022f 73686F72 		.ascii	"short unsigned int\000"
 1618      7420756E 
 1618      7369676E 
 1618      65642069 
 1618      6E7400
 1619              	.LASF117:
 1620 0242 50464461 		.ascii	"PFData\000"
 1620      746100
 1621              	.LASF49:
 1622 0249 63685F74 		.ascii	"ch_thread\000"
 1622      68726561 
 1622      6400
 1623              	.LASF24:
 1624 0253 6D73675F 		.ascii	"msg_t\000"
 1624      7400
 1625              	.LASF75:
 1626 0259 63685F73 		.ascii	"ch_system_t\000"
 1626      79737465 
 1626      6D5F7400 
 1627              	.LASF19:
 1628 0265 746D6F64 		.ascii	"tmode_t\000"
 1628      655F7400 
 1629              	.LASF54:
 1630 026d 63685F72 		.ascii	"ch_ready_list\000"
 1630      65616479 
 1630      5F6C6973 
 1630      7400
 1631              	.LASF25:
 1632 027b 6576656E 		.ascii	"eventmask_t\000"
 1632      746D6173 
 1632      6B5F7400 
 1633              	.LASF7:
 1634 0287 5F5F696E 		.ascii	"__int32_t\000"
 1634      7433325F 
 1634      7400
 1635              	.LASF118:
 1636 0291 50474461 		.ascii	"PGData\000"
 1636      746100
 1637              	.LASF83:
 1638 0298 73746B61 		.ascii	"stkalign_t\000"
 1638      6C69676E 
 1638      5F7400
 1639              	.LASF48:
ARM GAS  /tmp/ccK9Ktbl.s 			page 32


 1640 02a3 74687265 		.ascii	"threads_list_t\000"
 1640      6164735F 
 1640      6C697374 
 1640      5F7400
 1641              	.LASF40:
 1642 02b2 705F7761 		.ascii	"p_waiting\000"
 1642      6974696E 
 1642      6700
 1643              	.LASF81:
 1644 02bc 73697A65 		.ascii	"sizetype\000"
 1644      74797065 
 1644      00
 1645              	.LASF47:
 1646 02c5 74687265 		.ascii	"thread_reference_t\000"
 1646      61645F72 
 1646      65666572 
 1646      656E6365 
 1646      5F7400
 1647              	.LASF70:
 1648 02d8 63685F76 		.ascii	"ch_virtual_timers_list\000"
 1648      69727475 
 1648      616C5F74 
 1648      696D6572 
 1648      735F6C69 
 1649              	.LASF34:
 1650 02ef 705F6F6C 		.ascii	"p_older\000"
 1650      64657200 
 1651              	.LASF57:
 1652 02f7 725F6374 		.ascii	"r_ctx\000"
 1652      7800
 1653              	.LASF87:
 1654 02fd 746D5F63 		.ascii	"tm_calibration_t\000"
 1654      616C6962 
 1654      72617469 
 1654      6F6E5F74 
 1654      00
 1655              	.LASF110:
 1656 030e 61667268 		.ascii	"afrh\000"
 1656      00
 1657              	.LASF115:
 1658 0313 50444461 		.ascii	"PDData\000"
 1658      746100
 1659              	.LASF60:
 1660 031a 725F6375 		.ascii	"r_current\000"
 1660      7272656E 
 1660      7400
 1661              	.LASF59:
 1662 0324 725F6F6C 		.ascii	"r_older\000"
 1662      64657200 
 1663              	.LASF12:
 1664 032c 5F5F7569 		.ascii	"__uint64_t\000"
 1664      6E743634 
 1664      5F7400
 1665              	.LASF21:
 1666 0337 74726566 		.ascii	"trefs_t\000"
 1666      735F7400 
 1667              	.LASF62:
ARM GAS  /tmp/ccK9Ktbl.s 			page 33


 1668 033f 76697274 		.ascii	"virtual_timer_t\000"
 1668      75616C5F 
 1668      74696D65 
 1668      725F7400 
 1669              	.LASF30:
 1670 034f 705F7072 		.ascii	"p_prev\000"
 1670      657600
 1671              	.LASF23:
 1672 0356 74707269 		.ascii	"tprio_t\000"
 1672      6F5F7400 
 1673              	.LASF73:
 1674 035e 63685F73 		.ascii	"ch_system_debug\000"
 1674      79737465 
 1674      6D5F6465 
 1674      62756700 
 1675              	.LASF104:
 1676 036e 5F426F6F 		.ascii	"_Bool\000"
 1676      6C00
 1677              	.LASF15:
 1678 0374 696E7433 		.ascii	"int32_t\000"
 1678      325F7400 
 1679              	.LASF4:
 1680 037c 756E7369 		.ascii	"unsigned char\000"
 1680      676E6564 
 1680      20636861 
 1680      7200
 1681              	.LASF109:
 1682 038a 6166726C 		.ascii	"afrl\000"
 1682      00
 1683              	.LASF97:
 1684 038f 735F636E 		.ascii	"s_cnt\000"
 1684      7400
 1685              	.LASF44:
 1686 0395 705F6D74 		.ascii	"p_mtxlist\000"
 1686      786C6973 
 1686      7400
 1687              	.LASF5:
 1688 039f 73686F72 		.ascii	"short int\000"
 1688      7420696E 
 1688      7400
 1689              	.LASF36:
 1690 03a9 705F7374 		.ascii	"p_state\000"
 1690      61746500 
 1691              	.LASF39:
 1692 03b1 705F7072 		.ascii	"p_preempt\000"
 1692      65656D70 
 1692      7400
 1693              	.LASF56:
 1694 03bb 725F7072 		.ascii	"r_prio\000"
 1694      696F00
 1695              	.LASF112:
 1696 03c2 50414461 		.ascii	"PAData\000"
 1696      746100
 1697              	.LASF94:
 1698 03c9 65776D61 		.ascii	"ewmask\000"
 1698      736B00
 1699              	.LASF29:
ARM GAS  /tmp/ccK9Ktbl.s 			page 34


 1700 03d0 705F6E65 		.ascii	"p_next\000"
 1700      787400
 1701              	.LASF37:
 1702 03d7 705F666C 		.ascii	"p_flags\000"
 1702      61677300 
 1703              	.LASF120:
 1704 03df 50494461 		.ascii	"PIData\000"
 1704      746100
 1705              	.LASF63:
 1706 03e6 63685F76 		.ascii	"ch_virtual_timer\000"
 1706      69727475 
 1706      616C5F74 
 1706      696D6572 
 1706      00
 1707              	.LASF95:
 1708 03f7 63685F73 		.ascii	"ch_semaphore\000"
 1708      656D6170 
 1708      686F7265 
 1708      00
 1709              	.LASF43:
 1710 0404 705F6570 		.ascii	"p_epending\000"
 1710      656E6469 
 1710      6E6700
 1711              	.LASF16:
 1712 040f 75696E74 		.ascii	"uint32_t\000"
 1712      33325F74 
 1712      00
 1713              	.LASF93:
 1714 0418 77746D74 		.ascii	"wtmtxp\000"
 1714      787000
 1715              	.LASF55:
 1716 041f 725F7175 		.ascii	"r_queue\000"
 1716      65756500 
 1717              	.LASF66:
 1718 0427 76745F64 		.ascii	"vt_delta\000"
 1718      656C7461 
 1718      00
 1719              	.LASF50:
 1720 0430 63685F74 		.ascii	"ch_threads_list\000"
 1720      68726561 
 1720      64735F6C 
 1720      69737400 
 1721              	.LASF10:
 1722 0440 6C6F6E67 		.ascii	"long unsigned int\000"
 1722      20756E73 
 1722      69676E65 
 1722      6420696E 
 1722      7400
 1723              	.LASF124:
 1724 0452 474E5520 		.ascii	"GNU C 4.9.3 20150529 (prerelease) -mcpu=cortex-m3 -"
 1724      4320342E 
 1724      392E3320 
 1724      32303135 
 1724      30353239 
 1725 0485 6D6E6F2D 		.ascii	"mno-thumb-interwork -mthumb -ggdb -O2 -std=c99 -fom"
 1725      7468756D 
 1725      622D696E 
ARM GAS  /tmp/ccK9Ktbl.s 			page 35


 1725      74657277 
 1725      6F726B20 
 1726 04b8 69742D66 		.ascii	"it-frame-pointer -falign-functions=16 -ffunction-se"
 1726      72616D65 
 1726      2D706F69 
 1726      6E746572 
 1726      202D6661 
 1727 04eb 6374696F 		.ascii	"ctions -fdata-sections -fno-common\000"
 1727      6E73202D 
 1727      66646174 
 1727      612D7365 
 1727      6374696F 
 1728              	.LASF102:
 1729 050e 63686172 		.ascii	"char\000"
 1729      00
 1730              	.LASF28:
 1731 0513 74687265 		.ascii	"thread_t\000"
 1731      61645F74 
 1731      00
 1732              	.LASF101:
 1733 051c 6D5F6E65 		.ascii	"m_next\000"
 1733      787400
 1734              	.LASF27:
 1735 0523 73797374 		.ascii	"systime_t\000"
 1735      696D655F 
 1735      7400
 1736              	.LASF45:
 1737 052d 705F7265 		.ascii	"p_realprio\000"
 1737      616C7072 
 1737      696F00
 1738              	.LASF61:
 1739 0538 76746675 		.ascii	"vtfunc_t\000"
 1739      6E635F74 
 1739      00
 1740              	.LASF9:
 1741 0541 5F5F7569 		.ascii	"__uint32_t\000"
 1741      6E743332 
 1741      5F7400
 1742              	.LASF74:
 1743 054c 70616E69 		.ascii	"panic_msg\000"
 1743      635F6D73 
 1743      6700
 1744              	.LASF86:
 1745 0556 6F666673 		.ascii	"offset\000"
 1745      657400
 1746              	.LASF84:
 1747 055d 636F6E74 		.ascii	"context\000"
 1747      65787400 
 1748              	.LASF18:
 1749 0565 7274636E 		.ascii	"rtcnt_t\000"
 1749      745F7400 
 1750              	.LASF68:
 1751 056d 76745F70 		.ascii	"vt_par\000"
 1751      617200
 1752              	.LASF51:
 1753 0574 74687265 		.ascii	"threads_queue_t\000"
 1753      6164735F 
ARM GAS  /tmp/ccK9Ktbl.s 			page 36


 1753      71756575 
 1753      655F7400 
 1754              	.LASF98:
 1755 0584 63685F6D 		.ascii	"ch_mutex\000"
 1755      75746578 
 1755      00
 1756              	.LASF38:
 1757 058d 705F7265 		.ascii	"p_refs\000"
 1757      667300
 1758              	.LASF128:
 1759 0594 626F6172 		.ascii	"boardInit\000"
 1759      64496E69 
 1759      7400
 1760              	.LASF77:
 1761 059e 726C6973 		.ascii	"rlist\000"
 1761      7400
 1762              	.LASF14:
 1763 05a4 75696E74 		.ascii	"uint8_t\000"
 1763      385F7400 
 1764              	.LASF90:
 1765 05ac 77746F62 		.ascii	"wtobjp\000"
 1765      6A7000
 1766              	.LASF35:
 1767 05b3 705F6E61 		.ascii	"p_name\000"
 1767      6D6500
 1768              	.LASF114:
 1769 05ba 50434461 		.ascii	"PCData\000"
 1769      746100
 1770              	.LASF71:
 1771 05c1 76745F73 		.ascii	"vt_systime\000"
 1771      79737469 
 1771      6D6500
 1772              	.LASF42:
 1773 05cc 705F6D73 		.ascii	"p_msg\000"
 1773      6700
 1774              	.LASF121:
 1775 05d2 50414C43 		.ascii	"PALConfig\000"
 1775      6F6E6669 
 1775      6700
 1776              	.LASF100:
 1777 05dc 6D5F6F77 		.ascii	"m_owner\000"
 1777      6E657200 
 1778              	.LASF123:
 1779 05e4 70616C5F 		.ascii	"pal_default_config\000"
 1779      64656661 
 1779      756C745F 
 1779      636F6E66 
 1779      696700
 1780              	.LASF32:
 1781 05f7 705F6374 		.ascii	"p_ctx\000"
 1781      7800
 1782              	.LASF67:
 1783 05fd 76745F66 		.ascii	"vt_func\000"
 1783      756E6300 
 1784              		.ident	"GCC: (15:4.9.3+svn227297-1) 4.9.3 20150529 (prerelease)"
ARM GAS  /tmp/ccK9Ktbl.s 			page 37


DEFINED SYMBOLS
                            *ABS*:00000000 board.c
     /tmp/ccK9Ktbl.s:19     .text.__early_init:00000000 $t
     /tmp/ccK9Ktbl.s:25     .text.__early_init:00000000 __early_init
     /tmp/ccK9Ktbl.s:40     .text.boardInit:00000000 $t
     /tmp/ccK9Ktbl.s:46     .text.boardInit:00000000 boardInit
     /tmp/ccK9Ktbl.s:62     .rodata.pal_default_config:00000000 pal_default_config
     /tmp/ccK9Ktbl.s:59     .rodata.pal_default_config:00000000 $d
                     .debug_frame:00000010 $d

UNDEFINED SYMBOLS
stm32_clock_init
