ARM GAS  /tmp/cckOqHgj.s 			page 1


   1              		.syntax unified
   2              		.cpu cortex-m3
   3              		.fpu softvfp
   4              		.eabi_attribute 20, 1
   5              		.eabi_attribute 21, 1
   6              		.eabi_attribute 23, 3
   7              		.eabi_attribute 24, 1
   8              		.eabi_attribute 25, 1
   9              		.eabi_attribute 26, 1
  10              		.eabi_attribute 30, 2
  11              		.eabi_attribute 34, 1
  12              		.eabi_attribute 18, 4
  13              		.thumb
  14              		.file	"crt1.c"
  15              		.text
  16              	.Ltext0:
  17              		.cfi_sections	.debug_frame
  18              		.section	.text.__core_init,"ax",%progbits
  19              		.align	2
  20              		.p2align 4,,15
  21              		.weak	__core_init
  22              		.thumb
  23              		.thumb_func
  24              		.type	__core_init, %function
  25              	__core_init:
  26              	.LFB63:
  27              		.file 1 "/home/peter/ChibiOS_16.1.4/os/common/ports/ARMCMx/compilers/GCC/crt1.c"
  28              		.loc 1 136 0
  29              		.cfi_startproc
  30              		@ args = 0, pretend = 0, frame = 0
  31              		@ frame_needed = 0, uses_anonymous_args = 0
  32              		@ link register save eliminated.
  33 0000 7047     		bx	lr
  34              		.cfi_endproc
  35              	.LFE63:
  36              		.size	__core_init, .-__core_init
  37 0002 00BFAFF3 		.section	.text.__early_init,"ax",%progbits
  37      0080AFF3 
  37      0080AFF3 
  37      0080
  38              		.align	2
  39              		.p2align 4,,15
  40              		.weak	__early_init
  41              		.thumb
  42              		.thumb_func
  43              		.type	__early_init, %function
  44              	__early_init:
  45              	.LFB64:
  46              		.loc 1 155 0
  47              		.cfi_startproc
  48              		@ args = 0, pretend = 0, frame = 0
  49              		@ frame_needed = 0, uses_anonymous_args = 0
  50              		@ link register save eliminated.
  51 0000 7047     		bx	lr
  52              		.cfi_endproc
  53              	.LFE64:
  54              		.size	__early_init, .-__early_init
ARM GAS  /tmp/cckOqHgj.s 			page 2


  55 0002 00BFAFF3 		.section	.text.__late_init,"ax",%progbits
  55      0080AFF3 
  55      0080AFF3 
  55      0080
  56              		.align	2
  57              		.p2align 4,,15
  58              		.weak	__late_init
  59              		.thumb
  60              		.thumb_func
  61              		.type	__late_init, %function
  62              	__late_init:
  63              	.LFB65:
  64              		.loc 1 169 0
  65              		.cfi_startproc
  66              		@ args = 0, pretend = 0, frame = 0
  67              		@ frame_needed = 0, uses_anonymous_args = 0
  68              		@ link register save eliminated.
  69 0000 7047     		bx	lr
  70              		.cfi_endproc
  71              	.LFE65:
  72              		.size	__late_init, .-__late_init
  73 0002 00BFAFF3 		.section	.text.__default_exit,"ax",%progbits
  73      0080AFF3 
  73      0080AFF3 
  73      0080
  74              		.align	2
  75              		.p2align 4,,15
  76              		.weak	__default_exit
  77              		.thumb
  78              		.thumb_func
  79              		.type	__default_exit, %function
  80              	__default_exit:
  81              	.LFB66:
  82              		.loc 1 182 0
  83              		.cfi_startproc
  84              		@ Volatile: function does not return.
  85              		@ args = 0, pretend = 0, frame = 0
  86              		@ frame_needed = 0, uses_anonymous_args = 0
  87              		@ link register save eliminated.
  88              	.L5:
  89              		.loc 1 186 0 discriminator 1
  90 0000 FEE7     		b	.L5
  91              		.cfi_endproc
  92              	.LFE66:
  93              		.size	__default_exit, .-__default_exit
  94 0002 00BFAFF3 		.section	.text.__init_ram_areas,"ax",%progbits
  94      0080AFF3 
  94      0080AFF3 
  94      0080
  95              		.align	2
  96              		.p2align 4,,15
  97              		.global	__init_ram_areas
  98              		.thumb
  99              		.thumb_func
 100              		.type	__init_ram_areas, %function
 101              	__init_ram_areas:
 102              	.LFB67:
ARM GAS  /tmp/cckOqHgj.s 			page 3


 103              		.loc 1 192 0
 104              		.cfi_startproc
 105              		@ args = 0, pretend = 0, frame = 0
 106              		@ frame_needed = 0, uses_anonymous_args = 0
 107              		@ link register save eliminated.
 108              	.LVL0:
 109 0000 F0B4     		push	{r4, r5, r6, r7}
 110              		.cfi_def_cfa_offset 16
 111              		.cfi_offset 4, -16
 112              		.cfi_offset 5, -12
 113              		.cfi_offset 6, -8
 114              		.cfi_offset 7, -4
 115              		.loc 1 194 0
 116 0002 114E     		ldr	r6, .L21
 117              	.LBB2:
 118              		.loc 1 209 0
 119 0004 0025     		movs	r5, #0
 120 0006 06F18007 		add	r7, r6, #128
 121              	.LVL1:
 122              	.L10:
 123              		.loc 1 197 0
 124 000a 96E81A00 		ldmia	r6, {r1, r3, r4}
 125              	.LVL2:
 126              		.loc 1 201 0
 127 000e A342     		cmp	r3, r4
 128 0010 0DD2     		bcs	.L7
 129 0012 1A46     		mov	r2, r3
 130 0014 0439     		subs	r1, r1, #4
 131              	.LVL3:
 132              	.L8:
 133              		.loc 1 202 0
 134 0016 51F8040F 		ldr	r0, [r1, #4]!
 135              	.LVL4:
 136 001a 42F8040B 		str	r0, [r2], #4
 137              	.LVL5:
 138              		.loc 1 201 0
 139 001e A242     		cmp	r2, r4
 140 0020 F9D3     		bcc	.L8
 141 0022 DA43     		mvns	r2, r3
 142              	.LVL6:
 143 0024 1444     		add	r4, r4, r2
 144 0026 24F00304 		bic	r4, r4, #3
 145 002a 0434     		adds	r4, r4, #4
 146 002c 2344     		add	r3, r3, r4
 147              	.LVL7:
 148              	.L7:
 149              		.loc 1 208 0
 150 002e F268     		ldr	r2, [r6, #12]
 151 0030 9342     		cmp	r3, r2
 152 0032 03D2     		bcs	.L13
 153              	.L12:
 154              		.loc 1 209 0
 155 0034 43F8045B 		str	r5, [r3], #4
 156              	.LVL8:
 157              		.loc 1 208 0
 158 0038 9342     		cmp	r3, r2
 159 003a FBD3     		bcc	.L12
ARM GAS  /tmp/cckOqHgj.s 			page 4


 160              	.L13:
 161              		.loc 1 212 0
 162 003c 1036     		adds	r6, r6, #16
 163              	.LVL9:
 164              	.LBE2:
 165              		.loc 1 214 0
 166 003e BE42     		cmp	r6, r7
 167 0040 E3D3     		bcc	.L10
 168              		.loc 1 216 0
 169 0042 F0BC     		pop	{r4, r5, r6, r7}
 170              		.cfi_restore 7
 171              		.cfi_restore 6
 172              		.cfi_restore 5
 173              		.cfi_restore 4
 174              		.cfi_def_cfa_offset 0
 175              	.LVL10:
 176 0044 7047     		bx	lr
 177              	.L22:
 178 0046 00BF     		.align	2
 179              	.L21:
 180 0048 00000000 		.word	.LANCHOR0
 181              		.cfi_endproc
 182              	.LFE67:
 183              		.size	__init_ram_areas, .-__init_ram_areas
 184 004c AFF30080 		.section	.rodata.ram_areas,"a",%progbits
 185              		.align	2
 186              		.set	.LANCHOR0,. + 0
 187              		.type	ram_areas, %object
 188              		.size	ram_areas, 128
 189              	ram_areas:
 190 0000 00000000 		.word	__ram0_init_text__
 191 0004 00000000 		.word	__ram0_init__
 192 0008 00000000 		.word	__ram0_clear__
 193 000c 00000000 		.word	__ram0_noinit__
 194 0010 00000000 		.word	__ram1_init_text__
 195 0014 00000000 		.word	__ram1_init__
 196 0018 00000000 		.word	__ram1_clear__
 197 001c 00000000 		.word	__ram1_noinit__
 198 0020 00000000 		.word	__ram2_init_text__
 199 0024 00000000 		.word	__ram2_init__
 200 0028 00000000 		.word	__ram2_clear__
 201 002c 00000000 		.word	__ram2_noinit__
 202 0030 00000000 		.word	__ram3_init_text__
 203 0034 00000000 		.word	__ram3_init__
 204 0038 00000000 		.word	__ram3_clear__
 205 003c 00000000 		.word	__ram3_noinit__
 206 0040 00000000 		.word	__ram4_init_text__
 207 0044 00000000 		.word	__ram4_init__
 208 0048 00000000 		.word	__ram4_clear__
 209 004c 00000000 		.word	__ram4_noinit__
 210 0050 00000000 		.word	__ram5_init_text__
 211 0054 00000000 		.word	__ram5_init__
 212 0058 00000000 		.word	__ram5_clear__
 213 005c 00000000 		.word	__ram5_noinit__
 214 0060 00000000 		.word	__ram6_init_text__
 215 0064 00000000 		.word	__ram6_init__
 216 0068 00000000 		.word	__ram6_clear__
ARM GAS  /tmp/cckOqHgj.s 			page 5


 217 006c 00000000 		.word	__ram6_noinit__
 218 0070 00000000 		.word	__ram7_init_text__
 219 0074 00000000 		.word	__ram7_init__
 220 0078 00000000 		.word	__ram7_clear__
 221 007c 00000000 		.word	__ram7_noinit__
 222              		.text
 223              	.Letext0:
 224              		.file 2 "/usr/include/newlib/machine/_default_types.h"
 225              		.file 3 "/usr/include/newlib/stdint.h"
 226              		.file 4 "/home/peter/ChibiOS_16.1.4/os/ext/CMSIS/include/core_cm3.h"
 227              		.section	.debug_info,"",%progbits
 228              	.Ldebug_info0:
 229 0000 11030000 		.4byte	0x311
 230 0004 0400     		.2byte	0x4
 231 0006 00000000 		.4byte	.Ldebug_abbrev0
 232 000a 04       		.byte	0x4
 233 000b 01       		.uleb128 0x1
 234 000c C0000000 		.4byte	.LASF57
 235 0010 01       		.byte	0x1
 236 0011 B4030000 		.4byte	.LASF58
 237 0015 00000000 		.4byte	.Ldebug_ranges0+0
 238 0019 00000000 		.4byte	0
 239 001d 00000000 		.4byte	.Ldebug_line0
 240 0021 02       		.uleb128 0x2
 241 0022 01       		.byte	0x1
 242 0023 06       		.byte	0x6
 243 0024 56020000 		.4byte	.LASF0
 244 0028 02       		.uleb128 0x2
 245 0029 01       		.byte	0x1
 246 002a 08       		.byte	0x8
 247 002b 1A020000 		.4byte	.LASF1
 248 002f 02       		.uleb128 0x2
 249 0030 02       		.byte	0x2
 250 0031 05       		.byte	0x5
 251 0032 3A000000 		.4byte	.LASF2
 252 0036 02       		.uleb128 0x2
 253 0037 02       		.byte	0x2
 254 0038 07       		.byte	0x7
 255 0039 01030000 		.4byte	.LASF3
 256 003d 03       		.uleb128 0x3
 257 003e AA030000 		.4byte	.LASF5
 258 0042 02       		.byte	0x2
 259 0043 3F       		.byte	0x3f
 260 0044 48000000 		.4byte	0x48
 261 0048 02       		.uleb128 0x2
 262 0049 04       		.byte	0x4
 263 004a 05       		.byte	0x5
 264 004b C4010000 		.4byte	.LASF4
 265 004f 03       		.uleb128 0x3
 266 0050 5E000000 		.4byte	.LASF6
 267 0054 02       		.byte	0x2
 268 0055 41       		.byte	0x41
 269 0056 5A000000 		.4byte	0x5a
 270 005a 02       		.uleb128 0x2
 271 005b 04       		.byte	0x4
 272 005c 07       		.byte	0x7
 273 005d 9E020000 		.4byte	.LASF7
ARM GAS  /tmp/cckOqHgj.s 			page 6


 274 0061 02       		.uleb128 0x2
 275 0062 08       		.byte	0x8
 276 0063 05       		.byte	0x5
 277 0064 7C010000 		.4byte	.LASF8
 278 0068 02       		.uleb128 0x2
 279 0069 08       		.byte	0x8
 280 006a 07       		.byte	0x7
 281 006b 62020000 		.4byte	.LASF9
 282 006f 04       		.uleb128 0x4
 283 0070 04       		.byte	0x4
 284 0071 05       		.byte	0x5
 285 0072 696E7400 		.ascii	"int\000"
 286 0076 02       		.uleb128 0x2
 287 0077 04       		.byte	0x4
 288 0078 07       		.byte	0x7
 289 0079 91020000 		.4byte	.LASF10
 290 007d 03       		.uleb128 0x3
 291 007e F9020000 		.4byte	.LASF11
 292 0082 03       		.byte	0x3
 293 0083 2C       		.byte	0x2c
 294 0084 3D000000 		.4byte	0x3d
 295 0088 03       		.uleb128 0x3
 296 0089 79020000 		.4byte	.LASF12
 297 008d 03       		.byte	0x3
 298 008e 2D       		.byte	0x2d
 299 008f 4F000000 		.4byte	0x4f
 300 0093 02       		.uleb128 0x2
 301 0094 04       		.byte	0x4
 302 0095 07       		.byte	0x7
 303 0096 44000000 		.4byte	.LASF13
 304 009a 05       		.uleb128 0x5
 305 009b 10       		.byte	0x10
 306 009c 01       		.byte	0x1
 307 009d 34       		.byte	0x34
 308 009e D3000000 		.4byte	0xd3
 309 00a2 06       		.uleb128 0x6
 310 00a3 44040000 		.4byte	.LASF14
 311 00a7 01       		.byte	0x1
 312 00a8 35       		.byte	0x35
 313 00a9 D3000000 		.4byte	0xd3
 314 00ad 00       		.byte	0
 315 00ae 06       		.uleb128 0x6
 316 00af 3A040000 		.4byte	.LASF15
 317 00b3 01       		.byte	0x1
 318 00b4 36       		.byte	0x36
 319 00b5 D3000000 		.4byte	0xd3
 320 00b9 04       		.byte	0x4
 321 00ba 06       		.uleb128 0x6
 322 00bb 2F000000 		.4byte	.LASF16
 323 00bf 01       		.byte	0x1
 324 00c0 37       		.byte	0x37
 325 00c1 D3000000 		.4byte	0xd3
 326 00c5 08       		.byte	0x8
 327 00c6 06       		.uleb128 0x6
 328 00c7 99010000 		.4byte	.LASF17
 329 00cb 01       		.byte	0x1
 330 00cc 38       		.byte	0x38
ARM GAS  /tmp/cckOqHgj.s 			page 7


 331 00cd D3000000 		.4byte	0xd3
 332 00d1 0C       		.byte	0xc
 333 00d2 00       		.byte	0
 334 00d3 07       		.uleb128 0x7
 335 00d4 04       		.byte	0x4
 336 00d5 88000000 		.4byte	0x88
 337 00d9 03       		.uleb128 0x3
 338 00da A6010000 		.4byte	.LASF18
 339 00de 01       		.byte	0x1
 340 00df 39       		.byte	0x39
 341 00e0 9A000000 		.4byte	0x9a
 342 00e4 08       		.uleb128 0x8
 343 00e5 91000000 		.4byte	.LASF19
 344 00e9 01       		.byte	0x1
 345 00ea 88       		.byte	0x88
 346 00eb 00000000 		.4byte	.LFB63
 347 00ef 02000000 		.4byte	.LFE63-.LFB63
 348 00f3 01       		.uleb128 0x1
 349 00f4 9C       		.byte	0x9c
 350 00f5 08       		.uleb128 0x8
 351 00f6 EC020000 		.4byte	.LASF20
 352 00fa 01       		.byte	0x1
 353 00fb 9B       		.byte	0x9b
 354 00fc 00000000 		.4byte	.LFB64
 355 0100 02000000 		.4byte	.LFE64-.LFB64
 356 0104 01       		.uleb128 0x1
 357 0105 9C       		.byte	0x9c
 358 0106 08       		.uleb128 0x8
 359 0107 CD010000 		.4byte	.LASF21
 360 010b 01       		.byte	0x1
 361 010c A9       		.byte	0xa9
 362 010d 00000000 		.4byte	.LFB65
 363 0111 02000000 		.4byte	.LFE65-.LFB65
 364 0115 01       		.uleb128 0x1
 365 0116 9C       		.byte	0x9c
 366 0117 08       		.uleb128 0x8
 367 0118 8A010000 		.4byte	.LASF22
 368 011c 01       		.byte	0x1
 369 011d B6       		.byte	0xb6
 370 011e 00000000 		.4byte	.LFB66
 371 0122 02000000 		.4byte	.LFE66-.LFB66
 372 0126 01       		.uleb128 0x1
 373 0127 9C       		.byte	0x9c
 374 0128 09       		.uleb128 0x9
 375 0129 4D000000 		.4byte	.LASF59
 376 012d 01       		.byte	0x1
 377 012e C0       		.byte	0xc0
 378 012f 00000000 		.4byte	.LFB67
 379 0133 4C000000 		.4byte	.LFE67-.LFB67
 380 0137 01       		.uleb128 0x1
 381 0138 9C       		.byte	0x9c
 382 0139 72010000 		.4byte	0x172
 383 013d 0A       		.uleb128 0xa
 384 013e 72617000 		.ascii	"rap\000"
 385 0142 01       		.byte	0x1
 386 0143 C2       		.byte	0xc2
 387 0144 72010000 		.4byte	0x172
ARM GAS  /tmp/cckOqHgj.s 			page 8


 388 0148 00000000 		.4byte	.LLST0
 389 014c 0B       		.uleb128 0xb
 390 014d 04000000 		.4byte	.LBB2
 391 0151 3A000000 		.4byte	.LBE2-.LBB2
 392 0155 0A       		.uleb128 0xa
 393 0156 747000   		.ascii	"tp\000"
 394 0159 01       		.byte	0x1
 395 015a C5       		.byte	0xc5
 396 015b D3000000 		.4byte	0xd3
 397 015f 23000000 		.4byte	.LLST1
 398 0163 0A       		.uleb128 0xa
 399 0164 7000     		.ascii	"p\000"
 400 0166 01       		.byte	0x1
 401 0167 C6       		.byte	0xc6
 402 0168 D3000000 		.4byte	0xd3
 403 016c 5B000000 		.4byte	.LLST2
 404 0170 00       		.byte	0
 405 0171 00       		.byte	0
 406 0172 07       		.uleb128 0x7
 407 0173 04       		.byte	0x4
 408 0174 78010000 		.4byte	0x178
 409 0178 0C       		.uleb128 0xc
 410 0179 D9000000 		.4byte	0xd9
 411 017d 0D       		.uleb128 0xd
 412 017e D9000000 		.4byte	0xd9
 413 0182 8D010000 		.4byte	0x18d
 414 0186 0E       		.uleb128 0xe
 415 0187 93000000 		.4byte	0x93
 416 018b 07       		.byte	0x7
 417 018c 00       		.byte	0
 418 018d 0F       		.uleb128 0xf
 419 018e 87000000 		.4byte	.LASF23
 420 0192 01       		.byte	0x1
 421 0193 5C       		.byte	0x5c
 422 0194 9E010000 		.4byte	0x19e
 423 0198 05       		.uleb128 0x5
 424 0199 03       		.byte	0x3
 425 019a 00000000 		.4byte	ram_areas
 426 019e 0C       		.uleb128 0xc
 427 019f 7D010000 		.4byte	0x17d
 428 01a3 10       		.uleb128 0x10
 429 01a4 8D030000 		.4byte	.LASF24
 430 01a8 04       		.byte	0x4
 431 01a9 5506     		.2byte	0x655
 432 01ab AF010000 		.4byte	0x1af
 433 01af 11       		.uleb128 0x11
 434 01b0 7D000000 		.4byte	0x7d
 435 01b4 12       		.uleb128 0x12
 436 01b5 27030000 		.4byte	.LASF25
 437 01b9 01       		.byte	0x1
 438 01ba 40       		.byte	0x40
 439 01bb 88000000 		.4byte	0x88
 440 01bf 12       		.uleb128 0x12
 441 01c0 13000000 		.4byte	.LASF26
 442 01c4 01       		.byte	0x1
 443 01c5 40       		.byte	0x40
 444 01c6 88000000 		.4byte	0x88
ARM GAS  /tmp/cckOqHgj.s 			page 9


 445 01ca 12       		.uleb128 0x12
 446 01cb 6B030000 		.4byte	.LASF27
 447 01cf 01       		.byte	0x1
 448 01d0 40       		.byte	0x40
 449 01d1 88000000 		.4byte	0x88
 450 01d5 12       		.uleb128 0x12
 451 01d6 37020000 		.4byte	.LASF28
 452 01da 01       		.byte	0x1
 453 01db 40       		.byte	0x40
 454 01dc 88000000 		.4byte	0x88
 455 01e0 12       		.uleb128 0x12
 456 01e1 07020000 		.4byte	.LASF29
 457 01e5 01       		.byte	0x1
 458 01e6 43       		.byte	0x43
 459 01e7 88000000 		.4byte	0x88
 460 01eb 12       		.uleb128 0x12
 461 01ec B6010000 		.4byte	.LASF30
 462 01f0 01       		.byte	0x1
 463 01f1 43       		.byte	0x43
 464 01f2 88000000 		.4byte	0x88
 465 01f6 12       		.uleb128 0x12
 466 01f7 E9010000 		.4byte	.LASF31
 467 01fb 01       		.byte	0x1
 468 01fc 43       		.byte	0x43
 469 01fd 88000000 		.4byte	0x88
 470 0201 12       		.uleb128 0x12
 471 0202 FB030000 		.4byte	.LASF32
 472 0206 01       		.byte	0x1
 473 0207 43       		.byte	0x43
 474 0208 88000000 		.4byte	0x88
 475 020c 12       		.uleb128 0x12
 476 020d 58030000 		.4byte	.LASF33
 477 0211 01       		.byte	0x1
 478 0212 46       		.byte	0x46
 479 0213 88000000 		.4byte	0x88
 480 0217 12       		.uleb128 0x12
 481 0218 4A030000 		.4byte	.LASF34
 482 021c 01       		.byte	0x1
 483 021d 46       		.byte	0x46
 484 021e 88000000 		.4byte	0x88
 485 0222 12       		.uleb128 0x12
 486 0223 F8010000 		.4byte	.LASF35
 487 0227 01       		.byte	0x1
 488 0228 46       		.byte	0x46
 489 0229 88000000 		.4byte	0x88
 490 022d 12       		.uleb128 0x12
 491 022e B0000000 		.4byte	.LASF36
 492 0232 01       		.byte	0x1
 493 0233 46       		.byte	0x46
 494 0234 88000000 		.4byte	0x88
 495 0238 12       		.uleb128 0x12
 496 0239 27040000 		.4byte	.LASF37
 497 023d 01       		.byte	0x1
 498 023e 49       		.byte	0x49
 499 023f 88000000 		.4byte	0x88
 500 0243 12       		.uleb128 0x12
 501 0244 21000000 		.4byte	.LASF38
ARM GAS  /tmp/cckOqHgj.s 			page 10


 502 0248 01       		.byte	0x1
 503 0249 49       		.byte	0x49
 504 024a 88000000 		.4byte	0x88
 505 024e 12       		.uleb128 0x12
 506 024f 28020000 		.4byte	.LASF39
 507 0253 01       		.byte	0x1
 508 0254 49       		.byte	0x49
 509 0255 88000000 		.4byte	0x88
 510 0259 12       		.uleb128 0x12
 511 025a 69000000 		.4byte	.LASF40
 512 025e 01       		.byte	0x1
 513 025f 49       		.byte	0x49
 514 0260 88000000 		.4byte	0x88
 515 0264 12       		.uleb128 0x12
 516 0265 7A030000 		.4byte	.LASF41
 517 0269 01       		.byte	0x1
 518 026a 4C       		.byte	0x4c
 519 026b 88000000 		.4byte	0x88
 520 026f 12       		.uleb128 0x12
 521 0270 0B040000 		.4byte	.LASF42
 522 0274 01       		.byte	0x1
 523 0275 4C       		.byte	0x4c
 524 0276 88000000 		.4byte	0x88
 525 027a 12       		.uleb128 0x12
 526 027b 47020000 		.4byte	.LASF43
 527 027f 01       		.byte	0x1
 528 0280 4C       		.byte	0x4c
 529 0281 88000000 		.4byte	0x88
 530 0285 12       		.uleb128 0x12
 531 0286 BF020000 		.4byte	.LASF44
 532 028a 01       		.byte	0x1
 533 028b 4C       		.byte	0x4c
 534 028c 88000000 		.4byte	0x88
 535 0290 12       		.uleb128 0x12
 536 0291 00000000 		.4byte	.LASF45
 537 0295 01       		.byte	0x1
 538 0296 4F       		.byte	0x4f
 539 0297 88000000 		.4byte	0x88
 540 029b 12       		.uleb128 0x12
 541 029c 79000000 		.4byte	.LASF46
 542 02a0 01       		.byte	0x1
 543 02a1 4F       		.byte	0x4f
 544 02a2 88000000 		.4byte	0x88
 545 02a6 12       		.uleb128 0x12
 546 02a7 82020000 		.4byte	.LASF47
 547 02ab 01       		.byte	0x1
 548 02ac 4F       		.byte	0x4f
 549 02ad 88000000 		.4byte	0x88
 550 02b1 12       		.uleb128 0x12
 551 02b2 3A030000 		.4byte	.LASF48
 552 02b6 01       		.byte	0x1
 553 02b7 4F       		.byte	0x4f
 554 02b8 88000000 		.4byte	0x88
 555 02bc 12       		.uleb128 0x12
 556 02bd 9D000000 		.4byte	.LASF49
 557 02c1 01       		.byte	0x1
 558 02c2 52       		.byte	0x52
ARM GAS  /tmp/cckOqHgj.s 			page 11


 559 02c3 88000000 		.4byte	0x88
 560 02c7 12       		.uleb128 0x12
 561 02c8 CF020000 		.4byte	.LASF50
 562 02cc 01       		.byte	0x1
 563 02cd 52       		.byte	0x52
 564 02ce 88000000 		.4byte	0x88
 565 02d2 12       		.uleb128 0x12
 566 02d3 B0020000 		.4byte	.LASF51
 567 02d7 01       		.byte	0x1
 568 02d8 52       		.byte	0x52
 569 02d9 88000000 		.4byte	0x88
 570 02dd 12       		.uleb128 0x12
 571 02de D9010000 		.4byte	.LASF52
 572 02e2 01       		.byte	0x1
 573 02e3 52       		.byte	0x52
 574 02e4 88000000 		.4byte	0x88
 575 02e8 12       		.uleb128 0x12
 576 02e9 14030000 		.4byte	.LASF53
 577 02ed 01       		.byte	0x1
 578 02ee 55       		.byte	0x55
 579 02ef 88000000 		.4byte	0x88
 580 02f3 12       		.uleb128 0x12
 581 02f4 19040000 		.4byte	.LASF54
 582 02f8 01       		.byte	0x1
 583 02f9 55       		.byte	0x55
 584 02fa 88000000 		.4byte	0x88
 585 02fe 12       		.uleb128 0x12
 586 02ff DD020000 		.4byte	.LASF55
 587 0303 01       		.byte	0x1
 588 0304 55       		.byte	0x55
 589 0305 88000000 		.4byte	0x88
 590 0309 12       		.uleb128 0x12
 591 030a 9A030000 		.4byte	.LASF56
 592 030e 01       		.byte	0x1
 593 030f 55       		.byte	0x55
 594 0310 88000000 		.4byte	0x88
 595 0314 00       		.byte	0
 596              		.section	.debug_abbrev,"",%progbits
 597              	.Ldebug_abbrev0:
 598 0000 01       		.uleb128 0x1
 599 0001 11       		.uleb128 0x11
 600 0002 01       		.byte	0x1
 601 0003 25       		.uleb128 0x25
 602 0004 0E       		.uleb128 0xe
 603 0005 13       		.uleb128 0x13
 604 0006 0B       		.uleb128 0xb
 605 0007 03       		.uleb128 0x3
 606 0008 0E       		.uleb128 0xe
 607 0009 55       		.uleb128 0x55
 608 000a 17       		.uleb128 0x17
 609 000b 11       		.uleb128 0x11
 610 000c 01       		.uleb128 0x1
 611 000d 10       		.uleb128 0x10
 612 000e 17       		.uleb128 0x17
 613 000f 00       		.byte	0
 614 0010 00       		.byte	0
 615 0011 02       		.uleb128 0x2
ARM GAS  /tmp/cckOqHgj.s 			page 12


 616 0012 24       		.uleb128 0x24
 617 0013 00       		.byte	0
 618 0014 0B       		.uleb128 0xb
 619 0015 0B       		.uleb128 0xb
 620 0016 3E       		.uleb128 0x3e
 621 0017 0B       		.uleb128 0xb
 622 0018 03       		.uleb128 0x3
 623 0019 0E       		.uleb128 0xe
 624 001a 00       		.byte	0
 625 001b 00       		.byte	0
 626 001c 03       		.uleb128 0x3
 627 001d 16       		.uleb128 0x16
 628 001e 00       		.byte	0
 629 001f 03       		.uleb128 0x3
 630 0020 0E       		.uleb128 0xe
 631 0021 3A       		.uleb128 0x3a
 632 0022 0B       		.uleb128 0xb
 633 0023 3B       		.uleb128 0x3b
 634 0024 0B       		.uleb128 0xb
 635 0025 49       		.uleb128 0x49
 636 0026 13       		.uleb128 0x13
 637 0027 00       		.byte	0
 638 0028 00       		.byte	0
 639 0029 04       		.uleb128 0x4
 640 002a 24       		.uleb128 0x24
 641 002b 00       		.byte	0
 642 002c 0B       		.uleb128 0xb
 643 002d 0B       		.uleb128 0xb
 644 002e 3E       		.uleb128 0x3e
 645 002f 0B       		.uleb128 0xb
 646 0030 03       		.uleb128 0x3
 647 0031 08       		.uleb128 0x8
 648 0032 00       		.byte	0
 649 0033 00       		.byte	0
 650 0034 05       		.uleb128 0x5
 651 0035 13       		.uleb128 0x13
 652 0036 01       		.byte	0x1
 653 0037 0B       		.uleb128 0xb
 654 0038 0B       		.uleb128 0xb
 655 0039 3A       		.uleb128 0x3a
 656 003a 0B       		.uleb128 0xb
 657 003b 3B       		.uleb128 0x3b
 658 003c 0B       		.uleb128 0xb
 659 003d 01       		.uleb128 0x1
 660 003e 13       		.uleb128 0x13
 661 003f 00       		.byte	0
 662 0040 00       		.byte	0
 663 0041 06       		.uleb128 0x6
 664 0042 0D       		.uleb128 0xd
 665 0043 00       		.byte	0
 666 0044 03       		.uleb128 0x3
 667 0045 0E       		.uleb128 0xe
 668 0046 3A       		.uleb128 0x3a
 669 0047 0B       		.uleb128 0xb
 670 0048 3B       		.uleb128 0x3b
 671 0049 0B       		.uleb128 0xb
 672 004a 49       		.uleb128 0x49
ARM GAS  /tmp/cckOqHgj.s 			page 13


 673 004b 13       		.uleb128 0x13
 674 004c 38       		.uleb128 0x38
 675 004d 0B       		.uleb128 0xb
 676 004e 00       		.byte	0
 677 004f 00       		.byte	0
 678 0050 07       		.uleb128 0x7
 679 0051 0F       		.uleb128 0xf
 680 0052 00       		.byte	0
 681 0053 0B       		.uleb128 0xb
 682 0054 0B       		.uleb128 0xb
 683 0055 49       		.uleb128 0x49
 684 0056 13       		.uleb128 0x13
 685 0057 00       		.byte	0
 686 0058 00       		.byte	0
 687 0059 08       		.uleb128 0x8
 688 005a 2E       		.uleb128 0x2e
 689 005b 00       		.byte	0
 690 005c 3F       		.uleb128 0x3f
 691 005d 19       		.uleb128 0x19
 692 005e 03       		.uleb128 0x3
 693 005f 0E       		.uleb128 0xe
 694 0060 3A       		.uleb128 0x3a
 695 0061 0B       		.uleb128 0xb
 696 0062 3B       		.uleb128 0x3b
 697 0063 0B       		.uleb128 0xb
 698 0064 27       		.uleb128 0x27
 699 0065 19       		.uleb128 0x19
 700 0066 11       		.uleb128 0x11
 701 0067 01       		.uleb128 0x1
 702 0068 12       		.uleb128 0x12
 703 0069 06       		.uleb128 0x6
 704 006a 40       		.uleb128 0x40
 705 006b 18       		.uleb128 0x18
 706 006c 9742     		.uleb128 0x2117
 707 006e 19       		.uleb128 0x19
 708 006f 00       		.byte	0
 709 0070 00       		.byte	0
 710 0071 09       		.uleb128 0x9
 711 0072 2E       		.uleb128 0x2e
 712 0073 01       		.byte	0x1
 713 0074 3F       		.uleb128 0x3f
 714 0075 19       		.uleb128 0x19
 715 0076 03       		.uleb128 0x3
 716 0077 0E       		.uleb128 0xe
 717 0078 3A       		.uleb128 0x3a
 718 0079 0B       		.uleb128 0xb
 719 007a 3B       		.uleb128 0x3b
 720 007b 0B       		.uleb128 0xb
 721 007c 27       		.uleb128 0x27
 722 007d 19       		.uleb128 0x19
 723 007e 11       		.uleb128 0x11
 724 007f 01       		.uleb128 0x1
 725 0080 12       		.uleb128 0x12
 726 0081 06       		.uleb128 0x6
 727 0082 40       		.uleb128 0x40
 728 0083 18       		.uleb128 0x18
 729 0084 9742     		.uleb128 0x2117
ARM GAS  /tmp/cckOqHgj.s 			page 14


 730 0086 19       		.uleb128 0x19
 731 0087 01       		.uleb128 0x1
 732 0088 13       		.uleb128 0x13
 733 0089 00       		.byte	0
 734 008a 00       		.byte	0
 735 008b 0A       		.uleb128 0xa
 736 008c 34       		.uleb128 0x34
 737 008d 00       		.byte	0
 738 008e 03       		.uleb128 0x3
 739 008f 08       		.uleb128 0x8
 740 0090 3A       		.uleb128 0x3a
 741 0091 0B       		.uleb128 0xb
 742 0092 3B       		.uleb128 0x3b
 743 0093 0B       		.uleb128 0xb
 744 0094 49       		.uleb128 0x49
 745 0095 13       		.uleb128 0x13
 746 0096 02       		.uleb128 0x2
 747 0097 17       		.uleb128 0x17
 748 0098 00       		.byte	0
 749 0099 00       		.byte	0
 750 009a 0B       		.uleb128 0xb
 751 009b 0B       		.uleb128 0xb
 752 009c 01       		.byte	0x1
 753 009d 11       		.uleb128 0x11
 754 009e 01       		.uleb128 0x1
 755 009f 12       		.uleb128 0x12
 756 00a0 06       		.uleb128 0x6
 757 00a1 00       		.byte	0
 758 00a2 00       		.byte	0
 759 00a3 0C       		.uleb128 0xc
 760 00a4 26       		.uleb128 0x26
 761 00a5 00       		.byte	0
 762 00a6 49       		.uleb128 0x49
 763 00a7 13       		.uleb128 0x13
 764 00a8 00       		.byte	0
 765 00a9 00       		.byte	0
 766 00aa 0D       		.uleb128 0xd
 767 00ab 01       		.uleb128 0x1
 768 00ac 01       		.byte	0x1
 769 00ad 49       		.uleb128 0x49
 770 00ae 13       		.uleb128 0x13
 771 00af 01       		.uleb128 0x1
 772 00b0 13       		.uleb128 0x13
 773 00b1 00       		.byte	0
 774 00b2 00       		.byte	0
 775 00b3 0E       		.uleb128 0xe
 776 00b4 21       		.uleb128 0x21
 777 00b5 00       		.byte	0
 778 00b6 49       		.uleb128 0x49
 779 00b7 13       		.uleb128 0x13
 780 00b8 2F       		.uleb128 0x2f
 781 00b9 0B       		.uleb128 0xb
 782 00ba 00       		.byte	0
 783 00bb 00       		.byte	0
 784 00bc 0F       		.uleb128 0xf
 785 00bd 34       		.uleb128 0x34
 786 00be 00       		.byte	0
ARM GAS  /tmp/cckOqHgj.s 			page 15


 787 00bf 03       		.uleb128 0x3
 788 00c0 0E       		.uleb128 0xe
 789 00c1 3A       		.uleb128 0x3a
 790 00c2 0B       		.uleb128 0xb
 791 00c3 3B       		.uleb128 0x3b
 792 00c4 0B       		.uleb128 0xb
 793 00c5 49       		.uleb128 0x49
 794 00c6 13       		.uleb128 0x13
 795 00c7 02       		.uleb128 0x2
 796 00c8 18       		.uleb128 0x18
 797 00c9 00       		.byte	0
 798 00ca 00       		.byte	0
 799 00cb 10       		.uleb128 0x10
 800 00cc 34       		.uleb128 0x34
 801 00cd 00       		.byte	0
 802 00ce 03       		.uleb128 0x3
 803 00cf 0E       		.uleb128 0xe
 804 00d0 3A       		.uleb128 0x3a
 805 00d1 0B       		.uleb128 0xb
 806 00d2 3B       		.uleb128 0x3b
 807 00d3 05       		.uleb128 0x5
 808 00d4 49       		.uleb128 0x49
 809 00d5 13       		.uleb128 0x13
 810 00d6 3F       		.uleb128 0x3f
 811 00d7 19       		.uleb128 0x19
 812 00d8 3C       		.uleb128 0x3c
 813 00d9 19       		.uleb128 0x19
 814 00da 00       		.byte	0
 815 00db 00       		.byte	0
 816 00dc 11       		.uleb128 0x11
 817 00dd 35       		.uleb128 0x35
 818 00de 00       		.byte	0
 819 00df 49       		.uleb128 0x49
 820 00e0 13       		.uleb128 0x13
 821 00e1 00       		.byte	0
 822 00e2 00       		.byte	0
 823 00e3 12       		.uleb128 0x12
 824 00e4 34       		.uleb128 0x34
 825 00e5 00       		.byte	0
 826 00e6 03       		.uleb128 0x3
 827 00e7 0E       		.uleb128 0xe
 828 00e8 3A       		.uleb128 0x3a
 829 00e9 0B       		.uleb128 0xb
 830 00ea 3B       		.uleb128 0x3b
 831 00eb 0B       		.uleb128 0xb
 832 00ec 49       		.uleb128 0x49
 833 00ed 13       		.uleb128 0x13
 834 00ee 3F       		.uleb128 0x3f
 835 00ef 19       		.uleb128 0x19
 836 00f0 3C       		.uleb128 0x3c
 837 00f1 19       		.uleb128 0x19
 838 00f2 00       		.byte	0
 839 00f3 00       		.byte	0
 840 00f4 00       		.byte	0
 841              		.section	.debug_loc,"",%progbits
 842              	.Ldebug_loc0:
 843              	.LLST0:
ARM GAS  /tmp/cckOqHgj.s 			page 16


 844 0000 00000000 		.4byte	.LVL0
 845 0004 0A000000 		.4byte	.LVL1
 846 0008 0600     		.2byte	0x6
 847 000a 03       		.byte	0x3
 848 000b 00000000 		.4byte	ram_areas
 849 000f 9F       		.byte	0x9f
 850 0010 0A000000 		.4byte	.LVL1
 851 0014 44000000 		.4byte	.LVL10
 852 0018 0100     		.2byte	0x1
 853 001a 56       		.byte	0x56
 854 001b 00000000 		.4byte	0
 855 001f 00000000 		.4byte	0
 856              	.LLST1:
 857 0023 0E000000 		.4byte	.LVL2
 858 0027 16000000 		.4byte	.LVL3
 859 002b 0100     		.2byte	0x1
 860 002d 51       		.byte	0x51
 861 002e 16000000 		.4byte	.LVL3
 862 0032 1A000000 		.4byte	.LVL4
 863 0036 0300     		.2byte	0x3
 864 0038 71       		.byte	0x71
 865 0039 04       		.sleb128 4
 866 003a 9F       		.byte	0x9f
 867 003b 1A000000 		.4byte	.LVL4
 868 003f 1E000000 		.4byte	.LVL5
 869 0043 0100     		.2byte	0x1
 870 0045 51       		.byte	0x51
 871 0046 1E000000 		.4byte	.LVL5
 872 004a 2E000000 		.4byte	.LVL7
 873 004e 0300     		.2byte	0x3
 874 0050 71       		.byte	0x71
 875 0051 04       		.sleb128 4
 876 0052 9F       		.byte	0x9f
 877 0053 00000000 		.4byte	0
 878 0057 00000000 		.4byte	0
 879              	.LLST2:
 880 005b 0E000000 		.4byte	.LVL2
 881 005f 16000000 		.4byte	.LVL3
 882 0063 0100     		.2byte	0x1
 883 0065 53       		.byte	0x53
 884 0066 16000000 		.4byte	.LVL3
 885 006a 24000000 		.4byte	.LVL6
 886 006e 0100     		.2byte	0x1
 887 0070 52       		.byte	0x52
 888 0071 2E000000 		.4byte	.LVL7
 889 0075 4C000000 		.4byte	.LFE67
 890 0079 0100     		.2byte	0x1
 891 007b 53       		.byte	0x53
 892 007c 00000000 		.4byte	0
 893 0080 00000000 		.4byte	0
 894              		.section	.debug_aranges,"",%progbits
 895 0000 3C000000 		.4byte	0x3c
 896 0004 0200     		.2byte	0x2
 897 0006 00000000 		.4byte	.Ldebug_info0
 898 000a 04       		.byte	0x4
 899 000b 00       		.byte	0
 900 000c 0000     		.2byte	0
ARM GAS  /tmp/cckOqHgj.s 			page 17


 901 000e 0000     		.2byte	0
 902 0010 00000000 		.4byte	.LFB63
 903 0014 02000000 		.4byte	.LFE63-.LFB63
 904 0018 00000000 		.4byte	.LFB64
 905 001c 02000000 		.4byte	.LFE64-.LFB64
 906 0020 00000000 		.4byte	.LFB65
 907 0024 02000000 		.4byte	.LFE65-.LFB65
 908 0028 00000000 		.4byte	.LFB66
 909 002c 02000000 		.4byte	.LFE66-.LFB66
 910 0030 00000000 		.4byte	.LFB67
 911 0034 4C000000 		.4byte	.LFE67-.LFB67
 912 0038 00000000 		.4byte	0
 913 003c 00000000 		.4byte	0
 914              		.section	.debug_ranges,"",%progbits
 915              	.Ldebug_ranges0:
 916 0000 00000000 		.4byte	.LFB63
 917 0004 02000000 		.4byte	.LFE63
 918 0008 00000000 		.4byte	.LFB64
 919 000c 02000000 		.4byte	.LFE64
 920 0010 00000000 		.4byte	.LFB65
 921 0014 02000000 		.4byte	.LFE65
 922 0018 00000000 		.4byte	.LFB66
 923 001c 02000000 		.4byte	.LFE66
 924 0020 00000000 		.4byte	.LFB67
 925 0024 4C000000 		.4byte	.LFE67
 926 0028 00000000 		.4byte	0
 927 002c 00000000 		.4byte	0
 928              		.section	.debug_line,"",%progbits
 929              	.Ldebug_line0:
 930 0000 56010000 		.section	.debug_str,"MS",%progbits,1
 930      0200EB00 
 930      00000201 
 930      FB0E0D00 
 930      01010101 
 931              	.LASF45:
 932 0000 5F5F7261 		.ascii	"__ram5_init_text__\000"
 932      6D355F69 
 932      6E69745F 
 932      74657874 
 932      5F5F00
 933              	.LASF26:
 934 0013 5F5F7261 		.ascii	"__ram0_init__\000"
 934      6D305F69 
 934      6E69745F 
 934      5F00
 935              	.LASF38:
 936 0021 5F5F7261 		.ascii	"__ram3_init__\000"
 936      6D335F69 
 936      6E69745F 
 936      5F00
 937              	.LASF16:
 938 002f 636C6561 		.ascii	"clear_area\000"
 938      725F6172 
 938      656100
 939              	.LASF2:
 940 003a 73686F72 		.ascii	"short int\000"
 940      7420696E 
ARM GAS  /tmp/cckOqHgj.s 			page 18


 940      7400
 941              	.LASF13:
 942 0044 73697A65 		.ascii	"sizetype\000"
 942      74797065 
 942      00
 943              	.LASF59:
 944 004d 5F5F696E 		.ascii	"__init_ram_areas\000"
 944      69745F72 
 944      616D5F61 
 944      72656173 
 944      00
 945              	.LASF6:
 946 005e 5F5F7569 		.ascii	"__uint32_t\000"
 946      6E743332 
 946      5F7400
 947              	.LASF40:
 948 0069 5F5F7261 		.ascii	"__ram3_noinit__\000"
 948      6D335F6E 
 948      6F696E69 
 948      745F5F00 
 949              	.LASF46:
 950 0079 5F5F7261 		.ascii	"__ram5_init__\000"
 950      6D355F69 
 950      6E69745F 
 950      5F00
 951              	.LASF23:
 952 0087 72616D5F 		.ascii	"ram_areas\000"
 952      61726561 
 952      7300
 953              	.LASF19:
 954 0091 5F5F636F 		.ascii	"__core_init\000"
 954      72655F69 
 954      6E697400 
 955              	.LASF49:
 956 009d 5F5F7261 		.ascii	"__ram6_init_text__\000"
 956      6D365F69 
 956      6E69745F 
 956      74657874 
 956      5F5F00
 957              	.LASF36:
 958 00b0 5F5F7261 		.ascii	"__ram2_noinit__\000"
 958      6D325F6E 
 958      6F696E69 
 958      745F5F00 
 959              	.LASF57:
 960 00c0 474E5520 		.ascii	"GNU C 4.9.3 20150529 (prerelease) -mcpu=cortex-m3 -"
 960      4320342E 
 960      392E3320 
 960      32303135 
 960      30353239 
 961 00f3 6D6E6F2D 		.ascii	"mno-thumb-interwork -mthumb -ggdb -O2 -std=c99 -fom"
 961      7468756D 
 961      622D696E 
 961      74657277 
 961      6F726B20 
 962 0126 69742D66 		.ascii	"it-frame-pointer -falign-functions=16 -ffunction-se"
 962      72616D65 
ARM GAS  /tmp/cckOqHgj.s 			page 19


 962      2D706F69 
 962      6E746572 
 962      202D6661 
 963 0159 6374696F 		.ascii	"ctions -fdata-sections -fno-common\000"
 963      6E73202D 
 963      66646174 
 963      612D7365 
 963      6374696F 
 964              	.LASF8:
 965 017c 6C6F6E67 		.ascii	"long long int\000"
 965      206C6F6E 
 965      6720696E 
 965      7400
 966              	.LASF22:
 967 018a 5F5F6465 		.ascii	"__default_exit\000"
 967      6661756C 
 967      745F6578 
 967      697400
 968              	.LASF17:
 969 0199 6E6F5F69 		.ascii	"no_init_area\000"
 969      6E69745F 
 969      61726561 
 969      00
 970              	.LASF18:
 971 01a6 72616D5F 		.ascii	"ram_init_area_t\000"
 971      696E6974 
 971      5F617265 
 971      615F7400 
 972              	.LASF30:
 973 01b6 5F5F7261 		.ascii	"__ram1_init__\000"
 973      6D315F69 
 973      6E69745F 
 973      5F00
 974              	.LASF4:
 975 01c4 6C6F6E67 		.ascii	"long int\000"
 975      20696E74 
 975      00
 976              	.LASF21:
 977 01cd 5F5F6C61 		.ascii	"__late_init\000"
 977      74655F69 
 977      6E697400 
 978              	.LASF52:
 979 01d9 5F5F7261 		.ascii	"__ram6_noinit__\000"
 979      6D365F6E 
 979      6F696E69 
 979      745F5F00 
 980              	.LASF31:
 981 01e9 5F5F7261 		.ascii	"__ram1_clear__\000"
 981      6D315F63 
 981      6C656172 
 981      5F5F00
 982              	.LASF35:
 983 01f8 5F5F7261 		.ascii	"__ram2_clear__\000"
 983      6D325F63 
 983      6C656172 
 983      5F5F00
 984              	.LASF29:
ARM GAS  /tmp/cckOqHgj.s 			page 20


 985 0207 5F5F7261 		.ascii	"__ram1_init_text__\000"
 985      6D315F69 
 985      6E69745F 
 985      74657874 
 985      5F5F00
 986              	.LASF1:
 987 021a 756E7369 		.ascii	"unsigned char\000"
 987      676E6564 
 987      20636861 
 987      7200
 988              	.LASF39:
 989 0228 5F5F7261 		.ascii	"__ram3_clear__\000"
 989      6D335F63 
 989      6C656172 
 989      5F5F00
 990              	.LASF28:
 991 0237 5F5F7261 		.ascii	"__ram0_noinit__\000"
 991      6D305F6E 
 991      6F696E69 
 991      745F5F00 
 992              	.LASF43:
 993 0247 5F5F7261 		.ascii	"__ram4_clear__\000"
 993      6D345F63 
 993      6C656172 
 993      5F5F00
 994              	.LASF0:
 995 0256 7369676E 		.ascii	"signed char\000"
 995      65642063 
 995      68617200 
 996              	.LASF9:
 997 0262 6C6F6E67 		.ascii	"long long unsigned int\000"
 997      206C6F6E 
 997      6720756E 
 997      7369676E 
 997      65642069 
 998              	.LASF12:
 999 0279 75696E74 		.ascii	"uint32_t\000"
 999      33325F74 
 999      00
 1000              	.LASF47:
 1001 0282 5F5F7261 		.ascii	"__ram5_clear__\000"
 1001      6D355F63 
 1001      6C656172 
 1001      5F5F00
 1002              	.LASF10:
 1003 0291 756E7369 		.ascii	"unsigned int\000"
 1003      676E6564 
 1003      20696E74 
 1003      00
 1004              	.LASF7:
 1005 029e 6C6F6E67 		.ascii	"long unsigned int\000"
 1005      20756E73 
 1005      69676E65 
 1005      6420696E 
 1005      7400
 1006              	.LASF51:
 1007 02b0 5F5F7261 		.ascii	"__ram6_clear__\000"
ARM GAS  /tmp/cckOqHgj.s 			page 21


 1007      6D365F63 
 1007      6C656172 
 1007      5F5F00
 1008              	.LASF44:
 1009 02bf 5F5F7261 		.ascii	"__ram4_noinit__\000"
 1009      6D345F6E 
 1009      6F696E69 
 1009      745F5F00 
 1010              	.LASF50:
 1011 02cf 5F5F7261 		.ascii	"__ram6_init__\000"
 1011      6D365F69 
 1011      6E69745F 
 1011      5F00
 1012              	.LASF55:
 1013 02dd 5F5F7261 		.ascii	"__ram7_clear__\000"
 1013      6D375F63 
 1013      6C656172 
 1013      5F5F00
 1014              	.LASF20:
 1015 02ec 5F5F6561 		.ascii	"__early_init\000"
 1015      726C795F 
 1015      696E6974 
 1015      00
 1016              	.LASF11:
 1017 02f9 696E7433 		.ascii	"int32_t\000"
 1017      325F7400 
 1018              	.LASF3:
 1019 0301 73686F72 		.ascii	"short unsigned int\000"
 1019      7420756E 
 1019      7369676E 
 1019      65642069 
 1019      6E7400
 1020              	.LASF53:
 1021 0314 5F5F7261 		.ascii	"__ram7_init_text__\000"
 1021      6D375F69 
 1021      6E69745F 
 1021      74657874 
 1021      5F5F00
 1022              	.LASF25:
 1023 0327 5F5F7261 		.ascii	"__ram0_init_text__\000"
 1023      6D305F69 
 1023      6E69745F 
 1023      74657874 
 1023      5F5F00
 1024              	.LASF48:
 1025 033a 5F5F7261 		.ascii	"__ram5_noinit__\000"
 1025      6D355F6E 
 1025      6F696E69 
 1025      745F5F00 
 1026              	.LASF34:
 1027 034a 5F5F7261 		.ascii	"__ram2_init__\000"
 1027      6D325F69 
 1027      6E69745F 
 1027      5F00
 1028              	.LASF33:
 1029 0358 5F5F7261 		.ascii	"__ram2_init_text__\000"
 1029      6D325F69 
ARM GAS  /tmp/cckOqHgj.s 			page 22


 1029      6E69745F 
 1029      74657874 
 1029      5F5F00
 1030              	.LASF27:
 1031 036b 5F5F7261 		.ascii	"__ram0_clear__\000"
 1031      6D305F63 
 1031      6C656172 
 1031      5F5F00
 1032              	.LASF41:
 1033 037a 5F5F7261 		.ascii	"__ram4_init_text__\000"
 1033      6D345F69 
 1033      6E69745F 
 1033      74657874 
 1033      5F5F00
 1034              	.LASF24:
 1035 038d 49544D5F 		.ascii	"ITM_RxBuffer\000"
 1035      52784275 
 1035      66666572 
 1035      00
 1036              	.LASF56:
 1037 039a 5F5F7261 		.ascii	"__ram7_noinit__\000"
 1037      6D375F6E 
 1037      6F696E69 
 1037      745F5F00 
 1038              	.LASF5:
 1039 03aa 5F5F696E 		.ascii	"__int32_t\000"
 1039      7433325F 
 1039      7400
 1040              	.LASF58:
 1041 03b4 2F686F6D 		.ascii	"/home/peter/ChibiOS_16.1.4/os/common/ports/ARMCMx/c"
 1041      652F7065 
 1041      7465722F 
 1041      43686962 
 1041      694F535F 
 1042 03e7 6F6D7069 		.ascii	"ompilers/GCC/crt1.c\000"
 1042      6C657273 
 1042      2F474343 
 1042      2F637274 
 1042      312E6300 
 1043              	.LASF32:
 1044 03fb 5F5F7261 		.ascii	"__ram1_noinit__\000"
 1044      6D315F6E 
 1044      6F696E69 
 1044      745F5F00 
 1045              	.LASF42:
 1046 040b 5F5F7261 		.ascii	"__ram4_init__\000"
 1046      6D345F69 
 1046      6E69745F 
 1046      5F00
 1047              	.LASF54:
 1048 0419 5F5F7261 		.ascii	"__ram7_init__\000"
 1048      6D375F69 
 1048      6E69745F 
 1048      5F00
 1049              	.LASF37:
 1050 0427 5F5F7261 		.ascii	"__ram3_init_text__\000"
 1050      6D335F69 
ARM GAS  /tmp/cckOqHgj.s 			page 23


 1050      6E69745F 
 1050      74657874 
 1050      5F5F00
 1051              	.LASF15:
 1052 043a 696E6974 		.ascii	"init_area\000"
 1052      5F617265 
 1052      6100
 1053              	.LASF14:
 1054 0444 696E6974 		.ascii	"init_text_area\000"
 1054      5F746578 
 1054      745F6172 
 1054      656100
 1055              		.ident	"GCC: (15:4.9.3+svn227297-1) 4.9.3 20150529 (prerelease)"
ARM GAS  /tmp/cckOqHgj.s 			page 24


DEFINED SYMBOLS
                            *ABS*:00000000 crt1.c
     /tmp/cckOqHgj.s:19     .text.__core_init:00000000 $t
     /tmp/cckOqHgj.s:25     .text.__core_init:00000000 __core_init
     /tmp/cckOqHgj.s:38     .text.__early_init:00000000 $t
     /tmp/cckOqHgj.s:44     .text.__early_init:00000000 __early_init
     /tmp/cckOqHgj.s:56     .text.__late_init:00000000 $t
     /tmp/cckOqHgj.s:62     .text.__late_init:00000000 __late_init
     /tmp/cckOqHgj.s:74     .text.__default_exit:00000000 $t
     /tmp/cckOqHgj.s:80     .text.__default_exit:00000000 __default_exit
     /tmp/cckOqHgj.s:95     .text.__init_ram_areas:00000000 $t
     /tmp/cckOqHgj.s:101    .text.__init_ram_areas:00000000 __init_ram_areas
     /tmp/cckOqHgj.s:180    .text.__init_ram_areas:00000048 $d
     /tmp/cckOqHgj.s:185    .rodata.ram_areas:00000000 $d
     /tmp/cckOqHgj.s:189    .rodata.ram_areas:00000000 ram_areas
                     .debug_frame:00000010 $d
     /tmp/cckOqHgj.s:184    .text.__init_ram_areas:0000004c $t

UNDEFINED SYMBOLS
__ram0_init_text__
__ram0_init__
__ram0_clear__
__ram0_noinit__
__ram1_init_text__
__ram1_init__
__ram1_clear__
__ram1_noinit__
__ram2_init_text__
__ram2_init__
__ram2_clear__
__ram2_noinit__
__ram3_init_text__
__ram3_init__
__ram3_clear__
__ram3_noinit__
__ram4_init_text__
__ram4_init__
__ram4_clear__
__ram4_noinit__
__ram5_init_text__
__ram5_init__
__ram5_clear__
__ram5_noinit__
__ram6_init_text__
__ram6_init__
__ram6_clear__
__ram6_noinit__
__ram7_init_text__
__ram7_init__
__ram7_clear__
__ram7_noinit__
