ARM GAS  /tmp/ccdCOUs3.s 			page 1


   1              		.syntax unified
   2              		.cpu cortex-m3
   3              		.fpu softvfp
   4              		.eabi_attribute 20, 1
   5              		.eabi_attribute 21, 1
   6              		.eabi_attribute 23, 3
   7              		.eabi_attribute 24, 1
   8              		.eabi_attribute 25, 1
   9              		.eabi_attribute 26, 1
  10              		.eabi_attribute 30, 2
  11              		.eabi_attribute 34, 1
  12              		.eabi_attribute 18, 4
  13              		.thumb
  14              		.file	"hal.c"
  15              		.text
  16              	.Ltext0:
  17              		.cfi_sections	.debug_frame
  18              		.section	.text.halInit,"ax",%progbits
  19              		.align	2
  20              		.p2align 4,,15
  21              		.global	halInit
  22              		.thumb
  23              		.thumb_func
  24              		.type	halInit, %function
  25              	halInit:
  26              	.LFB207:
  27              		.file 1 "/home/peter/ChibiOS_16.1.4/os/hal/src/hal.c"
  28              		.loc 1 56 0
  29              		.cfi_startproc
  30              		@ args = 0, pretend = 0, frame = 0
  31              		@ frame_needed = 0, uses_anonymous_args = 0
  32 0000 08B5     		push	{r3, lr}
  33              		.cfi_def_cfa_offset 8
  34              		.cfi_offset 3, -8
  35              		.cfi_offset 14, -4
  36              		.loc 1 62 0
  37 0002 FFF7FEFF 		bl	hal_lld_init
  38              	.LVL0:
  39              		.loc 1 65 0
  40 0006 0948     		ldr	r0, .L3
  41 0008 FFF7FEFF 		bl	_pal_lld_init
  42              	.LVL1:
  43              		.loc 1 68 0
  44 000c FFF7FEFF 		bl	adcInit
  45              	.LVL2:
  46              		.loc 1 83 0
  47 0010 FFF7FEFF 		bl	i2cInit
  48              	.LVL3:
  49              		.loc 1 89 0
  50 0014 FFF7FEFF 		bl	icuInit
  51              	.LVL4:
  52              		.loc 1 95 0
  53 0018 FFF7FEFF 		bl	pwmInit
  54              	.LVL5:
  55              		.loc 1 98 0
  56 001c FFF7FEFF 		bl	sdInit
  57              	.LVL6:
ARM GAS  /tmp/ccdCOUs3.s 			page 2


  58              		.loc 1 133 0
  59 0020 FFF7FEFF 		bl	boardInit
  60              	.LVL7:
  61              		.loc 1 142 0
  62 0024 BDE80840 		pop	{r3, lr}
  63              		.cfi_restore 14
  64              		.cfi_restore 3
  65              		.cfi_def_cfa_offset 0
  66              		.loc 1 140 0
  67 0028 FFF7FEBF 		b	stInit
  68              	.LVL8:
  69              	.L4:
  70              		.align	2
  71              	.L3:
  72 002c 00000000 		.word	pal_default_config
  73              		.cfi_endproc
  74              	.LFE207:
  75              		.size	halInit, .-halInit
  76              		.text
  77              	.Letext0:
  78              		.file 2 "/usr/include/newlib/machine/_default_types.h"
  79              		.file 3 "/usr/include/newlib/stdint.h"
  80              		.file 4 "/home/peter/ChibiOS_16.1.4/os/rt/ports/ARMCMx/compilers/GCC/chtypes.h"
  81              		.file 5 "/home/peter/ChibiOS_16.1.4/os/rt/include/chsystypes.h"
  82              		.file 6 "/home/peter/ChibiOS_16.1.4/os/rt/include/chschd.h"
  83              		.file 7 "/home/peter/ChibiOS_16.1.4/os/rt/ports/ARMCMx/chcore.h"
  84              		.file 8 "/home/peter/ChibiOS_16.1.4/os/rt/ports/ARMCMx/chcore_v7m.h"
  85              		.file 9 "/home/peter/ChibiOS_16.1.4/os/rt/include/chtm.h"
  86              		.file 10 "/home/peter/ChibiOS_16.1.4/os/rt/include/chsem.h"
  87              		.file 11 "/home/peter/ChibiOS_16.1.4/os/rt/include/chmtx.h"
  88              		.file 12 "/home/peter/ChibiOS_16.1.4/os/hal/ports/STM32/LLD/GPIOv2/pal_lld.h"
  89              		.file 13 "/home/peter/ChibiOS_16.1.4/os/ext/CMSIS/include/core_cm3.h"
  90              		.file 14 "/home/peter/ChibiOS_16.1.4/os/hal/ports/STM32/STM32F4xx/hal_lld.h"
  91              		.file 15 "/home/peter/ChibiOS_16.1.4/os/hal/include/adc.h"
  92              		.file 16 "/home/peter/ChibiOS_16.1.4/os/hal/include/i2c.h"
  93              		.file 17 "/home/peter/ChibiOS_16.1.4/os/hal/include/icu.h"
  94              		.file 18 "/home/peter/ChibiOS_16.1.4/os/hal/include/pwm.h"
  95              		.file 19 "/home/peter/ChibiOS_16.1.4/os/hal/include/serial.h"
  96              		.file 20 "board/Nite4/board.h"
  97              		.file 21 "/home/peter/ChibiOS_16.1.4/os/hal/include/st.h"
  98              		.file 22 "/home/peter/ChibiOS_16.1.4/os/hal/osal/rt/osal.h"
  99              		.section	.debug_info,"",%progbits
 100              	.Ldebug_info0:
 101 0000 19080000 		.4byte	0x819
 102 0004 0400     		.2byte	0x4
 103 0006 00000000 		.4byte	.Ldebug_abbrev0
 104 000a 04       		.byte	0x4
 105 000b 01       		.uleb128 0x1
 106 000c 34040000 		.4byte	.LASF131
 107 0010 01       		.byte	0x1
 108 0011 42010000 		.4byte	.LASF132
 109 0015 00000000 		.4byte	.Ldebug_ranges0+0
 110 0019 00000000 		.4byte	0
 111 001d 00000000 		.4byte	.Ldebug_line0
 112 0021 02       		.uleb128 0x2
 113 0022 04       		.byte	0x4
 114 0023 05       		.byte	0x5
ARM GAS  /tmp/ccdCOUs3.s 			page 3


 115 0024 696E7400 		.ascii	"int\000"
 116 0028 03       		.uleb128 0x3
 117 0029 04       		.byte	0x4
 118 002a 07       		.byte	0x7
 119 002b C2010000 		.4byte	.LASF0
 120 002f 03       		.uleb128 0x3
 121 0030 01       		.byte	0x1
 122 0031 06       		.byte	0x6
 123 0032 EB000000 		.4byte	.LASF1
 124 0036 04       		.uleb128 0x4
 125 0037 3D000000 		.4byte	.LASF5
 126 003b 02       		.byte	0x2
 127 003c 1D       		.byte	0x1d
 128 003d 41000000 		.4byte	0x41
 129 0041 03       		.uleb128 0x3
 130 0042 01       		.byte	0x1
 131 0043 08       		.byte	0x8
 132 0044 5E030000 		.4byte	.LASF2
 133 0048 03       		.uleb128 0x3
 134 0049 02       		.byte	0x2
 135 004a 05       		.byte	0x5
 136 004b 81030000 		.4byte	.LASF3
 137 004f 03       		.uleb128 0x3
 138 0050 02       		.byte	0x2
 139 0051 07       		.byte	0x7
 140 0052 00020000 		.4byte	.LASF4
 141 0056 04       		.uleb128 0x4
 142 0057 58020000 		.4byte	.LASF6
 143 005b 02       		.byte	0x2
 144 005c 3F       		.byte	0x3f
 145 005d 61000000 		.4byte	0x61
 146 0061 03       		.uleb128 0x3
 147 0062 04       		.byte	0x4
 148 0063 05       		.byte	0x5
 149 0064 21010000 		.4byte	.LASF7
 150 0068 04       		.uleb128 0x4
 151 0069 23050000 		.4byte	.LASF8
 152 006d 02       		.byte	0x2
 153 006e 41       		.byte	0x41
 154 006f 73000000 		.4byte	0x73
 155 0073 03       		.uleb128 0x3
 156 0074 04       		.byte	0x4
 157 0075 07       		.byte	0x7
 158 0076 22040000 		.4byte	.LASF9
 159 007a 03       		.uleb128 0x3
 160 007b 08       		.byte	0x8
 161 007c 05       		.byte	0x5
 162 007d DD000000 		.4byte	.LASF10
 163 0081 04       		.uleb128 0x4
 164 0082 05030000 		.4byte	.LASF11
 165 0086 02       		.byte	0x2
 166 0087 5B       		.byte	0x5b
 167 0088 8C000000 		.4byte	0x8c
 168 008c 03       		.uleb128 0x3
 169 008d 08       		.byte	0x8
 170 008e 07       		.byte	0x7
 171 008f 71000000 		.4byte	.LASF12
ARM GAS  /tmp/ccdCOUs3.s 			page 4


 172 0093 04       		.uleb128 0x4
 173 0094 A1050000 		.4byte	.LASF13
 174 0098 03       		.byte	0x3
 175 0099 15       		.byte	0x15
 176 009a 36000000 		.4byte	0x36
 177 009e 04       		.uleb128 0x4
 178 009f 56030000 		.4byte	.LASF14
 179 00a3 03       		.byte	0x3
 180 00a4 2C       		.byte	0x2c
 181 00a5 56000000 		.4byte	0x56
 182 00a9 04       		.uleb128 0x4
 183 00aa F1030000 		.4byte	.LASF15
 184 00ae 03       		.byte	0x3
 185 00af 2D       		.byte	0x2d
 186 00b0 68000000 		.4byte	0x68
 187 00b4 04       		.uleb128 0x4
 188 00b5 34000000 		.4byte	.LASF16
 189 00b9 03       		.byte	0x3
 190 00ba 39       		.byte	0x39
 191 00bb 81000000 		.4byte	0x81
 192 00bf 04       		.uleb128 0x4
 193 00c0 54050000 		.4byte	.LASF17
 194 00c4 04       		.byte	0x4
 195 00c5 39       		.byte	0x39
 196 00c6 A9000000 		.4byte	0xa9
 197 00ca 04       		.uleb128 0x4
 198 00cb 36020000 		.4byte	.LASF18
 199 00cf 04       		.byte	0x4
 200 00d0 3C       		.byte	0x3c
 201 00d1 93000000 		.4byte	0x93
 202 00d5 04       		.uleb128 0x4
 203 00d6 31010000 		.4byte	.LASF19
 204 00da 04       		.byte	0x4
 205 00db 3D       		.byte	0x3d
 206 00dc 93000000 		.4byte	0x93
 207 00e0 04       		.uleb128 0x4
 208 00e1 10030000 		.4byte	.LASF20
 209 00e5 04       		.byte	0x4
 210 00e6 3E       		.byte	0x3e
 211 00e7 93000000 		.4byte	0x93
 212 00eb 04       		.uleb128 0x4
 213 00ec 0D010000 		.4byte	.LASF21
 214 00f0 04       		.byte	0x4
 215 00f1 3F       		.byte	0x3f
 216 00f2 93000000 		.4byte	0x93
 217 00f6 04       		.uleb128 0x4
 218 00f7 38030000 		.4byte	.LASF22
 219 00fb 04       		.byte	0x4
 220 00fc 40       		.byte	0x40
 221 00fd A9000000 		.4byte	0xa9
 222 0101 04       		.uleb128 0x4
 223 0102 24020000 		.4byte	.LASF23
 224 0106 04       		.byte	0x4
 225 0107 41       		.byte	0x41
 226 0108 9E000000 		.4byte	0x9e
 227 010c 04       		.uleb128 0x4
 228 010d 4C020000 		.4byte	.LASF24
ARM GAS  /tmp/ccdCOUs3.s 			page 5


 229 0111 04       		.byte	0x4
 230 0112 43       		.byte	0x43
 231 0113 A9000000 		.4byte	0xa9
 232 0117 04       		.uleb128 0x4
 233 0118 BC010000 		.4byte	.LASF25
 234 011c 04       		.byte	0x4
 235 011d 45       		.byte	0x45
 236 011e 9E000000 		.4byte	0x9e
 237 0122 04       		.uleb128 0x4
 238 0123 05050000 		.4byte	.LASF26
 239 0127 05       		.byte	0x5
 240 0128 33       		.byte	0x33
 241 0129 A9000000 		.4byte	0xa9
 242 012d 04       		.uleb128 0x4
 243 012e F5040000 		.4byte	.LASF27
 244 0132 05       		.byte	0x5
 245 0133 3F       		.byte	0x3f
 246 0134 38010000 		.4byte	0x138
 247 0138 05       		.uleb128 0x5
 248 0139 1A020000 		.4byte	.LASF48
 249 013d 44       		.byte	0x44
 250 013e 06       		.byte	0x6
 251 013f C2       		.byte	0xc2
 252 0140 31020000 		.4byte	0x231
 253 0144 06       		.uleb128 0x6
 254 0145 B2030000 		.4byte	.LASF28
 255 0149 06       		.byte	0x6
 256 014a C3       		.byte	0xc3
 257 014b 3C020000 		.4byte	0x23c
 258 014f 00       		.byte	0
 259 0150 06       		.uleb128 0x6
 260 0151 28030000 		.4byte	.LASF29
 261 0155 06       		.byte	0x6
 262 0156 C5       		.byte	0xc5
 263 0157 3C020000 		.4byte	0x23c
 264 015b 04       		.byte	0x4
 265 015c 06       		.uleb128 0x6
 266 015d D6000000 		.4byte	.LASF30
 267 0161 06       		.byte	0x6
 268 0162 C7       		.byte	0xc7
 269 0163 F6000000 		.4byte	0xf6
 270 0167 08       		.byte	0x8
 271 0168 06       		.uleb128 0x6
 272 0169 03060000 		.4byte	.LASF31
 273 016d 06       		.byte	0x6
 274 016e C8       		.byte	0xc8
 275 016f 6C040000 		.4byte	0x46c
 276 0173 0C       		.byte	0xc
 277 0174 06       		.uleb128 0x6
 278 0175 6E010000 		.4byte	.LASF32
 279 0179 06       		.byte	0x6
 280 017a CA       		.byte	0xca
 281 017b 3C020000 		.4byte	0x23c
 282 017f 10       		.byte	0x10
 283 0180 06       		.uleb128 0x6
 284 0181 C8020000 		.4byte	.LASF33
 285 0185 06       		.byte	0x6
ARM GAS  /tmp/ccdCOUs3.s 			page 6


 286 0186 CB       		.byte	0xcb
 287 0187 3C020000 		.4byte	0x23c
 288 018b 14       		.byte	0x14
 289 018c 06       		.uleb128 0x6
 290 018d B0050000 		.4byte	.LASF34
 291 0191 06       		.byte	0x6
 292 0192 D2       		.byte	0xd2
 293 0193 EB050000 		.4byte	0x5eb
 294 0197 18       		.byte	0x18
 295 0198 06       		.uleb128 0x6
 296 0199 8B030000 		.4byte	.LASF35
 297 019d 06       		.byte	0x6
 298 019e DD       		.byte	0xdd
 299 019f D5000000 		.4byte	0xd5
 300 01a3 1C       		.byte	0x1c
 301 01a4 06       		.uleb128 0x6
 302 01a5 B9030000 		.4byte	.LASF36
 303 01a9 06       		.byte	0x6
 304 01aa E1       		.byte	0xe1
 305 01ab CA000000 		.4byte	0xca
 306 01af 1D       		.byte	0x1d
 307 01b0 06       		.uleb128 0x6
 308 01b1 7C050000 		.4byte	.LASF37
 309 01b5 06       		.byte	0x6
 310 01b6 E6       		.byte	0xe6
 311 01b7 E0000000 		.4byte	0xe0
 312 01bb 1E       		.byte	0x1e
 313 01bc 06       		.uleb128 0x6
 314 01bd 93030000 		.4byte	.LASF38
 315 01c1 06       		.byte	0x6
 316 01c2 EC       		.byte	0xec
 317 01c3 EB000000 		.4byte	0xeb
 318 01c7 1F       		.byte	0x1f
 319 01c8 07       		.uleb128 0x7
 320 01c9 705F7500 		.ascii	"p_u\000"
 321 01cd 06       		.byte	0x6
 322 01ce 3101     		.2byte	0x131
 323 01d0 26050000 		.4byte	0x526
 324 01d4 20       		.byte	0x20
 325 01d5 08       		.uleb128 0x8
 326 01d6 8B020000 		.4byte	.LASF39
 327 01da 06       		.byte	0x6
 328 01db 3601     		.2byte	0x136
 329 01dd 42020000 		.4byte	0x242
 330 01e1 24       		.byte	0x24
 331 01e2 08       		.uleb128 0x8
 332 01e3 DE010000 		.4byte	.LASF40
 333 01e7 06       		.byte	0x6
 334 01e8 3C01     		.2byte	0x13c
 335 01ea 66020000 		.4byte	0x266
 336 01ee 28       		.byte	0x28
 337 01ef 08       		.uleb128 0x8
 338 01f0 D1050000 		.4byte	.LASF41
 339 01f4 06       		.byte	0x6
 340 01f5 4001     		.2byte	0x140
 341 01f7 01010000 		.4byte	0x101
 342 01fb 30       		.byte	0x30
ARM GAS  /tmp/ccdCOUs3.s 			page 7


 343 01fc 08       		.uleb128 0x8
 344 01fd E6030000 		.4byte	.LASF42
 345 0201 06       		.byte	0x6
 346 0202 4601     		.2byte	0x146
 347 0204 0C010000 		.4byte	0x10c
 348 0208 34       		.byte	0x34
 349 0209 08       		.uleb128 0x8
 350 020a 77030000 		.4byte	.LASF43
 351 020e 06       		.byte	0x6
 352 020f 4D01     		.2byte	0x14d
 353 0211 E5050000 		.4byte	0x5e5
 354 0215 38       		.byte	0x38
 355 0216 08       		.uleb128 0x8
 356 0217 0F050000 		.4byte	.LASF44
 357 021b 06       		.byte	0x6
 358 021c 5101     		.2byte	0x151
 359 021e F6000000 		.4byte	0xf6
 360 0222 3C       		.byte	0x3c
 361 0223 08       		.uleb128 0x8
 362 0224 F7000000 		.4byte	.LASF45
 363 0228 06       		.byte	0x6
 364 0229 5801     		.2byte	0x158
 365 022b 19030000 		.4byte	0x319
 366 022f 40       		.byte	0x40
 367 0230 00       		.byte	0
 368 0231 04       		.uleb128 0x4
 369 0232 9E020000 		.4byte	.LASF46
 370 0236 05       		.byte	0x5
 371 0237 44       		.byte	0x44
 372 0238 3C020000 		.4byte	0x23c
 373 023c 09       		.uleb128 0x9
 374 023d 04       		.byte	0x4
 375 023e 2D010000 		.4byte	0x12d
 376 0242 04       		.uleb128 0x4
 377 0243 7C020000 		.4byte	.LASF47
 378 0247 05       		.byte	0x5
 379 0248 49       		.byte	0x49
 380 0249 4D020000 		.4byte	0x24d
 381 024d 05       		.uleb128 0x5
 382 024e 12040000 		.4byte	.LASF49
 383 0252 04       		.byte	0x4
 384 0253 06       		.byte	0x6
 385 0254 B0       		.byte	0xb0
 386 0255 66020000 		.4byte	0x266
 387 0259 06       		.uleb128 0x6
 388 025a B2030000 		.4byte	.LASF28
 389 025e 06       		.byte	0x6
 390 025f B1       		.byte	0xb1
 391 0260 3C020000 		.4byte	0x23c
 392 0264 00       		.byte	0
 393 0265 00       		.byte	0
 394 0266 04       		.uleb128 0x4
 395 0267 63050000 		.4byte	.LASF50
 396 026b 05       		.byte	0x5
 397 026c 50       		.byte	0x50
 398 026d 71020000 		.4byte	0x271
 399 0271 05       		.uleb128 0x5
ARM GAS  /tmp/ccdCOUs3.s 			page 8


 400 0272 C5000000 		.4byte	.LASF51
 401 0276 08       		.byte	0x8
 402 0277 06       		.byte	0x6
 403 0278 B7       		.byte	0xb7
 404 0279 96020000 		.4byte	0x296
 405 027d 06       		.uleb128 0x6
 406 027e B2030000 		.4byte	.LASF28
 407 0282 06       		.byte	0x6
 408 0283 B8       		.byte	0xb8
 409 0284 3C020000 		.4byte	0x23c
 410 0288 00       		.byte	0
 411 0289 06       		.uleb128 0x6
 412 028a 28030000 		.4byte	.LASF29
 413 028e 06       		.byte	0x6
 414 028f B9       		.byte	0xb9
 415 0290 3C020000 		.4byte	0x23c
 416 0294 04       		.byte	0x4
 417 0295 00       		.byte	0
 418 0296 04       		.uleb128 0x4
 419 0297 13000000 		.4byte	.LASF52
 420 029b 05       		.byte	0x5
 421 029c 57       		.byte	0x57
 422 029d A1020000 		.4byte	0x2a1
 423 02a1 0A       		.uleb128 0xa
 424 02a2 3E020000 		.4byte	.LASF53
 425 02a6 1C       		.byte	0x1c
 426 02a7 06       		.byte	0x6
 427 02a8 9001     		.2byte	0x190
 428 02aa FD020000 		.4byte	0x2fd
 429 02ae 08       		.uleb128 0x8
 430 02af 01040000 		.4byte	.LASF54
 431 02b3 06       		.byte	0x6
 432 02b4 9101     		.2byte	0x191
 433 02b6 66020000 		.4byte	0x266
 434 02ba 00       		.byte	0
 435 02bb 08       		.uleb128 0x8
 436 02bc 9D030000 		.4byte	.LASF55
 437 02c0 06       		.byte	0x6
 438 02c1 9201     		.2byte	0x192
 439 02c3 F6000000 		.4byte	0xf6
 440 02c7 08       		.byte	0x8
 441 02c8 08       		.uleb128 0x8
 442 02c9 D0020000 		.4byte	.LASF56
 443 02cd 06       		.byte	0x6
 444 02ce 9401     		.2byte	0x194
 445 02d0 6C040000 		.4byte	0x46c
 446 02d4 0C       		.byte	0xc
 447 02d5 08       		.uleb128 0x8
 448 02d6 7E010000 		.4byte	.LASF57
 449 02da 06       		.byte	0x6
 450 02db 9701     		.2byte	0x197
 451 02dd 3C020000 		.4byte	0x23c
 452 02e1 10       		.byte	0x10
 453 02e2 08       		.uleb128 0x8
 454 02e3 FD020000 		.4byte	.LASF58
 455 02e7 06       		.byte	0x6
 456 02e8 9801     		.2byte	0x198
ARM GAS  /tmp/ccdCOUs3.s 			page 9


 457 02ea 3C020000 		.4byte	0x23c
 458 02ee 14       		.byte	0x14
 459 02ef 08       		.uleb128 0x8
 460 02f0 F3020000 		.4byte	.LASF59
 461 02f4 06       		.byte	0x6
 462 02f5 9B01     		.2byte	0x19b
 463 02f7 3C020000 		.4byte	0x23c
 464 02fb 18       		.byte	0x18
 465 02fc 00       		.byte	0
 466 02fd 04       		.uleb128 0x4
 467 02fe 1A050000 		.4byte	.LASF60
 468 0302 05       		.byte	0x5
 469 0303 5C       		.byte	0x5c
 470 0304 08030000 		.4byte	0x308
 471 0308 09       		.uleb128 0x9
 472 0309 04       		.byte	0x4
 473 030a 0E030000 		.4byte	0x30e
 474 030e 0B       		.uleb128 0xb
 475 030f 19030000 		.4byte	0x319
 476 0313 0C       		.uleb128 0xc
 477 0314 19030000 		.4byte	0x319
 478 0318 00       		.byte	0
 479 0319 0D       		.uleb128 0xd
 480 031a 04       		.byte	0x4
 481 031b 04       		.uleb128 0x4
 482 031c 18030000 		.4byte	.LASF61
 483 0320 05       		.byte	0x5
 484 0321 61       		.byte	0x61
 485 0322 26030000 		.4byte	0x326
 486 0326 0A       		.uleb128 0xa
 487 0327 C8030000 		.4byte	.LASF62
 488 032b 14       		.byte	0x14
 489 032c 06       		.byte	0x6
 490 032d 6B01     		.2byte	0x16b
 491 032f 75030000 		.4byte	0x375
 492 0333 08       		.uleb128 0x8
 493 0334 CF010000 		.4byte	.LASF63
 494 0338 06       		.byte	0x6
 495 0339 6C01     		.2byte	0x16c
 496 033b FD050000 		.4byte	0x5fd
 497 033f 00       		.byte	0
 498 0340 08       		.uleb128 0x8
 499 0341 8F010000 		.4byte	.LASF64
 500 0345 06       		.byte	0x6
 501 0346 6D01     		.2byte	0x16d
 502 0348 FD050000 		.4byte	0x5fd
 503 034c 04       		.byte	0x4
 504 034d 08       		.uleb128 0x8
 505 034e 09040000 		.4byte	.LASF65
 506 0352 06       		.byte	0x6
 507 0353 6E01     		.2byte	0x16e
 508 0355 22010000 		.4byte	0x122
 509 0359 08       		.byte	0x8
 510 035a 08       		.uleb128 0x8
 511 035b 09060000 		.4byte	.LASF66
 512 035f 06       		.byte	0x6
 513 0360 6F01     		.2byte	0x16f
ARM GAS  /tmp/ccdCOUs3.s 			page 10


 514 0362 FD020000 		.4byte	0x2fd
 515 0366 0C       		.byte	0xc
 516 0367 08       		.uleb128 0x8
 517 0368 5C050000 		.4byte	.LASF67
 518 036c 06       		.byte	0x6
 519 036d 7101     		.2byte	0x171
 520 036f 19030000 		.4byte	0x319
 521 0373 10       		.byte	0x10
 522 0374 00       		.byte	0
 523 0375 04       		.uleb128 0x4
 524 0376 A2000000 		.4byte	.LASF68
 525 037a 05       		.byte	0x5
 526 037b 66       		.byte	0x66
 527 037c 80030000 		.4byte	0x380
 528 0380 0A       		.uleb128 0xa
 529 0381 B1020000 		.4byte	.LASF69
 530 0385 10       		.byte	0x10
 531 0386 06       		.byte	0x6
 532 0387 7B01     		.2byte	0x17b
 533 0389 C2030000 		.4byte	0x3c2
 534 038d 08       		.uleb128 0x8
 535 038e CF010000 		.4byte	.LASF63
 536 0392 06       		.byte	0x6
 537 0393 7C01     		.2byte	0x17c
 538 0395 FD050000 		.4byte	0x5fd
 539 0399 00       		.byte	0
 540 039a 08       		.uleb128 0x8
 541 039b 8F010000 		.4byte	.LASF64
 542 039f 06       		.byte	0x6
 543 03a0 7E01     		.2byte	0x17e
 544 03a2 FD050000 		.4byte	0x5fd
 545 03a6 04       		.byte	0x4
 546 03a7 08       		.uleb128 0x8
 547 03a8 09040000 		.4byte	.LASF65
 548 03ac 06       		.byte	0x6
 549 03ad 8001     		.2byte	0x180
 550 03af 22010000 		.4byte	0x122
 551 03b3 08       		.byte	0x8
 552 03b4 08       		.uleb128 0x8
 553 03b5 BE050000 		.4byte	.LASF70
 554 03b9 06       		.byte	0x6
 555 03ba 8201     		.2byte	0x182
 556 03bc 03060000 		.4byte	0x603
 557 03c0 0C       		.byte	0xc
 558 03c1 00       		.byte	0
 559 03c2 04       		.uleb128 0x4
 560 03c3 53000000 		.4byte	.LASF71
 561 03c7 05       		.byte	0x5
 562 03c8 6B       		.byte	0x6b
 563 03c9 CD030000 		.4byte	0x3cd
 564 03cd 0A       		.uleb128 0xa
 565 03ce 40030000 		.4byte	.LASF72
 566 03d2 04       		.byte	0x4
 567 03d3 06       		.byte	0x6
 568 03d4 A201     		.2byte	0x1a2
 569 03d6 E8030000 		.4byte	0x3e8
 570 03da 08       		.uleb128 0x8
ARM GAS  /tmp/ccdCOUs3.s 			page 11


 571 03db 2E050000 		.4byte	.LASF73
 572 03df 06       		.byte	0x6
 573 03e0 AA01     		.2byte	0x1aa
 574 03e2 08060000 		.4byte	0x608
 575 03e6 00       		.byte	0
 576 03e7 00       		.byte	0
 577 03e8 04       		.uleb128 0x4
 578 03e9 2A020000 		.4byte	.LASF74
 579 03ed 05       		.byte	0x5
 580 03ee 70       		.byte	0x70
 581 03ef F3030000 		.4byte	0x3f3
 582 03f3 0E       		.uleb128 0xe
 583 03f4 17010000 		.4byte	.LASF75
 584 03f8 5001     		.2byte	0x150
 585 03fa 06       		.byte	0x6
 586 03fb C201     		.2byte	0x1c2
 587 03fd 4F040000 		.4byte	0x44f
 588 0401 08       		.uleb128 0x8
 589 0402 9B050000 		.4byte	.LASF76
 590 0406 06       		.byte	0x6
 591 0407 C601     		.2byte	0x1c6
 592 0409 96020000 		.4byte	0x296
 593 040d 00       		.byte	0
 594 040e 08       		.uleb128 0x8
 595 040f 97010000 		.4byte	.LASF77
 596 0413 06       		.byte	0x6
 597 0414 CA01     		.2byte	0x1ca
 598 0416 75030000 		.4byte	0x375
 599 041a 1C       		.byte	0x1c
 600 041b 07       		.uleb128 0x7
 601 041c 64626700 		.ascii	"dbg\000"
 602 0420 06       		.byte	0x6
 603 0421 CE01     		.2byte	0x1ce
 604 0423 C2030000 		.4byte	0x3c2
 605 0427 2C       		.byte	0x2c
 606 0428 08       		.uleb128 0x8
 607 0429 97000000 		.4byte	.LASF78
 608 042d 06       		.byte	0x6
 609 042e D201     		.2byte	0x1d2
 610 0430 2D010000 		.4byte	0x12d
 611 0434 30       		.byte	0x30
 612 0435 07       		.uleb128 0x7
 613 0436 746D00   		.ascii	"tm\000"
 614 0439 06       		.byte	0x6
 615 043a D701     		.2byte	0x1d7
 616 043c 1B050000 		.4byte	0x51b
 617 0440 74       		.byte	0x74
 618 0441 08       		.uleb128 0x8
 619 0442 AD010000 		.4byte	.LASF79
 620 0446 06       		.byte	0x6
 621 0447 E301     		.2byte	0x1e3
 622 0449 0D060000 		.4byte	0x60d
 623 044d 78       		.byte	0x78
 624 044e 00       		.byte	0
 625 044f 03       		.uleb128 0x3
 626 0450 04       		.byte	0x4
 627 0451 07       		.byte	0x7
ARM GAS  /tmp/ccdCOUs3.s 			page 12


 628 0452 95020000 		.4byte	.LASF80
 629 0456 04       		.uleb128 0x4
 630 0457 86010000 		.4byte	.LASF81
 631 045b 07       		.byte	0x7
 632 045c 65       		.byte	0x65
 633 045d 19030000 		.4byte	0x319
 634 0461 04       		.uleb128 0x4
 635 0462 71020000 		.4byte	.LASF82
 636 0466 07       		.byte	0x7
 637 0467 6D       		.byte	0x6d
 638 0468 B4000000 		.4byte	0xb4
 639 046c 05       		.uleb128 0x5
 640 046d 3F050000 		.4byte	.LASF83
 641 0471 04       		.byte	0x4
 642 0472 07       		.byte	0x7
 643 0473 89       		.byte	0x89
 644 0474 85040000 		.4byte	0x485
 645 0478 0F       		.uleb128 0xf
 646 0479 72313300 		.ascii	"r13\000"
 647 047d 07       		.byte	0x7
 648 047e 8A       		.byte	0x8a
 649 047f 00050000 		.4byte	0x500
 650 0483 00       		.byte	0
 651 0484 00       		.byte	0
 652 0485 05       		.uleb128 0x5
 653 0486 47000000 		.4byte	.LASF84
 654 048a 24       		.byte	0x24
 655 048b 08       		.byte	0x8
 656 048c FD       		.byte	0xfd
 657 048d 00050000 		.4byte	0x500
 658 0491 07       		.uleb128 0x7
 659 0492 723400   		.ascii	"r4\000"
 660 0495 08       		.byte	0x8
 661 0496 1001     		.2byte	0x110
 662 0498 56040000 		.4byte	0x456
 663 049c 00       		.byte	0
 664 049d 07       		.uleb128 0x7
 665 049e 723500   		.ascii	"r5\000"
 666 04a1 08       		.byte	0x8
 667 04a2 1101     		.2byte	0x111
 668 04a4 56040000 		.4byte	0x456
 669 04a8 04       		.byte	0x4
 670 04a9 07       		.uleb128 0x7
 671 04aa 723600   		.ascii	"r6\000"
 672 04ad 08       		.byte	0x8
 673 04ae 1201     		.2byte	0x112
 674 04b0 56040000 		.4byte	0x456
 675 04b4 08       		.byte	0x8
 676 04b5 07       		.uleb128 0x7
 677 04b6 723700   		.ascii	"r7\000"
 678 04b9 08       		.byte	0x8
 679 04ba 1301     		.2byte	0x113
 680 04bc 56040000 		.4byte	0x456
 681 04c0 0C       		.byte	0xc
 682 04c1 07       		.uleb128 0x7
 683 04c2 723800   		.ascii	"r8\000"
 684 04c5 08       		.byte	0x8
ARM GAS  /tmp/ccdCOUs3.s 			page 13


 685 04c6 1401     		.2byte	0x114
 686 04c8 56040000 		.4byte	0x456
 687 04cc 10       		.byte	0x10
 688 04cd 07       		.uleb128 0x7
 689 04ce 723900   		.ascii	"r9\000"
 690 04d1 08       		.byte	0x8
 691 04d2 1501     		.2byte	0x115
 692 04d4 56040000 		.4byte	0x456
 693 04d8 14       		.byte	0x14
 694 04d9 07       		.uleb128 0x7
 695 04da 72313000 		.ascii	"r10\000"
 696 04de 08       		.byte	0x8
 697 04df 1601     		.2byte	0x116
 698 04e1 56040000 		.4byte	0x456
 699 04e5 18       		.byte	0x18
 700 04e6 07       		.uleb128 0x7
 701 04e7 72313100 		.ascii	"r11\000"
 702 04eb 08       		.byte	0x8
 703 04ec 1701     		.2byte	0x117
 704 04ee 56040000 		.4byte	0x456
 705 04f2 1C       		.byte	0x1c
 706 04f3 07       		.uleb128 0x7
 707 04f4 6C7200   		.ascii	"lr\000"
 708 04f7 08       		.byte	0x8
 709 04f8 1801     		.2byte	0x118
 710 04fa 56040000 		.4byte	0x456
 711 04fe 20       		.byte	0x20
 712 04ff 00       		.byte	0
 713 0500 09       		.uleb128 0x9
 714 0501 04       		.byte	0x4
 715 0502 85040000 		.4byte	0x485
 716 0506 10       		.uleb128 0x10
 717 0507 04       		.byte	0x4
 718 0508 09       		.byte	0x9
 719 0509 38       		.byte	0x38
 720 050a 1B050000 		.4byte	0x51b
 721 050e 06       		.uleb128 0x6
 722 050f 38050000 		.4byte	.LASF85
 723 0513 09       		.byte	0x9
 724 0514 3C       		.byte	0x3c
 725 0515 BF000000 		.4byte	0xbf
 726 0519 00       		.byte	0
 727 051a 00       		.byte	0
 728 051b 04       		.uleb128 0x4
 729 051c D6020000 		.4byte	.LASF86
 730 0520 09       		.byte	0x9
 731 0521 3D       		.byte	0x3d
 732 0522 06050000 		.4byte	0x506
 733 0526 11       		.uleb128 0x11
 734 0527 04       		.byte	0x4
 735 0528 06       		.byte	0x6
 736 0529 FA       		.byte	0xfa
 737 052a 83050000 		.4byte	0x583
 738 052e 12       		.uleb128 0x12
 739 052f 2D000000 		.4byte	.LASF87
 740 0533 06       		.byte	0x6
 741 0534 0101     		.2byte	0x101
ARM GAS  /tmp/ccdCOUs3.s 			page 14


 742 0536 01010000 		.4byte	0x101
 743 053a 12       		.uleb128 0x12
 744 053b 8E000000 		.4byte	.LASF88
 745 053f 06       		.byte	0x6
 746 0540 0801     		.2byte	0x108
 747 0542 01010000 		.4byte	0x101
 748 0546 12       		.uleb128 0x12
 749 0547 A9050000 		.4byte	.LASF89
 750 054b 06       		.byte	0x6
 751 054c 0F01     		.2byte	0x10f
 752 054e 19030000 		.4byte	0x319
 753 0552 12       		.uleb128 0x12
 754 0553 27000000 		.4byte	.LASF90
 755 0557 06       		.byte	0x6
 756 0558 1601     		.2byte	0x116
 757 055a 83050000 		.4byte	0x583
 758 055e 12       		.uleb128 0x12
 759 055f D7010000 		.4byte	.LASF91
 760 0563 06       		.byte	0x6
 761 0564 1E01     		.2byte	0x11e
 762 0566 AE050000 		.4byte	0x5ae
 763 056a 12       		.uleb128 0x12
 764 056b FA030000 		.4byte	.LASF92
 765 056f 06       		.byte	0x6
 766 0570 2701     		.2byte	0x127
 767 0572 E5050000 		.4byte	0x5e5
 768 0576 12       		.uleb128 0x12
 769 0577 AB030000 		.4byte	.LASF93
 770 057b 06       		.byte	0x6
 771 057c 2F01     		.2byte	0x12f
 772 057e 0C010000 		.4byte	0x10c
 773 0582 00       		.byte	0
 774 0583 09       		.uleb128 0x9
 775 0584 04       		.byte	0x4
 776 0585 31020000 		.4byte	0x231
 777 0589 05       		.uleb128 0x5
 778 058a D9030000 		.4byte	.LASF94
 779 058e 0C       		.byte	0xc
 780 058f 0A       		.byte	0xa
 781 0590 34       		.byte	0x34
 782 0591 AE050000 		.4byte	0x5ae
 783 0595 06       		.uleb128 0x6
 784 0596 76010000 		.4byte	.LASF95
 785 059a 0A       		.byte	0xa
 786 059b 35       		.byte	0x35
 787 059c 66020000 		.4byte	0x266
 788 05a0 00       		.byte	0
 789 05a1 06       		.uleb128 0x6
 790 05a2 71030000 		.4byte	.LASF96
 791 05a6 0A       		.byte	0xa
 792 05a7 37       		.byte	0x37
 793 05a8 17010000 		.4byte	0x117
 794 05ac 08       		.byte	0x8
 795 05ad 00       		.byte	0
 796 05ae 09       		.uleb128 0x9
 797 05af 04       		.byte	0x4
 798 05b0 89050000 		.4byte	0x589
ARM GAS  /tmp/ccdCOUs3.s 			page 15


 799 05b4 05       		.uleb128 0x5
 800 05b5 73050000 		.4byte	.LASF97
 801 05b9 10       		.byte	0x10
 802 05ba 0B       		.byte	0xb
 803 05bb 39       		.byte	0x39
 804 05bc E5050000 		.4byte	0x5e5
 805 05c0 06       		.uleb128 0x6
 806 05c1 FF000000 		.4byte	.LASF98
 807 05c5 0B       		.byte	0xb
 808 05c6 3A       		.byte	0x3a
 809 05c7 66020000 		.4byte	0x266
 810 05cb 00       		.byte	0
 811 05cc 06       		.uleb128 0x6
 812 05cd E8050000 		.4byte	.LASF99
 813 05d1 0B       		.byte	0xb
 814 05d2 3C       		.byte	0x3c
 815 05d3 3C020000 		.4byte	0x23c
 816 05d7 08       		.byte	0x8
 817 05d8 06       		.uleb128 0x6
 818 05d9 FE040000 		.4byte	.LASF100
 819 05dd 0B       		.byte	0xb
 820 05de 3E       		.byte	0x3e
 821 05df 28060000 		.4byte	0x628
 822 05e3 0C       		.byte	0xc
 823 05e4 00       		.byte	0
 824 05e5 09       		.uleb128 0x9
 825 05e6 04       		.byte	0x4
 826 05e7 B4050000 		.4byte	0x5b4
 827 05eb 09       		.uleb128 0x9
 828 05ec 04       		.byte	0x4
 829 05ed F1050000 		.4byte	0x5f1
 830 05f1 13       		.uleb128 0x13
 831 05f2 F6050000 		.4byte	0x5f6
 832 05f6 03       		.uleb128 0x3
 833 05f7 01       		.byte	0x1
 834 05f8 08       		.byte	0x8
 835 05f9 F0040000 		.4byte	.LASF101
 836 05fd 09       		.uleb128 0x9
 837 05fe 04       		.byte	0x4
 838 05ff 1B030000 		.4byte	0x31b
 839 0603 14       		.uleb128 0x14
 840 0604 22010000 		.4byte	0x122
 841 0608 14       		.uleb128 0x14
 842 0609 EB050000 		.4byte	0x5eb
 843 060d 15       		.uleb128 0x15
 844 060e 61040000 		.4byte	0x461
 845 0612 1D060000 		.4byte	0x61d
 846 0616 16       		.uleb128 0x16
 847 0617 4F040000 		.4byte	0x44f
 848 061b 1A       		.byte	0x1a
 849 061c 00       		.byte	0
 850 061d 04       		.uleb128 0x4
 851 061e 9E010000 		.4byte	.LASF102
 852 0622 0B       		.byte	0xb
 853 0623 34       		.byte	0x34
 854 0624 B4050000 		.4byte	0x5b4
 855 0628 09       		.uleb128 0x9
ARM GAS  /tmp/ccdCOUs3.s 			page 16


 856 0629 04       		.byte	0x4
 857 062a 1D060000 		.4byte	0x61d
 858 062e 03       		.uleb128 0x3
 859 062f 01       		.byte	0x1
 860 0630 02       		.byte	0x2
 861 0631 50030000 		.4byte	.LASF103
 862 0635 10       		.uleb128 0x10
 863 0636 1C       		.byte	0x1c
 864 0637 0C       		.byte	0xc
 865 0638 F5       		.byte	0xf5
 866 0639 94060000 		.4byte	0x694
 867 063d 06       		.uleb128 0x6
 868 063e 07010000 		.4byte	.LASF104
 869 0642 0C       		.byte	0xc
 870 0643 F7       		.byte	0xf7
 871 0644 A9000000 		.4byte	0xa9
 872 0648 00       		.byte	0
 873 0649 06       		.uleb128 0x6
 874 064a F9010000 		.4byte	.LASF105
 875 064e 0C       		.byte	0xc
 876 064f F9       		.byte	0xf9
 877 0650 A9000000 		.4byte	0xa9
 878 0654 04       		.byte	0x4
 879 0655 06       		.uleb128 0x6
 880 0656 F1010000 		.4byte	.LASF106
 881 065a 0C       		.byte	0xc
 882 065b FB       		.byte	0xfb
 883 065c A9000000 		.4byte	0xa9
 884 0660 08       		.byte	0x8
 885 0661 06       		.uleb128 0x6
 886 0662 88000000 		.4byte	.LASF107
 887 0666 0C       		.byte	0xc
 888 0667 FD       		.byte	0xfd
 889 0668 A9000000 		.4byte	0xa9
 890 066c 0C       		.byte	0xc
 891 066d 0F       		.uleb128 0xf
 892 066e 6F647200 		.ascii	"odr\000"
 893 0672 0C       		.byte	0xc
 894 0673 FF       		.byte	0xff
 895 0674 A9000000 		.4byte	0xa9
 896 0678 10       		.byte	0x10
 897 0679 08       		.uleb128 0x8
 898 067a 6C030000 		.4byte	.LASF108
 899 067e 0C       		.byte	0xc
 900 067f 0101     		.2byte	0x101
 901 0681 A9000000 		.4byte	0xa9
 902 0685 14       		.byte	0x14
 903 0686 08       		.uleb128 0x8
 904 0687 E7020000 		.4byte	.LASF109
 905 068b 0C       		.byte	0xc
 906 068c 0301     		.2byte	0x103
 907 068e A9000000 		.4byte	0xa9
 908 0692 18       		.byte	0x18
 909 0693 00       		.byte	0
 910 0694 17       		.uleb128 0x17
 911 0695 00000000 		.4byte	.LASF110
 912 0699 0C       		.byte	0xc
ARM GAS  /tmp/ccdCOUs3.s 			page 17


 913 069a 0401     		.2byte	0x104
 914 069c 35060000 		.4byte	0x635
 915 06a0 18       		.uleb128 0x18
 916 06a1 FC       		.byte	0xfc
 917 06a2 0C       		.byte	0xc
 918 06a3 0D01     		.2byte	0x10d
 919 06a5 1F070000 		.4byte	0x71f
 920 06a9 08       		.uleb128 0x8
 921 06aa A4030000 		.4byte	.LASF111
 922 06ae 0C       		.byte	0xc
 923 06af 1001     		.2byte	0x110
 924 06b1 94060000 		.4byte	0x694
 925 06b5 00       		.byte	0
 926 06b6 08       		.uleb128 0x8
 927 06b7 A6010000 		.4byte	.LASF112
 928 06bb 0C       		.byte	0xc
 929 06bc 1401     		.2byte	0x114
 930 06be 94060000 		.4byte	0x694
 931 06c2 1C       		.byte	0x1c
 932 06c3 08       		.uleb128 0x8
 933 06c4 B7050000 		.4byte	.LASF113
 934 06c8 0C       		.byte	0xc
 935 06c9 1801     		.2byte	0x118
 936 06cb 94060000 		.4byte	0x694
 937 06cf 38       		.byte	0x38
 938 06d0 08       		.uleb128 0x8
 939 06d1 EC020000 		.4byte	.LASF114
 940 06d5 0C       		.byte	0xc
 941 06d6 1C01     		.2byte	0x11c
 942 06d8 94060000 		.4byte	0x694
 943 06dc 54       		.byte	0x54
 944 06dd 08       		.uleb128 0x8
 945 06de 2A010000 		.4byte	.LASF115
 946 06e2 0C       		.byte	0xc
 947 06e3 2001     		.2byte	0x120
 948 06e5 94060000 		.4byte	0x694
 949 06e9 70       		.byte	0x70
 950 06ea 08       		.uleb128 0x8
 951 06eb 13020000 		.4byte	.LASF116
 952 06ef 0C       		.byte	0xc
 953 06f0 2401     		.2byte	0x124
 954 06f2 94060000 		.4byte	0x694
 955 06f6 8C       		.byte	0x8c
 956 06f7 08       		.uleb128 0x8
 957 06f8 62020000 		.4byte	.LASF117
 958 06fc 0C       		.byte	0xc
 959 06fd 2801     		.2byte	0x128
 960 06ff 94060000 		.4byte	0x694
 961 0703 A8       		.byte	0xa8
 962 0704 08       		.uleb128 0x8
 963 0705 6A000000 		.4byte	.LASF118
 964 0709 0C       		.byte	0xc
 965 070a 2C01     		.2byte	0x12c
 966 070c 94060000 		.4byte	0x694
 967 0710 C4       		.byte	0xc4
 968 0711 08       		.uleb128 0x8
 969 0712 C1030000 		.4byte	.LASF119
ARM GAS  /tmp/ccdCOUs3.s 			page 18


 970 0716 0C       		.byte	0xc
 971 0717 3001     		.2byte	0x130
 972 0719 94060000 		.4byte	0x694
 973 071d E0       		.byte	0xe0
 974 071e 00       		.byte	0
 975 071f 17       		.uleb128 0x17
 976 0720 DE050000 		.4byte	.LASF120
 977 0724 0C       		.byte	0xc
 978 0725 3A01     		.2byte	0x13a
 979 0727 A0060000 		.4byte	0x6a0
 980 072b 19       		.uleb128 0x19
 981 072c 2F030000 		.4byte	.LASF133
 982 0730 16       		.byte	0x16
 983 0731 C101     		.2byte	0x1c1
 984 0733 03       		.byte	0x3
 985 0734 1A       		.uleb128 0x1a
 986 0735 E9010000 		.4byte	.LASF134
 987 0739 01       		.byte	0x1
 988 073a 38       		.byte	0x38
 989 073b 00000000 		.4byte	.LFB207
 990 073f 30000000 		.4byte	.LFE207-.LFB207
 991 0743 01       		.uleb128 0x1
 992 0744 9C       		.byte	0x9c
 993 0745 9B070000 		.4byte	0x79b
 994 0749 1B       		.uleb128 0x1b
 995 074a 06000000 		.4byte	.LVL0
 996 074e C8070000 		.4byte	0x7c8
 997 0752 1B       		.uleb128 0x1b
 998 0753 0C000000 		.4byte	.LVL1
 999 0757 D0070000 		.4byte	0x7d0
 1000 075b 1B       		.uleb128 0x1b
 1001 075c 10000000 		.4byte	.LVL2
 1002 0760 E8070000 		.4byte	0x7e8
 1003 0764 1B       		.uleb128 0x1b
 1004 0765 14000000 		.4byte	.LVL3
 1005 0769 EF070000 		.4byte	0x7ef
 1006 076d 1B       		.uleb128 0x1b
 1007 076e 18000000 		.4byte	.LVL4
 1008 0772 F6070000 		.4byte	0x7f6
 1009 0776 1B       		.uleb128 0x1b
 1010 0777 1C000000 		.4byte	.LVL5
 1011 077b FD070000 		.4byte	0x7fd
 1012 077f 1B       		.uleb128 0x1b
 1013 0780 20000000 		.4byte	.LVL6
 1014 0784 05080000 		.4byte	0x805
 1015 0788 1B       		.uleb128 0x1b
 1016 0789 24000000 		.4byte	.LVL7
 1017 078d 0D080000 		.4byte	0x80d
 1018 0791 1C       		.uleb128 0x1c
 1019 0792 2C000000 		.4byte	.LVL8
 1020 0796 15080000 		.4byte	0x815
 1021 079a 00       		.byte	0
 1022 079b 1D       		.uleb128 0x1d
 1023 079c B8000000 		.4byte	.LASF121
 1024 07a0 0D       		.byte	0xd
 1025 07a1 5506     		.2byte	0x655
 1026 07a3 A7070000 		.4byte	0x7a7
ARM GAS  /tmp/ccdCOUs3.s 			page 19


 1027 07a7 14       		.uleb128 0x14
 1028 07a8 9E000000 		.4byte	0x9e
 1029 07ac 1E       		.uleb128 0x1e
 1030 07ad 636800   		.ascii	"ch\000"
 1031 07b0 06       		.byte	0x6
 1032 07b1 0902     		.2byte	0x209
 1033 07b3 E8030000 		.4byte	0x3e8
 1034 07b7 1D       		.uleb128 0x1d
 1035 07b8 F0050000 		.4byte	.LASF122
 1036 07bc 0C       		.byte	0xc
 1037 07bd 1E02     		.2byte	0x21e
 1038 07bf C3070000 		.4byte	0x7c3
 1039 07c3 13       		.uleb128 0x13
 1040 07c4 1F070000 		.4byte	0x71f
 1041 07c8 1F       		.uleb128 0x1f
 1042 07c9 47050000 		.4byte	.LASF123
 1043 07cd 0E       		.byte	0xe
 1044 07ce 2006     		.2byte	0x620
 1045 07d0 20       		.uleb128 0x20
 1046 07d1 83050000 		.4byte	.LASF135
 1047 07d5 0C       		.byte	0xc
 1048 07d6 2302     		.2byte	0x223
 1049 07d8 E2070000 		.4byte	0x7e2
 1050 07dc 0C       		.uleb128 0xc
 1051 07dd E2070000 		.4byte	0x7e2
 1052 07e1 00       		.byte	0
 1053 07e2 09       		.uleb128 0x9
 1054 07e3 04       		.byte	0x4
 1055 07e4 C3070000 		.4byte	0x7c3
 1056 07e8 21       		.uleb128 0x21
 1057 07e9 69020000 		.4byte	.LASF124
 1058 07ed 0F       		.byte	0xf
 1059 07ee F6       		.byte	0xf6
 1060 07ef 21       		.uleb128 0x21
 1061 07f0 C9050000 		.4byte	.LASF125
 1062 07f4 10       		.byte	0x10
 1063 07f5 8B       		.byte	0x8b
 1064 07f6 21       		.uleb128 0x21
 1065 07f7 62000000 		.4byte	.LASF126
 1066 07fb 11       		.byte	0x11
 1067 07fc DD       		.byte	0xdd
 1068 07fd 1F       		.uleb128 0x1f
 1069 07fe 3A010000 		.4byte	.LASF127
 1070 0802 12       		.byte	0x12
 1071 0803 1F01     		.2byte	0x11f
 1072 0805 1F       		.uleb128 0x1f
 1073 0806 D7050000 		.4byte	.LASF128
 1074 080a 13       		.byte	0x13
 1075 080b 0E01     		.2byte	0x10e
 1076 080d 1F       		.uleb128 0x1f
 1077 080e 91050000 		.4byte	.LASF129
 1078 0812 14       		.byte	0x14
 1079 0813 6001     		.2byte	0x160
 1080 0815 21       		.uleb128 0x21
 1081 0816 20000000 		.4byte	.LASF130
 1082 081a 15       		.byte	0x15
 1083 081b 56       		.byte	0x56
ARM GAS  /tmp/ccdCOUs3.s 			page 20


 1084 081c 00       		.byte	0
 1085              		.section	.debug_abbrev,"",%progbits
 1086              	.Ldebug_abbrev0:
 1087 0000 01       		.uleb128 0x1
 1088 0001 11       		.uleb128 0x11
 1089 0002 01       		.byte	0x1
 1090 0003 25       		.uleb128 0x25
 1091 0004 0E       		.uleb128 0xe
 1092 0005 13       		.uleb128 0x13
 1093 0006 0B       		.uleb128 0xb
 1094 0007 03       		.uleb128 0x3
 1095 0008 0E       		.uleb128 0xe
 1096 0009 55       		.uleb128 0x55
 1097 000a 17       		.uleb128 0x17
 1098 000b 11       		.uleb128 0x11
 1099 000c 01       		.uleb128 0x1
 1100 000d 10       		.uleb128 0x10
 1101 000e 17       		.uleb128 0x17
 1102 000f 00       		.byte	0
 1103 0010 00       		.byte	0
 1104 0011 02       		.uleb128 0x2
 1105 0012 24       		.uleb128 0x24
 1106 0013 00       		.byte	0
 1107 0014 0B       		.uleb128 0xb
 1108 0015 0B       		.uleb128 0xb
 1109 0016 3E       		.uleb128 0x3e
 1110 0017 0B       		.uleb128 0xb
 1111 0018 03       		.uleb128 0x3
 1112 0019 08       		.uleb128 0x8
 1113 001a 00       		.byte	0
 1114 001b 00       		.byte	0
 1115 001c 03       		.uleb128 0x3
 1116 001d 24       		.uleb128 0x24
 1117 001e 00       		.byte	0
 1118 001f 0B       		.uleb128 0xb
 1119 0020 0B       		.uleb128 0xb
 1120 0021 3E       		.uleb128 0x3e
 1121 0022 0B       		.uleb128 0xb
 1122 0023 03       		.uleb128 0x3
 1123 0024 0E       		.uleb128 0xe
 1124 0025 00       		.byte	0
 1125 0026 00       		.byte	0
 1126 0027 04       		.uleb128 0x4
 1127 0028 16       		.uleb128 0x16
 1128 0029 00       		.byte	0
 1129 002a 03       		.uleb128 0x3
 1130 002b 0E       		.uleb128 0xe
 1131 002c 3A       		.uleb128 0x3a
 1132 002d 0B       		.uleb128 0xb
 1133 002e 3B       		.uleb128 0x3b
 1134 002f 0B       		.uleb128 0xb
 1135 0030 49       		.uleb128 0x49
 1136 0031 13       		.uleb128 0x13
 1137 0032 00       		.byte	0
 1138 0033 00       		.byte	0
 1139 0034 05       		.uleb128 0x5
 1140 0035 13       		.uleb128 0x13
ARM GAS  /tmp/ccdCOUs3.s 			page 21


 1141 0036 01       		.byte	0x1
 1142 0037 03       		.uleb128 0x3
 1143 0038 0E       		.uleb128 0xe
 1144 0039 0B       		.uleb128 0xb
 1145 003a 0B       		.uleb128 0xb
 1146 003b 3A       		.uleb128 0x3a
 1147 003c 0B       		.uleb128 0xb
 1148 003d 3B       		.uleb128 0x3b
 1149 003e 0B       		.uleb128 0xb
 1150 003f 01       		.uleb128 0x1
 1151 0040 13       		.uleb128 0x13
 1152 0041 00       		.byte	0
 1153 0042 00       		.byte	0
 1154 0043 06       		.uleb128 0x6
 1155 0044 0D       		.uleb128 0xd
 1156 0045 00       		.byte	0
 1157 0046 03       		.uleb128 0x3
 1158 0047 0E       		.uleb128 0xe
 1159 0048 3A       		.uleb128 0x3a
 1160 0049 0B       		.uleb128 0xb
 1161 004a 3B       		.uleb128 0x3b
 1162 004b 0B       		.uleb128 0xb
 1163 004c 49       		.uleb128 0x49
 1164 004d 13       		.uleb128 0x13
 1165 004e 38       		.uleb128 0x38
 1166 004f 0B       		.uleb128 0xb
 1167 0050 00       		.byte	0
 1168 0051 00       		.byte	0
 1169 0052 07       		.uleb128 0x7
 1170 0053 0D       		.uleb128 0xd
 1171 0054 00       		.byte	0
 1172 0055 03       		.uleb128 0x3
 1173 0056 08       		.uleb128 0x8
 1174 0057 3A       		.uleb128 0x3a
 1175 0058 0B       		.uleb128 0xb
 1176 0059 3B       		.uleb128 0x3b
 1177 005a 05       		.uleb128 0x5
 1178 005b 49       		.uleb128 0x49
 1179 005c 13       		.uleb128 0x13
 1180 005d 38       		.uleb128 0x38
 1181 005e 0B       		.uleb128 0xb
 1182 005f 00       		.byte	0
 1183 0060 00       		.byte	0
 1184 0061 08       		.uleb128 0x8
 1185 0062 0D       		.uleb128 0xd
 1186 0063 00       		.byte	0
 1187 0064 03       		.uleb128 0x3
 1188 0065 0E       		.uleb128 0xe
 1189 0066 3A       		.uleb128 0x3a
 1190 0067 0B       		.uleb128 0xb
 1191 0068 3B       		.uleb128 0x3b
 1192 0069 05       		.uleb128 0x5
 1193 006a 49       		.uleb128 0x49
 1194 006b 13       		.uleb128 0x13
 1195 006c 38       		.uleb128 0x38
 1196 006d 0B       		.uleb128 0xb
 1197 006e 00       		.byte	0
ARM GAS  /tmp/ccdCOUs3.s 			page 22


 1198 006f 00       		.byte	0
 1199 0070 09       		.uleb128 0x9
 1200 0071 0F       		.uleb128 0xf
 1201 0072 00       		.byte	0
 1202 0073 0B       		.uleb128 0xb
 1203 0074 0B       		.uleb128 0xb
 1204 0075 49       		.uleb128 0x49
 1205 0076 13       		.uleb128 0x13
 1206 0077 00       		.byte	0
 1207 0078 00       		.byte	0
 1208 0079 0A       		.uleb128 0xa
 1209 007a 13       		.uleb128 0x13
 1210 007b 01       		.byte	0x1
 1211 007c 03       		.uleb128 0x3
 1212 007d 0E       		.uleb128 0xe
 1213 007e 0B       		.uleb128 0xb
 1214 007f 0B       		.uleb128 0xb
 1215 0080 3A       		.uleb128 0x3a
 1216 0081 0B       		.uleb128 0xb
 1217 0082 3B       		.uleb128 0x3b
 1218 0083 05       		.uleb128 0x5
 1219 0084 01       		.uleb128 0x1
 1220 0085 13       		.uleb128 0x13
 1221 0086 00       		.byte	0
 1222 0087 00       		.byte	0
 1223 0088 0B       		.uleb128 0xb
 1224 0089 15       		.uleb128 0x15
 1225 008a 01       		.byte	0x1
 1226 008b 27       		.uleb128 0x27
 1227 008c 19       		.uleb128 0x19
 1228 008d 01       		.uleb128 0x1
 1229 008e 13       		.uleb128 0x13
 1230 008f 00       		.byte	0
 1231 0090 00       		.byte	0
 1232 0091 0C       		.uleb128 0xc
 1233 0092 05       		.uleb128 0x5
 1234 0093 00       		.byte	0
 1235 0094 49       		.uleb128 0x49
 1236 0095 13       		.uleb128 0x13
 1237 0096 00       		.byte	0
 1238 0097 00       		.byte	0
 1239 0098 0D       		.uleb128 0xd
 1240 0099 0F       		.uleb128 0xf
 1241 009a 00       		.byte	0
 1242 009b 0B       		.uleb128 0xb
 1243 009c 0B       		.uleb128 0xb
 1244 009d 00       		.byte	0
 1245 009e 00       		.byte	0
 1246 009f 0E       		.uleb128 0xe
 1247 00a0 13       		.uleb128 0x13
 1248 00a1 01       		.byte	0x1
 1249 00a2 03       		.uleb128 0x3
 1250 00a3 0E       		.uleb128 0xe
 1251 00a4 0B       		.uleb128 0xb
 1252 00a5 05       		.uleb128 0x5
 1253 00a6 3A       		.uleb128 0x3a
 1254 00a7 0B       		.uleb128 0xb
ARM GAS  /tmp/ccdCOUs3.s 			page 23


 1255 00a8 3B       		.uleb128 0x3b
 1256 00a9 05       		.uleb128 0x5
 1257 00aa 01       		.uleb128 0x1
 1258 00ab 13       		.uleb128 0x13
 1259 00ac 00       		.byte	0
 1260 00ad 00       		.byte	0
 1261 00ae 0F       		.uleb128 0xf
 1262 00af 0D       		.uleb128 0xd
 1263 00b0 00       		.byte	0
 1264 00b1 03       		.uleb128 0x3
 1265 00b2 08       		.uleb128 0x8
 1266 00b3 3A       		.uleb128 0x3a
 1267 00b4 0B       		.uleb128 0xb
 1268 00b5 3B       		.uleb128 0x3b
 1269 00b6 0B       		.uleb128 0xb
 1270 00b7 49       		.uleb128 0x49
 1271 00b8 13       		.uleb128 0x13
 1272 00b9 38       		.uleb128 0x38
 1273 00ba 0B       		.uleb128 0xb
 1274 00bb 00       		.byte	0
 1275 00bc 00       		.byte	0
 1276 00bd 10       		.uleb128 0x10
 1277 00be 13       		.uleb128 0x13
 1278 00bf 01       		.byte	0x1
 1279 00c0 0B       		.uleb128 0xb
 1280 00c1 0B       		.uleb128 0xb
 1281 00c2 3A       		.uleb128 0x3a
 1282 00c3 0B       		.uleb128 0xb
 1283 00c4 3B       		.uleb128 0x3b
 1284 00c5 0B       		.uleb128 0xb
 1285 00c6 01       		.uleb128 0x1
 1286 00c7 13       		.uleb128 0x13
 1287 00c8 00       		.byte	0
 1288 00c9 00       		.byte	0
 1289 00ca 11       		.uleb128 0x11
 1290 00cb 17       		.uleb128 0x17
 1291 00cc 01       		.byte	0x1
 1292 00cd 0B       		.uleb128 0xb
 1293 00ce 0B       		.uleb128 0xb
 1294 00cf 3A       		.uleb128 0x3a
 1295 00d0 0B       		.uleb128 0xb
 1296 00d1 3B       		.uleb128 0x3b
 1297 00d2 0B       		.uleb128 0xb
 1298 00d3 01       		.uleb128 0x1
 1299 00d4 13       		.uleb128 0x13
 1300 00d5 00       		.byte	0
 1301 00d6 00       		.byte	0
 1302 00d7 12       		.uleb128 0x12
 1303 00d8 0D       		.uleb128 0xd
 1304 00d9 00       		.byte	0
 1305 00da 03       		.uleb128 0x3
 1306 00db 0E       		.uleb128 0xe
 1307 00dc 3A       		.uleb128 0x3a
 1308 00dd 0B       		.uleb128 0xb
 1309 00de 3B       		.uleb128 0x3b
 1310 00df 05       		.uleb128 0x5
 1311 00e0 49       		.uleb128 0x49
ARM GAS  /tmp/ccdCOUs3.s 			page 24


 1312 00e1 13       		.uleb128 0x13
 1313 00e2 00       		.byte	0
 1314 00e3 00       		.byte	0
 1315 00e4 13       		.uleb128 0x13
 1316 00e5 26       		.uleb128 0x26
 1317 00e6 00       		.byte	0
 1318 00e7 49       		.uleb128 0x49
 1319 00e8 13       		.uleb128 0x13
 1320 00e9 00       		.byte	0
 1321 00ea 00       		.byte	0
 1322 00eb 14       		.uleb128 0x14
 1323 00ec 35       		.uleb128 0x35
 1324 00ed 00       		.byte	0
 1325 00ee 49       		.uleb128 0x49
 1326 00ef 13       		.uleb128 0x13
 1327 00f0 00       		.byte	0
 1328 00f1 00       		.byte	0
 1329 00f2 15       		.uleb128 0x15
 1330 00f3 01       		.uleb128 0x1
 1331 00f4 01       		.byte	0x1
 1332 00f5 49       		.uleb128 0x49
 1333 00f6 13       		.uleb128 0x13
 1334 00f7 01       		.uleb128 0x1
 1335 00f8 13       		.uleb128 0x13
 1336 00f9 00       		.byte	0
 1337 00fa 00       		.byte	0
 1338 00fb 16       		.uleb128 0x16
 1339 00fc 21       		.uleb128 0x21
 1340 00fd 00       		.byte	0
 1341 00fe 49       		.uleb128 0x49
 1342 00ff 13       		.uleb128 0x13
 1343 0100 2F       		.uleb128 0x2f
 1344 0101 0B       		.uleb128 0xb
 1345 0102 00       		.byte	0
 1346 0103 00       		.byte	0
 1347 0104 17       		.uleb128 0x17
 1348 0105 16       		.uleb128 0x16
 1349 0106 00       		.byte	0
 1350 0107 03       		.uleb128 0x3
 1351 0108 0E       		.uleb128 0xe
 1352 0109 3A       		.uleb128 0x3a
 1353 010a 0B       		.uleb128 0xb
 1354 010b 3B       		.uleb128 0x3b
 1355 010c 05       		.uleb128 0x5
 1356 010d 49       		.uleb128 0x49
 1357 010e 13       		.uleb128 0x13
 1358 010f 00       		.byte	0
 1359 0110 00       		.byte	0
 1360 0111 18       		.uleb128 0x18
 1361 0112 13       		.uleb128 0x13
 1362 0113 01       		.byte	0x1
 1363 0114 0B       		.uleb128 0xb
 1364 0115 0B       		.uleb128 0xb
 1365 0116 3A       		.uleb128 0x3a
 1366 0117 0B       		.uleb128 0xb
 1367 0118 3B       		.uleb128 0x3b
 1368 0119 05       		.uleb128 0x5
ARM GAS  /tmp/ccdCOUs3.s 			page 25


 1369 011a 01       		.uleb128 0x1
 1370 011b 13       		.uleb128 0x13
 1371 011c 00       		.byte	0
 1372 011d 00       		.byte	0
 1373 011e 19       		.uleb128 0x19
 1374 011f 2E       		.uleb128 0x2e
 1375 0120 00       		.byte	0
 1376 0121 03       		.uleb128 0x3
 1377 0122 0E       		.uleb128 0xe
 1378 0123 3A       		.uleb128 0x3a
 1379 0124 0B       		.uleb128 0xb
 1380 0125 3B       		.uleb128 0x3b
 1381 0126 05       		.uleb128 0x5
 1382 0127 27       		.uleb128 0x27
 1383 0128 19       		.uleb128 0x19
 1384 0129 20       		.uleb128 0x20
 1385 012a 0B       		.uleb128 0xb
 1386 012b 00       		.byte	0
 1387 012c 00       		.byte	0
 1388 012d 1A       		.uleb128 0x1a
 1389 012e 2E       		.uleb128 0x2e
 1390 012f 01       		.byte	0x1
 1391 0130 3F       		.uleb128 0x3f
 1392 0131 19       		.uleb128 0x19
 1393 0132 03       		.uleb128 0x3
 1394 0133 0E       		.uleb128 0xe
 1395 0134 3A       		.uleb128 0x3a
 1396 0135 0B       		.uleb128 0xb
 1397 0136 3B       		.uleb128 0x3b
 1398 0137 0B       		.uleb128 0xb
 1399 0138 27       		.uleb128 0x27
 1400 0139 19       		.uleb128 0x19
 1401 013a 11       		.uleb128 0x11
 1402 013b 01       		.uleb128 0x1
 1403 013c 12       		.uleb128 0x12
 1404 013d 06       		.uleb128 0x6
 1405 013e 40       		.uleb128 0x40
 1406 013f 18       		.uleb128 0x18
 1407 0140 9742     		.uleb128 0x2117
 1408 0142 19       		.uleb128 0x19
 1409 0143 01       		.uleb128 0x1
 1410 0144 13       		.uleb128 0x13
 1411 0145 00       		.byte	0
 1412 0146 00       		.byte	0
 1413 0147 1B       		.uleb128 0x1b
 1414 0148 898201   		.uleb128 0x4109
 1415 014b 00       		.byte	0
 1416 014c 11       		.uleb128 0x11
 1417 014d 01       		.uleb128 0x1
 1418 014e 31       		.uleb128 0x31
 1419 014f 13       		.uleb128 0x13
 1420 0150 00       		.byte	0
 1421 0151 00       		.byte	0
 1422 0152 1C       		.uleb128 0x1c
 1423 0153 898201   		.uleb128 0x4109
 1424 0156 00       		.byte	0
 1425 0157 11       		.uleb128 0x11
ARM GAS  /tmp/ccdCOUs3.s 			page 26


 1426 0158 01       		.uleb128 0x1
 1427 0159 9542     		.uleb128 0x2115
 1428 015b 19       		.uleb128 0x19
 1429 015c 31       		.uleb128 0x31
 1430 015d 13       		.uleb128 0x13
 1431 015e 00       		.byte	0
 1432 015f 00       		.byte	0
 1433 0160 1D       		.uleb128 0x1d
 1434 0161 34       		.uleb128 0x34
 1435 0162 00       		.byte	0
 1436 0163 03       		.uleb128 0x3
 1437 0164 0E       		.uleb128 0xe
 1438 0165 3A       		.uleb128 0x3a
 1439 0166 0B       		.uleb128 0xb
 1440 0167 3B       		.uleb128 0x3b
 1441 0168 05       		.uleb128 0x5
 1442 0169 49       		.uleb128 0x49
 1443 016a 13       		.uleb128 0x13
 1444 016b 3F       		.uleb128 0x3f
 1445 016c 19       		.uleb128 0x19
 1446 016d 3C       		.uleb128 0x3c
 1447 016e 19       		.uleb128 0x19
 1448 016f 00       		.byte	0
 1449 0170 00       		.byte	0
 1450 0171 1E       		.uleb128 0x1e
 1451 0172 34       		.uleb128 0x34
 1452 0173 00       		.byte	0
 1453 0174 03       		.uleb128 0x3
 1454 0175 08       		.uleb128 0x8
 1455 0176 3A       		.uleb128 0x3a
 1456 0177 0B       		.uleb128 0xb
 1457 0178 3B       		.uleb128 0x3b
 1458 0179 05       		.uleb128 0x5
 1459 017a 49       		.uleb128 0x49
 1460 017b 13       		.uleb128 0x13
 1461 017c 3F       		.uleb128 0x3f
 1462 017d 19       		.uleb128 0x19
 1463 017e 3C       		.uleb128 0x3c
 1464 017f 19       		.uleb128 0x19
 1465 0180 00       		.byte	0
 1466 0181 00       		.byte	0
 1467 0182 1F       		.uleb128 0x1f
 1468 0183 2E       		.uleb128 0x2e
 1469 0184 00       		.byte	0
 1470 0185 3F       		.uleb128 0x3f
 1471 0186 19       		.uleb128 0x19
 1472 0187 03       		.uleb128 0x3
 1473 0188 0E       		.uleb128 0xe
 1474 0189 3A       		.uleb128 0x3a
 1475 018a 0B       		.uleb128 0xb
 1476 018b 3B       		.uleb128 0x3b
 1477 018c 05       		.uleb128 0x5
 1478 018d 27       		.uleb128 0x27
 1479 018e 19       		.uleb128 0x19
 1480 018f 3C       		.uleb128 0x3c
 1481 0190 19       		.uleb128 0x19
 1482 0191 00       		.byte	0
ARM GAS  /tmp/ccdCOUs3.s 			page 27


 1483 0192 00       		.byte	0
 1484 0193 20       		.uleb128 0x20
 1485 0194 2E       		.uleb128 0x2e
 1486 0195 01       		.byte	0x1
 1487 0196 3F       		.uleb128 0x3f
 1488 0197 19       		.uleb128 0x19
 1489 0198 03       		.uleb128 0x3
 1490 0199 0E       		.uleb128 0xe
 1491 019a 3A       		.uleb128 0x3a
 1492 019b 0B       		.uleb128 0xb
 1493 019c 3B       		.uleb128 0x3b
 1494 019d 05       		.uleb128 0x5
 1495 019e 27       		.uleb128 0x27
 1496 019f 19       		.uleb128 0x19
 1497 01a0 3C       		.uleb128 0x3c
 1498 01a1 19       		.uleb128 0x19
 1499 01a2 01       		.uleb128 0x1
 1500 01a3 13       		.uleb128 0x13
 1501 01a4 00       		.byte	0
 1502 01a5 00       		.byte	0
 1503 01a6 21       		.uleb128 0x21
 1504 01a7 2E       		.uleb128 0x2e
 1505 01a8 00       		.byte	0
 1506 01a9 3F       		.uleb128 0x3f
 1507 01aa 19       		.uleb128 0x19
 1508 01ab 03       		.uleb128 0x3
 1509 01ac 0E       		.uleb128 0xe
 1510 01ad 3A       		.uleb128 0x3a
 1511 01ae 0B       		.uleb128 0xb
 1512 01af 3B       		.uleb128 0x3b
 1513 01b0 0B       		.uleb128 0xb
 1514 01b1 27       		.uleb128 0x27
 1515 01b2 19       		.uleb128 0x19
 1516 01b3 3C       		.uleb128 0x3c
 1517 01b4 19       		.uleb128 0x19
 1518 01b5 00       		.byte	0
 1519 01b6 00       		.byte	0
 1520 01b7 00       		.byte	0
 1521              		.section	.debug_aranges,"",%progbits
 1522 0000 1C000000 		.4byte	0x1c
 1523 0004 0200     		.2byte	0x2
 1524 0006 00000000 		.4byte	.Ldebug_info0
 1525 000a 04       		.byte	0x4
 1526 000b 00       		.byte	0
 1527 000c 0000     		.2byte	0
 1528 000e 0000     		.2byte	0
 1529 0010 00000000 		.4byte	.LFB207
 1530 0014 30000000 		.4byte	.LFE207-.LFB207
 1531 0018 00000000 		.4byte	0
 1532 001c 00000000 		.4byte	0
 1533              		.section	.debug_ranges,"",%progbits
 1534              	.Ldebug_ranges0:
 1535 0000 00000000 		.4byte	.LFB207
 1536 0004 30000000 		.4byte	.LFE207
 1537 0008 00000000 		.4byte	0
 1538 000c 00000000 		.4byte	0
 1539              		.section	.debug_line,"",%progbits
ARM GAS  /tmp/ccdCOUs3.s 			page 28


 1540              	.Ldebug_line0:
 1541 0000 25030000 		.section	.debug_str,"MS",%progbits,1
 1541      02000003 
 1541      00000201 
 1541      FB0E0D00 
 1541      01010101 
 1542              	.LASF110:
 1543 0000 73746D33 		.ascii	"stm32_gpio_setup_t\000"
 1543      325F6770 
 1543      696F5F73 
 1543      65747570 
 1543      5F7400
 1544              	.LASF52:
 1545 0013 72656164 		.ascii	"ready_list_t\000"
 1545      795F6C69 
 1545      73745F74 
 1545      00
 1546              	.LASF130:
 1547 0020 7374496E 		.ascii	"stInit\000"
 1547      697400
 1548              	.LASF90:
 1549 0027 77747472 		.ascii	"wttrp\000"
 1549      7000
 1550              	.LASF87:
 1551 002d 7264796D 		.ascii	"rdymsg\000"
 1551      736700
 1552              	.LASF16:
 1553 0034 75696E74 		.ascii	"uint64_t\000"
 1553      36345F74 
 1553      00
 1554              	.LASF5:
 1555 003d 5F5F7569 		.ascii	"__uint8_t\000"
 1555      6E74385F 
 1555      7400
 1556              	.LASF84:
 1557 0047 706F7274 		.ascii	"port_intctx\000"
 1557      5F696E74 
 1557      63747800 
 1558              	.LASF71:
 1559 0053 73797374 		.ascii	"system_debug_t\000"
 1559      656D5F64 
 1559      65627567 
 1559      5F7400
 1560              	.LASF126:
 1561 0062 69637549 		.ascii	"icuInit\000"
 1561      6E697400 
 1562              	.LASF118:
 1563 006a 50484461 		.ascii	"PHData\000"
 1563      746100
 1564              	.LASF12:
 1565 0071 6C6F6E67 		.ascii	"long long unsigned int\000"
 1565      206C6F6E 
 1565      6720756E 
 1565      7369676E 
 1565      65642069 
 1566              	.LASF107:
 1567 0088 70757064 		.ascii	"pupdr\000"
ARM GAS  /tmp/ccdCOUs3.s 			page 29


 1567      7200
 1568              	.LASF88:
 1569 008e 65786974 		.ascii	"exitcode\000"
 1569      636F6465 
 1569      00
 1570              	.LASF78:
 1571 0097 6D61696E 		.ascii	"mainthread\000"
 1571      74687265 
 1571      616400
 1572              	.LASF68:
 1573 00a2 76697274 		.ascii	"virtual_timers_list_t\000"
 1573      75616C5F 
 1573      74696D65 
 1573      72735F6C 
 1573      6973745F 
 1574              	.LASF121:
 1575 00b8 49544D5F 		.ascii	"ITM_RxBuffer\000"
 1575      52784275 
 1575      66666572 
 1575      00
 1576              	.LASF51:
 1577 00c5 63685F74 		.ascii	"ch_threads_queue\000"
 1577      68726561 
 1577      64735F71 
 1577      75657565 
 1577      00
 1578              	.LASF30:
 1579 00d6 705F7072 		.ascii	"p_prio\000"
 1579      696F00
 1580              	.LASF10:
 1581 00dd 6C6F6E67 		.ascii	"long long int\000"
 1581      206C6F6E 
 1581      6720696E 
 1581      7400
 1582              	.LASF1:
 1583 00eb 7369676E 		.ascii	"signed char\000"
 1583      65642063 
 1583      68617200 
 1584              	.LASF45:
 1585 00f7 705F6D70 		.ascii	"p_mpool\000"
 1585      6F6F6C00 
 1586              	.LASF98:
 1587 00ff 6D5F7175 		.ascii	"m_queue\000"
 1587      65756500 
 1588              	.LASF104:
 1589 0107 6D6F6465 		.ascii	"moder\000"
 1589      7200
 1590              	.LASF21:
 1591 010d 74736C69 		.ascii	"tslices_t\000"
 1591      6365735F 
 1591      7400
 1592              	.LASF75:
 1593 0117 63685F73 		.ascii	"ch_system\000"
 1593      79737465 
 1593      6D00
 1594              	.LASF7:
 1595 0121 6C6F6E67 		.ascii	"long int\000"
ARM GAS  /tmp/ccdCOUs3.s 			page 30


 1595      20696E74 
 1595      00
 1596              	.LASF115:
 1597 012a 50454461 		.ascii	"PEData\000"
 1597      746100
 1598              	.LASF19:
 1599 0131 74737461 		.ascii	"tstate_t\000"
 1599      74655F74 
 1599      00
 1600              	.LASF127:
 1601 013a 70776D49 		.ascii	"pwmInit\000"
 1601      6E697400 
 1602              	.LASF132:
 1603 0142 2F686F6D 		.ascii	"/home/peter/ChibiOS_16.1.4/os/hal/src/hal.c\000"
 1603      652F7065 
 1603      7465722F 
 1603      43686962 
 1603      694F535F 
 1604              	.LASF32:
 1605 016e 705F6E65 		.ascii	"p_newer\000"
 1605      77657200 
 1606              	.LASF95:
 1607 0176 735F7175 		.ascii	"s_queue\000"
 1607      65756500 
 1608              	.LASF57:
 1609 017e 725F6E65 		.ascii	"r_newer\000"
 1609      77657200 
 1610              	.LASF81:
 1611 0186 72656761 		.ascii	"regarm_t\000"
 1611      726D5F74 
 1611      00
 1612              	.LASF64:
 1613 018f 76745F70 		.ascii	"vt_prev\000"
 1613      72657600 
 1614              	.LASF77:
 1615 0197 76746C69 		.ascii	"vtlist\000"
 1615      737400
 1616              	.LASF102:
 1617 019e 6D757465 		.ascii	"mutex_t\000"
 1617      785F7400 
 1618              	.LASF112:
 1619 01a6 50424461 		.ascii	"PBData\000"
 1619      746100
 1620              	.LASF79:
 1621 01ad 69646C65 		.ascii	"idle_thread_wa\000"
 1621      5F746872 
 1621      6561645F 
 1621      776100
 1622              	.LASF25:
 1623 01bc 636E745F 		.ascii	"cnt_t\000"
 1623      7400
 1624              	.LASF0:
 1625 01c2 756E7369 		.ascii	"unsigned int\000"
 1625      676E6564 
 1625      20696E74 
 1625      00
 1626              	.LASF63:
ARM GAS  /tmp/ccdCOUs3.s 			page 31


 1627 01cf 76745F6E 		.ascii	"vt_next\000"
 1627      65787400 
 1628              	.LASF91:
 1629 01d7 77747365 		.ascii	"wtsemp\000"
 1629      6D7000
 1630              	.LASF40:
 1631 01de 705F6D73 		.ascii	"p_msgqueue\000"
 1631      67717565 
 1631      756500
 1632              	.LASF134:
 1633 01e9 68616C49 		.ascii	"halInit\000"
 1633      6E697400 
 1634              	.LASF106:
 1635 01f1 6F737065 		.ascii	"ospeedr\000"
 1635      65647200 
 1636              	.LASF105:
 1637 01f9 6F747970 		.ascii	"otyper\000"
 1637      657200
 1638              	.LASF4:
 1639 0200 73686F72 		.ascii	"short unsigned int\000"
 1639      7420756E 
 1639      7369676E 
 1639      65642069 
 1639      6E7400
 1640              	.LASF116:
 1641 0213 50464461 		.ascii	"PFData\000"
 1641      746100
 1642              	.LASF48:
 1643 021a 63685F74 		.ascii	"ch_thread\000"
 1643      68726561 
 1643      6400
 1644              	.LASF23:
 1645 0224 6D73675F 		.ascii	"msg_t\000"
 1645      7400
 1646              	.LASF74:
 1647 022a 63685F73 		.ascii	"ch_system_t\000"
 1647      79737465 
 1647      6D5F7400 
 1648              	.LASF18:
 1649 0236 746D6F64 		.ascii	"tmode_t\000"
 1649      655F7400 
 1650              	.LASF53:
 1651 023e 63685F72 		.ascii	"ch_ready_list\000"
 1651      65616479 
 1651      5F6C6973 
 1651      7400
 1652              	.LASF24:
 1653 024c 6576656E 		.ascii	"eventmask_t\000"
 1653      746D6173 
 1653      6B5F7400 
 1654              	.LASF6:
 1655 0258 5F5F696E 		.ascii	"__int32_t\000"
 1655      7433325F 
 1655      7400
 1656              	.LASF117:
 1657 0262 50474461 		.ascii	"PGData\000"
 1657      746100
ARM GAS  /tmp/ccdCOUs3.s 			page 32


 1658              	.LASF124:
 1659 0269 61646349 		.ascii	"adcInit\000"
 1659      6E697400 
 1660              	.LASF82:
 1661 0271 73746B61 		.ascii	"stkalign_t\000"
 1661      6C69676E 
 1661      5F7400
 1662              	.LASF47:
 1663 027c 74687265 		.ascii	"threads_list_t\000"
 1663      6164735F 
 1663      6C697374 
 1663      5F7400
 1664              	.LASF39:
 1665 028b 705F7761 		.ascii	"p_waiting\000"
 1665      6974696E 
 1665      6700
 1666              	.LASF80:
 1667 0295 73697A65 		.ascii	"sizetype\000"
 1667      74797065 
 1667      00
 1668              	.LASF46:
 1669 029e 74687265 		.ascii	"thread_reference_t\000"
 1669      61645F72 
 1669      65666572 
 1669      656E6365 
 1669      5F7400
 1670              	.LASF69:
 1671 02b1 63685F76 		.ascii	"ch_virtual_timers_list\000"
 1671      69727475 
 1671      616C5F74 
 1671      696D6572 
 1671      735F6C69 
 1672              	.LASF33:
 1673 02c8 705F6F6C 		.ascii	"p_older\000"
 1673      64657200 
 1674              	.LASF56:
 1675 02d0 725F6374 		.ascii	"r_ctx\000"
 1675      7800
 1676              	.LASF86:
 1677 02d6 746D5F63 		.ascii	"tm_calibration_t\000"
 1677      616C6962 
 1677      72617469 
 1677      6F6E5F74 
 1677      00
 1678              	.LASF109:
 1679 02e7 61667268 		.ascii	"afrh\000"
 1679      00
 1680              	.LASF114:
 1681 02ec 50444461 		.ascii	"PDData\000"
 1681      746100
 1682              	.LASF59:
 1683 02f3 725F6375 		.ascii	"r_current\000"
 1683      7272656E 
 1683      7400
 1684              	.LASF58:
 1685 02fd 725F6F6C 		.ascii	"r_older\000"
 1685      64657200 
ARM GAS  /tmp/ccdCOUs3.s 			page 33


 1686              	.LASF11:
 1687 0305 5F5F7569 		.ascii	"__uint64_t\000"
 1687      6E743634 
 1687      5F7400
 1688              	.LASF20:
 1689 0310 74726566 		.ascii	"trefs_t\000"
 1689      735F7400 
 1690              	.LASF61:
 1691 0318 76697274 		.ascii	"virtual_timer_t\000"
 1691      75616C5F 
 1691      74696D65 
 1691      725F7400 
 1692              	.LASF29:
 1693 0328 705F7072 		.ascii	"p_prev\000"
 1693      657600
 1694              	.LASF133:
 1695 032f 6F73616C 		.ascii	"osalInit\000"
 1695      496E6974 
 1695      00
 1696              	.LASF22:
 1697 0338 74707269 		.ascii	"tprio_t\000"
 1697      6F5F7400 
 1698              	.LASF72:
 1699 0340 63685F73 		.ascii	"ch_system_debug\000"
 1699      79737465 
 1699      6D5F6465 
 1699      62756700 
 1700              	.LASF103:
 1701 0350 5F426F6F 		.ascii	"_Bool\000"
 1701      6C00
 1702              	.LASF14:
 1703 0356 696E7433 		.ascii	"int32_t\000"
 1703      325F7400 
 1704              	.LASF2:
 1705 035e 756E7369 		.ascii	"unsigned char\000"
 1705      676E6564 
 1705      20636861 
 1705      7200
 1706              	.LASF108:
 1707 036c 6166726C 		.ascii	"afrl\000"
 1707      00
 1708              	.LASF96:
 1709 0371 735F636E 		.ascii	"s_cnt\000"
 1709      7400
 1710              	.LASF43:
 1711 0377 705F6D74 		.ascii	"p_mtxlist\000"
 1711      786C6973 
 1711      7400
 1712              	.LASF3:
 1713 0381 73686F72 		.ascii	"short int\000"
 1713      7420696E 
 1713      7400
 1714              	.LASF35:
 1715 038b 705F7374 		.ascii	"p_state\000"
 1715      61746500 
 1716              	.LASF38:
 1717 0393 705F7072 		.ascii	"p_preempt\000"
ARM GAS  /tmp/ccdCOUs3.s 			page 34


 1717      65656D70 
 1717      7400
 1718              	.LASF55:
 1719 039d 725F7072 		.ascii	"r_prio\000"
 1719      696F00
 1720              	.LASF111:
 1721 03a4 50414461 		.ascii	"PAData\000"
 1721      746100
 1722              	.LASF93:
 1723 03ab 65776D61 		.ascii	"ewmask\000"
 1723      736B00
 1724              	.LASF28:
 1725 03b2 705F6E65 		.ascii	"p_next\000"
 1725      787400
 1726              	.LASF36:
 1727 03b9 705F666C 		.ascii	"p_flags\000"
 1727      61677300 
 1728              	.LASF119:
 1729 03c1 50494461 		.ascii	"PIData\000"
 1729      746100
 1730              	.LASF62:
 1731 03c8 63685F76 		.ascii	"ch_virtual_timer\000"
 1731      69727475 
 1731      616C5F74 
 1731      696D6572 
 1731      00
 1732              	.LASF94:
 1733 03d9 63685F73 		.ascii	"ch_semaphore\000"
 1733      656D6170 
 1733      686F7265 
 1733      00
 1734              	.LASF42:
 1735 03e6 705F6570 		.ascii	"p_epending\000"
 1735      656E6469 
 1735      6E6700
 1736              	.LASF15:
 1737 03f1 75696E74 		.ascii	"uint32_t\000"
 1737      33325F74 
 1737      00
 1738              	.LASF92:
 1739 03fa 77746D74 		.ascii	"wtmtxp\000"
 1739      787000
 1740              	.LASF54:
 1741 0401 725F7175 		.ascii	"r_queue\000"
 1741      65756500 
 1742              	.LASF65:
 1743 0409 76745F64 		.ascii	"vt_delta\000"
 1743      656C7461 
 1743      00
 1744              	.LASF49:
 1745 0412 63685F74 		.ascii	"ch_threads_list\000"
 1745      68726561 
 1745      64735F6C 
 1745      69737400 
 1746              	.LASF9:
 1747 0422 6C6F6E67 		.ascii	"long unsigned int\000"
 1747      20756E73 
ARM GAS  /tmp/ccdCOUs3.s 			page 35


 1747      69676E65 
 1747      6420696E 
 1747      7400
 1748              	.LASF131:
 1749 0434 474E5520 		.ascii	"GNU C 4.9.3 20150529 (prerelease) -mcpu=cortex-m3 -"
 1749      4320342E 
 1749      392E3320 
 1749      32303135 
 1749      30353239 
 1750 0467 6D6E6F2D 		.ascii	"mno-thumb-interwork -mthumb -ggdb -O2 -std=c99 -fom"
 1750      7468756D 
 1750      622D696E 
 1750      74657277 
 1750      6F726B20 
 1751 049a 69742D66 		.ascii	"it-frame-pointer -falign-functions=16 -ffunction-se"
 1751      72616D65 
 1751      2D706F69 
 1751      6E746572 
 1751      202D6661 
 1752 04cd 6374696F 		.ascii	"ctions -fdata-sections -fno-common\000"
 1752      6E73202D 
 1752      66646174 
 1752      612D7365 
 1752      6374696F 
 1753              	.LASF101:
 1754 04f0 63686172 		.ascii	"char\000"
 1754      00
 1755              	.LASF27:
 1756 04f5 74687265 		.ascii	"thread_t\000"
 1756      61645F74 
 1756      00
 1757              	.LASF100:
 1758 04fe 6D5F6E65 		.ascii	"m_next\000"
 1758      787400
 1759              	.LASF26:
 1760 0505 73797374 		.ascii	"systime_t\000"
 1760      696D655F 
 1760      7400
 1761              	.LASF44:
 1762 050f 705F7265 		.ascii	"p_realprio\000"
 1762      616C7072 
 1762      696F00
 1763              	.LASF60:
 1764 051a 76746675 		.ascii	"vtfunc_t\000"
 1764      6E635F74 
 1764      00
 1765              	.LASF8:
 1766 0523 5F5F7569 		.ascii	"__uint32_t\000"
 1766      6E743332 
 1766      5F7400
 1767              	.LASF73:
 1768 052e 70616E69 		.ascii	"panic_msg\000"
 1768      635F6D73 
 1768      6700
 1769              	.LASF85:
 1770 0538 6F666673 		.ascii	"offset\000"
 1770      657400
ARM GAS  /tmp/ccdCOUs3.s 			page 36


 1771              	.LASF83:
 1772 053f 636F6E74 		.ascii	"context\000"
 1772      65787400 
 1773              	.LASF123:
 1774 0547 68616C5F 		.ascii	"hal_lld_init\000"
 1774      6C6C645F 
 1774      696E6974 
 1774      00
 1775              	.LASF17:
 1776 0554 7274636E 		.ascii	"rtcnt_t\000"
 1776      745F7400 
 1777              	.LASF67:
 1778 055c 76745F70 		.ascii	"vt_par\000"
 1778      617200
 1779              	.LASF50:
 1780 0563 74687265 		.ascii	"threads_queue_t\000"
 1780      6164735F 
 1780      71756575 
 1780      655F7400 
 1781              	.LASF97:
 1782 0573 63685F6D 		.ascii	"ch_mutex\000"
 1782      75746578 
 1782      00
 1783              	.LASF37:
 1784 057c 705F7265 		.ascii	"p_refs\000"
 1784      667300
 1785              	.LASF135:
 1786 0583 5F70616C 		.ascii	"_pal_lld_init\000"
 1786      5F6C6C64 
 1786      5F696E69 
 1786      7400
 1787              	.LASF129:
 1788 0591 626F6172 		.ascii	"boardInit\000"
 1788      64496E69 
 1788      7400
 1789              	.LASF76:
 1790 059b 726C6973 		.ascii	"rlist\000"
 1790      7400
 1791              	.LASF13:
 1792 05a1 75696E74 		.ascii	"uint8_t\000"
 1792      385F7400 
 1793              	.LASF89:
 1794 05a9 77746F62 		.ascii	"wtobjp\000"
 1794      6A7000
 1795              	.LASF34:
 1796 05b0 705F6E61 		.ascii	"p_name\000"
 1796      6D6500
 1797              	.LASF113:
 1798 05b7 50434461 		.ascii	"PCData\000"
 1798      746100
 1799              	.LASF70:
 1800 05be 76745F73 		.ascii	"vt_systime\000"
 1800      79737469 
 1800      6D6500
 1801              	.LASF125:
 1802 05c9 69326349 		.ascii	"i2cInit\000"
 1802      6E697400 
ARM GAS  /tmp/ccdCOUs3.s 			page 37


 1803              	.LASF41:
 1804 05d1 705F6D73 		.ascii	"p_msg\000"
 1804      6700
 1805              	.LASF128:
 1806 05d7 7364496E 		.ascii	"sdInit\000"
 1806      697400
 1807              	.LASF120:
 1808 05de 50414C43 		.ascii	"PALConfig\000"
 1808      6F6E6669 
 1808      6700
 1809              	.LASF99:
 1810 05e8 6D5F6F77 		.ascii	"m_owner\000"
 1810      6E657200 
 1811              	.LASF122:
 1812 05f0 70616C5F 		.ascii	"pal_default_config\000"
 1812      64656661 
 1812      756C745F 
 1812      636F6E66 
 1812      696700
 1813              	.LASF31:
 1814 0603 705F6374 		.ascii	"p_ctx\000"
 1814      7800
 1815              	.LASF66:
 1816 0609 76745F66 		.ascii	"vt_func\000"
 1816      756E6300 
 1817              		.ident	"GCC: (15:4.9.3+svn227297-1) 4.9.3 20150529 (prerelease)"
ARM GAS  /tmp/ccdCOUs3.s 			page 38


DEFINED SYMBOLS
                            *ABS*:00000000 hal.c
     /tmp/ccdCOUs3.s:19     .text.halInit:00000000 $t
     /tmp/ccdCOUs3.s:25     .text.halInit:00000000 halInit
     /tmp/ccdCOUs3.s:72     .text.halInit:0000002c $d
                     .debug_frame:00000010 $d

UNDEFINED SYMBOLS
hal_lld_init
_pal_lld_init
adcInit
i2cInit
icuInit
pwmInit
sdInit
boardInit
stInit
pal_default_config
