ARM GAS  /tmp/ccti15O0.s 			page 1


   1              		.syntax unified
   2              		.cpu cortex-m3
   3              		.fpu softvfp
   4              		.eabi_attribute 20, 1
   5              		.eabi_attribute 21, 1
   6              		.eabi_attribute 23, 3
   7              		.eabi_attribute 24, 1
   8              		.eabi_attribute 25, 1
   9              		.eabi_attribute 26, 1
  10              		.eabi_attribute 30, 2
  11              		.eabi_attribute 34, 1
  12              		.eabi_attribute 18, 4
  13              		.thumb
  14              		.file	"kicker.c"
  15              		.text
  16              	.Ltext0:
  17              		.cfi_sections	.debug_frame
  18              		.section	.text.kicker_is_ready,"ax",%progbits
  19              		.align	2
  20              		.p2align 4,,15
  21              		.global	kicker_is_ready
  22              		.thumb
  23              		.thumb_func
  24              		.type	kicker_is_ready, %function
  25              	kicker_is_ready:
  26              	.LFB207:
  27              		.file 1 "kicker.c"
  28              		.loc 1 6 0
  29              		.cfi_startproc
  30              		@ args = 0, pretend = 0, frame = 0
  31              		@ frame_needed = 0, uses_anonymous_args = 0
  32              		@ link register save eliminated.
  33              		.loc 1 7 0
  34 0000 024B     		ldr	r3, .L2
  35 0002 1869     		ldr	r0, [r3, #16]
  36              		.loc 1 8 0
  37 0004 C0F38000 		ubfx	r0, r0, #2, #1
  38 0008 7047     		bx	lr
  39              	.L3:
  40 000a 00BF     		.align	2
  41              	.L2:
  42 000c 000C0240 		.word	1073875968
  43              		.cfi_endproc
  44              	.LFE207:
  45              		.size	kicker_is_ready, .-kicker_is_ready
  46              		.section	.text.i_have_ball,"ax",%progbits
  47              		.align	2
  48              		.p2align 4,,15
  49              		.global	i_have_ball
  50              		.thumb
  51              		.thumb_func
  52              		.type	i_have_ball, %function
  53              	i_have_ball:
  54              	.LFB208:
  55              		.loc 1 10 0
  56              		.cfi_startproc
  57              		@ args = 0, pretend = 0, frame = 0
ARM GAS  /tmp/ccti15O0.s 			page 2


  58              		@ frame_needed = 0, uses_anonymous_args = 0
  59              		@ link register save eliminated.
  60              		.loc 1 11 0
  61 0000 024B     		ldr	r3, .L5
  62 0002 1869     		ldr	r0, [r3, #16]
  63              		.loc 1 12 0
  64 0004 C0F3C030 		ubfx	r0, r0, #15, #1
  65 0008 7047     		bx	lr
  66              	.L6:
  67 000a 00BF     		.align	2
  68              	.L5:
  69 000c 000C0240 		.word	1073875968
  70              		.cfi_endproc
  71              	.LFE208:
  72              		.size	i_have_ball, .-i_have_ball
  73              		.section	.text.kick,"ax",%progbits
  74              		.align	2
  75              		.p2align 4,,15
  76              		.global	kick
  77              		.thumb
  78              		.thumb_func
  79              		.type	kick, %function
  80              	kick:
  81              	.LFB209:
  82              		.loc 1 14 0
  83              		.cfi_startproc
  84              		@ args = 0, pretend = 0, frame = 0
  85              		@ frame_needed = 0, uses_anonymous_args = 0
  86 0000 38B5     		push	{r3, r4, r5, lr}
  87              		.cfi_def_cfa_offset 16
  88              		.cfi_offset 3, -16
  89              		.cfi_offset 4, -12
  90              		.cfi_offset 5, -8
  91              		.cfi_offset 14, -4
  92              		.loc 1 16 0
  93 0002 044C     		ldr	r4, .L9
  94 0004 4FF48055 		mov	r5, #4096
  95 0008 2583     		strh	r5, [r4, #24]	@ movhi
  96              		.loc 1 17 0
  97 000a 6420     		movs	r0, #100
  98 000c FFF7FEFF 		bl	chThdSleep
  99              	.LVL0:
 100              		.loc 1 18 0
 101 0010 6583     		strh	r5, [r4, #26]	@ movhi
 102 0012 38BD     		pop	{r3, r4, r5, pc}
 103              	.L10:
 104              		.align	2
 105              	.L9:
 106 0014 00080240 		.word	1073874944
 107              		.cfi_endproc
 108              	.LFE209:
 109              		.size	kick, .-kick
 110 0018 AFF30080 		.text
 110      AFF30080 
 111              	.Letext0:
 112              		.file 2 "/usr/include/newlib/machine/_default_types.h"
 113              		.file 3 "/usr/include/newlib/stdint.h"
ARM GAS  /tmp/ccti15O0.s 			page 3


 114              		.file 4 "/home/peter/ChibiOS_16.1.4/os/rt/ports/ARMCMx/compilers/GCC/chtypes.h"
 115              		.file 5 "/home/peter/ChibiOS_16.1.4/os/rt/include/chsystypes.h"
 116              		.file 6 "/home/peter/ChibiOS_16.1.4/os/rt/include/chschd.h"
 117              		.file 7 "/home/peter/ChibiOS_16.1.4/os/rt/ports/ARMCMx/chcore.h"
 118              		.file 8 "/home/peter/ChibiOS_16.1.4/os/rt/ports/ARMCMx/chcore_v7m.h"
 119              		.file 9 "/home/peter/ChibiOS_16.1.4/os/rt/include/chtm.h"
 120              		.file 10 "/home/peter/ChibiOS_16.1.4/os/rt/include/chsem.h"
 121              		.file 11 "/home/peter/ChibiOS_16.1.4/os/rt/include/chmtx.h"
 122              		.file 12 "/home/peter/ChibiOS_16.1.4/os/hal/ports/STM32/LLD/GPIOv2/pal_lld.h"
 123              		.file 13 "/home/peter/ChibiOS_16.1.4/os/ext/CMSIS/include/core_cm3.h"
 124              		.file 14 "/home/peter/ChibiOS_16.1.4/os/rt/include/chthreads.h"
 125              		.section	.debug_info,"",%progbits
 126              	.Ldebug_info0:
 127 0000 C5070000 		.4byte	0x7c5
 128 0004 0400     		.2byte	0x4
 129 0006 00000000 		.4byte	.Ldebug_abbrev0
 130 000a 04       		.byte	0x4
 131 000b 01       		.uleb128 0x1
 132 000c 3A040000 		.4byte	.LASF122
 133 0010 01       		.byte	0x1
 134 0011 BA030000 		.4byte	.LASF123
 135 0015 33010000 		.4byte	.LASF124
 136 0019 00000000 		.4byte	.Ldebug_ranges0+0
 137 001d 00000000 		.4byte	0
 138 0021 00000000 		.4byte	.Ldebug_line0
 139 0025 02       		.uleb128 0x2
 140 0026 04       		.byte	0x4
 141 0027 05       		.byte	0x5
 142 0028 696E7400 		.ascii	"int\000"
 143 002c 03       		.uleb128 0x3
 144 002d 04       		.byte	0x4
 145 002e 07       		.byte	0x7
 146 002f D8010000 		.4byte	.LASF0
 147 0033 04       		.uleb128 0x4
 148 0034 A9000000 		.4byte	.LASF2
 149 0038 02       		.byte	0x2
 150 0039 1B       		.byte	0x1b
 151 003a 3E000000 		.4byte	0x3e
 152 003e 03       		.uleb128 0x3
 153 003f 01       		.byte	0x1
 154 0040 06       		.byte	0x6
 155 0041 E5000000 		.4byte	.LASF1
 156 0045 04       		.uleb128 0x4
 157 0046 23000000 		.4byte	.LASF3
 158 004a 02       		.byte	0x2
 159 004b 1D       		.byte	0x1d
 160 004c 50000000 		.4byte	0x50
 161 0050 03       		.uleb128 0x3
 162 0051 01       		.byte	0x1
 163 0052 08       		.byte	0x8
 164 0053 69030000 		.4byte	.LASF4
 165 0057 03       		.uleb128 0x3
 166 0058 02       		.byte	0x2
 167 0059 05       		.byte	0x5
 168 005a 81030000 		.4byte	.LASF5
 169 005e 04       		.uleb128 0x4
 170 005f FB040000 		.4byte	.LASF6
ARM GAS  /tmp/ccti15O0.s 			page 4


 171 0063 02       		.byte	0x2
 172 0064 2B       		.byte	0x2b
 173 0065 69000000 		.4byte	0x69
 174 0069 03       		.uleb128 0x3
 175 006a 02       		.byte	0x2
 176 006b 07       		.byte	0x7
 177 006c 0A020000 		.4byte	.LASF7
 178 0070 04       		.uleb128 0x4
 179 0071 77020000 		.4byte	.LASF8
 180 0075 02       		.byte	0x2
 181 0076 3F       		.byte	0x3f
 182 0077 7B000000 		.4byte	0x7b
 183 007b 03       		.uleb128 0x3
 184 007c 04       		.byte	0x4
 185 007d 05       		.byte	0x5
 186 007e 21010000 		.4byte	.LASF9
 187 0082 04       		.uleb128 0x4
 188 0083 34050000 		.4byte	.LASF10
 189 0087 02       		.byte	0x2
 190 0088 41       		.byte	0x41
 191 0089 8D000000 		.4byte	0x8d
 192 008d 03       		.uleb128 0x3
 193 008e 04       		.byte	0x4
 194 008f 07       		.byte	0x7
 195 0090 28040000 		.4byte	.LASF11
 196 0094 03       		.uleb128 0x3
 197 0095 08       		.byte	0x8
 198 0096 05       		.byte	0x5
 199 0097 D7000000 		.4byte	.LASF12
 200 009b 04       		.uleb128 0x4
 201 009c 0F030000 		.4byte	.LASF13
 202 00a0 02       		.byte	0x2
 203 00a1 5B       		.byte	0x5b
 204 00a2 A6000000 		.4byte	0xa6
 205 00a6 03       		.uleb128 0x3
 206 00a7 08       		.byte	0x8
 207 00a8 07       		.byte	0x7
 208 00a9 62000000 		.4byte	.LASF14
 209 00ad 04       		.uleb128 0x4
 210 00ae 60050000 		.4byte	.LASF15
 211 00b2 03       		.byte	0x3
 212 00b3 14       		.byte	0x14
 213 00b4 33000000 		.4byte	0x33
 214 00b8 04       		.uleb128 0x4
 215 00b9 94050000 		.4byte	.LASF16
 216 00bd 03       		.byte	0x3
 217 00be 15       		.byte	0x15
 218 00bf 45000000 		.4byte	0x45
 219 00c3 04       		.uleb128 0x4
 220 00c4 74010000 		.4byte	.LASF17
 221 00c8 03       		.byte	0x3
 222 00c9 21       		.byte	0x21
 223 00ca 5E000000 		.4byte	0x5e
 224 00ce 04       		.uleb128 0x4
 225 00cf 61030000 		.4byte	.LASF18
 226 00d3 03       		.byte	0x3
 227 00d4 2C       		.byte	0x2c
ARM GAS  /tmp/ccti15O0.s 			page 5


 228 00d5 70000000 		.4byte	0x70
 229 00d9 04       		.uleb128 0x4
 230 00da F7030000 		.4byte	.LASF19
 231 00de 03       		.byte	0x3
 232 00df 2D       		.byte	0x2d
 233 00e0 82000000 		.4byte	0x82
 234 00e4 04       		.uleb128 0x4
 235 00e5 1A000000 		.4byte	.LASF20
 236 00e9 03       		.byte	0x3
 237 00ea 39       		.byte	0x39
 238 00eb 9B000000 		.4byte	0x9b
 239 00ef 04       		.uleb128 0x4
 240 00f0 58050000 		.4byte	.LASF21
 241 00f4 04       		.byte	0x4
 242 00f5 39       		.byte	0x39
 243 00f6 D9000000 		.4byte	0xd9
 244 00fa 04       		.uleb128 0x4
 245 00fb 55020000 		.4byte	.LASF22
 246 00ff 04       		.byte	0x4
 247 0100 3C       		.byte	0x3c
 248 0101 B8000000 		.4byte	0xb8
 249 0105 04       		.uleb128 0x4
 250 0106 2A010000 		.4byte	.LASF23
 251 010a 04       		.byte	0x4
 252 010b 3D       		.byte	0x3d
 253 010c B8000000 		.4byte	0xb8
 254 0110 04       		.uleb128 0x4
 255 0111 24030000 		.4byte	.LASF24
 256 0115 04       		.byte	0x4
 257 0116 3E       		.byte	0x3e
 258 0117 B8000000 		.4byte	0xb8
 259 011b 04       		.uleb128 0x4
 260 011c 0D010000 		.4byte	.LASF25
 261 0120 04       		.byte	0x4
 262 0121 3F       		.byte	0x3f
 263 0122 B8000000 		.4byte	0xb8
 264 0126 04       		.uleb128 0x4
 265 0127 43030000 		.4byte	.LASF26
 266 012b 04       		.byte	0x4
 267 012c 40       		.byte	0x40
 268 012d D9000000 		.4byte	0xd9
 269 0131 04       		.uleb128 0x4
 270 0132 43020000 		.4byte	.LASF27
 271 0136 04       		.byte	0x4
 272 0137 41       		.byte	0x41
 273 0138 CE000000 		.4byte	0xce
 274 013c 04       		.uleb128 0x4
 275 013d 6B020000 		.4byte	.LASF28
 276 0141 04       		.byte	0x4
 277 0142 43       		.byte	0x43
 278 0143 D9000000 		.4byte	0xd9
 279 0147 04       		.uleb128 0x4
 280 0148 D2010000 		.4byte	.LASF29
 281 014c 04       		.byte	0x4
 282 014d 45       		.byte	0x45
 283 014e CE000000 		.4byte	0xce
 284 0152 04       		.uleb128 0x4
ARM GAS  /tmp/ccti15O0.s 			page 6


 285 0153 16050000 		.4byte	.LASF30
 286 0157 05       		.byte	0x5
 287 0158 33       		.byte	0x33
 288 0159 D9000000 		.4byte	0xd9
 289 015d 04       		.uleb128 0x4
 290 015e 06050000 		.4byte	.LASF31
 291 0162 05       		.byte	0x5
 292 0163 3F       		.byte	0x3f
 293 0164 68010000 		.4byte	0x168
 294 0168 05       		.uleb128 0x5
 295 0169 39020000 		.4byte	.LASF52
 296 016d 44       		.byte	0x44
 297 016e 06       		.byte	0x6
 298 016f C2       		.byte	0xc2
 299 0170 61020000 		.4byte	0x261
 300 0174 06       		.uleb128 0x6
 301 0175 AB030000 		.4byte	.LASF32
 302 0179 06       		.byte	0x6
 303 017a C3       		.byte	0xc3
 304 017b 6C020000 		.4byte	0x26c
 305 017f 00       		.byte	0
 306 0180 06       		.uleb128 0x6
 307 0181 3C030000 		.4byte	.LASF33
 308 0185 06       		.byte	0x6
 309 0186 C5       		.byte	0xc5
 310 0187 6C020000 		.4byte	0x26c
 311 018b 04       		.byte	0x4
 312 018c 06       		.uleb128 0x6
 313 018d D0000000 		.4byte	.LASF34
 314 0191 06       		.byte	0x6
 315 0192 C7       		.byte	0xc7
 316 0193 26010000 		.4byte	0x126
 317 0197 08       		.byte	0x8
 318 0198 06       		.uleb128 0x6
 319 0199 C8050000 		.4byte	.LASF35
 320 019d 06       		.byte	0x6
 321 019e C8       		.byte	0xc8
 322 019f A1040000 		.4byte	0x4a1
 323 01a3 0C       		.byte	0xc
 324 01a4 06       		.uleb128 0x6
 325 01a5 7D010000 		.4byte	.LASF36
 326 01a9 06       		.byte	0x6
 327 01aa CA       		.byte	0xca
 328 01ab 6C020000 		.4byte	0x26c
 329 01af 10       		.byte	0x10
 330 01b0 06       		.uleb128 0x6
 331 01b1 DE020000 		.4byte	.LASF37
 332 01b5 06       		.byte	0x6
 333 01b6 CB       		.byte	0xcb
 334 01b7 6C020000 		.4byte	0x26c
 335 01bb 14       		.byte	0x14
 336 01bc 06       		.uleb128 0x6
 337 01bd A3050000 		.4byte	.LASF38
 338 01c1 06       		.byte	0x6
 339 01c2 D2       		.byte	0xd2
 340 01c3 20060000 		.4byte	0x620
 341 01c7 18       		.byte	0x18
ARM GAS  /tmp/ccti15O0.s 			page 7


 342 01c8 06       		.uleb128 0x6
 343 01c9 8B030000 		.4byte	.LASF39
 344 01cd 06       		.byte	0x6
 345 01ce DD       		.byte	0xdd
 346 01cf 05010000 		.4byte	0x105
 347 01d3 1C       		.byte	0x1c
 348 01d4 06       		.uleb128 0x6
 349 01d5 B2030000 		.4byte	.LASF40
 350 01d9 06       		.byte	0x6
 351 01da E1       		.byte	0xe1
 352 01db FA000000 		.4byte	0xfa
 353 01df 1D       		.byte	0x1d
 354 01e0 06       		.uleb128 0x6
 355 01e1 87050000 		.4byte	.LASF41
 356 01e5 06       		.byte	0x6
 357 01e6 E6       		.byte	0xe6
 358 01e7 10010000 		.4byte	0x110
 359 01eb 1E       		.byte	0x1e
 360 01ec 06       		.uleb128 0x6
 361 01ed 93030000 		.4byte	.LASF42
 362 01f1 06       		.byte	0x6
 363 01f2 EC       		.byte	0xec
 364 01f3 1B010000 		.4byte	0x11b
 365 01f7 1F       		.byte	0x1f
 366 01f8 07       		.uleb128 0x7
 367 01f9 705F7500 		.ascii	"p_u\000"
 368 01fd 06       		.byte	0x6
 369 01fe 3101     		.2byte	0x131
 370 0200 5B050000 		.4byte	0x55b
 371 0204 20       		.byte	0x20
 372 0205 08       		.uleb128 0x8
 373 0206 9B020000 		.4byte	.LASF43
 374 020a 06       		.byte	0x6
 375 020b 3601     		.2byte	0x136
 376 020d 72020000 		.4byte	0x272
 377 0211 24       		.byte	0x24
 378 0212 08       		.uleb128 0x8
 379 0213 F4010000 		.4byte	.LASF44
 380 0217 06       		.byte	0x6
 381 0218 3C01     		.2byte	0x13c
 382 021a 96020000 		.4byte	0x296
 383 021e 28       		.byte	0x28
 384 021f 08       		.uleb128 0x8
 385 0220 BA050000 		.4byte	.LASF45
 386 0224 06       		.byte	0x6
 387 0225 4001     		.2byte	0x140
 388 0227 31010000 		.4byte	0x131
 389 022b 30       		.byte	0x30
 390 022c 08       		.uleb128 0x8
 391 022d E1030000 		.4byte	.LASF46
 392 0231 06       		.byte	0x6
 393 0232 4601     		.2byte	0x146
 394 0234 3C010000 		.4byte	0x13c
 395 0238 34       		.byte	0x34
 396 0239 08       		.uleb128 0x8
 397 023a 77030000 		.4byte	.LASF47
 398 023e 06       		.byte	0x6
ARM GAS  /tmp/ccti15O0.s 			page 8


 399 023f 4D01     		.2byte	0x14d
 400 0241 1A060000 		.4byte	0x61a
 401 0245 38       		.byte	0x38
 402 0246 08       		.uleb128 0x8
 403 0247 20050000 		.4byte	.LASF48
 404 024b 06       		.byte	0x6
 405 024c 5101     		.2byte	0x151
 406 024e 26010000 		.4byte	0x126
 407 0252 3C       		.byte	0x3c
 408 0253 08       		.uleb128 0x8
 409 0254 F6000000 		.4byte	.LASF49
 410 0258 06       		.byte	0x6
 411 0259 5801     		.2byte	0x158
 412 025b 49030000 		.4byte	0x349
 413 025f 40       		.byte	0x40
 414 0260 00       		.byte	0
 415 0261 04       		.uleb128 0x4
 416 0262 AE020000 		.4byte	.LASF50
 417 0266 05       		.byte	0x5
 418 0267 44       		.byte	0x44
 419 0268 6C020000 		.4byte	0x26c
 420 026c 09       		.uleb128 0x9
 421 026d 04       		.byte	0x4
 422 026e 5D010000 		.4byte	0x15d
 423 0272 04       		.uleb128 0x4
 424 0273 8C020000 		.4byte	.LASF51
 425 0277 05       		.byte	0x5
 426 0278 49       		.byte	0x49
 427 0279 7D020000 		.4byte	0x27d
 428 027d 05       		.uleb128 0x5
 429 027e 18040000 		.4byte	.LASF53
 430 0282 04       		.byte	0x4
 431 0283 06       		.byte	0x6
 432 0284 B0       		.byte	0xb0
 433 0285 96020000 		.4byte	0x296
 434 0289 06       		.uleb128 0x6
 435 028a AB030000 		.4byte	.LASF32
 436 028e 06       		.byte	0x6
 437 028f B1       		.byte	0xb1
 438 0290 6C020000 		.4byte	0x26c
 439 0294 00       		.byte	0
 440 0295 00       		.byte	0
 441 0296 04       		.uleb128 0x4
 442 0297 6E050000 		.4byte	.LASF54
 443 029b 05       		.byte	0x5
 444 029c 50       		.byte	0x50
 445 029d A1020000 		.4byte	0x2a1
 446 02a1 05       		.uleb128 0x5
 447 02a2 BF000000 		.4byte	.LASF55
 448 02a6 08       		.byte	0x8
 449 02a7 06       		.byte	0x6
 450 02a8 B7       		.byte	0xb7
 451 02a9 C6020000 		.4byte	0x2c6
 452 02ad 06       		.uleb128 0x6
 453 02ae AB030000 		.4byte	.LASF32
 454 02b2 06       		.byte	0x6
 455 02b3 B8       		.byte	0xb8
ARM GAS  /tmp/ccti15O0.s 			page 9


 456 02b4 6C020000 		.4byte	0x26c
 457 02b8 00       		.byte	0
 458 02b9 06       		.uleb128 0x6
 459 02ba 3C030000 		.4byte	.LASF33
 460 02be 06       		.byte	0x6
 461 02bf B9       		.byte	0xb9
 462 02c0 6C020000 		.4byte	0x26c
 463 02c4 04       		.byte	0x4
 464 02c5 00       		.byte	0
 465 02c6 04       		.uleb128 0x4
 466 02c7 00000000 		.4byte	.LASF56
 467 02cb 05       		.byte	0x5
 468 02cc 57       		.byte	0x57
 469 02cd D1020000 		.4byte	0x2d1
 470 02d1 0A       		.uleb128 0xa
 471 02d2 5D020000 		.4byte	.LASF57
 472 02d6 1C       		.byte	0x1c
 473 02d7 06       		.byte	0x6
 474 02d8 9001     		.2byte	0x190
 475 02da 2D030000 		.4byte	0x32d
 476 02de 08       		.uleb128 0x8
 477 02df 07040000 		.4byte	.LASF58
 478 02e3 06       		.byte	0x6
 479 02e4 9101     		.2byte	0x191
 480 02e6 96020000 		.4byte	0x296
 481 02ea 00       		.byte	0
 482 02eb 08       		.uleb128 0x8
 483 02ec 9D030000 		.4byte	.LASF59
 484 02f0 06       		.byte	0x6
 485 02f1 9201     		.2byte	0x192
 486 02f3 26010000 		.4byte	0x126
 487 02f7 08       		.byte	0x8
 488 02f8 08       		.uleb128 0x8
 489 02f9 E6020000 		.4byte	.LASF60
 490 02fd 06       		.byte	0x6
 491 02fe 9401     		.2byte	0x194
 492 0300 A1040000 		.4byte	0x4a1
 493 0304 0C       		.byte	0xc
 494 0305 08       		.uleb128 0x8
 495 0306 95010000 		.4byte	.LASF61
 496 030a 06       		.byte	0x6
 497 030b 9701     		.2byte	0x197
 498 030d 6C020000 		.4byte	0x26c
 499 0311 10       		.byte	0x10
 500 0312 08       		.uleb128 0x8
 501 0313 07030000 		.4byte	.LASF62
 502 0317 06       		.byte	0x6
 503 0318 9801     		.2byte	0x198
 504 031a 6C020000 		.4byte	0x26c
 505 031e 14       		.byte	0x14
 506 031f 08       		.uleb128 0x8
 507 0320 FD020000 		.4byte	.LASF63
 508 0324 06       		.byte	0x6
 509 0325 9B01     		.2byte	0x19b
 510 0327 6C020000 		.4byte	0x26c
 511 032b 18       		.byte	0x18
 512 032c 00       		.byte	0
ARM GAS  /tmp/ccti15O0.s 			page 10


 513 032d 04       		.uleb128 0x4
 514 032e 2B050000 		.4byte	.LASF64
 515 0332 05       		.byte	0x5
 516 0333 5C       		.byte	0x5c
 517 0334 38030000 		.4byte	0x338
 518 0338 09       		.uleb128 0x9
 519 0339 04       		.byte	0x4
 520 033a 3E030000 		.4byte	0x33e
 521 033e 0B       		.uleb128 0xb
 522 033f 49030000 		.4byte	0x349
 523 0343 0C       		.uleb128 0xc
 524 0344 49030000 		.4byte	0x349
 525 0348 00       		.byte	0
 526 0349 0D       		.uleb128 0xd
 527 034a 04       		.byte	0x4
 528 034b 04       		.uleb128 0x4
 529 034c 2C030000 		.4byte	.LASF65
 530 0350 05       		.byte	0x5
 531 0351 61       		.byte	0x61
 532 0352 56030000 		.4byte	0x356
 533 0356 0A       		.uleb128 0xa
 534 0357 C3030000 		.4byte	.LASF66
 535 035b 14       		.byte	0x14
 536 035c 06       		.byte	0x6
 537 035d 6B01     		.2byte	0x16b
 538 035f A5030000 		.4byte	0x3a5
 539 0363 08       		.uleb128 0x8
 540 0364 E5010000 		.4byte	.LASF67
 541 0368 06       		.byte	0x6
 542 0369 6C01     		.2byte	0x16c
 543 036b 32060000 		.4byte	0x632
 544 036f 00       		.byte	0
 545 0370 08       		.uleb128 0x8
 546 0371 A6010000 		.4byte	.LASF68
 547 0375 06       		.byte	0x6
 548 0376 6D01     		.2byte	0x16d
 549 0378 32060000 		.4byte	0x632
 550 037c 04       		.byte	0x4
 551 037d 08       		.uleb128 0x8
 552 037e 0F040000 		.4byte	.LASF69
 553 0382 06       		.byte	0x6
 554 0383 6E01     		.2byte	0x16e
 555 0385 52010000 		.4byte	0x152
 556 0389 08       		.byte	0x8
 557 038a 08       		.uleb128 0x8
 558 038b CE050000 		.4byte	.LASF70
 559 038f 06       		.byte	0x6
 560 0390 6F01     		.2byte	0x16f
 561 0392 2D030000 		.4byte	0x32d
 562 0396 0C       		.byte	0xc
 563 0397 08       		.uleb128 0x8
 564 0398 67050000 		.4byte	.LASF71
 565 039c 06       		.byte	0x6
 566 039d 7101     		.2byte	0x171
 567 039f 49030000 		.4byte	0x349
 568 03a3 10       		.byte	0x10
 569 03a4 00       		.byte	0
ARM GAS  /tmp/ccti15O0.s 			page 11


 570 03a5 04       		.uleb128 0x4
 571 03a6 93000000 		.4byte	.LASF72
 572 03aa 05       		.byte	0x5
 573 03ab 66       		.byte	0x66
 574 03ac B0030000 		.4byte	0x3b0
 575 03b0 0A       		.uleb128 0xa
 576 03b1 C1020000 		.4byte	.LASF73
 577 03b5 10       		.byte	0x10
 578 03b6 06       		.byte	0x6
 579 03b7 7B01     		.2byte	0x17b
 580 03b9 F2030000 		.4byte	0x3f2
 581 03bd 08       		.uleb128 0x8
 582 03be E5010000 		.4byte	.LASF67
 583 03c2 06       		.byte	0x6
 584 03c3 7C01     		.2byte	0x17c
 585 03c5 32060000 		.4byte	0x632
 586 03c9 00       		.byte	0
 587 03ca 08       		.uleb128 0x8
 588 03cb A6010000 		.4byte	.LASF68
 589 03cf 06       		.byte	0x6
 590 03d0 7E01     		.2byte	0x17e
 591 03d2 32060000 		.4byte	0x632
 592 03d6 04       		.byte	0x4
 593 03d7 08       		.uleb128 0x8
 594 03d8 0F040000 		.4byte	.LASF69
 595 03dc 06       		.byte	0x6
 596 03dd 8001     		.2byte	0x180
 597 03df 52010000 		.4byte	0x152
 598 03e3 08       		.byte	0x8
 599 03e4 08       		.uleb128 0x8
 600 03e5 AA050000 		.4byte	.LASF74
 601 03e9 06       		.byte	0x6
 602 03ea 8201     		.2byte	0x182
 603 03ec 38060000 		.4byte	0x638
 604 03f0 0C       		.byte	0xc
 605 03f1 00       		.byte	0
 606 03f2 04       		.uleb128 0x4
 607 03f3 40000000 		.4byte	.LASF75
 608 03f7 05       		.byte	0x5
 609 03f8 6B       		.byte	0x6b
 610 03f9 FD030000 		.4byte	0x3fd
 611 03fd 0A       		.uleb128 0xa
 612 03fe 4B030000 		.4byte	.LASF76
 613 0402 04       		.byte	0x4
 614 0403 06       		.byte	0x6
 615 0404 A201     		.2byte	0x1a2
 616 0406 18040000 		.4byte	0x418
 617 040a 08       		.uleb128 0x8
 618 040b 3F050000 		.4byte	.LASF77
 619 040f 06       		.byte	0x6
 620 0410 AA01     		.2byte	0x1aa
 621 0412 3D060000 		.4byte	0x63d
 622 0416 00       		.byte	0
 623 0417 00       		.byte	0
 624 0418 04       		.uleb128 0x4
 625 0419 49020000 		.4byte	.LASF78
 626 041d 05       		.byte	0x5
ARM GAS  /tmp/ccti15O0.s 			page 12


 627 041e 70       		.byte	0x70
 628 041f 23040000 		.4byte	0x423
 629 0423 0E       		.uleb128 0xe
 630 0424 17010000 		.4byte	.LASF79
 631 0428 5001     		.2byte	0x150
 632 042a 06       		.byte	0x6
 633 042b C201     		.2byte	0x1c2
 634 042d 7F040000 		.4byte	0x47f
 635 0431 08       		.uleb128 0x8
 636 0432 8E050000 		.4byte	.LASF80
 637 0436 06       		.byte	0x6
 638 0437 C601     		.2byte	0x1c6
 639 0439 C6020000 		.4byte	0x2c6
 640 043d 00       		.byte	0
 641 043e 08       		.uleb128 0x8
 642 043f 06010000 		.4byte	.LASF81
 643 0443 06       		.byte	0x6
 644 0444 CA01     		.2byte	0x1ca
 645 0446 A5030000 		.4byte	0x3a5
 646 044a 1C       		.byte	0x1c
 647 044b 07       		.uleb128 0x7
 648 044c 64626700 		.ascii	"dbg\000"
 649 0450 06       		.byte	0x6
 650 0451 CE01     		.2byte	0x1ce
 651 0453 F2030000 		.4byte	0x3f2
 652 0457 2C       		.byte	0x2c
 653 0458 08       		.uleb128 0x8
 654 0459 88000000 		.4byte	.LASF82
 655 045d 06       		.byte	0x6
 656 045e D201     		.2byte	0x1d2
 657 0460 5D010000 		.4byte	0x15d
 658 0464 30       		.byte	0x30
 659 0465 07       		.uleb128 0x7
 660 0466 746D00   		.ascii	"tm\000"
 661 0469 06       		.byte	0x6
 662 046a D701     		.2byte	0x1d7
 663 046c 50050000 		.4byte	0x550
 664 0470 74       		.byte	0x74
 665 0471 08       		.uleb128 0x8
 666 0472 C3010000 		.4byte	.LASF83
 667 0476 06       		.byte	0x6
 668 0477 E301     		.2byte	0x1e3
 669 0479 42060000 		.4byte	0x642
 670 047d 78       		.byte	0x78
 671 047e 00       		.byte	0
 672 047f 03       		.uleb128 0x3
 673 0480 04       		.byte	0x4
 674 0481 07       		.byte	0x7
 675 0482 A5020000 		.4byte	.LASF84
 676 0486 0F       		.uleb128 0xf
 677 0487 D9000000 		.4byte	0xd9
 678 048b 04       		.uleb128 0x4
 679 048c 9D010000 		.4byte	.LASF85
 680 0490 07       		.byte	0x7
 681 0491 65       		.byte	0x65
 682 0492 49030000 		.4byte	0x349
 683 0496 04       		.uleb128 0x4
ARM GAS  /tmp/ccti15O0.s 			page 13


 684 0497 81020000 		.4byte	.LASF86
 685 049b 07       		.byte	0x7
 686 049c 6D       		.byte	0x6d
 687 049d E4000000 		.4byte	0xe4
 688 04a1 05       		.uleb128 0x5
 689 04a2 50050000 		.4byte	.LASF87
 690 04a6 04       		.byte	0x4
 691 04a7 07       		.byte	0x7
 692 04a8 89       		.byte	0x89
 693 04a9 BA040000 		.4byte	0x4ba
 694 04ad 10       		.uleb128 0x10
 695 04ae 72313300 		.ascii	"r13\000"
 696 04b2 07       		.byte	0x7
 697 04b3 8A       		.byte	0x8a
 698 04b4 35050000 		.4byte	0x535
 699 04b8 00       		.byte	0
 700 04b9 00       		.byte	0
 701 04ba 05       		.uleb128 0x5
 702 04bb 34000000 		.4byte	.LASF88
 703 04bf 24       		.byte	0x24
 704 04c0 08       		.byte	0x8
 705 04c1 FD       		.byte	0xfd
 706 04c2 35050000 		.4byte	0x535
 707 04c6 07       		.uleb128 0x7
 708 04c7 723400   		.ascii	"r4\000"
 709 04ca 08       		.byte	0x8
 710 04cb 1001     		.2byte	0x110
 711 04cd 8B040000 		.4byte	0x48b
 712 04d1 00       		.byte	0
 713 04d2 07       		.uleb128 0x7
 714 04d3 723500   		.ascii	"r5\000"
 715 04d6 08       		.byte	0x8
 716 04d7 1101     		.2byte	0x111
 717 04d9 8B040000 		.4byte	0x48b
 718 04dd 04       		.byte	0x4
 719 04de 07       		.uleb128 0x7
 720 04df 723600   		.ascii	"r6\000"
 721 04e2 08       		.byte	0x8
 722 04e3 1201     		.2byte	0x112
 723 04e5 8B040000 		.4byte	0x48b
 724 04e9 08       		.byte	0x8
 725 04ea 07       		.uleb128 0x7
 726 04eb 723700   		.ascii	"r7\000"
 727 04ee 08       		.byte	0x8
 728 04ef 1301     		.2byte	0x113
 729 04f1 8B040000 		.4byte	0x48b
 730 04f5 0C       		.byte	0xc
 731 04f6 07       		.uleb128 0x7
 732 04f7 723800   		.ascii	"r8\000"
 733 04fa 08       		.byte	0x8
 734 04fb 1401     		.2byte	0x114
 735 04fd 8B040000 		.4byte	0x48b
 736 0501 10       		.byte	0x10
 737 0502 07       		.uleb128 0x7
 738 0503 723900   		.ascii	"r9\000"
 739 0506 08       		.byte	0x8
 740 0507 1501     		.2byte	0x115
ARM GAS  /tmp/ccti15O0.s 			page 14


 741 0509 8B040000 		.4byte	0x48b
 742 050d 14       		.byte	0x14
 743 050e 07       		.uleb128 0x7
 744 050f 72313000 		.ascii	"r10\000"
 745 0513 08       		.byte	0x8
 746 0514 1601     		.2byte	0x116
 747 0516 8B040000 		.4byte	0x48b
 748 051a 18       		.byte	0x18
 749 051b 07       		.uleb128 0x7
 750 051c 72313100 		.ascii	"r11\000"
 751 0520 08       		.byte	0x8
 752 0521 1701     		.2byte	0x117
 753 0523 8B040000 		.4byte	0x48b
 754 0527 1C       		.byte	0x1c
 755 0528 07       		.uleb128 0x7
 756 0529 6C7200   		.ascii	"lr\000"
 757 052c 08       		.byte	0x8
 758 052d 1801     		.2byte	0x118
 759 052f 8B040000 		.4byte	0x48b
 760 0533 20       		.byte	0x20
 761 0534 00       		.byte	0
 762 0535 09       		.uleb128 0x9
 763 0536 04       		.byte	0x4
 764 0537 BA040000 		.4byte	0x4ba
 765 053b 11       		.uleb128 0x11
 766 053c 04       		.byte	0x4
 767 053d 09       		.byte	0x9
 768 053e 38       		.byte	0x38
 769 053f 50050000 		.4byte	0x550
 770 0543 06       		.uleb128 0x6
 771 0544 49050000 		.4byte	.LASF89
 772 0548 09       		.byte	0x9
 773 0549 3C       		.byte	0x3c
 774 054a EF000000 		.4byte	0xef
 775 054e 00       		.byte	0
 776 054f 00       		.byte	0
 777 0550 04       		.uleb128 0x4
 778 0551 EC020000 		.4byte	.LASF90
 779 0555 09       		.byte	0x9
 780 0556 3D       		.byte	0x3d
 781 0557 3B050000 		.4byte	0x53b
 782 055b 12       		.uleb128 0x12
 783 055c 04       		.byte	0x4
 784 055d 06       		.byte	0x6
 785 055e FA       		.byte	0xfa
 786 055f B8050000 		.4byte	0x5b8
 787 0563 13       		.uleb128 0x13
 788 0564 13000000 		.4byte	.LASF91
 789 0568 06       		.byte	0x6
 790 0569 0101     		.2byte	0x101
 791 056b 31010000 		.4byte	0x131
 792 056f 13       		.uleb128 0x13
 793 0570 7F000000 		.4byte	.LASF92
 794 0574 06       		.byte	0x6
 795 0575 0801     		.2byte	0x108
 796 0577 31010000 		.4byte	0x131
 797 057b 13       		.uleb128 0x13
ARM GAS  /tmp/ccti15O0.s 			page 15


 798 057c 9C050000 		.4byte	.LASF93
 799 0580 06       		.byte	0x6
 800 0581 0F01     		.2byte	0x10f
 801 0583 49030000 		.4byte	0x349
 802 0587 13       		.uleb128 0x13
 803 0588 0D000000 		.4byte	.LASF94
 804 058c 06       		.byte	0x6
 805 058d 1601     		.2byte	0x116
 806 058f B8050000 		.4byte	0x5b8
 807 0593 13       		.uleb128 0x13
 808 0594 ED010000 		.4byte	.LASF95
 809 0598 06       		.byte	0x6
 810 0599 1E01     		.2byte	0x11e
 811 059b E3050000 		.4byte	0x5e3
 812 059f 13       		.uleb128 0x13
 813 05a0 00040000 		.4byte	.LASF96
 814 05a4 06       		.byte	0x6
 815 05a5 2701     		.2byte	0x127
 816 05a7 1A060000 		.4byte	0x61a
 817 05ab 13       		.uleb128 0x13
 818 05ac A4030000 		.4byte	.LASF97
 819 05b0 06       		.byte	0x6
 820 05b1 2F01     		.2byte	0x12f
 821 05b3 3C010000 		.4byte	0x13c
 822 05b7 00       		.byte	0
 823 05b8 09       		.uleb128 0x9
 824 05b9 04       		.byte	0x4
 825 05ba 61020000 		.4byte	0x261
 826 05be 05       		.uleb128 0x5
 827 05bf D4030000 		.4byte	.LASF98
 828 05c3 0C       		.byte	0xc
 829 05c4 0A       		.byte	0xa
 830 05c5 34       		.byte	0x34
 831 05c6 E3050000 		.4byte	0x5e3
 832 05ca 06       		.uleb128 0x6
 833 05cb 85010000 		.4byte	.LASF99
 834 05cf 0A       		.byte	0xa
 835 05d0 35       		.byte	0x35
 836 05d1 96020000 		.4byte	0x296
 837 05d5 00       		.byte	0
 838 05d6 06       		.uleb128 0x6
 839 05d7 04020000 		.4byte	.LASF100
 840 05db 0A       		.byte	0xa
 841 05dc 37       		.byte	0x37
 842 05dd 47010000 		.4byte	0x147
 843 05e1 08       		.byte	0x8
 844 05e2 00       		.byte	0
 845 05e3 09       		.uleb128 0x9
 846 05e4 04       		.byte	0x4
 847 05e5 BE050000 		.4byte	0x5be
 848 05e9 05       		.uleb128 0x5
 849 05ea 7E050000 		.4byte	.LASF101
 850 05ee 10       		.byte	0x10
 851 05ef 0B       		.byte	0xb
 852 05f0 39       		.byte	0x39
 853 05f1 1A060000 		.4byte	0x61a
 854 05f5 06       		.uleb128 0x6
ARM GAS  /tmp/ccti15O0.s 			page 16


 855 05f6 FE000000 		.4byte	.LASF102
 856 05fa 0B       		.byte	0xb
 857 05fb 3A       		.byte	0x3a
 858 05fc 96020000 		.4byte	0x296
 859 0600 00       		.byte	0
 860 0601 06       		.uleb128 0x6
 861 0602 C0050000 		.4byte	.LASF103
 862 0606 0B       		.byte	0xb
 863 0607 3C       		.byte	0x3c
 864 0608 6C020000 		.4byte	0x26c
 865 060c 08       		.byte	0x8
 866 060d 06       		.uleb128 0x6
 867 060e 0F050000 		.4byte	.LASF104
 868 0612 0B       		.byte	0xb
 869 0613 3E       		.byte	0x3e
 870 0614 5D060000 		.4byte	0x65d
 871 0618 0C       		.byte	0xc
 872 0619 00       		.byte	0
 873 061a 09       		.uleb128 0x9
 874 061b 04       		.byte	0x4
 875 061c E9050000 		.4byte	0x5e9
 876 0620 09       		.uleb128 0x9
 877 0621 04       		.byte	0x4
 878 0622 26060000 		.4byte	0x626
 879 0626 14       		.uleb128 0x14
 880 0627 2B060000 		.4byte	0x62b
 881 062b 03       		.uleb128 0x3
 882 062c 01       		.byte	0x1
 883 062d 08       		.byte	0x8
 884 062e F6040000 		.4byte	.LASF105
 885 0632 09       		.uleb128 0x9
 886 0633 04       		.byte	0x4
 887 0634 4B030000 		.4byte	0x34b
 888 0638 0F       		.uleb128 0xf
 889 0639 52010000 		.4byte	0x152
 890 063d 0F       		.uleb128 0xf
 891 063e 20060000 		.4byte	0x620
 892 0642 15       		.uleb128 0x15
 893 0643 96040000 		.4byte	0x496
 894 0647 52060000 		.4byte	0x652
 895 064b 16       		.uleb128 0x16
 896 064c 7F040000 		.4byte	0x47f
 897 0650 1A       		.byte	0x1a
 898 0651 00       		.byte	0
 899 0652 04       		.uleb128 0x4
 900 0653 BB010000 		.4byte	.LASF106
 901 0657 0B       		.byte	0xb
 902 0658 34       		.byte	0x34
 903 0659 E9050000 		.4byte	0x5e9
 904 065d 09       		.uleb128 0x9
 905 065e 04       		.byte	0x4
 906 065f 52060000 		.4byte	0x652
 907 0663 03       		.uleb128 0x3
 908 0664 01       		.byte	0x1
 909 0665 02       		.byte	0x2
 910 0666 5B030000 		.4byte	.LASF107
 911 066a 11       		.uleb128 0x11
ARM GAS  /tmp/ccti15O0.s 			page 17


 912 066b 04       		.byte	0x4
 913 066c 0C       		.byte	0xc
 914 066d E7       		.byte	0xe7
 915 066e 8B060000 		.4byte	0x68b
 916 0672 10       		.uleb128 0x10
 917 0673 73657400 		.ascii	"set\000"
 918 0677 0C       		.byte	0xc
 919 0678 E8       		.byte	0xe8
 920 0679 C3000000 		.4byte	0xc3
 921 067d 00       		.byte	0
 922 067e 06       		.uleb128 0x6
 923 067f D8020000 		.4byte	.LASF108
 924 0683 0C       		.byte	0xc
 925 0684 E9       		.byte	0xe9
 926 0685 C3000000 		.4byte	0xc3
 927 0689 02       		.byte	0x2
 928 068a 00       		.byte	0
 929 068b 12       		.uleb128 0x12
 930 068c 04       		.byte	0x4
 931 068d 0C       		.byte	0xc
 932 068e E5       		.byte	0xe5
 933 068f A6060000 		.4byte	0x6a6
 934 0693 17       		.uleb128 0x17
 935 0694 5700     		.ascii	"W\000"
 936 0696 0C       		.byte	0xc
 937 0697 E6       		.byte	0xe6
 938 0698 D9000000 		.4byte	0xd9
 939 069c 17       		.uleb128 0x17
 940 069d 4800     		.ascii	"H\000"
 941 069f 0C       		.byte	0xc
 942 06a0 EA       		.byte	0xea
 943 06a1 6A060000 		.4byte	0x66a
 944 06a5 00       		.byte	0
 945 06a6 11       		.uleb128 0x11
 946 06a7 2C       		.byte	0x2c
 947 06a8 0C       		.byte	0xc
 948 06a9 DD       		.byte	0xdd
 949 06aa 33070000 		.4byte	0x733
 950 06ae 06       		.uleb128 0x6
 951 06af 5C000000 		.4byte	.LASF109
 952 06b3 0C       		.byte	0xc
 953 06b4 DF       		.byte	0xdf
 954 06b5 86040000 		.4byte	0x486
 955 06b9 00       		.byte	0
 956 06ba 06       		.uleb128 0x6
 957 06bb 2D000000 		.4byte	.LASF110
 958 06bf 0C       		.byte	0xc
 959 06c0 E0       		.byte	0xe0
 960 06c1 86040000 		.4byte	0x486
 961 06c5 04       		.byte	0x4
 962 06c6 06       		.uleb128 0x6
 963 06c7 8D010000 		.4byte	.LASF111
 964 06cb 0C       		.byte	0xc
 965 06cc E1       		.byte	0xe1
 966 06cd 86040000 		.4byte	0x486
 967 06d1 08       		.byte	0x8
 968 06d2 06       		.uleb128 0x6
ARM GAS  /tmp/ccti15O0.s 			page 18


 969 06d3 79000000 		.4byte	.LASF112
 970 06d7 0C       		.byte	0xc
 971 06d8 E2       		.byte	0xe2
 972 06d9 86040000 		.4byte	0x486
 973 06dd 0C       		.byte	0xc
 974 06de 10       		.uleb128 0x10
 975 06df 49445200 		.ascii	"IDR\000"
 976 06e3 0C       		.byte	0xc
 977 06e4 E3       		.byte	0xe3
 978 06e5 86040000 		.4byte	0x486
 979 06e9 10       		.byte	0x10
 980 06ea 10       		.uleb128 0x10
 981 06eb 4F445200 		.ascii	"ODR\000"
 982 06ef 0C       		.byte	0xc
 983 06f0 E4       		.byte	0xe4
 984 06f1 86040000 		.4byte	0x486
 985 06f5 14       		.byte	0x14
 986 06f6 06       		.uleb128 0x6
 987 06f7 F1000000 		.4byte	.LASF113
 988 06fb 0C       		.byte	0xc
 989 06fc EB       		.byte	0xeb
 990 06fd 33070000 		.4byte	0x733
 991 0701 18       		.byte	0x18
 992 0702 06       		.uleb128 0x6
 993 0703 FF010000 		.4byte	.LASF114
 994 0707 0C       		.byte	0xc
 995 0708 EC       		.byte	0xec
 996 0709 86040000 		.4byte	0x486
 997 070d 1C       		.byte	0x1c
 998 070e 06       		.uleb128 0x6
 999 070f 1F030000 		.4byte	.LASF115
 1000 0713 0C       		.byte	0xc
 1001 0714 ED       		.byte	0xed
 1002 0715 86040000 		.4byte	0x486
 1003 0719 20       		.byte	0x20
 1004 071a 06       		.uleb128 0x6
 1005 071b 1A030000 		.4byte	.LASF116
 1006 071f 0C       		.byte	0xc
 1007 0720 EE       		.byte	0xee
 1008 0721 86040000 		.4byte	0x486
 1009 0725 24       		.byte	0x24
 1010 0726 10       		.uleb128 0x10
 1011 0727 42525200 		.ascii	"BRR\000"
 1012 072b 0C       		.byte	0xc
 1013 072c EF       		.byte	0xef
 1014 072d 86040000 		.4byte	0x486
 1015 0731 28       		.byte	0x28
 1016 0732 00       		.byte	0
 1017 0733 0F       		.uleb128 0xf
 1018 0734 8B060000 		.4byte	0x68b
 1019 0738 04       		.uleb128 0x4
 1020 0739 AE010000 		.4byte	.LASF117
 1021 073d 0C       		.byte	0xc
 1022 073e F0       		.byte	0xf0
 1023 073f A6060000 		.4byte	0x6a6
 1024 0743 18       		.uleb128 0x18
 1025 0744 4F000000 		.4byte	.LASF118
ARM GAS  /tmp/ccti15O0.s 			page 19


 1026 0748 0C       		.byte	0xc
 1027 0749 3F01     		.2byte	0x13f
 1028 074b D9000000 		.4byte	0xd9
 1029 074f 19       		.uleb128 0x19
 1030 0750 1D020000 		.4byte	.LASF119
 1031 0754 01       		.byte	0x1
 1032 0755 06       		.byte	0x6
 1033 0756 AD000000 		.4byte	0xad
 1034 075a 00000000 		.4byte	.LFB207
 1035 075e 10000000 		.4byte	.LFE207-.LFB207
 1036 0762 01       		.uleb128 0x1
 1037 0763 9C       		.byte	0x9c
 1038 0764 19       		.uleb128 0x19
 1039 0765 2D020000 		.4byte	.LASF120
 1040 0769 01       		.byte	0x1
 1041 076a 0A       		.byte	0xa
 1042 076b AD000000 		.4byte	0xad
 1043 076f 00000000 		.4byte	.LFB208
 1044 0773 10000000 		.4byte	.LFE208-.LFB208
 1045 0777 01       		.uleb128 0x1
 1046 0778 9C       		.byte	0x9c
 1047 0779 1A       		.uleb128 0x1a
 1048 077a B5050000 		.4byte	.LASF125
 1049 077e 01       		.byte	0x1
 1050 077f 0E       		.byte	0xe
 1051 0780 00000000 		.4byte	.LFB209
 1052 0784 18000000 		.4byte	.LFE209-.LFB209
 1053 0788 01       		.uleb128 0x1
 1054 0789 9C       		.byte	0x9c
 1055 078a 9F070000 		.4byte	0x79f
 1056 078e 1B       		.uleb128 0x1b
 1057 078f 10000000 		.4byte	.LVL0
 1058 0793 BB070000 		.4byte	0x7bb
 1059 0797 1C       		.uleb128 0x1c
 1060 0798 01       		.uleb128 0x1
 1061 0799 50       		.byte	0x50
 1062 079a 02       		.uleb128 0x2
 1063 079b 08       		.byte	0x8
 1064 079c 64       		.byte	0x64
 1065 079d 00       		.byte	0
 1066 079e 00       		.byte	0
 1067 079f 1D       		.uleb128 0x1d
 1068 07a0 B2000000 		.4byte	.LASF121
 1069 07a4 0D       		.byte	0xd
 1070 07a5 5506     		.2byte	0x655
 1071 07a7 AB070000 		.4byte	0x7ab
 1072 07ab 0F       		.uleb128 0xf
 1073 07ac CE000000 		.4byte	0xce
 1074 07b0 1E       		.uleb128 0x1e
 1075 07b1 636800   		.ascii	"ch\000"
 1076 07b4 06       		.byte	0x6
 1077 07b5 0902     		.2byte	0x209
 1078 07b7 18040000 		.4byte	0x418
 1079 07bb 1F       		.uleb128 0x1f
 1080 07bc EC030000 		.4byte	.LASF126
 1081 07c0 0E       		.byte	0xe
 1082 07c1 96       		.byte	0x96
ARM GAS  /tmp/ccti15O0.s 			page 20


 1083 07c2 0C       		.uleb128 0xc
 1084 07c3 52010000 		.4byte	0x152
 1085 07c7 00       		.byte	0
 1086 07c8 00       		.byte	0
 1087              		.section	.debug_abbrev,"",%progbits
 1088              	.Ldebug_abbrev0:
 1089 0000 01       		.uleb128 0x1
 1090 0001 11       		.uleb128 0x11
 1091 0002 01       		.byte	0x1
 1092 0003 25       		.uleb128 0x25
 1093 0004 0E       		.uleb128 0xe
 1094 0005 13       		.uleb128 0x13
 1095 0006 0B       		.uleb128 0xb
 1096 0007 03       		.uleb128 0x3
 1097 0008 0E       		.uleb128 0xe
 1098 0009 1B       		.uleb128 0x1b
 1099 000a 0E       		.uleb128 0xe
 1100 000b 55       		.uleb128 0x55
 1101 000c 17       		.uleb128 0x17
 1102 000d 11       		.uleb128 0x11
 1103 000e 01       		.uleb128 0x1
 1104 000f 10       		.uleb128 0x10
 1105 0010 17       		.uleb128 0x17
 1106 0011 00       		.byte	0
 1107 0012 00       		.byte	0
 1108 0013 02       		.uleb128 0x2
 1109 0014 24       		.uleb128 0x24
 1110 0015 00       		.byte	0
 1111 0016 0B       		.uleb128 0xb
 1112 0017 0B       		.uleb128 0xb
 1113 0018 3E       		.uleb128 0x3e
 1114 0019 0B       		.uleb128 0xb
 1115 001a 03       		.uleb128 0x3
 1116 001b 08       		.uleb128 0x8
 1117 001c 00       		.byte	0
 1118 001d 00       		.byte	0
 1119 001e 03       		.uleb128 0x3
 1120 001f 24       		.uleb128 0x24
 1121 0020 00       		.byte	0
 1122 0021 0B       		.uleb128 0xb
 1123 0022 0B       		.uleb128 0xb
 1124 0023 3E       		.uleb128 0x3e
 1125 0024 0B       		.uleb128 0xb
 1126 0025 03       		.uleb128 0x3
 1127 0026 0E       		.uleb128 0xe
 1128 0027 00       		.byte	0
 1129 0028 00       		.byte	0
 1130 0029 04       		.uleb128 0x4
 1131 002a 16       		.uleb128 0x16
 1132 002b 00       		.byte	0
 1133 002c 03       		.uleb128 0x3
 1134 002d 0E       		.uleb128 0xe
 1135 002e 3A       		.uleb128 0x3a
 1136 002f 0B       		.uleb128 0xb
 1137 0030 3B       		.uleb128 0x3b
 1138 0031 0B       		.uleb128 0xb
 1139 0032 49       		.uleb128 0x49
ARM GAS  /tmp/ccti15O0.s 			page 21


 1140 0033 13       		.uleb128 0x13
 1141 0034 00       		.byte	0
 1142 0035 00       		.byte	0
 1143 0036 05       		.uleb128 0x5
 1144 0037 13       		.uleb128 0x13
 1145 0038 01       		.byte	0x1
 1146 0039 03       		.uleb128 0x3
 1147 003a 0E       		.uleb128 0xe
 1148 003b 0B       		.uleb128 0xb
 1149 003c 0B       		.uleb128 0xb
 1150 003d 3A       		.uleb128 0x3a
 1151 003e 0B       		.uleb128 0xb
 1152 003f 3B       		.uleb128 0x3b
 1153 0040 0B       		.uleb128 0xb
 1154 0041 01       		.uleb128 0x1
 1155 0042 13       		.uleb128 0x13
 1156 0043 00       		.byte	0
 1157 0044 00       		.byte	0
 1158 0045 06       		.uleb128 0x6
 1159 0046 0D       		.uleb128 0xd
 1160 0047 00       		.byte	0
 1161 0048 03       		.uleb128 0x3
 1162 0049 0E       		.uleb128 0xe
 1163 004a 3A       		.uleb128 0x3a
 1164 004b 0B       		.uleb128 0xb
 1165 004c 3B       		.uleb128 0x3b
 1166 004d 0B       		.uleb128 0xb
 1167 004e 49       		.uleb128 0x49
 1168 004f 13       		.uleb128 0x13
 1169 0050 38       		.uleb128 0x38
 1170 0051 0B       		.uleb128 0xb
 1171 0052 00       		.byte	0
 1172 0053 00       		.byte	0
 1173 0054 07       		.uleb128 0x7
 1174 0055 0D       		.uleb128 0xd
 1175 0056 00       		.byte	0
 1176 0057 03       		.uleb128 0x3
 1177 0058 08       		.uleb128 0x8
 1178 0059 3A       		.uleb128 0x3a
 1179 005a 0B       		.uleb128 0xb
 1180 005b 3B       		.uleb128 0x3b
 1181 005c 05       		.uleb128 0x5
 1182 005d 49       		.uleb128 0x49
 1183 005e 13       		.uleb128 0x13
 1184 005f 38       		.uleb128 0x38
 1185 0060 0B       		.uleb128 0xb
 1186 0061 00       		.byte	0
 1187 0062 00       		.byte	0
 1188 0063 08       		.uleb128 0x8
 1189 0064 0D       		.uleb128 0xd
 1190 0065 00       		.byte	0
 1191 0066 03       		.uleb128 0x3
 1192 0067 0E       		.uleb128 0xe
 1193 0068 3A       		.uleb128 0x3a
 1194 0069 0B       		.uleb128 0xb
 1195 006a 3B       		.uleb128 0x3b
 1196 006b 05       		.uleb128 0x5
ARM GAS  /tmp/ccti15O0.s 			page 22


 1197 006c 49       		.uleb128 0x49
 1198 006d 13       		.uleb128 0x13
 1199 006e 38       		.uleb128 0x38
 1200 006f 0B       		.uleb128 0xb
 1201 0070 00       		.byte	0
 1202 0071 00       		.byte	0
 1203 0072 09       		.uleb128 0x9
 1204 0073 0F       		.uleb128 0xf
 1205 0074 00       		.byte	0
 1206 0075 0B       		.uleb128 0xb
 1207 0076 0B       		.uleb128 0xb
 1208 0077 49       		.uleb128 0x49
 1209 0078 13       		.uleb128 0x13
 1210 0079 00       		.byte	0
 1211 007a 00       		.byte	0
 1212 007b 0A       		.uleb128 0xa
 1213 007c 13       		.uleb128 0x13
 1214 007d 01       		.byte	0x1
 1215 007e 03       		.uleb128 0x3
 1216 007f 0E       		.uleb128 0xe
 1217 0080 0B       		.uleb128 0xb
 1218 0081 0B       		.uleb128 0xb
 1219 0082 3A       		.uleb128 0x3a
 1220 0083 0B       		.uleb128 0xb
 1221 0084 3B       		.uleb128 0x3b
 1222 0085 05       		.uleb128 0x5
 1223 0086 01       		.uleb128 0x1
 1224 0087 13       		.uleb128 0x13
 1225 0088 00       		.byte	0
 1226 0089 00       		.byte	0
 1227 008a 0B       		.uleb128 0xb
 1228 008b 15       		.uleb128 0x15
 1229 008c 01       		.byte	0x1
 1230 008d 27       		.uleb128 0x27
 1231 008e 19       		.uleb128 0x19
 1232 008f 01       		.uleb128 0x1
 1233 0090 13       		.uleb128 0x13
 1234 0091 00       		.byte	0
 1235 0092 00       		.byte	0
 1236 0093 0C       		.uleb128 0xc
 1237 0094 05       		.uleb128 0x5
 1238 0095 00       		.byte	0
 1239 0096 49       		.uleb128 0x49
 1240 0097 13       		.uleb128 0x13
 1241 0098 00       		.byte	0
 1242 0099 00       		.byte	0
 1243 009a 0D       		.uleb128 0xd
 1244 009b 0F       		.uleb128 0xf
 1245 009c 00       		.byte	0
 1246 009d 0B       		.uleb128 0xb
 1247 009e 0B       		.uleb128 0xb
 1248 009f 00       		.byte	0
 1249 00a0 00       		.byte	0
 1250 00a1 0E       		.uleb128 0xe
 1251 00a2 13       		.uleb128 0x13
 1252 00a3 01       		.byte	0x1
 1253 00a4 03       		.uleb128 0x3
ARM GAS  /tmp/ccti15O0.s 			page 23


 1254 00a5 0E       		.uleb128 0xe
 1255 00a6 0B       		.uleb128 0xb
 1256 00a7 05       		.uleb128 0x5
 1257 00a8 3A       		.uleb128 0x3a
 1258 00a9 0B       		.uleb128 0xb
 1259 00aa 3B       		.uleb128 0x3b
 1260 00ab 05       		.uleb128 0x5
 1261 00ac 01       		.uleb128 0x1
 1262 00ad 13       		.uleb128 0x13
 1263 00ae 00       		.byte	0
 1264 00af 00       		.byte	0
 1265 00b0 0F       		.uleb128 0xf
 1266 00b1 35       		.uleb128 0x35
 1267 00b2 00       		.byte	0
 1268 00b3 49       		.uleb128 0x49
 1269 00b4 13       		.uleb128 0x13
 1270 00b5 00       		.byte	0
 1271 00b6 00       		.byte	0
 1272 00b7 10       		.uleb128 0x10
 1273 00b8 0D       		.uleb128 0xd
 1274 00b9 00       		.byte	0
 1275 00ba 03       		.uleb128 0x3
 1276 00bb 08       		.uleb128 0x8
 1277 00bc 3A       		.uleb128 0x3a
 1278 00bd 0B       		.uleb128 0xb
 1279 00be 3B       		.uleb128 0x3b
 1280 00bf 0B       		.uleb128 0xb
 1281 00c0 49       		.uleb128 0x49
 1282 00c1 13       		.uleb128 0x13
 1283 00c2 38       		.uleb128 0x38
 1284 00c3 0B       		.uleb128 0xb
 1285 00c4 00       		.byte	0
 1286 00c5 00       		.byte	0
 1287 00c6 11       		.uleb128 0x11
 1288 00c7 13       		.uleb128 0x13
 1289 00c8 01       		.byte	0x1
 1290 00c9 0B       		.uleb128 0xb
 1291 00ca 0B       		.uleb128 0xb
 1292 00cb 3A       		.uleb128 0x3a
 1293 00cc 0B       		.uleb128 0xb
 1294 00cd 3B       		.uleb128 0x3b
 1295 00ce 0B       		.uleb128 0xb
 1296 00cf 01       		.uleb128 0x1
 1297 00d0 13       		.uleb128 0x13
 1298 00d1 00       		.byte	0
 1299 00d2 00       		.byte	0
 1300 00d3 12       		.uleb128 0x12
 1301 00d4 17       		.uleb128 0x17
 1302 00d5 01       		.byte	0x1
 1303 00d6 0B       		.uleb128 0xb
 1304 00d7 0B       		.uleb128 0xb
 1305 00d8 3A       		.uleb128 0x3a
 1306 00d9 0B       		.uleb128 0xb
 1307 00da 3B       		.uleb128 0x3b
 1308 00db 0B       		.uleb128 0xb
 1309 00dc 01       		.uleb128 0x1
 1310 00dd 13       		.uleb128 0x13
ARM GAS  /tmp/ccti15O0.s 			page 24


 1311 00de 00       		.byte	0
 1312 00df 00       		.byte	0
 1313 00e0 13       		.uleb128 0x13
 1314 00e1 0D       		.uleb128 0xd
 1315 00e2 00       		.byte	0
 1316 00e3 03       		.uleb128 0x3
 1317 00e4 0E       		.uleb128 0xe
 1318 00e5 3A       		.uleb128 0x3a
 1319 00e6 0B       		.uleb128 0xb
 1320 00e7 3B       		.uleb128 0x3b
 1321 00e8 05       		.uleb128 0x5
 1322 00e9 49       		.uleb128 0x49
 1323 00ea 13       		.uleb128 0x13
 1324 00eb 00       		.byte	0
 1325 00ec 00       		.byte	0
 1326 00ed 14       		.uleb128 0x14
 1327 00ee 26       		.uleb128 0x26
 1328 00ef 00       		.byte	0
 1329 00f0 49       		.uleb128 0x49
 1330 00f1 13       		.uleb128 0x13
 1331 00f2 00       		.byte	0
 1332 00f3 00       		.byte	0
 1333 00f4 15       		.uleb128 0x15
 1334 00f5 01       		.uleb128 0x1
 1335 00f6 01       		.byte	0x1
 1336 00f7 49       		.uleb128 0x49
 1337 00f8 13       		.uleb128 0x13
 1338 00f9 01       		.uleb128 0x1
 1339 00fa 13       		.uleb128 0x13
 1340 00fb 00       		.byte	0
 1341 00fc 00       		.byte	0
 1342 00fd 16       		.uleb128 0x16
 1343 00fe 21       		.uleb128 0x21
 1344 00ff 00       		.byte	0
 1345 0100 49       		.uleb128 0x49
 1346 0101 13       		.uleb128 0x13
 1347 0102 2F       		.uleb128 0x2f
 1348 0103 0B       		.uleb128 0xb
 1349 0104 00       		.byte	0
 1350 0105 00       		.byte	0
 1351 0106 17       		.uleb128 0x17
 1352 0107 0D       		.uleb128 0xd
 1353 0108 00       		.byte	0
 1354 0109 03       		.uleb128 0x3
 1355 010a 08       		.uleb128 0x8
 1356 010b 3A       		.uleb128 0x3a
 1357 010c 0B       		.uleb128 0xb
 1358 010d 3B       		.uleb128 0x3b
 1359 010e 0B       		.uleb128 0xb
 1360 010f 49       		.uleb128 0x49
 1361 0110 13       		.uleb128 0x13
 1362 0111 00       		.byte	0
 1363 0112 00       		.byte	0
 1364 0113 18       		.uleb128 0x18
 1365 0114 16       		.uleb128 0x16
 1366 0115 00       		.byte	0
 1367 0116 03       		.uleb128 0x3
ARM GAS  /tmp/ccti15O0.s 			page 25


 1368 0117 0E       		.uleb128 0xe
 1369 0118 3A       		.uleb128 0x3a
 1370 0119 0B       		.uleb128 0xb
 1371 011a 3B       		.uleb128 0x3b
 1372 011b 05       		.uleb128 0x5
 1373 011c 49       		.uleb128 0x49
 1374 011d 13       		.uleb128 0x13
 1375 011e 00       		.byte	0
 1376 011f 00       		.byte	0
 1377 0120 19       		.uleb128 0x19
 1378 0121 2E       		.uleb128 0x2e
 1379 0122 00       		.byte	0
 1380 0123 3F       		.uleb128 0x3f
 1381 0124 19       		.uleb128 0x19
 1382 0125 03       		.uleb128 0x3
 1383 0126 0E       		.uleb128 0xe
 1384 0127 3A       		.uleb128 0x3a
 1385 0128 0B       		.uleb128 0xb
 1386 0129 3B       		.uleb128 0x3b
 1387 012a 0B       		.uleb128 0xb
 1388 012b 27       		.uleb128 0x27
 1389 012c 19       		.uleb128 0x19
 1390 012d 49       		.uleb128 0x49
 1391 012e 13       		.uleb128 0x13
 1392 012f 11       		.uleb128 0x11
 1393 0130 01       		.uleb128 0x1
 1394 0131 12       		.uleb128 0x12
 1395 0132 06       		.uleb128 0x6
 1396 0133 40       		.uleb128 0x40
 1397 0134 18       		.uleb128 0x18
 1398 0135 9742     		.uleb128 0x2117
 1399 0137 19       		.uleb128 0x19
 1400 0138 00       		.byte	0
 1401 0139 00       		.byte	0
 1402 013a 1A       		.uleb128 0x1a
 1403 013b 2E       		.uleb128 0x2e
 1404 013c 01       		.byte	0x1
 1405 013d 3F       		.uleb128 0x3f
 1406 013e 19       		.uleb128 0x19
 1407 013f 03       		.uleb128 0x3
 1408 0140 0E       		.uleb128 0xe
 1409 0141 3A       		.uleb128 0x3a
 1410 0142 0B       		.uleb128 0xb
 1411 0143 3B       		.uleb128 0x3b
 1412 0144 0B       		.uleb128 0xb
 1413 0145 27       		.uleb128 0x27
 1414 0146 19       		.uleb128 0x19
 1415 0147 11       		.uleb128 0x11
 1416 0148 01       		.uleb128 0x1
 1417 0149 12       		.uleb128 0x12
 1418 014a 06       		.uleb128 0x6
 1419 014b 40       		.uleb128 0x40
 1420 014c 18       		.uleb128 0x18
 1421 014d 9742     		.uleb128 0x2117
 1422 014f 19       		.uleb128 0x19
 1423 0150 01       		.uleb128 0x1
 1424 0151 13       		.uleb128 0x13
ARM GAS  /tmp/ccti15O0.s 			page 26


 1425 0152 00       		.byte	0
 1426 0153 00       		.byte	0
 1427 0154 1B       		.uleb128 0x1b
 1428 0155 898201   		.uleb128 0x4109
 1429 0158 01       		.byte	0x1
 1430 0159 11       		.uleb128 0x11
 1431 015a 01       		.uleb128 0x1
 1432 015b 31       		.uleb128 0x31
 1433 015c 13       		.uleb128 0x13
 1434 015d 00       		.byte	0
 1435 015e 00       		.byte	0
 1436 015f 1C       		.uleb128 0x1c
 1437 0160 8A8201   		.uleb128 0x410a
 1438 0163 00       		.byte	0
 1439 0164 02       		.uleb128 0x2
 1440 0165 18       		.uleb128 0x18
 1441 0166 9142     		.uleb128 0x2111
 1442 0168 18       		.uleb128 0x18
 1443 0169 00       		.byte	0
 1444 016a 00       		.byte	0
 1445 016b 1D       		.uleb128 0x1d
 1446 016c 34       		.uleb128 0x34
 1447 016d 00       		.byte	0
 1448 016e 03       		.uleb128 0x3
 1449 016f 0E       		.uleb128 0xe
 1450 0170 3A       		.uleb128 0x3a
 1451 0171 0B       		.uleb128 0xb
 1452 0172 3B       		.uleb128 0x3b
 1453 0173 05       		.uleb128 0x5
 1454 0174 49       		.uleb128 0x49
 1455 0175 13       		.uleb128 0x13
 1456 0176 3F       		.uleb128 0x3f
 1457 0177 19       		.uleb128 0x19
 1458 0178 3C       		.uleb128 0x3c
 1459 0179 19       		.uleb128 0x19
 1460 017a 00       		.byte	0
 1461 017b 00       		.byte	0
 1462 017c 1E       		.uleb128 0x1e
 1463 017d 34       		.uleb128 0x34
 1464 017e 00       		.byte	0
 1465 017f 03       		.uleb128 0x3
 1466 0180 08       		.uleb128 0x8
 1467 0181 3A       		.uleb128 0x3a
 1468 0182 0B       		.uleb128 0xb
 1469 0183 3B       		.uleb128 0x3b
 1470 0184 05       		.uleb128 0x5
 1471 0185 49       		.uleb128 0x49
 1472 0186 13       		.uleb128 0x13
 1473 0187 3F       		.uleb128 0x3f
 1474 0188 19       		.uleb128 0x19
 1475 0189 3C       		.uleb128 0x3c
 1476 018a 19       		.uleb128 0x19
 1477 018b 00       		.byte	0
 1478 018c 00       		.byte	0
 1479 018d 1F       		.uleb128 0x1f
 1480 018e 2E       		.uleb128 0x2e
 1481 018f 01       		.byte	0x1
ARM GAS  /tmp/ccti15O0.s 			page 27


 1482 0190 3F       		.uleb128 0x3f
 1483 0191 19       		.uleb128 0x19
 1484 0192 03       		.uleb128 0x3
 1485 0193 0E       		.uleb128 0xe
 1486 0194 3A       		.uleb128 0x3a
 1487 0195 0B       		.uleb128 0xb
 1488 0196 3B       		.uleb128 0x3b
 1489 0197 0B       		.uleb128 0xb
 1490 0198 27       		.uleb128 0x27
 1491 0199 19       		.uleb128 0x19
 1492 019a 3C       		.uleb128 0x3c
 1493 019b 19       		.uleb128 0x19
 1494 019c 00       		.byte	0
 1495 019d 00       		.byte	0
 1496 019e 00       		.byte	0
 1497              		.section	.debug_aranges,"",%progbits
 1498 0000 2C000000 		.4byte	0x2c
 1499 0004 0200     		.2byte	0x2
 1500 0006 00000000 		.4byte	.Ldebug_info0
 1501 000a 04       		.byte	0x4
 1502 000b 00       		.byte	0
 1503 000c 0000     		.2byte	0
 1504 000e 0000     		.2byte	0
 1505 0010 00000000 		.4byte	.LFB207
 1506 0014 10000000 		.4byte	.LFE207-.LFB207
 1507 0018 00000000 		.4byte	.LFB208
 1508 001c 10000000 		.4byte	.LFE208-.LFB208
 1509 0020 00000000 		.4byte	.LFB209
 1510 0024 18000000 		.4byte	.LFE209-.LFB209
 1511 0028 00000000 		.4byte	0
 1512 002c 00000000 		.4byte	0
 1513              		.section	.debug_ranges,"",%progbits
 1514              	.Ldebug_ranges0:
 1515 0000 00000000 		.4byte	.LFB207
 1516 0004 10000000 		.4byte	.LFE207
 1517 0008 00000000 		.4byte	.LFB208
 1518 000c 10000000 		.4byte	.LFE208
 1519 0010 00000000 		.4byte	.LFB209
 1520 0014 18000000 		.4byte	.LFE209
 1521 0018 00000000 		.4byte	0
 1522 001c 00000000 		.4byte	0
 1523              		.section	.debug_line,"",%progbits
 1524              	.Ldebug_line0:
 1525 0000 32020000 		.section	.debug_str,"MS",%progbits,1
 1525      0200FA01 
 1525      00000201 
 1525      FB0E0D00 
 1525      01010101 
 1526              	.LASF56:
 1527 0000 72656164 		.ascii	"ready_list_t\000"
 1527      795F6C69 
 1527      73745F74 
 1527      00
 1528              	.LASF94:
 1529 000d 77747472 		.ascii	"wttrp\000"
 1529      7000
 1530              	.LASF91:
ARM GAS  /tmp/ccti15O0.s 			page 28


 1531 0013 7264796D 		.ascii	"rdymsg\000"
 1531      736700
 1532              	.LASF20:
 1533 001a 75696E74 		.ascii	"uint64_t\000"
 1533      36345F74 
 1533      00
 1534              	.LASF3:
 1535 0023 5F5F7569 		.ascii	"__uint8_t\000"
 1535      6E74385F 
 1535      7400
 1536              	.LASF110:
 1537 002d 4F545950 		.ascii	"OTYPER\000"
 1537      455200
 1538              	.LASF88:
 1539 0034 706F7274 		.ascii	"port_intctx\000"
 1539      5F696E74 
 1539      63747800 
 1540              	.LASF75:
 1541 0040 73797374 		.ascii	"system_debug_t\000"
 1541      656D5F64 
 1541      65627567 
 1541      5F7400
 1542              	.LASF118:
 1543 004f 696F706F 		.ascii	"ioportmask_t\000"
 1543      72746D61 
 1543      736B5F74 
 1543      00
 1544              	.LASF109:
 1545 005c 4D4F4445 		.ascii	"MODER\000"
 1545      5200
 1546              	.LASF14:
 1547 0062 6C6F6E67 		.ascii	"long long unsigned int\000"
 1547      206C6F6E 
 1547      6720756E 
 1547      7369676E 
 1547      65642069 
 1548              	.LASF112:
 1549 0079 50555044 		.ascii	"PUPDR\000"
 1549      5200
 1550              	.LASF92:
 1551 007f 65786974 		.ascii	"exitcode\000"
 1551      636F6465 
 1551      00
 1552              	.LASF82:
 1553 0088 6D61696E 		.ascii	"mainthread\000"
 1553      74687265 
 1553      616400
 1554              	.LASF72:
 1555 0093 76697274 		.ascii	"virtual_timers_list_t\000"
 1555      75616C5F 
 1555      74696D65 
 1555      72735F6C 
 1555      6973745F 
 1556              	.LASF2:
 1557 00a9 5F5F696E 		.ascii	"__int8_t\000"
 1557      74385F74 
 1557      00
ARM GAS  /tmp/ccti15O0.s 			page 29


 1558              	.LASF121:
 1559 00b2 49544D5F 		.ascii	"ITM_RxBuffer\000"
 1559      52784275 
 1559      66666572 
 1559      00
 1560              	.LASF55:
 1561 00bf 63685F74 		.ascii	"ch_threads_queue\000"
 1561      68726561 
 1561      64735F71 
 1561      75657565 
 1561      00
 1562              	.LASF34:
 1563 00d0 705F7072 		.ascii	"p_prio\000"
 1563      696F00
 1564              	.LASF12:
 1565 00d7 6C6F6E67 		.ascii	"long long int\000"
 1565      206C6F6E 
 1565      6720696E 
 1565      7400
 1566              	.LASF1:
 1567 00e5 7369676E 		.ascii	"signed char\000"
 1567      65642063 
 1567      68617200 
 1568              	.LASF113:
 1569 00f1 42535252 		.ascii	"BSRR\000"
 1569      00
 1570              	.LASF49:
 1571 00f6 705F6D70 		.ascii	"p_mpool\000"
 1571      6F6F6C00 
 1572              	.LASF102:
 1573 00fe 6D5F7175 		.ascii	"m_queue\000"
 1573      65756500 
 1574              	.LASF81:
 1575 0106 76746C69 		.ascii	"vtlist\000"
 1575      737400
 1576              	.LASF25:
 1577 010d 74736C69 		.ascii	"tslices_t\000"
 1577      6365735F 
 1577      7400
 1578              	.LASF79:
 1579 0117 63685F73 		.ascii	"ch_system\000"
 1579      79737465 
 1579      6D00
 1580              	.LASF9:
 1581 0121 6C6F6E67 		.ascii	"long int\000"
 1581      20696E74 
 1581      00
 1582              	.LASF23:
 1583 012a 74737461 		.ascii	"tstate_t\000"
 1583      74655F74 
 1583      00
 1584              	.LASF124:
 1585 0133 2F686F6D 		.ascii	"/home/peter/Plocha/robocup_2017/dribler_versions/ro"
 1585      652F7065 
 1585      7465722F 
 1585      506C6F63 
 1585      68612F72 
ARM GAS  /tmp/ccti15O0.s 			page 30


 1586 0166 626F6375 		.ascii	"bocup_austria\000"
 1586      705F6175 
 1586      73747269 
 1586      6100
 1587              	.LASF17:
 1588 0174 75696E74 		.ascii	"uint16_t\000"
 1588      31365F74 
 1588      00
 1589              	.LASF36:
 1590 017d 705F6E65 		.ascii	"p_newer\000"
 1590      77657200 
 1591              	.LASF99:
 1592 0185 735F7175 		.ascii	"s_queue\000"
 1592      65756500 
 1593              	.LASF111:
 1594 018d 4F535045 		.ascii	"OSPEEDR\000"
 1594      45445200 
 1595              	.LASF61:
 1596 0195 725F6E65 		.ascii	"r_newer\000"
 1596      77657200 
 1597              	.LASF85:
 1598 019d 72656761 		.ascii	"regarm_t\000"
 1598      726D5F74 
 1598      00
 1599              	.LASF68:
 1600 01a6 76745F70 		.ascii	"vt_prev\000"
 1600      72657600 
 1601              	.LASF117:
 1602 01ae 73746D33 		.ascii	"stm32_gpio_t\000"
 1602      325F6770 
 1602      696F5F74 
 1602      00
 1603              	.LASF106:
 1604 01bb 6D757465 		.ascii	"mutex_t\000"
 1604      785F7400 
 1605              	.LASF83:
 1606 01c3 69646C65 		.ascii	"idle_thread_wa\000"
 1606      5F746872 
 1606      6561645F 
 1606      776100
 1607              	.LASF29:
 1608 01d2 636E745F 		.ascii	"cnt_t\000"
 1608      7400
 1609              	.LASF0:
 1610 01d8 756E7369 		.ascii	"unsigned int\000"
 1610      676E6564 
 1610      20696E74 
 1610      00
 1611              	.LASF67:
 1612 01e5 76745F6E 		.ascii	"vt_next\000"
 1612      65787400 
 1613              	.LASF95:
 1614 01ed 77747365 		.ascii	"wtsemp\000"
 1614      6D7000
 1615              	.LASF44:
 1616 01f4 705F6D73 		.ascii	"p_msgqueue\000"
 1616      67717565 
ARM GAS  /tmp/ccti15O0.s 			page 31


 1616      756500
 1617              	.LASF114:
 1618 01ff 4C434B52 		.ascii	"LCKR\000"
 1618      00
 1619              	.LASF100:
 1620 0204 735F636E 		.ascii	"s_cnt\000"
 1620      7400
 1621              	.LASF7:
 1622 020a 73686F72 		.ascii	"short unsigned int\000"
 1622      7420756E 
 1622      7369676E 
 1622      65642069 
 1622      6E7400
 1623              	.LASF119:
 1624 021d 6B69636B 		.ascii	"kicker_is_ready\000"
 1624      65725F69 
 1624      735F7265 
 1624      61647900 
 1625              	.LASF120:
 1626 022d 695F6861 		.ascii	"i_have_ball\000"
 1626      76655F62 
 1626      616C6C00 
 1627              	.LASF52:
 1628 0239 63685F74 		.ascii	"ch_thread\000"
 1628      68726561 
 1628      6400
 1629              	.LASF27:
 1630 0243 6D73675F 		.ascii	"msg_t\000"
 1630      7400
 1631              	.LASF78:
 1632 0249 63685F73 		.ascii	"ch_system_t\000"
 1632      79737465 
 1632      6D5F7400 
 1633              	.LASF22:
 1634 0255 746D6F64 		.ascii	"tmode_t\000"
 1634      655F7400 
 1635              	.LASF57:
 1636 025d 63685F72 		.ascii	"ch_ready_list\000"
 1636      65616479 
 1636      5F6C6973 
 1636      7400
 1637              	.LASF28:
 1638 026b 6576656E 		.ascii	"eventmask_t\000"
 1638      746D6173 
 1638      6B5F7400 
 1639              	.LASF8:
 1640 0277 5F5F696E 		.ascii	"__int32_t\000"
 1640      7433325F 
 1640      7400
 1641              	.LASF86:
 1642 0281 73746B61 		.ascii	"stkalign_t\000"
 1642      6C69676E 
 1642      5F7400
 1643              	.LASF51:
 1644 028c 74687265 		.ascii	"threads_list_t\000"
 1644      6164735F 
 1644      6C697374 
ARM GAS  /tmp/ccti15O0.s 			page 32


 1644      5F7400
 1645              	.LASF43:
 1646 029b 705F7761 		.ascii	"p_waiting\000"
 1646      6974696E 
 1646      6700
 1647              	.LASF84:
 1648 02a5 73697A65 		.ascii	"sizetype\000"
 1648      74797065 
 1648      00
 1649              	.LASF50:
 1650 02ae 74687265 		.ascii	"thread_reference_t\000"
 1650      61645F72 
 1650      65666572 
 1650      656E6365 
 1650      5F7400
 1651              	.LASF73:
 1652 02c1 63685F76 		.ascii	"ch_virtual_timers_list\000"
 1652      69727475 
 1652      616C5F74 
 1652      696D6572 
 1652      735F6C69 
 1653              	.LASF108:
 1654 02d8 636C6561 		.ascii	"clear\000"
 1654      7200
 1655              	.LASF37:
 1656 02de 705F6F6C 		.ascii	"p_older\000"
 1656      64657200 
 1657              	.LASF60:
 1658 02e6 725F6374 		.ascii	"r_ctx\000"
 1658      7800
 1659              	.LASF90:
 1660 02ec 746D5F63 		.ascii	"tm_calibration_t\000"
 1660      616C6962 
 1660      72617469 
 1660      6F6E5F74 
 1660      00
 1661              	.LASF63:
 1662 02fd 725F6375 		.ascii	"r_current\000"
 1662      7272656E 
 1662      7400
 1663              	.LASF62:
 1664 0307 725F6F6C 		.ascii	"r_older\000"
 1664      64657200 
 1665              	.LASF13:
 1666 030f 5F5F7569 		.ascii	"__uint64_t\000"
 1666      6E743634 
 1666      5F7400
 1667              	.LASF116:
 1668 031a 41465248 		.ascii	"AFRH\000"
 1668      00
 1669              	.LASF115:
 1670 031f 4146524C 		.ascii	"AFRL\000"
 1670      00
 1671              	.LASF24:
 1672 0324 74726566 		.ascii	"trefs_t\000"
 1672      735F7400 
 1673              	.LASF65:
ARM GAS  /tmp/ccti15O0.s 			page 33


 1674 032c 76697274 		.ascii	"virtual_timer_t\000"
 1674      75616C5F 
 1674      74696D65 
 1674      725F7400 
 1675              	.LASF33:
 1676 033c 705F7072 		.ascii	"p_prev\000"
 1676      657600
 1677              	.LASF26:
 1678 0343 74707269 		.ascii	"tprio_t\000"
 1678      6F5F7400 
 1679              	.LASF76:
 1680 034b 63685F73 		.ascii	"ch_system_debug\000"
 1680      79737465 
 1680      6D5F6465 
 1680      62756700 
 1681              	.LASF107:
 1682 035b 5F426F6F 		.ascii	"_Bool\000"
 1682      6C00
 1683              	.LASF18:
 1684 0361 696E7433 		.ascii	"int32_t\000"
 1684      325F7400 
 1685              	.LASF4:
 1686 0369 756E7369 		.ascii	"unsigned char\000"
 1686      676E6564 
 1686      20636861 
 1686      7200
 1687              	.LASF47:
 1688 0377 705F6D74 		.ascii	"p_mtxlist\000"
 1688      786C6973 
 1688      7400
 1689              	.LASF5:
 1690 0381 73686F72 		.ascii	"short int\000"
 1690      7420696E 
 1690      7400
 1691              	.LASF39:
 1692 038b 705F7374 		.ascii	"p_state\000"
 1692      61746500 
 1693              	.LASF42:
 1694 0393 705F7072 		.ascii	"p_preempt\000"
 1694      65656D70 
 1694      7400
 1695              	.LASF59:
 1696 039d 725F7072 		.ascii	"r_prio\000"
 1696      696F00
 1697              	.LASF97:
 1698 03a4 65776D61 		.ascii	"ewmask\000"
 1698      736B00
 1699              	.LASF32:
 1700 03ab 705F6E65 		.ascii	"p_next\000"
 1700      787400
 1701              	.LASF40:
 1702 03b2 705F666C 		.ascii	"p_flags\000"
 1702      61677300 
 1703              	.LASF123:
 1704 03ba 6B69636B 		.ascii	"kicker.c\000"
 1704      65722E63 
 1704      00
ARM GAS  /tmp/ccti15O0.s 			page 34


 1705              	.LASF66:
 1706 03c3 63685F76 		.ascii	"ch_virtual_timer\000"
 1706      69727475 
 1706      616C5F74 
 1706      696D6572 
 1706      00
 1707              	.LASF98:
 1708 03d4 63685F73 		.ascii	"ch_semaphore\000"
 1708      656D6170 
 1708      686F7265 
 1708      00
 1709              	.LASF46:
 1710 03e1 705F6570 		.ascii	"p_epending\000"
 1710      656E6469 
 1710      6E6700
 1711              	.LASF126:
 1712 03ec 63685468 		.ascii	"chThdSleep\000"
 1712      64536C65 
 1712      657000
 1713              	.LASF19:
 1714 03f7 75696E74 		.ascii	"uint32_t\000"
 1714      33325F74 
 1714      00
 1715              	.LASF96:
 1716 0400 77746D74 		.ascii	"wtmtxp\000"
 1716      787000
 1717              	.LASF58:
 1718 0407 725F7175 		.ascii	"r_queue\000"
 1718      65756500 
 1719              	.LASF69:
 1720 040f 76745F64 		.ascii	"vt_delta\000"
 1720      656C7461 
 1720      00
 1721              	.LASF53:
 1722 0418 63685F74 		.ascii	"ch_threads_list\000"
 1722      68726561 
 1722      64735F6C 
 1722      69737400 
 1723              	.LASF11:
 1724 0428 6C6F6E67 		.ascii	"long unsigned int\000"
 1724      20756E73 
 1724      69676E65 
 1724      6420696E 
 1724      7400
 1725              	.LASF122:
 1726 043a 474E5520 		.ascii	"GNU C 4.9.3 20150529 (prerelease) -mcpu=cortex-m3 -"
 1726      4320342E 
 1726      392E3320 
 1726      32303135 
 1726      30353239 
 1727 046d 6D6E6F2D 		.ascii	"mno-thumb-interwork -mthumb -ggdb -O2 -std=c99 -fom"
 1727      7468756D 
 1727      622D696E 
 1727      74657277 
 1727      6F726B20 
 1728 04a0 69742D66 		.ascii	"it-frame-pointer -falign-functions=16 -ffunction-se"
 1728      72616D65 
ARM GAS  /tmp/ccti15O0.s 			page 35


 1728      2D706F69 
 1728      6E746572 
 1728      202D6661 
 1729 04d3 6374696F 		.ascii	"ctions -fdata-sections -fno-common\000"
 1729      6E73202D 
 1729      66646174 
 1729      612D7365 
 1729      6374696F 
 1730              	.LASF105:
 1731 04f6 63686172 		.ascii	"char\000"
 1731      00
 1732              	.LASF6:
 1733 04fb 5F5F7569 		.ascii	"__uint16_t\000"
 1733      6E743136 
 1733      5F7400
 1734              	.LASF31:
 1735 0506 74687265 		.ascii	"thread_t\000"
 1735      61645F74 
 1735      00
 1736              	.LASF104:
 1737 050f 6D5F6E65 		.ascii	"m_next\000"
 1737      787400
 1738              	.LASF30:
 1739 0516 73797374 		.ascii	"systime_t\000"
 1739      696D655F 
 1739      7400
 1740              	.LASF48:
 1741 0520 705F7265 		.ascii	"p_realprio\000"
 1741      616C7072 
 1741      696F00
 1742              	.LASF64:
 1743 052b 76746675 		.ascii	"vtfunc_t\000"
 1743      6E635F74 
 1743      00
 1744              	.LASF10:
 1745 0534 5F5F7569 		.ascii	"__uint32_t\000"
 1745      6E743332 
 1745      5F7400
 1746              	.LASF77:
 1747 053f 70616E69 		.ascii	"panic_msg\000"
 1747      635F6D73 
 1747      6700
 1748              	.LASF89:
 1749 0549 6F666673 		.ascii	"offset\000"
 1749      657400
 1750              	.LASF87:
 1751 0550 636F6E74 		.ascii	"context\000"
 1751      65787400 
 1752              	.LASF21:
 1753 0558 7274636E 		.ascii	"rtcnt_t\000"
 1753      745F7400 
 1754              	.LASF15:
 1755 0560 696E7438 		.ascii	"int8_t\000"
 1755      5F7400
 1756              	.LASF71:
 1757 0567 76745F70 		.ascii	"vt_par\000"
 1757      617200
ARM GAS  /tmp/ccti15O0.s 			page 36


 1758              	.LASF54:
 1759 056e 74687265 		.ascii	"threads_queue_t\000"
 1759      6164735F 
 1759      71756575 
 1759      655F7400 
 1760              	.LASF101:
 1761 057e 63685F6D 		.ascii	"ch_mutex\000"
 1761      75746578 
 1761      00
 1762              	.LASF41:
 1763 0587 705F7265 		.ascii	"p_refs\000"
 1763      667300
 1764              	.LASF80:
 1765 058e 726C6973 		.ascii	"rlist\000"
 1765      7400
 1766              	.LASF16:
 1767 0594 75696E74 		.ascii	"uint8_t\000"
 1767      385F7400 
 1768              	.LASF93:
 1769 059c 77746F62 		.ascii	"wtobjp\000"
 1769      6A7000
 1770              	.LASF38:
 1771 05a3 705F6E61 		.ascii	"p_name\000"
 1771      6D6500
 1772              	.LASF74:
 1773 05aa 76745F73 		.ascii	"vt_systime\000"
 1773      79737469 
 1773      6D6500
 1774              	.LASF125:
 1775 05b5 6B69636B 		.ascii	"kick\000"
 1775      00
 1776              	.LASF45:
 1777 05ba 705F6D73 		.ascii	"p_msg\000"
 1777      6700
 1778              	.LASF103:
 1779 05c0 6D5F6F77 		.ascii	"m_owner\000"
 1779      6E657200 
 1780              	.LASF35:
 1781 05c8 705F6374 		.ascii	"p_ctx\000"
 1781      7800
 1782              	.LASF70:
 1783 05ce 76745F66 		.ascii	"vt_func\000"
 1783      756E6300 
 1784              		.ident	"GCC: (15:4.9.3+svn227297-1) 4.9.3 20150529 (prerelease)"
ARM GAS  /tmp/ccti15O0.s 			page 37


DEFINED SYMBOLS
                            *ABS*:00000000 kicker.c
     /tmp/ccti15O0.s:19     .text.kicker_is_ready:00000000 $t
     /tmp/ccti15O0.s:25     .text.kicker_is_ready:00000000 kicker_is_ready
     /tmp/ccti15O0.s:42     .text.kicker_is_ready:0000000c $d
     /tmp/ccti15O0.s:47     .text.i_have_ball:00000000 $t
     /tmp/ccti15O0.s:53     .text.i_have_ball:00000000 i_have_ball
     /tmp/ccti15O0.s:69     .text.i_have_ball:0000000c $d
     /tmp/ccti15O0.s:74     .text.kick:00000000 $t
     /tmp/ccti15O0.s:80     .text.kick:00000000 kick
     /tmp/ccti15O0.s:106    .text.kick:00000014 $d
                     .debug_frame:00000010 $d
     /tmp/ccti15O0.s:110    .text.kick:00000018 $t

UNDEFINED SYMBOLS
chThdSleep
