ARM GAS  /tmp/ccgmh6C8.s 			page 1


   1              		.syntax unified
   2              		.cpu cortex-m3
   3              		.fpu softvfp
   4              		.eabi_attribute 20, 1
   5              		.eabi_attribute 21, 1
   6              		.eabi_attribute 23, 3
   7              		.eabi_attribute 24, 1
   8              		.eabi_attribute 25, 1
   9              		.eabi_attribute 26, 1
  10              		.eabi_attribute 30, 2
  11              		.eabi_attribute 34, 1
  12              		.eabi_attribute 18, 4
  13              		.thumb
  14              		.file	"memstreams.c"
  15              		.text
  16              	.Ltext0:
  17              		.cfi_sections	.debug_frame
  18              		.section	.text.put,"ax",%progbits
  19              		.align	2
  20              		.p2align 4,,15
  21              		.thumb
  22              		.thumb_func
  23              		.type	put, %function
  24              	put:
  25              	.LFB209:
  26              		.file 1 "/home/peter/ChibiOS_16.1.4/os/hal/lib/streams/memstreams.c"
  27              		.loc 1 66 0
  28              		.cfi_startproc
  29              		@ args = 0, pretend = 0, frame = 0
  30              		@ frame_needed = 0, uses_anonymous_args = 0
  31              		@ link register save eliminated.
  32              	.LVL0:
  33              		.loc 1 69 0
  34 0000 C268     		ldr	r2, [r0, #12]
  35              		.loc 1 66 0
  36 0002 0346     		mov	r3, r0
  37              	.LVL1:
  38              		.loc 1 69 0
  39 0004 8068     		ldr	r0, [r0, #8]
  40              	.LVL2:
  41 0006 9042     		cmp	r0, r2
  42 0008 09D0     		beq	.L3
  43              		.loc 1 66 0
  44 000a 10B4     		push	{r4}
  45              		.cfi_def_cfa_offset 4
  46              		.cfi_offset 4, -4
  47              		.loc 1 71 0
  48 000c 5C68     		ldr	r4, [r3, #4]
  49              		.loc 1 73 0
  50 000e 0020     		movs	r0, #0
  51              		.loc 1 71 0
  52 0010 A154     		strb	r1, [r4, r2]
  53              		.loc 1 72 0
  54 0012 DA68     		ldr	r2, [r3, #12]
  55              		.loc 1 74 0
  56 0014 5DF8044B 		ldr	r4, [sp], #4
  57              		.cfi_restore 4
ARM GAS  /tmp/ccgmh6C8.s 			page 2


  58              		.cfi_def_cfa_offset 0
  59              		.loc 1 72 0
  60 0018 0132     		adds	r2, r2, #1
  61 001a DA60     		str	r2, [r3, #12]
  62              		.loc 1 74 0
  63 001c 7047     		bx	lr
  64              	.L3:
  65              		.loc 1 70 0
  66 001e 6FF00100 		mvn	r0, #1
  67 0022 7047     		bx	lr
  68              		.cfi_endproc
  69              	.LFE209:
  70              		.size	put, .-put
  71 0024 AFF30080 		.section	.text.get,"ax",%progbits
  71      AFF30080 
  71      AFF30080 
  72              		.align	2
  73              		.p2align 4,,15
  74              		.thumb
  75              		.thumb_func
  76              		.type	get, %function
  77              	get:
  78              	.LFB210:
  79              		.loc 1 76 0
  80              		.cfi_startproc
  81              		@ args = 0, pretend = 0, frame = 0
  82              		@ frame_needed = 0, uses_anonymous_args = 0
  83              		@ link register save eliminated.
  84              	.LVL3:
  85              		.loc 1 80 0
  86 0000 0369     		ldr	r3, [r0, #16]
  87 0002 C268     		ldr	r2, [r0, #12]
  88 0004 9A42     		cmp	r2, r3
  89 0006 05D0     		beq	.L9
  90              		.loc 1 82 0
  91 0008 4168     		ldr	r1, [r0, #4]
  92              		.loc 1 83 0
  93 000a 5A1C     		adds	r2, r3, #1
  94              		.loc 1 82 0
  95 000c CB5C     		ldrb	r3, [r1, r3]	@ zero_extendqisi2
  96              	.LVL4:
  97              		.loc 1 83 0
  98 000e 0261     		str	r2, [r0, #16]
  99              		.loc 1 84 0
 100 0010 1846     		mov	r0, r3
 101              	.LVL5:
 102 0012 7047     		bx	lr
 103              	.LVL6:
 104              	.L9:
 105              		.loc 1 81 0
 106 0014 6FF00100 		mvn	r0, #1
 107              	.LVL7:
 108              		.loc 1 85 0
 109 0018 7047     		bx	lr
 110              		.cfi_endproc
 111              	.LFE210:
 112              		.size	get, .-get
ARM GAS  /tmp/ccgmh6C8.s 			page 3


 113 001a 00BFAFF3 		.section	.text.reads,"ax",%progbits
 113      0080
 114              		.align	2
 115              		.p2align 4,,15
 116              		.thumb
 117              		.thumb_func
 118              		.type	reads, %function
 119              	reads:
 120              	.LFB208:
 121              		.loc 1 56 0
 122              		.cfi_startproc
 123              		@ args = 0, pretend = 0, frame = 0
 124              		@ frame_needed = 0, uses_anonymous_args = 0
 125              	.LVL8:
 126 0000 70B5     		push	{r4, r5, r6, lr}
 127              		.cfi_def_cfa_offset 16
 128              		.cfi_offset 4, -16
 129              		.cfi_offset 5, -12
 130              		.cfi_offset 6, -8
 131              		.cfi_offset 14, -4
 132              		.loc 1 59 0
 133 0002 0669     		ldr	r6, [r0, #16]
 134 0004 C468     		ldr	r4, [r0, #12]
 135              		.loc 1 56 0
 136 0006 0546     		mov	r5, r0
 137              	.LVL9:
 138              		.loc 1 59 0
 139 0008 A41B     		subs	r4, r4, r6
 140 000a 9442     		cmp	r4, r2
 141 000c 28BF     		it	cs
 142 000e 1446     		movcs	r4, r2
 143              	.LVL10:
 144              		.loc 1 61 0
 145 0010 4368     		ldr	r3, [r0, #4]
 146 0012 2246     		mov	r2, r4
 147 0014 0846     		mov	r0, r1
 148              	.LVL11:
 149 0016 9919     		adds	r1, r3, r6
 150              	.LVL12:
 151 0018 FFF7FEFF 		bl	memcpy
 152              	.LVL13:
 153              		.loc 1 62 0
 154 001c 2B69     		ldr	r3, [r5, #16]
 155              		.loc 1 64 0
 156 001e 2046     		mov	r0, r4
 157              		.loc 1 62 0
 158 0020 1C44     		add	r4, r4, r3
 159              	.LVL14:
 160 0022 2C61     		str	r4, [r5, #16]
 161              		.loc 1 64 0
 162 0024 70BD     		pop	{r4, r5, r6, pc}
 163              		.cfi_endproc
 164              	.LFE208:
 165              		.size	reads, .-reads
 166 0026 00BFAFF3 		.section	.text.writes,"ax",%progbits
 166      0080AFF3 
 166      0080
ARM GAS  /tmp/ccgmh6C8.s 			page 4


 167              		.align	2
 168              		.p2align 4,,15
 169              		.thumb
 170              		.thumb_func
 171              		.type	writes, %function
 172              	writes:
 173              	.LFB207:
 174              		.loc 1 46 0
 175              		.cfi_startproc
 176              		@ args = 0, pretend = 0, frame = 0
 177              		@ frame_needed = 0, uses_anonymous_args = 0
 178              	.LVL15:
 179 0000 38B5     		push	{r3, r4, r5, lr}
 180              		.cfi_def_cfa_offset 16
 181              		.cfi_offset 3, -16
 182              		.cfi_offset 4, -12
 183              		.cfi_offset 5, -8
 184              		.cfi_offset 14, -4
 185              		.loc 1 49 0
 186 0002 C368     		ldr	r3, [r0, #12]
 187 0004 8468     		ldr	r4, [r0, #8]
 188              		.loc 1 46 0
 189 0006 0546     		mov	r5, r0
 190              	.LVL16:
 191              		.loc 1 49 0
 192 0008 E41A     		subs	r4, r4, r3
 193 000a 9442     		cmp	r4, r2
 194 000c 28BF     		it	cs
 195 000e 1446     		movcs	r4, r2
 196              	.LVL17:
 197              		.loc 1 51 0
 198 0010 4068     		ldr	r0, [r0, #4]
 199              	.LVL18:
 200 0012 2246     		mov	r2, r4
 201 0014 1844     		add	r0, r0, r3
 202 0016 FFF7FEFF 		bl	memcpy
 203              	.LVL19:
 204              		.loc 1 52 0
 205 001a EB68     		ldr	r3, [r5, #12]
 206              		.loc 1 54 0
 207 001c 2046     		mov	r0, r4
 208              		.loc 1 52 0
 209 001e 1C44     		add	r4, r4, r3
 210              	.LVL20:
 211 0020 EC60     		str	r4, [r5, #12]
 212              		.loc 1 54 0
 213 0022 38BD     		pop	{r3, r4, r5, pc}
 214              		.cfi_endproc
 215              	.LFE207:
 216              		.size	writes, .-writes
 217 0024 AFF30080 		.section	.text.msObjectInit,"ax",%progbits
 217      AFF30080 
 217      AFF30080 
 218              		.align	2
 219              		.p2align 4,,15
 220              		.global	msObjectInit
 221              		.thumb
ARM GAS  /tmp/ccgmh6C8.s 			page 5


 222              		.thumb_func
 223              		.type	msObjectInit, %function
 224              	msObjectInit:
 225              	.LFB211:
 226              		.loc 1 104 0
 227              		.cfi_startproc
 228              		@ args = 0, pretend = 0, frame = 0
 229              		@ frame_needed = 0, uses_anonymous_args = 0
 230              		@ link register save eliminated.
 231              	.LVL21:
 232 0000 30B4     		push	{r4, r5}
 233              		.cfi_def_cfa_offset 8
 234              		.cfi_offset 4, -8
 235              		.cfi_offset 5, -4
 236              		.loc 1 106 0
 237 0002 044D     		ldr	r5, .L16
 238              		.loc 1 110 0
 239 0004 0024     		movs	r4, #0
 240              		.loc 1 106 0
 241 0006 0560     		str	r5, [r0]
 242              		.loc 1 110 0
 243 0008 0461     		str	r4, [r0, #16]
 244              		.loc 1 107 0
 245 000a 4160     		str	r1, [r0, #4]
 246              		.loc 1 108 0
 247 000c 8260     		str	r2, [r0, #8]
 248              		.loc 1 109 0
 249 000e C360     		str	r3, [r0, #12]
 250              		.loc 1 111 0
 251 0010 30BC     		pop	{r4, r5}
 252              		.cfi_restore 5
 253              		.cfi_restore 4
 254              		.cfi_def_cfa_offset 0
 255 0012 7047     		bx	lr
 256              	.L17:
 257              		.align	2
 258              	.L16:
 259 0014 00000000 		.word	.LANCHOR0
 260              		.cfi_endproc
 261              	.LFE211:
 262              		.size	msObjectInit, .-msObjectInit
 263 0018 AFF30080 		.section	.rodata.vmt,"a",%progbits
 263      AFF30080 
 264              		.align	2
 265              		.set	.LANCHOR0,. + 0
 266              		.type	vmt, %object
 267              		.size	vmt, 16
 268              	vmt:
 269 0000 00000000 		.word	writes
 270 0004 00000000 		.word	reads
 271 0008 00000000 		.word	put
 272 000c 00000000 		.word	get
 273              		.text
 274              	.Letext0:
 275              		.file 2 "/usr/lib/gcc/arm-none-eabi/4.9.3/include/stddef.h"
 276              		.file 3 "/usr/include/newlib/machine/_default_types.h"
 277              		.file 4 "/usr/include/newlib/stdint.h"
ARM GAS  /tmp/ccgmh6C8.s 			page 6


 278              		.file 5 "/home/peter/ChibiOS_16.1.4/os/rt/ports/ARMCMx/compilers/GCC/chtypes.h"
 279              		.file 6 "/home/peter/ChibiOS_16.1.4/os/rt/include/chsystypes.h"
 280              		.file 7 "/home/peter/ChibiOS_16.1.4/os/rt/include/chschd.h"
 281              		.file 8 "/home/peter/ChibiOS_16.1.4/os/rt/ports/ARMCMx/chcore.h"
 282              		.file 9 "/home/peter/ChibiOS_16.1.4/os/rt/ports/ARMCMx/chcore_v7m.h"
 283              		.file 10 "/home/peter/ChibiOS_16.1.4/os/rt/include/chtm.h"
 284              		.file 11 "/home/peter/ChibiOS_16.1.4/os/rt/include/chsem.h"
 285              		.file 12 "/home/peter/ChibiOS_16.1.4/os/rt/include/chmtx.h"
 286              		.file 13 "/home/peter/ChibiOS_16.1.4/os/hal/lib/streams/memstreams.h"
 287              		.file 14 "/home/peter/ChibiOS_16.1.4/os/ext/CMSIS/include/core_cm3.h"
 288              		.section	.debug_info,"",%progbits
 289              	.Ldebug_info0:
 290 0000 4C090000 		.4byte	0x94c
 291 0004 0400     		.2byte	0x4
 292 0006 00000000 		.4byte	.Ldebug_abbrev0
 293 000a 04       		.byte	0x4
 294 000b 01       		.uleb128 0x1
 295 000c F9030000 		.4byte	.LASF114
 296 0010 01       		.byte	0x1
 297 0011 2B000000 		.4byte	.LASF115
 298 0015 00000000 		.4byte	.Ldebug_ranges0+0
 299 0019 00000000 		.4byte	0
 300 001d 00000000 		.4byte	.Ldebug_line0
 301 0021 02       		.uleb128 0x2
 302 0022 04       		.byte	0x4
 303 0023 05       		.byte	0x5
 304 0024 696E7400 		.ascii	"int\000"
 305 0028 03       		.uleb128 0x3
 306 0029 24000000 		.4byte	.LASF2
 307 002d 02       		.byte	0x2
 308 002e D4       		.byte	0xd4
 309 002f 33000000 		.4byte	0x33
 310 0033 04       		.uleb128 0x4
 311 0034 04       		.byte	0x4
 312 0035 07       		.byte	0x7
 313 0036 B8010000 		.4byte	.LASF0
 314 003a 04       		.uleb128 0x4
 315 003b 01       		.byte	0x1
 316 003c 06       		.byte	0x6
 317 003d 15010000 		.4byte	.LASF1
 318 0041 03       		.uleb128 0x3
 319 0042 76000000 		.4byte	.LASF3
 320 0046 03       		.byte	0x3
 321 0047 1D       		.byte	0x1d
 322 0048 4C000000 		.4byte	0x4c
 323 004c 04       		.uleb128 0x4
 324 004d 01       		.byte	0x1
 325 004e 08       		.byte	0x8
 326 004f 35030000 		.4byte	.LASF4
 327 0053 04       		.uleb128 0x4
 328 0054 02       		.byte	0x2
 329 0055 05       		.byte	0x5
 330 0056 55030000 		.4byte	.LASF5
 331 005a 04       		.uleb128 0x4
 332 005b 02       		.byte	0x2
 333 005c 07       		.byte	0x7
 334 005d E5010000 		.4byte	.LASF6
ARM GAS  /tmp/ccgmh6C8.s 			page 7


 335 0061 03       		.uleb128 0x3
 336 0062 3D020000 		.4byte	.LASF7
 337 0066 03       		.byte	0x3
 338 0067 3F       		.byte	0x3f
 339 0068 6C000000 		.4byte	0x6c
 340 006c 04       		.uleb128 0x4
 341 006d 04       		.byte	0x4
 342 006e 05       		.byte	0x5
 343 006f 52010000 		.4byte	.LASF8
 344 0073 03       		.uleb128 0x3
 345 0074 ED040000 		.4byte	.LASF9
 346 0078 03       		.byte	0x3
 347 0079 41       		.byte	0x41
 348 007a 7E000000 		.4byte	0x7e
 349 007e 04       		.uleb128 0x4
 350 007f 04       		.byte	0x4
 351 0080 07       		.byte	0x7
 352 0081 E7030000 		.4byte	.LASF10
 353 0085 04       		.uleb128 0x4
 354 0086 08       		.byte	0x8
 355 0087 05       		.byte	0x5
 356 0088 07010000 		.4byte	.LASF11
 357 008c 03       		.uleb128 0x3
 358 008d E0020000 		.4byte	.LASF12
 359 0091 03       		.byte	0x3
 360 0092 5B       		.byte	0x5b
 361 0093 97000000 		.4byte	0x97
 362 0097 04       		.uleb128 0x4
 363 0098 08       		.byte	0x8
 364 0099 07       		.byte	0x7
 365 009a 9B000000 		.4byte	.LASF13
 366 009e 04       		.uleb128 0x4
 367 009f 04       		.byte	0x4
 368 00a0 07       		.byte	0x7
 369 00a1 6F020000 		.4byte	.LASF14
 370 00a5 05       		.uleb128 0x5
 371 00a6 04       		.byte	0x4
 372 00a7 04       		.uleb128 0x4
 373 00a8 01       		.byte	0x1
 374 00a9 08       		.byte	0x8
 375 00aa BA040000 		.4byte	.LASF15
 376 00ae 06       		.uleb128 0x6
 377 00af 04       		.byte	0x4
 378 00b0 B4000000 		.4byte	0xb4
 379 00b4 07       		.uleb128 0x7
 380 00b5 A7000000 		.4byte	0xa7
 381 00b9 03       		.uleb128 0x3
 382 00ba 46050000 		.4byte	.LASF16
 383 00be 04       		.byte	0x4
 384 00bf 15       		.byte	0x15
 385 00c0 41000000 		.4byte	0x41
 386 00c4 03       		.uleb128 0x3
 387 00c5 2D030000 		.4byte	.LASF17
 388 00c9 04       		.byte	0x4
 389 00ca 2C       		.byte	0x2c
 390 00cb 61000000 		.4byte	0x61
 391 00cf 03       		.uleb128 0x3
ARM GAS  /tmp/ccgmh6C8.s 			page 8


 392 00d0 B6030000 		.4byte	.LASF18
 393 00d4 04       		.byte	0x4
 394 00d5 2D       		.byte	0x2d
 395 00d6 73000000 		.4byte	0x73
 396 00da 03       		.uleb128 0x3
 397 00db 6D000000 		.4byte	.LASF19
 398 00df 04       		.byte	0x4
 399 00e0 39       		.byte	0x39
 400 00e1 8C000000 		.4byte	0x8c
 401 00e5 03       		.uleb128 0x3
 402 00e6 11050000 		.4byte	.LASF20
 403 00ea 05       		.byte	0x5
 404 00eb 39       		.byte	0x39
 405 00ec CF000000 		.4byte	0xcf
 406 00f0 03       		.uleb128 0x3
 407 00f1 1B020000 		.4byte	.LASF21
 408 00f5 05       		.byte	0x5
 409 00f6 3C       		.byte	0x3c
 410 00f7 B9000000 		.4byte	0xb9
 411 00fb 03       		.uleb128 0x3
 412 00fc 5B010000 		.4byte	.LASF22
 413 0100 05       		.byte	0x5
 414 0101 3D       		.byte	0x3d
 415 0102 B9000000 		.4byte	0xb9
 416 0106 03       		.uleb128 0x3
 417 0107 0F000000 		.4byte	.LASF23
 418 010b 05       		.byte	0x5
 419 010c 3E       		.byte	0x3e
 420 010d B9000000 		.4byte	0xb9
 421 0111 03       		.uleb128 0x3
 422 0112 38010000 		.4byte	.LASF24
 423 0116 05       		.byte	0x5
 424 0117 3F       		.byte	0x3f
 425 0118 B9000000 		.4byte	0xb9
 426 011c 03       		.uleb128 0x3
 427 011d 02030000 		.4byte	.LASF25
 428 0121 05       		.byte	0x5
 429 0122 40       		.byte	0x40
 430 0123 CF000000 		.4byte	0xcf
 431 0127 03       		.uleb128 0x3
 432 0128 02020000 		.4byte	.LASF26
 433 012c 05       		.byte	0x5
 434 012d 41       		.byte	0x41
 435 012e C4000000 		.4byte	0xc4
 436 0132 03       		.uleb128 0x3
 437 0133 31020000 		.4byte	.LASF27
 438 0137 05       		.byte	0x5
 439 0138 43       		.byte	0x43
 440 0139 CF000000 		.4byte	0xcf
 441 013d 03       		.uleb128 0x3
 442 013e B2010000 		.4byte	.LASF28
 443 0142 05       		.byte	0x5
 444 0143 45       		.byte	0x45
 445 0144 C4000000 		.4byte	0xc4
 446 0148 03       		.uleb128 0x3
 447 0149 CF040000 		.4byte	.LASF29
 448 014d 06       		.byte	0x6
ARM GAS  /tmp/ccgmh6C8.s 			page 9


 449 014e 33       		.byte	0x33
 450 014f CF000000 		.4byte	0xcf
 451 0153 03       		.uleb128 0x3
 452 0154 BF040000 		.4byte	.LASF30
 453 0158 06       		.byte	0x6
 454 0159 3F       		.byte	0x3f
 455 015a 5E010000 		.4byte	0x15e
 456 015e 08       		.uleb128 0x8
 457 015f F8010000 		.4byte	.LASF51
 458 0163 44       		.byte	0x44
 459 0164 07       		.byte	0x7
 460 0165 C2       		.byte	0xc2
 461 0166 57020000 		.4byte	0x257
 462 016a 09       		.uleb128 0x9
 463 016b 77030000 		.4byte	.LASF31
 464 016f 07       		.byte	0x7
 465 0170 C3       		.byte	0xc3
 466 0171 62020000 		.4byte	0x262
 467 0175 00       		.byte	0
 468 0176 09       		.uleb128 0x9
 469 0177 FB020000 		.4byte	.LASF32
 470 017b 07       		.byte	0x7
 471 017c C5       		.byte	0xc5
 472 017d 62020000 		.4byte	0x262
 473 0181 04       		.byte	0x4
 474 0182 09       		.uleb128 0x9
 475 0183 FA000000 		.4byte	.LASF33
 476 0187 07       		.byte	0x7
 477 0188 C7       		.byte	0xc7
 478 0189 1C010000 		.4byte	0x11c
 479 018d 08       		.byte	0x8
 480 018e 09       		.uleb128 0x9
 481 018f 73050000 		.4byte	.LASF34
 482 0193 07       		.byte	0x7
 483 0194 C8       		.byte	0xc8
 484 0195 89040000 		.4byte	0x489
 485 0199 0C       		.byte	0xc
 486 019a 09       		.uleb128 0x9
 487 019b 72010000 		.4byte	.LASF35
 488 019f 07       		.byte	0x7
 489 01a0 CA       		.byte	0xca
 490 01a1 62020000 		.4byte	0x262
 491 01a5 10       		.byte	0x10
 492 01a6 09       		.uleb128 0x9
 493 01a7 A2020000 		.4byte	.LASF36
 494 01ab 07       		.byte	0x7
 495 01ac CB       		.byte	0xcb
 496 01ad 62020000 		.4byte	0x262
 497 01b1 14       		.byte	0x14
 498 01b2 09       		.uleb128 0x9
 499 01b3 86030000 		.4byte	.LASF37
 500 01b7 07       		.byte	0x7
 501 01b8 D2       		.byte	0xd2
 502 01b9 AE000000 		.4byte	0xae
 503 01bd 18       		.byte	0x18
 504 01be 09       		.uleb128 0x9
 505 01bf 43030000 		.4byte	.LASF38
ARM GAS  /tmp/ccgmh6C8.s 			page 10


 506 01c3 07       		.byte	0x7
 507 01c4 DD       		.byte	0xdd
 508 01c5 FB000000 		.4byte	0xfb
 509 01c9 1C       		.byte	0x1c
 510 01ca 09       		.uleb128 0x9
 511 01cb 7E030000 		.4byte	.LASF39
 512 01cf 07       		.byte	0x7
 513 01d0 E1       		.byte	0xe1
 514 01d1 F0000000 		.4byte	0xf0
 515 01d5 1D       		.byte	0x1d
 516 01d6 09       		.uleb128 0x9
 517 01d7 39050000 		.4byte	.LASF40
 518 01db 07       		.byte	0x7
 519 01dc E6       		.byte	0xe6
 520 01dd 06010000 		.4byte	0x106
 521 01e1 1E       		.byte	0x1e
 522 01e2 09       		.uleb128 0x9
 523 01e3 5F030000 		.4byte	.LASF41
 524 01e7 07       		.byte	0x7
 525 01e8 EC       		.byte	0xec
 526 01e9 11010000 		.4byte	0x111
 527 01ed 1F       		.byte	0x1f
 528 01ee 0A       		.uleb128 0xa
 529 01ef 705F7500 		.ascii	"p_u\000"
 530 01f3 07       		.byte	0x7
 531 01f4 3101     		.2byte	0x131
 532 01f6 43050000 		.4byte	0x543
 533 01fa 20       		.byte	0x20
 534 01fb 0B       		.uleb128 0xb
 535 01fc 65020000 		.4byte	.LASF42
 536 0200 07       		.byte	0x7
 537 0201 3601     		.2byte	0x136
 538 0203 68020000 		.4byte	0x268
 539 0207 24       		.byte	0x24
 540 0208 0B       		.uleb128 0xb
 541 0209 D4010000 		.4byte	.LASF43
 542 020d 07       		.byte	0x7
 543 020e 3C01     		.2byte	0x13c
 544 0210 8C020000 		.4byte	0x28c
 545 0214 28       		.byte	0x28
 546 0215 0B       		.uleb128 0xb
 547 0216 65050000 		.4byte	.LASF44
 548 021a 07       		.byte	0x7
 549 021b 4001     		.2byte	0x140
 550 021d 27010000 		.4byte	0x127
 551 0221 30       		.byte	0x30
 552 0222 0B       		.uleb128 0xb
 553 0223 AB030000 		.4byte	.LASF45
 554 0227 07       		.byte	0x7
 555 0228 4601     		.2byte	0x146
 556 022a 32010000 		.4byte	0x132
 557 022e 34       		.byte	0x34
 558 022f 0B       		.uleb128 0xb
 559 0230 4B030000 		.4byte	.LASF46
 560 0234 07       		.byte	0x7
 561 0235 4D01     		.2byte	0x14d
 562 0237 02060000 		.4byte	0x602
ARM GAS  /tmp/ccgmh6C8.s 			page 11


 563 023b 38       		.byte	0x38
 564 023c 0B       		.uleb128 0xb
 565 023d D9040000 		.4byte	.LASF47
 566 0241 07       		.byte	0x7
 567 0242 5101     		.2byte	0x151
 568 0244 1C010000 		.4byte	0x11c
 569 0248 3C       		.byte	0x3c
 570 0249 0B       		.uleb128 0xb
 571 024a 21010000 		.4byte	.LASF48
 572 024e 07       		.byte	0x7
 573 024f 5801     		.2byte	0x158
 574 0251 A5000000 		.4byte	0xa5
 575 0255 40       		.byte	0x40
 576 0256 00       		.byte	0
 577 0257 03       		.uleb128 0x3
 578 0258 78020000 		.4byte	.LASF49
 579 025c 06       		.byte	0x6
 580 025d 44       		.byte	0x44
 581 025e 62020000 		.4byte	0x262
 582 0262 06       		.uleb128 0x6
 583 0263 04       		.byte	0x4
 584 0264 53010000 		.4byte	0x153
 585 0268 03       		.uleb128 0x3
 586 0269 00000000 		.4byte	.LASF50
 587 026d 06       		.byte	0x6
 588 026e 49       		.byte	0x49
 589 026f 73020000 		.4byte	0x273
 590 0273 08       		.uleb128 0x8
 591 0274 D7030000 		.4byte	.LASF52
 592 0278 04       		.byte	0x4
 593 0279 07       		.byte	0x7
 594 027a B0       		.byte	0xb0
 595 027b 8C020000 		.4byte	0x28c
 596 027f 09       		.uleb128 0x9
 597 0280 77030000 		.4byte	.LASF31
 598 0284 07       		.byte	0x7
 599 0285 B1       		.byte	0xb1
 600 0286 62020000 		.4byte	0x262
 601 028a 00       		.byte	0
 602 028b 00       		.byte	0
 603 028c 03       		.uleb128 0x3
 604 028d 20050000 		.4byte	.LASF53
 605 0291 06       		.byte	0x6
 606 0292 50       		.byte	0x50
 607 0293 97020000 		.4byte	0x297
 608 0297 08       		.uleb128 0x8
 609 0298 E9000000 		.4byte	.LASF54
 610 029c 08       		.byte	0x8
 611 029d 07       		.byte	0x7
 612 029e B7       		.byte	0xb7
 613 029f BC020000 		.4byte	0x2bc
 614 02a3 09       		.uleb128 0x9
 615 02a4 77030000 		.4byte	.LASF31
 616 02a8 07       		.byte	0x7
 617 02a9 B8       		.byte	0xb8
 618 02aa 62020000 		.4byte	0x262
 619 02ae 00       		.byte	0
ARM GAS  /tmp/ccgmh6C8.s 			page 12


 620 02af 09       		.uleb128 0x9
 621 02b0 FB020000 		.4byte	.LASF32
 622 02b4 07       		.byte	0x7
 623 02b5 B9       		.byte	0xb9
 624 02b6 62020000 		.4byte	0x262
 625 02ba 04       		.byte	0x4
 626 02bb 00       		.byte	0
 627 02bc 03       		.uleb128 0x3
 628 02bd 17000000 		.4byte	.LASF55
 629 02c1 06       		.byte	0x6
 630 02c2 57       		.byte	0x57
 631 02c3 C7020000 		.4byte	0x2c7
 632 02c7 0C       		.uleb128 0xc
 633 02c8 23020000 		.4byte	.LASF56
 634 02cc 1C       		.byte	0x1c
 635 02cd 07       		.byte	0x7
 636 02ce 9001     		.2byte	0x190
 637 02d0 23030000 		.4byte	0x323
 638 02d4 0B       		.uleb128 0xb
 639 02d5 C6030000 		.4byte	.LASF57
 640 02d9 07       		.byte	0x7
 641 02da 9101     		.2byte	0x191
 642 02dc 8C020000 		.4byte	0x28c
 643 02e0 00       		.byte	0
 644 02e1 0B       		.uleb128 0xb
 645 02e2 69030000 		.4byte	.LASF58
 646 02e6 07       		.byte	0x7
 647 02e7 9201     		.2byte	0x192
 648 02e9 1C010000 		.4byte	0x11c
 649 02ed 08       		.byte	0x8
 650 02ee 0B       		.uleb128 0xb
 651 02ef AA020000 		.4byte	.LASF59
 652 02f3 07       		.byte	0x7
 653 02f4 9401     		.2byte	0x194
 654 02f6 89040000 		.4byte	0x489
 655 02fa 0C       		.byte	0xc
 656 02fb 0B       		.uleb128 0xb
 657 02fc 82010000 		.4byte	.LASF60
 658 0300 07       		.byte	0x7
 659 0301 9701     		.2byte	0x197
 660 0303 62020000 		.4byte	0x262
 661 0307 10       		.byte	0x10
 662 0308 0B       		.uleb128 0xb
 663 0309 CB020000 		.4byte	.LASF61
 664 030d 07       		.byte	0x7
 665 030e 9801     		.2byte	0x198
 666 0310 62020000 		.4byte	0x262
 667 0314 14       		.byte	0x14
 668 0315 0B       		.uleb128 0xb
 669 0316 C1020000 		.4byte	.LASF62
 670 031a 07       		.byte	0x7
 671 031b 9B01     		.2byte	0x19b
 672 031d 62020000 		.4byte	0x262
 673 0321 18       		.byte	0x18
 674 0322 00       		.byte	0
 675 0323 03       		.uleb128 0x3
 676 0324 E4040000 		.4byte	.LASF63
ARM GAS  /tmp/ccgmh6C8.s 			page 13


 677 0328 06       		.byte	0x6
 678 0329 5C       		.byte	0x5c
 679 032a 2E030000 		.4byte	0x32e
 680 032e 06       		.uleb128 0x6
 681 032f 04       		.byte	0x4
 682 0330 34030000 		.4byte	0x334
 683 0334 0D       		.uleb128 0xd
 684 0335 3F030000 		.4byte	0x33f
 685 0339 0E       		.uleb128 0xe
 686 033a A5000000 		.4byte	0xa5
 687 033e 00       		.byte	0
 688 033f 03       		.uleb128 0x3
 689 0340 EB020000 		.4byte	.LASF64
 690 0344 06       		.byte	0x6
 691 0345 61       		.byte	0x61
 692 0346 4A030000 		.4byte	0x34a
 693 034a 0C       		.uleb128 0xc
 694 034b 8D030000 		.4byte	.LASF65
 695 034f 14       		.byte	0x14
 696 0350 07       		.byte	0x7
 697 0351 6B01     		.2byte	0x16b
 698 0353 99030000 		.4byte	0x399
 699 0357 0B       		.uleb128 0xb
 700 0358 C5010000 		.4byte	.LASF66
 701 035c 07       		.byte	0x7
 702 035d 6C01     		.2byte	0x16c
 703 035f 08060000 		.4byte	0x608
 704 0363 00       		.byte	0
 705 0364 0B       		.uleb128 0xb
 706 0365 93010000 		.4byte	.LASF67
 707 0369 07       		.byte	0x7
 708 036a 6D01     		.2byte	0x16d
 709 036c 08060000 		.4byte	0x608
 710 0370 04       		.byte	0x4
 711 0371 0B       		.uleb128 0xb
 712 0372 CE030000 		.4byte	.LASF68
 713 0376 07       		.byte	0x7
 714 0377 6E01     		.2byte	0x16e
 715 0379 48010000 		.4byte	0x148
 716 037d 08       		.byte	0x8
 717 037e 0B       		.uleb128 0xb
 718 037f 79050000 		.4byte	.LASF69
 719 0383 07       		.byte	0x7
 720 0384 6F01     		.2byte	0x16f
 721 0386 23030000 		.4byte	0x323
 722 038a 0C       		.byte	0xc
 723 038b 0B       		.uleb128 0xb
 724 038c 19050000 		.4byte	.LASF70
 725 0390 07       		.byte	0x7
 726 0391 7101     		.2byte	0x171
 727 0393 A5000000 		.4byte	0xa5
 728 0397 10       		.byte	0x10
 729 0398 00       		.byte	0
 730 0399 03       		.uleb128 0x3
 731 039a C6000000 		.4byte	.LASF71
 732 039e 06       		.byte	0x6
 733 039f 66       		.byte	0x66
ARM GAS  /tmp/ccgmh6C8.s 			page 14


 734 03a0 A4030000 		.4byte	0x3a4
 735 03a4 0C       		.uleb128 0xc
 736 03a5 8B020000 		.4byte	.LASF72
 737 03a9 10       		.byte	0x10
 738 03aa 07       		.byte	0x7
 739 03ab 7B01     		.2byte	0x17b
 740 03ad E6030000 		.4byte	0x3e6
 741 03b1 0B       		.uleb128 0xb
 742 03b2 C5010000 		.4byte	.LASF66
 743 03b6 07       		.byte	0x7
 744 03b7 7C01     		.2byte	0x17c
 745 03b9 08060000 		.4byte	0x608
 746 03bd 00       		.byte	0
 747 03be 0B       		.uleb128 0xb
 748 03bf 93010000 		.4byte	.LASF67
 749 03c3 07       		.byte	0x7
 750 03c4 7E01     		.2byte	0x17e
 751 03c6 08060000 		.4byte	0x608
 752 03ca 04       		.byte	0x4
 753 03cb 0B       		.uleb128 0xb
 754 03cc CE030000 		.4byte	.LASF68
 755 03d0 07       		.byte	0x7
 756 03d1 8001     		.2byte	0x180
 757 03d3 48010000 		.4byte	0x148
 758 03d7 08       		.byte	0x8
 759 03d8 0B       		.uleb128 0xb
 760 03d9 5A050000 		.4byte	.LASF73
 761 03dd 07       		.byte	0x7
 762 03de 8201     		.2byte	0x182
 763 03e0 0E060000 		.4byte	0x60e
 764 03e4 0C       		.byte	0xc
 765 03e5 00       		.byte	0
 766 03e6 03       		.uleb128 0x3
 767 03e7 8C000000 		.4byte	.LASF74
 768 03eb 06       		.byte	0x6
 769 03ec 6B       		.byte	0x6b
 770 03ed F1030000 		.4byte	0x3f1
 771 03f1 0C       		.uleb128 0xc
 772 03f2 17030000 		.4byte	.LASF75
 773 03f6 04       		.byte	0x4
 774 03f7 07       		.byte	0x7
 775 03f8 A201     		.2byte	0x1a2
 776 03fa 0C040000 		.4byte	0x40c
 777 03fe 0B       		.uleb128 0xb
 778 03ff F8040000 		.4byte	.LASF76
 779 0403 07       		.byte	0x7
 780 0404 AA01     		.2byte	0x1aa
 781 0406 13060000 		.4byte	0x613
 782 040a 00       		.byte	0
 783 040b 00       		.byte	0
 784 040c 03       		.uleb128 0x3
 785 040d 08020000 		.4byte	.LASF77
 786 0411 06       		.byte	0x6
 787 0412 70       		.byte	0x70
 788 0413 17040000 		.4byte	0x417
 789 0417 0F       		.uleb128 0xf
 790 0418 48010000 		.4byte	.LASF78
ARM GAS  /tmp/ccgmh6C8.s 			page 15


 791 041c 5001     		.2byte	0x150
 792 041e 07       		.byte	0x7
 793 041f C201     		.2byte	0x1c2
 794 0421 73040000 		.4byte	0x473
 795 0425 0B       		.uleb128 0xb
 796 0426 40050000 		.4byte	.LASF79
 797 042a 07       		.byte	0x7
 798 042b C601     		.2byte	0x1c6
 799 042d BC020000 		.4byte	0x2bc
 800 0431 00       		.byte	0
 801 0432 0B       		.uleb128 0xb
 802 0433 31010000 		.4byte	.LASF80
 803 0437 07       		.byte	0x7
 804 0438 CA01     		.2byte	0x1ca
 805 043a 99030000 		.4byte	0x399
 806 043e 1C       		.byte	0x1c
 807 043f 0A       		.uleb128 0xa
 808 0440 64626700 		.ascii	"dbg\000"
 809 0444 07       		.byte	0x7
 810 0445 CE01     		.2byte	0x1ce
 811 0447 E6030000 		.4byte	0x3e6
 812 044b 2C       		.byte	0x2c
 813 044c 0B       		.uleb128 0xb
 814 044d BB000000 		.4byte	.LASF81
 815 0451 07       		.byte	0x7
 816 0452 D201     		.2byte	0x1d2
 817 0454 53010000 		.4byte	0x153
 818 0458 30       		.byte	0x30
 819 0459 0A       		.uleb128 0xa
 820 045a 746D00   		.ascii	"tm\000"
 821 045d 07       		.byte	0x7
 822 045e D701     		.2byte	0x1d7
 823 0460 38050000 		.4byte	0x538
 824 0464 74       		.byte	0x74
 825 0465 0B       		.uleb128 0xb
 826 0466 A3010000 		.4byte	.LASF82
 827 046a 07       		.byte	0x7
 828 046b E301     		.2byte	0x1e3
 829 046d 18060000 		.4byte	0x618
 830 0471 78       		.byte	0x78
 831 0472 00       		.byte	0
 832 0473 03       		.uleb128 0x3
 833 0474 8A010000 		.4byte	.LASF83
 834 0478 08       		.byte	0x8
 835 0479 65       		.byte	0x65
 836 047a A5000000 		.4byte	0xa5
 837 047e 03       		.uleb128 0x3
 838 047f 47020000 		.4byte	.LASF84
 839 0483 08       		.byte	0x8
 840 0484 6D       		.byte	0x6d
 841 0485 DA000000 		.4byte	0xda
 842 0489 08       		.uleb128 0x8
 843 048a 09050000 		.4byte	.LASF85
 844 048e 04       		.byte	0x4
 845 048f 08       		.byte	0x8
 846 0490 89       		.byte	0x89
 847 0491 A2040000 		.4byte	0x4a2
ARM GAS  /tmp/ccgmh6C8.s 			page 16


 848 0495 10       		.uleb128 0x10
 849 0496 72313300 		.ascii	"r13\000"
 850 049a 08       		.byte	0x8
 851 049b 8A       		.byte	0x8a
 852 049c 1D050000 		.4byte	0x51d
 853 04a0 00       		.byte	0
 854 04a1 00       		.byte	0
 855 04a2 08       		.uleb128 0x8
 856 04a3 80000000 		.4byte	.LASF86
 857 04a7 24       		.byte	0x24
 858 04a8 09       		.byte	0x9
 859 04a9 FD       		.byte	0xfd
 860 04aa 1D050000 		.4byte	0x51d
 861 04ae 0A       		.uleb128 0xa
 862 04af 723400   		.ascii	"r4\000"
 863 04b2 09       		.byte	0x9
 864 04b3 1001     		.2byte	0x110
 865 04b5 73040000 		.4byte	0x473
 866 04b9 00       		.byte	0
 867 04ba 0A       		.uleb128 0xa
 868 04bb 723500   		.ascii	"r5\000"
 869 04be 09       		.byte	0x9
 870 04bf 1101     		.2byte	0x111
 871 04c1 73040000 		.4byte	0x473
 872 04c5 04       		.byte	0x4
 873 04c6 0A       		.uleb128 0xa
 874 04c7 723600   		.ascii	"r6\000"
 875 04ca 09       		.byte	0x9
 876 04cb 1201     		.2byte	0x112
 877 04cd 73040000 		.4byte	0x473
 878 04d1 08       		.byte	0x8
 879 04d2 0A       		.uleb128 0xa
 880 04d3 723700   		.ascii	"r7\000"
 881 04d6 09       		.byte	0x9
 882 04d7 1301     		.2byte	0x113
 883 04d9 73040000 		.4byte	0x473
 884 04dd 0C       		.byte	0xc
 885 04de 0A       		.uleb128 0xa
 886 04df 723800   		.ascii	"r8\000"
 887 04e2 09       		.byte	0x9
 888 04e3 1401     		.2byte	0x114
 889 04e5 73040000 		.4byte	0x473
 890 04e9 10       		.byte	0x10
 891 04ea 0A       		.uleb128 0xa
 892 04eb 723900   		.ascii	"r9\000"
 893 04ee 09       		.byte	0x9
 894 04ef 1501     		.2byte	0x115
 895 04f1 73040000 		.4byte	0x473
 896 04f5 14       		.byte	0x14
 897 04f6 0A       		.uleb128 0xa
 898 04f7 72313000 		.ascii	"r10\000"
 899 04fb 09       		.byte	0x9
 900 04fc 1601     		.2byte	0x116
 901 04fe 73040000 		.4byte	0x473
 902 0502 18       		.byte	0x18
 903 0503 0A       		.uleb128 0xa
 904 0504 72313100 		.ascii	"r11\000"
ARM GAS  /tmp/ccgmh6C8.s 			page 17


 905 0508 09       		.byte	0x9
 906 0509 1701     		.2byte	0x117
 907 050b 73040000 		.4byte	0x473
 908 050f 1C       		.byte	0x1c
 909 0510 0A       		.uleb128 0xa
 910 0511 6C7200   		.ascii	"lr\000"
 911 0514 09       		.byte	0x9
 912 0515 1801     		.2byte	0x118
 913 0517 73040000 		.4byte	0x473
 914 051b 20       		.byte	0x20
 915 051c 00       		.byte	0
 916 051d 06       		.uleb128 0x6
 917 051e 04       		.byte	0x4
 918 051f A2040000 		.4byte	0x4a2
 919 0523 11       		.uleb128 0x11
 920 0524 04       		.byte	0x4
 921 0525 0A       		.byte	0xa
 922 0526 38       		.byte	0x38
 923 0527 38050000 		.4byte	0x538
 924 052b 09       		.uleb128 0x9
 925 052c 02050000 		.4byte	.LASF87
 926 0530 0A       		.byte	0xa
 927 0531 3C       		.byte	0x3c
 928 0532 E5000000 		.4byte	0xe5
 929 0536 00       		.byte	0
 930 0537 00       		.byte	0
 931 0538 03       		.uleb128 0x3
 932 0539 B0020000 		.4byte	.LASF88
 933 053d 0A       		.byte	0xa
 934 053e 3D       		.byte	0x3d
 935 053f 23050000 		.4byte	0x523
 936 0543 12       		.uleb128 0x12
 937 0544 04       		.byte	0x4
 938 0545 07       		.byte	0x7
 939 0546 FA       		.byte	0xfa
 940 0547 A0050000 		.4byte	0x5a0
 941 054b 13       		.uleb128 0x13
 942 054c 66000000 		.4byte	.LASF89
 943 0550 07       		.byte	0x7
 944 0551 0101     		.2byte	0x101
 945 0553 27010000 		.4byte	0x127
 946 0557 13       		.uleb128 0x13
 947 0558 B2000000 		.4byte	.LASF90
 948 055c 07       		.byte	0x7
 949 055d 0801     		.2byte	0x108
 950 055f 27010000 		.4byte	0x127
 951 0563 13       		.uleb128 0x13
 952 0564 4E050000 		.4byte	.LASF91
 953 0568 07       		.byte	0x7
 954 0569 0F01     		.2byte	0x10f
 955 056b A5000000 		.4byte	0xa5
 956 056f 13       		.uleb128 0x13
 957 0570 42010000 		.4byte	.LASF92
 958 0574 07       		.byte	0x7
 959 0575 1601     		.2byte	0x116
 960 0577 A0050000 		.4byte	0x5a0
 961 057b 13       		.uleb128 0x13
ARM GAS  /tmp/ccgmh6C8.s 			page 18


 962 057c CD010000 		.4byte	.LASF93
 963 0580 07       		.byte	0x7
 964 0581 1E01     		.2byte	0x11e
 965 0583 CB050000 		.4byte	0x5cb
 966 0587 13       		.uleb128 0x13
 967 0588 BF030000 		.4byte	.LASF94
 968 058c 07       		.byte	0x7
 969 058d 2701     		.2byte	0x127
 970 058f 02060000 		.4byte	0x602
 971 0593 13       		.uleb128 0x13
 972 0594 70030000 		.4byte	.LASF95
 973 0598 07       		.byte	0x7
 974 0599 2F01     		.2byte	0x12f
 975 059b 32010000 		.4byte	0x132
 976 059f 00       		.byte	0
 977 05a0 06       		.uleb128 0x6
 978 05a1 04       		.byte	0x4
 979 05a2 57020000 		.4byte	0x257
 980 05a6 08       		.uleb128 0x8
 981 05a7 9E030000 		.4byte	.LASF96
 982 05ab 0C       		.byte	0xc
 983 05ac 0B       		.byte	0xb
 984 05ad 34       		.byte	0x34
 985 05ae CB050000 		.4byte	0x5cb
 986 05b2 09       		.uleb128 0x9
 987 05b3 7A010000 		.4byte	.LASF97
 988 05b7 0B       		.byte	0xb
 989 05b8 35       		.byte	0x35
 990 05b9 8C020000 		.4byte	0x28c
 991 05bd 00       		.byte	0
 992 05be 09       		.uleb128 0x9
 993 05bf DF010000 		.4byte	.LASF98
 994 05c3 0B       		.byte	0xb
 995 05c4 37       		.byte	0x37
 996 05c5 3D010000 		.4byte	0x13d
 997 05c9 08       		.byte	0x8
 998 05ca 00       		.byte	0
 999 05cb 06       		.uleb128 0x6
 1000 05cc 04       		.byte	0x4
 1001 05cd A6050000 		.4byte	0x5a6
 1002 05d1 08       		.uleb128 0x8
 1003 05d2 30050000 		.4byte	.LASF99
 1004 05d6 10       		.byte	0x10
 1005 05d7 0C       		.byte	0xc
 1006 05d8 39       		.byte	0x39
 1007 05d9 02060000 		.4byte	0x602
 1008 05dd 09       		.uleb128 0x9
 1009 05de 29010000 		.4byte	.LASF100
 1010 05e2 0C       		.byte	0xc
 1011 05e3 3A       		.byte	0x3a
 1012 05e4 8C020000 		.4byte	0x28c
 1013 05e8 00       		.byte	0
 1014 05e9 09       		.uleb128 0x9
 1015 05ea 6B050000 		.4byte	.LASF101
 1016 05ee 0C       		.byte	0xc
 1017 05ef 3C       		.byte	0x3c
 1018 05f0 62020000 		.4byte	0x262
ARM GAS  /tmp/ccgmh6C8.s 			page 19


 1019 05f4 08       		.byte	0x8
 1020 05f5 09       		.uleb128 0x9
 1021 05f6 C8040000 		.4byte	.LASF102
 1022 05fa 0C       		.byte	0xc
 1023 05fb 3E       		.byte	0x3e
 1024 05fc 33060000 		.4byte	0x633
 1025 0600 0C       		.byte	0xc
 1026 0601 00       		.byte	0
 1027 0602 06       		.uleb128 0x6
 1028 0603 04       		.byte	0x4
 1029 0604 D1050000 		.4byte	0x5d1
 1030 0608 06       		.uleb128 0x6
 1031 0609 04       		.byte	0x4
 1032 060a 3F030000 		.4byte	0x33f
 1033 060e 14       		.uleb128 0x14
 1034 060f 48010000 		.4byte	0x148
 1035 0613 14       		.uleb128 0x14
 1036 0614 AE000000 		.4byte	0xae
 1037 0618 15       		.uleb128 0x15
 1038 0619 7E040000 		.4byte	0x47e
 1039 061d 28060000 		.4byte	0x628
 1040 0621 16       		.uleb128 0x16
 1041 0622 9E000000 		.4byte	0x9e
 1042 0626 1A       		.byte	0x1a
 1043 0627 00       		.byte	0
 1044 0628 03       		.uleb128 0x3
 1045 0629 9B010000 		.4byte	.LASF103
 1046 062d 0C       		.byte	0xc
 1047 062e 34       		.byte	0x34
 1048 062f D1050000 		.4byte	0x5d1
 1049 0633 06       		.uleb128 0x6
 1050 0634 04       		.byte	0x4
 1051 0635 28060000 		.4byte	0x628
 1052 0639 06       		.uleb128 0x6
 1053 063a 04       		.byte	0x4
 1054 063b B9000000 		.4byte	0xb9
 1055 063f 17       		.uleb128 0x17
 1056 0640 28000000 		.4byte	0x28
 1057 0644 58060000 		.4byte	0x658
 1058 0648 0E       		.uleb128 0xe
 1059 0649 A5000000 		.4byte	0xa5
 1060 064d 0E       		.uleb128 0xe
 1061 064e 58060000 		.4byte	0x658
 1062 0652 0E       		.uleb128 0xe
 1063 0653 28000000 		.4byte	0x28
 1064 0657 00       		.byte	0
 1065 0658 06       		.uleb128 0x6
 1066 0659 04       		.byte	0x4
 1067 065a 5E060000 		.4byte	0x65e
 1068 065e 07       		.uleb128 0x7
 1069 065f B9000000 		.4byte	0xb9
 1070 0663 06       		.uleb128 0x6
 1071 0664 04       		.byte	0x4
 1072 0665 3F060000 		.4byte	0x63f
 1073 0669 17       		.uleb128 0x17
 1074 066a 28000000 		.4byte	0x28
 1075 066e 82060000 		.4byte	0x682
ARM GAS  /tmp/ccgmh6C8.s 			page 20


 1076 0672 0E       		.uleb128 0xe
 1077 0673 A5000000 		.4byte	0xa5
 1078 0677 0E       		.uleb128 0xe
 1079 0678 39060000 		.4byte	0x639
 1080 067c 0E       		.uleb128 0xe
 1081 067d 28000000 		.4byte	0x28
 1082 0681 00       		.byte	0
 1083 0682 06       		.uleb128 0x6
 1084 0683 04       		.byte	0x4
 1085 0684 69060000 		.4byte	0x669
 1086 0688 17       		.uleb128 0x17
 1087 0689 27010000 		.4byte	0x127
 1088 068d 9C060000 		.4byte	0x69c
 1089 0691 0E       		.uleb128 0xe
 1090 0692 A5000000 		.4byte	0xa5
 1091 0696 0E       		.uleb128 0xe
 1092 0697 B9000000 		.4byte	0xb9
 1093 069b 00       		.byte	0
 1094 069c 06       		.uleb128 0x6
 1095 069d 04       		.byte	0x4
 1096 069e 88060000 		.4byte	0x688
 1097 06a2 17       		.uleb128 0x17
 1098 06a3 27010000 		.4byte	0x127
 1099 06a7 B1060000 		.4byte	0x6b1
 1100 06ab 0E       		.uleb128 0xe
 1101 06ac A5000000 		.4byte	0xa5
 1102 06b0 00       		.byte	0
 1103 06b1 06       		.uleb128 0x6
 1104 06b2 04       		.byte	0x4
 1105 06b3 A2060000 		.4byte	0x6a2
 1106 06b7 04       		.uleb128 0x4
 1107 06b8 01       		.byte	0x1
 1108 06b9 02       		.byte	0x2
 1109 06ba 27030000 		.4byte	.LASF104
 1110 06be 08       		.uleb128 0x8
 1111 06bf D3020000 		.4byte	.LASF105
 1112 06c3 10       		.byte	0x10
 1113 06c4 0D       		.byte	0xd
 1114 06c5 3D       		.byte	0x3d
 1115 06c6 FB060000 		.4byte	0x6fb
 1116 06ca 09       		.uleb128 0x9
 1117 06cb 5F020000 		.4byte	.LASF106
 1118 06cf 0D       		.byte	0xd
 1119 06d0 3E       		.byte	0x3e
 1120 06d1 63060000 		.4byte	0x663
 1121 06d5 00       		.byte	0
 1122 06d6 09       		.uleb128 0x9
 1123 06d7 B5040000 		.4byte	.LASF107
 1124 06db 0D       		.byte	0xd
 1125 06dc 3E       		.byte	0x3e
 1126 06dd 82060000 		.4byte	0x682
 1127 06e1 04       		.byte	0x4
 1128 06e2 10       		.uleb128 0x10
 1129 06e3 70757400 		.ascii	"put\000"
 1130 06e7 0D       		.byte	0xd
 1131 06e8 3E       		.byte	0x3e
 1132 06e9 9C060000 		.4byte	0x69c
ARM GAS  /tmp/ccgmh6C8.s 			page 21


 1133 06ed 08       		.byte	0x8
 1134 06ee 10       		.uleb128 0x10
 1135 06ef 67657400 		.ascii	"get\000"
 1136 06f3 0D       		.byte	0xd
 1137 06f4 3E       		.byte	0x3e
 1138 06f5 B1060000 		.4byte	0x6b1
 1139 06f9 0C       		.byte	0xc
 1140 06fa 00       		.byte	0
 1141 06fb 11       		.uleb128 0x11
 1142 06fc 14       		.byte	0x14
 1143 06fd 0D       		.byte	0xd
 1144 06fe 46       		.byte	0x46
 1145 06ff 40070000 		.4byte	0x740
 1146 0703 10       		.uleb128 0x10
 1147 0704 766D7400 		.ascii	"vmt\000"
 1148 0708 0D       		.byte	0xd
 1149 0709 48       		.byte	0x48
 1150 070a 40070000 		.4byte	0x740
 1151 070e 00       		.byte	0
 1152 070f 09       		.uleb128 0x9
 1153 0710 6B010000 		.4byte	.LASF108
 1154 0714 0D       		.byte	0xd
 1155 0715 49       		.byte	0x49
 1156 0716 39060000 		.4byte	0x639
 1157 071a 04       		.byte	0x4
 1158 071b 09       		.uleb128 0x9
 1159 071c 55050000 		.4byte	.LASF109
 1160 0720 0D       		.byte	0xd
 1161 0721 49       		.byte	0x49
 1162 0722 28000000 		.4byte	0x28
 1163 0726 08       		.byte	0x8
 1164 0727 10       		.uleb128 0x10
 1165 0728 656F7300 		.ascii	"eos\000"
 1166 072c 0D       		.byte	0xd
 1167 072d 49       		.byte	0x49
 1168 072e 28000000 		.4byte	0x28
 1169 0732 0C       		.byte	0xc
 1170 0733 09       		.uleb128 0x9
 1171 0734 02050000 		.4byte	.LASF87
 1172 0738 0D       		.byte	0xd
 1173 0739 49       		.byte	0x49
 1174 073a 28000000 		.4byte	0x28
 1175 073e 10       		.byte	0x10
 1176 073f 00       		.byte	0
 1177 0740 06       		.uleb128 0x6
 1178 0741 04       		.byte	0x4
 1179 0742 46070000 		.4byte	0x746
 1180 0746 07       		.uleb128 0x7
 1181 0747 BE060000 		.4byte	0x6be
 1182 074b 03       		.uleb128 0x3
 1183 074c 0A030000 		.4byte	.LASF110
 1184 0750 0D       		.byte	0xd
 1185 0751 4A       		.byte	0x4a
 1186 0752 FB060000 		.4byte	0x6fb
 1187 0756 18       		.uleb128 0x18
 1188 0757 70757400 		.ascii	"put\000"
 1189 075b 01       		.byte	0x1
ARM GAS  /tmp/ccgmh6C8.s 			page 22


 1190 075c 42       		.byte	0x42
 1191 075d 27010000 		.4byte	0x127
 1192 0761 00000000 		.4byte	.LFB209
 1193 0765 24000000 		.4byte	.LFE209-.LFB209
 1194 0769 01       		.uleb128 0x1
 1195 076a 9C       		.byte	0x9c
 1196 076b 98070000 		.4byte	0x798
 1197 076f 19       		.uleb128 0x19
 1198 0770 697000   		.ascii	"ip\000"
 1199 0773 01       		.byte	0x1
 1200 0774 42       		.byte	0x42
 1201 0775 A5000000 		.4byte	0xa5
 1202 0779 00000000 		.4byte	.LLST0
 1203 077d 1A       		.uleb128 0x1a
 1204 077e 6200     		.ascii	"b\000"
 1205 0780 01       		.byte	0x1
 1206 0781 42       		.byte	0x42
 1207 0782 B9000000 		.4byte	0xb9
 1208 0786 01       		.uleb128 0x1
 1209 0787 51       		.byte	0x51
 1210 0788 1B       		.uleb128 0x1b
 1211 0789 6D737000 		.ascii	"msp\000"
 1212 078d 01       		.byte	0x1
 1213 078e 43       		.byte	0x43
 1214 078f 98070000 		.4byte	0x798
 1215 0793 1E000000 		.4byte	.LLST1
 1216 0797 00       		.byte	0
 1217 0798 06       		.uleb128 0x6
 1218 0799 04       		.byte	0x4
 1219 079a 4B070000 		.4byte	0x74b
 1220 079e 18       		.uleb128 0x18
 1221 079f 67657400 		.ascii	"get\000"
 1222 07a3 01       		.byte	0x1
 1223 07a4 4C       		.byte	0x4c
 1224 07a5 27010000 		.4byte	0x127
 1225 07a9 00000000 		.4byte	.LFB210
 1226 07ad 1A000000 		.4byte	.LFE210-.LFB210
 1227 07b1 01       		.uleb128 0x1
 1228 07b2 9C       		.byte	0x9c
 1229 07b3 E2070000 		.4byte	0x7e2
 1230 07b7 19       		.uleb128 0x19
 1231 07b8 697000   		.ascii	"ip\000"
 1232 07bb 01       		.byte	0x1
 1233 07bc 4C       		.byte	0x4c
 1234 07bd A5000000 		.4byte	0xa5
 1235 07c1 3C000000 		.4byte	.LLST2
 1236 07c5 1B       		.uleb128 0x1b
 1237 07c6 6200     		.ascii	"b\000"
 1238 07c8 01       		.byte	0x1
 1239 07c9 4D       		.byte	0x4d
 1240 07ca B9000000 		.4byte	0xb9
 1241 07ce 76000000 		.4byte	.LLST3
 1242 07d2 1B       		.uleb128 0x1b
 1243 07d3 6D737000 		.ascii	"msp\000"
 1244 07d7 01       		.byte	0x1
 1245 07d8 4E       		.byte	0x4e
 1246 07d9 98070000 		.4byte	0x798
ARM GAS  /tmp/ccgmh6C8.s 			page 23


 1247 07dd 3C000000 		.4byte	.LLST2
 1248 07e1 00       		.byte	0
 1249 07e2 1C       		.uleb128 0x1c
 1250 07e3 01010000 		.4byte	.LASF111
 1251 07e7 01       		.byte	0x1
 1252 07e8 38       		.byte	0x38
 1253 07e9 28000000 		.4byte	0x28
 1254 07ed 00000000 		.4byte	.LFB208
 1255 07f1 26000000 		.4byte	.LFE208-.LFB208
 1256 07f5 01       		.uleb128 0x1
 1257 07f6 9C       		.byte	0x9c
 1258 07f7 4B080000 		.4byte	0x84b
 1259 07fb 19       		.uleb128 0x19
 1260 07fc 697000   		.ascii	"ip\000"
 1261 07ff 01       		.byte	0x1
 1262 0800 38       		.byte	0x38
 1263 0801 A5000000 		.4byte	0xa5
 1264 0805 89000000 		.4byte	.LLST5
 1265 0809 19       		.uleb128 0x19
 1266 080a 627000   		.ascii	"bp\000"
 1267 080d 01       		.byte	0x1
 1268 080e 38       		.byte	0x38
 1269 080f 39060000 		.4byte	0x639
 1270 0813 A7000000 		.4byte	.LLST6
 1271 0817 19       		.uleb128 0x19
 1272 0818 6E00     		.ascii	"n\000"
 1273 081a 01       		.byte	0x1
 1274 081b 38       		.byte	0x38
 1275 081c 28000000 		.4byte	0x28
 1276 0820 D3000000 		.4byte	.LLST7
 1277 0824 1B       		.uleb128 0x1b
 1278 0825 6D737000 		.ascii	"msp\000"
 1279 0829 01       		.byte	0x1
 1280 082a 39       		.byte	0x39
 1281 082b 98070000 		.4byte	0x798
 1282 082f FC000000 		.4byte	.LLST8
 1283 0833 1D       		.uleb128 0x1d
 1284 0834 1C000000 		.4byte	.LVL13
 1285 0838 2B090000 		.4byte	0x92b
 1286 083c 1E       		.uleb128 0x1e
 1287 083d 01       		.uleb128 0x1
 1288 083e 52       		.byte	0x52
 1289 083f 02       		.uleb128 0x2
 1290 0840 74       		.byte	0x74
 1291 0841 00       		.sleb128 0
 1292 0842 1E       		.uleb128 0x1e
 1293 0843 01       		.uleb128 0x1
 1294 0844 50       		.byte	0x50
 1295 0845 03       		.uleb128 0x3
 1296 0846 F3       		.byte	0xf3
 1297 0847 01       		.uleb128 0x1
 1298 0848 51       		.byte	0x51
 1299 0849 00       		.byte	0
 1300 084a 00       		.byte	0
 1301 084b 1C       		.uleb128 0x1c
 1302 084c 14020000 		.4byte	.LASF112
 1303 0850 01       		.byte	0x1
ARM GAS  /tmp/ccgmh6C8.s 			page 24


 1304 0851 2E       		.byte	0x2e
 1305 0852 28000000 		.4byte	0x28
 1306 0856 00000000 		.4byte	.LFB207
 1307 085a 24000000 		.4byte	.LFE207-.LFB207
 1308 085e 01       		.uleb128 0x1
 1309 085f 9C       		.byte	0x9c
 1310 0860 B4080000 		.4byte	0x8b4
 1311 0864 19       		.uleb128 0x19
 1312 0865 697000   		.ascii	"ip\000"
 1313 0868 01       		.byte	0x1
 1314 0869 2E       		.byte	0x2e
 1315 086a A5000000 		.4byte	0xa5
 1316 086e 1A010000 		.4byte	.LLST9
 1317 0872 19       		.uleb128 0x19
 1318 0873 627000   		.ascii	"bp\000"
 1319 0876 01       		.byte	0x1
 1320 0877 2E       		.byte	0x2e
 1321 0878 58060000 		.4byte	0x658
 1322 087c 38010000 		.4byte	.LLST10
 1323 0880 19       		.uleb128 0x19
 1324 0881 6E00     		.ascii	"n\000"
 1325 0883 01       		.byte	0x1
 1326 0884 2E       		.byte	0x2e
 1327 0885 28000000 		.4byte	0x28
 1328 0889 59010000 		.4byte	.LLST11
 1329 088d 1B       		.uleb128 0x1b
 1330 088e 6D737000 		.ascii	"msp\000"
 1331 0892 01       		.byte	0x1
 1332 0893 2F       		.byte	0x2f
 1333 0894 98070000 		.4byte	0x798
 1334 0898 82010000 		.4byte	.LLST12
 1335 089c 1D       		.uleb128 0x1d
 1336 089d 1A000000 		.4byte	.LVL19
 1337 08a1 2B090000 		.4byte	0x92b
 1338 08a5 1E       		.uleb128 0x1e
 1339 08a6 01       		.uleb128 0x1
 1340 08a7 52       		.byte	0x52
 1341 08a8 02       		.uleb128 0x2
 1342 08a9 74       		.byte	0x74
 1343 08aa 00       		.sleb128 0
 1344 08ab 1E       		.uleb128 0x1e
 1345 08ac 01       		.uleb128 0x1
 1346 08ad 51       		.byte	0x51
 1347 08ae 03       		.uleb128 0x3
 1348 08af F3       		.byte	0xf3
 1349 08b0 01       		.uleb128 0x1
 1350 08b1 51       		.byte	0x51
 1351 08b2 00       		.byte	0
 1352 08b3 00       		.byte	0
 1353 08b4 1F       		.uleb128 0x1f
 1354 08b5 52020000 		.4byte	.LASF116
 1355 08b9 01       		.byte	0x1
 1356 08ba 67       		.byte	0x67
 1357 08bb 00000000 		.4byte	.LFB211
 1358 08bf 18000000 		.4byte	.LFE211-.LFB211
 1359 08c3 01       		.uleb128 0x1
 1360 08c4 9C       		.byte	0x9c
ARM GAS  /tmp/ccgmh6C8.s 			page 25


 1361 08c5 FE080000 		.4byte	0x8fe
 1362 08c9 1A       		.uleb128 0x1a
 1363 08ca 6D737000 		.ascii	"msp\000"
 1364 08ce 01       		.byte	0x1
 1365 08cf 67       		.byte	0x67
 1366 08d0 98070000 		.4byte	0x798
 1367 08d4 01       		.uleb128 0x1
 1368 08d5 50       		.byte	0x50
 1369 08d6 20       		.uleb128 0x20
 1370 08d7 6B010000 		.4byte	.LASF108
 1371 08db 01       		.byte	0x1
 1372 08dc 67       		.byte	0x67
 1373 08dd 39060000 		.4byte	0x639
 1374 08e1 01       		.uleb128 0x1
 1375 08e2 51       		.byte	0x51
 1376 08e3 20       		.uleb128 0x20
 1377 08e4 55050000 		.4byte	.LASF109
 1378 08e8 01       		.byte	0x1
 1379 08e9 68       		.byte	0x68
 1380 08ea 28000000 		.4byte	0x28
 1381 08ee 01       		.uleb128 0x1
 1382 08ef 52       		.byte	0x52
 1383 08f0 1A       		.uleb128 0x1a
 1384 08f1 656F7300 		.ascii	"eos\000"
 1385 08f5 01       		.byte	0x1
 1386 08f6 68       		.byte	0x68
 1387 08f7 28000000 		.4byte	0x28
 1388 08fb 01       		.uleb128 0x1
 1389 08fc 53       		.byte	0x53
 1390 08fd 00       		.byte	0
 1391 08fe 21       		.uleb128 0x21
 1392 08ff 766D7400 		.ascii	"vmt\000"
 1393 0903 01       		.byte	0x1
 1394 0904 57       		.byte	0x57
 1395 0905 46070000 		.4byte	0x746
 1396 0909 05       		.uleb128 0x5
 1397 090a 03       		.byte	0x3
 1398 090b 00000000 		.4byte	vmt
 1399 090f 22       		.uleb128 0x22
 1400 0910 DC000000 		.4byte	.LASF113
 1401 0914 0E       		.byte	0xe
 1402 0915 5506     		.2byte	0x655
 1403 0917 1B090000 		.4byte	0x91b
 1404 091b 14       		.uleb128 0x14
 1405 091c C4000000 		.4byte	0xc4
 1406 0920 23       		.uleb128 0x23
 1407 0921 636800   		.ascii	"ch\000"
 1408 0924 07       		.byte	0x7
 1409 0925 0902     		.2byte	0x209
 1410 0927 0C040000 		.4byte	0x40c
 1411 092b 24       		.uleb128 0x24
 1412 092c 64010000 		.4byte	.LASF117
 1413 0930 A5000000 		.4byte	0xa5
 1414 0934 48090000 		.4byte	0x948
 1415 0938 0E       		.uleb128 0xe
 1416 0939 A5000000 		.4byte	0xa5
 1417 093d 0E       		.uleb128 0xe
ARM GAS  /tmp/ccgmh6C8.s 			page 26


 1418 093e 48090000 		.4byte	0x948
 1419 0942 0E       		.uleb128 0xe
 1420 0943 9E000000 		.4byte	0x9e
 1421 0947 00       		.byte	0
 1422 0948 06       		.uleb128 0x6
 1423 0949 04       		.byte	0x4
 1424 094a 4E090000 		.4byte	0x94e
 1425 094e 25       		.uleb128 0x25
 1426 094f 00       		.byte	0
 1427              		.section	.debug_abbrev,"",%progbits
 1428              	.Ldebug_abbrev0:
 1429 0000 01       		.uleb128 0x1
 1430 0001 11       		.uleb128 0x11
 1431 0002 01       		.byte	0x1
 1432 0003 25       		.uleb128 0x25
 1433 0004 0E       		.uleb128 0xe
 1434 0005 13       		.uleb128 0x13
 1435 0006 0B       		.uleb128 0xb
 1436 0007 03       		.uleb128 0x3
 1437 0008 0E       		.uleb128 0xe
 1438 0009 55       		.uleb128 0x55
 1439 000a 17       		.uleb128 0x17
 1440 000b 11       		.uleb128 0x11
 1441 000c 01       		.uleb128 0x1
 1442 000d 10       		.uleb128 0x10
 1443 000e 17       		.uleb128 0x17
 1444 000f 00       		.byte	0
 1445 0010 00       		.byte	0
 1446 0011 02       		.uleb128 0x2
 1447 0012 24       		.uleb128 0x24
 1448 0013 00       		.byte	0
 1449 0014 0B       		.uleb128 0xb
 1450 0015 0B       		.uleb128 0xb
 1451 0016 3E       		.uleb128 0x3e
 1452 0017 0B       		.uleb128 0xb
 1453 0018 03       		.uleb128 0x3
 1454 0019 08       		.uleb128 0x8
 1455 001a 00       		.byte	0
 1456 001b 00       		.byte	0
 1457 001c 03       		.uleb128 0x3
 1458 001d 16       		.uleb128 0x16
 1459 001e 00       		.byte	0
 1460 001f 03       		.uleb128 0x3
 1461 0020 0E       		.uleb128 0xe
 1462 0021 3A       		.uleb128 0x3a
 1463 0022 0B       		.uleb128 0xb
 1464 0023 3B       		.uleb128 0x3b
 1465 0024 0B       		.uleb128 0xb
 1466 0025 49       		.uleb128 0x49
 1467 0026 13       		.uleb128 0x13
 1468 0027 00       		.byte	0
 1469 0028 00       		.byte	0
 1470 0029 04       		.uleb128 0x4
 1471 002a 24       		.uleb128 0x24
 1472 002b 00       		.byte	0
 1473 002c 0B       		.uleb128 0xb
 1474 002d 0B       		.uleb128 0xb
ARM GAS  /tmp/ccgmh6C8.s 			page 27


 1475 002e 3E       		.uleb128 0x3e
 1476 002f 0B       		.uleb128 0xb
 1477 0030 03       		.uleb128 0x3
 1478 0031 0E       		.uleb128 0xe
 1479 0032 00       		.byte	0
 1480 0033 00       		.byte	0
 1481 0034 05       		.uleb128 0x5
 1482 0035 0F       		.uleb128 0xf
 1483 0036 00       		.byte	0
 1484 0037 0B       		.uleb128 0xb
 1485 0038 0B       		.uleb128 0xb
 1486 0039 00       		.byte	0
 1487 003a 00       		.byte	0
 1488 003b 06       		.uleb128 0x6
 1489 003c 0F       		.uleb128 0xf
 1490 003d 00       		.byte	0
 1491 003e 0B       		.uleb128 0xb
 1492 003f 0B       		.uleb128 0xb
 1493 0040 49       		.uleb128 0x49
 1494 0041 13       		.uleb128 0x13
 1495 0042 00       		.byte	0
 1496 0043 00       		.byte	0
 1497 0044 07       		.uleb128 0x7
 1498 0045 26       		.uleb128 0x26
 1499 0046 00       		.byte	0
 1500 0047 49       		.uleb128 0x49
 1501 0048 13       		.uleb128 0x13
 1502 0049 00       		.byte	0
 1503 004a 00       		.byte	0
 1504 004b 08       		.uleb128 0x8
 1505 004c 13       		.uleb128 0x13
 1506 004d 01       		.byte	0x1
 1507 004e 03       		.uleb128 0x3
 1508 004f 0E       		.uleb128 0xe
 1509 0050 0B       		.uleb128 0xb
 1510 0051 0B       		.uleb128 0xb
 1511 0052 3A       		.uleb128 0x3a
 1512 0053 0B       		.uleb128 0xb
 1513 0054 3B       		.uleb128 0x3b
 1514 0055 0B       		.uleb128 0xb
 1515 0056 01       		.uleb128 0x1
 1516 0057 13       		.uleb128 0x13
 1517 0058 00       		.byte	0
 1518 0059 00       		.byte	0
 1519 005a 09       		.uleb128 0x9
 1520 005b 0D       		.uleb128 0xd
 1521 005c 00       		.byte	0
 1522 005d 03       		.uleb128 0x3
 1523 005e 0E       		.uleb128 0xe
 1524 005f 3A       		.uleb128 0x3a
 1525 0060 0B       		.uleb128 0xb
 1526 0061 3B       		.uleb128 0x3b
 1527 0062 0B       		.uleb128 0xb
 1528 0063 49       		.uleb128 0x49
 1529 0064 13       		.uleb128 0x13
 1530 0065 38       		.uleb128 0x38
 1531 0066 0B       		.uleb128 0xb
ARM GAS  /tmp/ccgmh6C8.s 			page 28


 1532 0067 00       		.byte	0
 1533 0068 00       		.byte	0
 1534 0069 0A       		.uleb128 0xa
 1535 006a 0D       		.uleb128 0xd
 1536 006b 00       		.byte	0
 1537 006c 03       		.uleb128 0x3
 1538 006d 08       		.uleb128 0x8
 1539 006e 3A       		.uleb128 0x3a
 1540 006f 0B       		.uleb128 0xb
 1541 0070 3B       		.uleb128 0x3b
 1542 0071 05       		.uleb128 0x5
 1543 0072 49       		.uleb128 0x49
 1544 0073 13       		.uleb128 0x13
 1545 0074 38       		.uleb128 0x38
 1546 0075 0B       		.uleb128 0xb
 1547 0076 00       		.byte	0
 1548 0077 00       		.byte	0
 1549 0078 0B       		.uleb128 0xb
 1550 0079 0D       		.uleb128 0xd
 1551 007a 00       		.byte	0
 1552 007b 03       		.uleb128 0x3
 1553 007c 0E       		.uleb128 0xe
 1554 007d 3A       		.uleb128 0x3a
 1555 007e 0B       		.uleb128 0xb
 1556 007f 3B       		.uleb128 0x3b
 1557 0080 05       		.uleb128 0x5
 1558 0081 49       		.uleb128 0x49
 1559 0082 13       		.uleb128 0x13
 1560 0083 38       		.uleb128 0x38
 1561 0084 0B       		.uleb128 0xb
 1562 0085 00       		.byte	0
 1563 0086 00       		.byte	0
 1564 0087 0C       		.uleb128 0xc
 1565 0088 13       		.uleb128 0x13
 1566 0089 01       		.byte	0x1
 1567 008a 03       		.uleb128 0x3
 1568 008b 0E       		.uleb128 0xe
 1569 008c 0B       		.uleb128 0xb
 1570 008d 0B       		.uleb128 0xb
 1571 008e 3A       		.uleb128 0x3a
 1572 008f 0B       		.uleb128 0xb
 1573 0090 3B       		.uleb128 0x3b
 1574 0091 05       		.uleb128 0x5
 1575 0092 01       		.uleb128 0x1
 1576 0093 13       		.uleb128 0x13
 1577 0094 00       		.byte	0
 1578 0095 00       		.byte	0
 1579 0096 0D       		.uleb128 0xd
 1580 0097 15       		.uleb128 0x15
 1581 0098 01       		.byte	0x1
 1582 0099 27       		.uleb128 0x27
 1583 009a 19       		.uleb128 0x19
 1584 009b 01       		.uleb128 0x1
 1585 009c 13       		.uleb128 0x13
 1586 009d 00       		.byte	0
 1587 009e 00       		.byte	0
 1588 009f 0E       		.uleb128 0xe
ARM GAS  /tmp/ccgmh6C8.s 			page 29


 1589 00a0 05       		.uleb128 0x5
 1590 00a1 00       		.byte	0
 1591 00a2 49       		.uleb128 0x49
 1592 00a3 13       		.uleb128 0x13
 1593 00a4 00       		.byte	0
 1594 00a5 00       		.byte	0
 1595 00a6 0F       		.uleb128 0xf
 1596 00a7 13       		.uleb128 0x13
 1597 00a8 01       		.byte	0x1
 1598 00a9 03       		.uleb128 0x3
 1599 00aa 0E       		.uleb128 0xe
 1600 00ab 0B       		.uleb128 0xb
 1601 00ac 05       		.uleb128 0x5
 1602 00ad 3A       		.uleb128 0x3a
 1603 00ae 0B       		.uleb128 0xb
 1604 00af 3B       		.uleb128 0x3b
 1605 00b0 05       		.uleb128 0x5
 1606 00b1 01       		.uleb128 0x1
 1607 00b2 13       		.uleb128 0x13
 1608 00b3 00       		.byte	0
 1609 00b4 00       		.byte	0
 1610 00b5 10       		.uleb128 0x10
 1611 00b6 0D       		.uleb128 0xd
 1612 00b7 00       		.byte	0
 1613 00b8 03       		.uleb128 0x3
 1614 00b9 08       		.uleb128 0x8
 1615 00ba 3A       		.uleb128 0x3a
 1616 00bb 0B       		.uleb128 0xb
 1617 00bc 3B       		.uleb128 0x3b
 1618 00bd 0B       		.uleb128 0xb
 1619 00be 49       		.uleb128 0x49
 1620 00bf 13       		.uleb128 0x13
 1621 00c0 38       		.uleb128 0x38
 1622 00c1 0B       		.uleb128 0xb
 1623 00c2 00       		.byte	0
 1624 00c3 00       		.byte	0
 1625 00c4 11       		.uleb128 0x11
 1626 00c5 13       		.uleb128 0x13
 1627 00c6 01       		.byte	0x1
 1628 00c7 0B       		.uleb128 0xb
 1629 00c8 0B       		.uleb128 0xb
 1630 00c9 3A       		.uleb128 0x3a
 1631 00ca 0B       		.uleb128 0xb
 1632 00cb 3B       		.uleb128 0x3b
 1633 00cc 0B       		.uleb128 0xb
 1634 00cd 01       		.uleb128 0x1
 1635 00ce 13       		.uleb128 0x13
 1636 00cf 00       		.byte	0
 1637 00d0 00       		.byte	0
 1638 00d1 12       		.uleb128 0x12
 1639 00d2 17       		.uleb128 0x17
 1640 00d3 01       		.byte	0x1
 1641 00d4 0B       		.uleb128 0xb
 1642 00d5 0B       		.uleb128 0xb
 1643 00d6 3A       		.uleb128 0x3a
 1644 00d7 0B       		.uleb128 0xb
 1645 00d8 3B       		.uleb128 0x3b
ARM GAS  /tmp/ccgmh6C8.s 			page 30


 1646 00d9 0B       		.uleb128 0xb
 1647 00da 01       		.uleb128 0x1
 1648 00db 13       		.uleb128 0x13
 1649 00dc 00       		.byte	0
 1650 00dd 00       		.byte	0
 1651 00de 13       		.uleb128 0x13
 1652 00df 0D       		.uleb128 0xd
 1653 00e0 00       		.byte	0
 1654 00e1 03       		.uleb128 0x3
 1655 00e2 0E       		.uleb128 0xe
 1656 00e3 3A       		.uleb128 0x3a
 1657 00e4 0B       		.uleb128 0xb
 1658 00e5 3B       		.uleb128 0x3b
 1659 00e6 05       		.uleb128 0x5
 1660 00e7 49       		.uleb128 0x49
 1661 00e8 13       		.uleb128 0x13
 1662 00e9 00       		.byte	0
 1663 00ea 00       		.byte	0
 1664 00eb 14       		.uleb128 0x14
 1665 00ec 35       		.uleb128 0x35
 1666 00ed 00       		.byte	0
 1667 00ee 49       		.uleb128 0x49
 1668 00ef 13       		.uleb128 0x13
 1669 00f0 00       		.byte	0
 1670 00f1 00       		.byte	0
 1671 00f2 15       		.uleb128 0x15
 1672 00f3 01       		.uleb128 0x1
 1673 00f4 01       		.byte	0x1
 1674 00f5 49       		.uleb128 0x49
 1675 00f6 13       		.uleb128 0x13
 1676 00f7 01       		.uleb128 0x1
 1677 00f8 13       		.uleb128 0x13
 1678 00f9 00       		.byte	0
 1679 00fa 00       		.byte	0
 1680 00fb 16       		.uleb128 0x16
 1681 00fc 21       		.uleb128 0x21
 1682 00fd 00       		.byte	0
 1683 00fe 49       		.uleb128 0x49
 1684 00ff 13       		.uleb128 0x13
 1685 0100 2F       		.uleb128 0x2f
 1686 0101 0B       		.uleb128 0xb
 1687 0102 00       		.byte	0
 1688 0103 00       		.byte	0
 1689 0104 17       		.uleb128 0x17
 1690 0105 15       		.uleb128 0x15
 1691 0106 01       		.byte	0x1
 1692 0107 27       		.uleb128 0x27
 1693 0108 19       		.uleb128 0x19
 1694 0109 49       		.uleb128 0x49
 1695 010a 13       		.uleb128 0x13
 1696 010b 01       		.uleb128 0x1
 1697 010c 13       		.uleb128 0x13
 1698 010d 00       		.byte	0
 1699 010e 00       		.byte	0
 1700 010f 18       		.uleb128 0x18
 1701 0110 2E       		.uleb128 0x2e
 1702 0111 01       		.byte	0x1
ARM GAS  /tmp/ccgmh6C8.s 			page 31


 1703 0112 03       		.uleb128 0x3
 1704 0113 08       		.uleb128 0x8
 1705 0114 3A       		.uleb128 0x3a
 1706 0115 0B       		.uleb128 0xb
 1707 0116 3B       		.uleb128 0x3b
 1708 0117 0B       		.uleb128 0xb
 1709 0118 27       		.uleb128 0x27
 1710 0119 19       		.uleb128 0x19
 1711 011a 49       		.uleb128 0x49
 1712 011b 13       		.uleb128 0x13
 1713 011c 11       		.uleb128 0x11
 1714 011d 01       		.uleb128 0x1
 1715 011e 12       		.uleb128 0x12
 1716 011f 06       		.uleb128 0x6
 1717 0120 40       		.uleb128 0x40
 1718 0121 18       		.uleb128 0x18
 1719 0122 9742     		.uleb128 0x2117
 1720 0124 19       		.uleb128 0x19
 1721 0125 01       		.uleb128 0x1
 1722 0126 13       		.uleb128 0x13
 1723 0127 00       		.byte	0
 1724 0128 00       		.byte	0
 1725 0129 19       		.uleb128 0x19
 1726 012a 05       		.uleb128 0x5
 1727 012b 00       		.byte	0
 1728 012c 03       		.uleb128 0x3
 1729 012d 08       		.uleb128 0x8
 1730 012e 3A       		.uleb128 0x3a
 1731 012f 0B       		.uleb128 0xb
 1732 0130 3B       		.uleb128 0x3b
 1733 0131 0B       		.uleb128 0xb
 1734 0132 49       		.uleb128 0x49
 1735 0133 13       		.uleb128 0x13
 1736 0134 02       		.uleb128 0x2
 1737 0135 17       		.uleb128 0x17
 1738 0136 00       		.byte	0
 1739 0137 00       		.byte	0
 1740 0138 1A       		.uleb128 0x1a
 1741 0139 05       		.uleb128 0x5
 1742 013a 00       		.byte	0
 1743 013b 03       		.uleb128 0x3
 1744 013c 08       		.uleb128 0x8
 1745 013d 3A       		.uleb128 0x3a
 1746 013e 0B       		.uleb128 0xb
 1747 013f 3B       		.uleb128 0x3b
 1748 0140 0B       		.uleb128 0xb
 1749 0141 49       		.uleb128 0x49
 1750 0142 13       		.uleb128 0x13
 1751 0143 02       		.uleb128 0x2
 1752 0144 18       		.uleb128 0x18
 1753 0145 00       		.byte	0
 1754 0146 00       		.byte	0
 1755 0147 1B       		.uleb128 0x1b
 1756 0148 34       		.uleb128 0x34
 1757 0149 00       		.byte	0
 1758 014a 03       		.uleb128 0x3
 1759 014b 08       		.uleb128 0x8
ARM GAS  /tmp/ccgmh6C8.s 			page 32


 1760 014c 3A       		.uleb128 0x3a
 1761 014d 0B       		.uleb128 0xb
 1762 014e 3B       		.uleb128 0x3b
 1763 014f 0B       		.uleb128 0xb
 1764 0150 49       		.uleb128 0x49
 1765 0151 13       		.uleb128 0x13
 1766 0152 02       		.uleb128 0x2
 1767 0153 17       		.uleb128 0x17
 1768 0154 00       		.byte	0
 1769 0155 00       		.byte	0
 1770 0156 1C       		.uleb128 0x1c
 1771 0157 2E       		.uleb128 0x2e
 1772 0158 01       		.byte	0x1
 1773 0159 03       		.uleb128 0x3
 1774 015a 0E       		.uleb128 0xe
 1775 015b 3A       		.uleb128 0x3a
 1776 015c 0B       		.uleb128 0xb
 1777 015d 3B       		.uleb128 0x3b
 1778 015e 0B       		.uleb128 0xb
 1779 015f 27       		.uleb128 0x27
 1780 0160 19       		.uleb128 0x19
 1781 0161 49       		.uleb128 0x49
 1782 0162 13       		.uleb128 0x13
 1783 0163 11       		.uleb128 0x11
 1784 0164 01       		.uleb128 0x1
 1785 0165 12       		.uleb128 0x12
 1786 0166 06       		.uleb128 0x6
 1787 0167 40       		.uleb128 0x40
 1788 0168 18       		.uleb128 0x18
 1789 0169 9742     		.uleb128 0x2117
 1790 016b 19       		.uleb128 0x19
 1791 016c 01       		.uleb128 0x1
 1792 016d 13       		.uleb128 0x13
 1793 016e 00       		.byte	0
 1794 016f 00       		.byte	0
 1795 0170 1D       		.uleb128 0x1d
 1796 0171 898201   		.uleb128 0x4109
 1797 0174 01       		.byte	0x1
 1798 0175 11       		.uleb128 0x11
 1799 0176 01       		.uleb128 0x1
 1800 0177 31       		.uleb128 0x31
 1801 0178 13       		.uleb128 0x13
 1802 0179 00       		.byte	0
 1803 017a 00       		.byte	0
 1804 017b 1E       		.uleb128 0x1e
 1805 017c 8A8201   		.uleb128 0x410a
 1806 017f 00       		.byte	0
 1807 0180 02       		.uleb128 0x2
 1808 0181 18       		.uleb128 0x18
 1809 0182 9142     		.uleb128 0x2111
 1810 0184 18       		.uleb128 0x18
 1811 0185 00       		.byte	0
 1812 0186 00       		.byte	0
 1813 0187 1F       		.uleb128 0x1f
 1814 0188 2E       		.uleb128 0x2e
 1815 0189 01       		.byte	0x1
 1816 018a 3F       		.uleb128 0x3f
ARM GAS  /tmp/ccgmh6C8.s 			page 33


 1817 018b 19       		.uleb128 0x19
 1818 018c 03       		.uleb128 0x3
 1819 018d 0E       		.uleb128 0xe
 1820 018e 3A       		.uleb128 0x3a
 1821 018f 0B       		.uleb128 0xb
 1822 0190 3B       		.uleb128 0x3b
 1823 0191 0B       		.uleb128 0xb
 1824 0192 27       		.uleb128 0x27
 1825 0193 19       		.uleb128 0x19
 1826 0194 11       		.uleb128 0x11
 1827 0195 01       		.uleb128 0x1
 1828 0196 12       		.uleb128 0x12
 1829 0197 06       		.uleb128 0x6
 1830 0198 40       		.uleb128 0x40
 1831 0199 18       		.uleb128 0x18
 1832 019a 9742     		.uleb128 0x2117
 1833 019c 19       		.uleb128 0x19
 1834 019d 01       		.uleb128 0x1
 1835 019e 13       		.uleb128 0x13
 1836 019f 00       		.byte	0
 1837 01a0 00       		.byte	0
 1838 01a1 20       		.uleb128 0x20
 1839 01a2 05       		.uleb128 0x5
 1840 01a3 00       		.byte	0
 1841 01a4 03       		.uleb128 0x3
 1842 01a5 0E       		.uleb128 0xe
 1843 01a6 3A       		.uleb128 0x3a
 1844 01a7 0B       		.uleb128 0xb
 1845 01a8 3B       		.uleb128 0x3b
 1846 01a9 0B       		.uleb128 0xb
 1847 01aa 49       		.uleb128 0x49
 1848 01ab 13       		.uleb128 0x13
 1849 01ac 02       		.uleb128 0x2
 1850 01ad 18       		.uleb128 0x18
 1851 01ae 00       		.byte	0
 1852 01af 00       		.byte	0
 1853 01b0 21       		.uleb128 0x21
 1854 01b1 34       		.uleb128 0x34
 1855 01b2 00       		.byte	0
 1856 01b3 03       		.uleb128 0x3
 1857 01b4 08       		.uleb128 0x8
 1858 01b5 3A       		.uleb128 0x3a
 1859 01b6 0B       		.uleb128 0xb
 1860 01b7 3B       		.uleb128 0x3b
 1861 01b8 0B       		.uleb128 0xb
 1862 01b9 49       		.uleb128 0x49
 1863 01ba 13       		.uleb128 0x13
 1864 01bb 02       		.uleb128 0x2
 1865 01bc 18       		.uleb128 0x18
 1866 01bd 00       		.byte	0
 1867 01be 00       		.byte	0
 1868 01bf 22       		.uleb128 0x22
 1869 01c0 34       		.uleb128 0x34
 1870 01c1 00       		.byte	0
 1871 01c2 03       		.uleb128 0x3
 1872 01c3 0E       		.uleb128 0xe
 1873 01c4 3A       		.uleb128 0x3a
ARM GAS  /tmp/ccgmh6C8.s 			page 34


 1874 01c5 0B       		.uleb128 0xb
 1875 01c6 3B       		.uleb128 0x3b
 1876 01c7 05       		.uleb128 0x5
 1877 01c8 49       		.uleb128 0x49
 1878 01c9 13       		.uleb128 0x13
 1879 01ca 3F       		.uleb128 0x3f
 1880 01cb 19       		.uleb128 0x19
 1881 01cc 3C       		.uleb128 0x3c
 1882 01cd 19       		.uleb128 0x19
 1883 01ce 00       		.byte	0
 1884 01cf 00       		.byte	0
 1885 01d0 23       		.uleb128 0x23
 1886 01d1 34       		.uleb128 0x34
 1887 01d2 00       		.byte	0
 1888 01d3 03       		.uleb128 0x3
 1889 01d4 08       		.uleb128 0x8
 1890 01d5 3A       		.uleb128 0x3a
 1891 01d6 0B       		.uleb128 0xb
 1892 01d7 3B       		.uleb128 0x3b
 1893 01d8 05       		.uleb128 0x5
 1894 01d9 49       		.uleb128 0x49
 1895 01da 13       		.uleb128 0x13
 1896 01db 3F       		.uleb128 0x3f
 1897 01dc 19       		.uleb128 0x19
 1898 01dd 3C       		.uleb128 0x3c
 1899 01de 19       		.uleb128 0x19
 1900 01df 00       		.byte	0
 1901 01e0 00       		.byte	0
 1902 01e1 24       		.uleb128 0x24
 1903 01e2 2E       		.uleb128 0x2e
 1904 01e3 01       		.byte	0x1
 1905 01e4 3F       		.uleb128 0x3f
 1906 01e5 19       		.uleb128 0x19
 1907 01e6 03       		.uleb128 0x3
 1908 01e7 0E       		.uleb128 0xe
 1909 01e8 27       		.uleb128 0x27
 1910 01e9 19       		.uleb128 0x19
 1911 01ea 49       		.uleb128 0x49
 1912 01eb 13       		.uleb128 0x13
 1913 01ec 34       		.uleb128 0x34
 1914 01ed 19       		.uleb128 0x19
 1915 01ee 3C       		.uleb128 0x3c
 1916 01ef 19       		.uleb128 0x19
 1917 01f0 01       		.uleb128 0x1
 1918 01f1 13       		.uleb128 0x13
 1919 01f2 00       		.byte	0
 1920 01f3 00       		.byte	0
 1921 01f4 25       		.uleb128 0x25
 1922 01f5 26       		.uleb128 0x26
 1923 01f6 00       		.byte	0
 1924 01f7 00       		.byte	0
 1925 01f8 00       		.byte	0
 1926 01f9 00       		.byte	0
 1927              		.section	.debug_loc,"",%progbits
 1928              	.Ldebug_loc0:
 1929              	.LLST0:
 1930 0000 00000000 		.4byte	.LVL0
ARM GAS  /tmp/ccgmh6C8.s 			page 35


 1931 0004 06000000 		.4byte	.LVL2
 1932 0008 0100     		.2byte	0x1
 1933 000a 50       		.byte	0x50
 1934 000b 06000000 		.4byte	.LVL2
 1935 000f 24000000 		.4byte	.LFE209
 1936 0013 0100     		.2byte	0x1
 1937 0015 53       		.byte	0x53
 1938 0016 00000000 		.4byte	0
 1939 001a 00000000 		.4byte	0
 1940              	.LLST1:
 1941 001e 04000000 		.4byte	.LVL1
 1942 0022 06000000 		.4byte	.LVL2
 1943 0026 0100     		.2byte	0x1
 1944 0028 50       		.byte	0x50
 1945 0029 06000000 		.4byte	.LVL2
 1946 002d 24000000 		.4byte	.LFE209
 1947 0031 0100     		.2byte	0x1
 1948 0033 53       		.byte	0x53
 1949 0034 00000000 		.4byte	0
 1950 0038 00000000 		.4byte	0
 1951              	.LLST2:
 1952 003c 00000000 		.4byte	.LVL3
 1953 0040 12000000 		.4byte	.LVL5
 1954 0044 0100     		.2byte	0x1
 1955 0046 50       		.byte	0x50
 1956 0047 12000000 		.4byte	.LVL5
 1957 004b 14000000 		.4byte	.LVL6
 1958 004f 0400     		.2byte	0x4
 1959 0051 F3       		.byte	0xf3
 1960 0052 01       		.uleb128 0x1
 1961 0053 50       		.byte	0x50
 1962 0054 9F       		.byte	0x9f
 1963 0055 14000000 		.4byte	.LVL6
 1964 0059 18000000 		.4byte	.LVL7
 1965 005d 0100     		.2byte	0x1
 1966 005f 50       		.byte	0x50
 1967 0060 18000000 		.4byte	.LVL7
 1968 0064 1A000000 		.4byte	.LFE210
 1969 0068 0400     		.2byte	0x4
 1970 006a F3       		.byte	0xf3
 1971 006b 01       		.uleb128 0x1
 1972 006c 50       		.byte	0x50
 1973 006d 9F       		.byte	0x9f
 1974 006e 00000000 		.4byte	0
 1975 0072 00000000 		.4byte	0
 1976              	.LLST3:
 1977 0076 0E000000 		.4byte	.LVL4
 1978 007a 14000000 		.4byte	.LVL6
 1979 007e 0100     		.2byte	0x1
 1980 0080 53       		.byte	0x53
 1981 0081 00000000 		.4byte	0
 1982 0085 00000000 		.4byte	0
 1983              	.LLST5:
 1984 0089 00000000 		.4byte	.LVL8
 1985 008d 16000000 		.4byte	.LVL11
 1986 0091 0100     		.2byte	0x1
 1987 0093 50       		.byte	0x50
ARM GAS  /tmp/ccgmh6C8.s 			page 36


 1988 0094 16000000 		.4byte	.LVL11
 1989 0098 26000000 		.4byte	.LFE208
 1990 009c 0100     		.2byte	0x1
 1991 009e 55       		.byte	0x55
 1992 009f 00000000 		.4byte	0
 1993 00a3 00000000 		.4byte	0
 1994              	.LLST6:
 1995 00a7 00000000 		.4byte	.LVL8
 1996 00ab 18000000 		.4byte	.LVL12
 1997 00af 0100     		.2byte	0x1
 1998 00b1 51       		.byte	0x51
 1999 00b2 18000000 		.4byte	.LVL12
 2000 00b6 1B000000 		.4byte	.LVL13-1
 2001 00ba 0100     		.2byte	0x1
 2002 00bc 50       		.byte	0x50
 2003 00bd 1B000000 		.4byte	.LVL13-1
 2004 00c1 26000000 		.4byte	.LFE208
 2005 00c5 0400     		.2byte	0x4
 2006 00c7 F3       		.byte	0xf3
 2007 00c8 01       		.uleb128 0x1
 2008 00c9 51       		.byte	0x51
 2009 00ca 9F       		.byte	0x9f
 2010 00cb 00000000 		.4byte	0
 2011 00cf 00000000 		.4byte	0
 2012              	.LLST7:
 2013 00d3 00000000 		.4byte	.LVL8
 2014 00d7 10000000 		.4byte	.LVL10
 2015 00db 0100     		.2byte	0x1
 2016 00dd 52       		.byte	0x52
 2017 00de 10000000 		.4byte	.LVL10
 2018 00e2 22000000 		.4byte	.LVL14
 2019 00e6 0100     		.2byte	0x1
 2020 00e8 54       		.byte	0x54
 2021 00e9 22000000 		.4byte	.LVL14
 2022 00ed 26000000 		.4byte	.LFE208
 2023 00f1 0100     		.2byte	0x1
 2024 00f3 50       		.byte	0x50
 2025 00f4 00000000 		.4byte	0
 2026 00f8 00000000 		.4byte	0
 2027              	.LLST8:
 2028 00fc 08000000 		.4byte	.LVL9
 2029 0100 16000000 		.4byte	.LVL11
 2030 0104 0100     		.2byte	0x1
 2031 0106 50       		.byte	0x50
 2032 0107 16000000 		.4byte	.LVL11
 2033 010b 26000000 		.4byte	.LFE208
 2034 010f 0100     		.2byte	0x1
 2035 0111 55       		.byte	0x55
 2036 0112 00000000 		.4byte	0
 2037 0116 00000000 		.4byte	0
 2038              	.LLST9:
 2039 011a 00000000 		.4byte	.LVL15
 2040 011e 12000000 		.4byte	.LVL18
 2041 0122 0100     		.2byte	0x1
 2042 0124 50       		.byte	0x50
 2043 0125 12000000 		.4byte	.LVL18
 2044 0129 24000000 		.4byte	.LFE207
ARM GAS  /tmp/ccgmh6C8.s 			page 37


 2045 012d 0100     		.2byte	0x1
 2046 012f 55       		.byte	0x55
 2047 0130 00000000 		.4byte	0
 2048 0134 00000000 		.4byte	0
 2049              	.LLST10:
 2050 0138 00000000 		.4byte	.LVL15
 2051 013c 19000000 		.4byte	.LVL19-1
 2052 0140 0100     		.2byte	0x1
 2053 0142 51       		.byte	0x51
 2054 0143 19000000 		.4byte	.LVL19-1
 2055 0147 24000000 		.4byte	.LFE207
 2056 014b 0400     		.2byte	0x4
 2057 014d F3       		.byte	0xf3
 2058 014e 01       		.uleb128 0x1
 2059 014f 51       		.byte	0x51
 2060 0150 9F       		.byte	0x9f
 2061 0151 00000000 		.4byte	0
 2062 0155 00000000 		.4byte	0
 2063              	.LLST11:
 2064 0159 00000000 		.4byte	.LVL15
 2065 015d 10000000 		.4byte	.LVL17
 2066 0161 0100     		.2byte	0x1
 2067 0163 52       		.byte	0x52
 2068 0164 10000000 		.4byte	.LVL17
 2069 0168 20000000 		.4byte	.LVL20
 2070 016c 0100     		.2byte	0x1
 2071 016e 54       		.byte	0x54
 2072 016f 20000000 		.4byte	.LVL20
 2073 0173 24000000 		.4byte	.LFE207
 2074 0177 0100     		.2byte	0x1
 2075 0179 50       		.byte	0x50
 2076 017a 00000000 		.4byte	0
 2077 017e 00000000 		.4byte	0
 2078              	.LLST12:
 2079 0182 08000000 		.4byte	.LVL16
 2080 0186 12000000 		.4byte	.LVL18
 2081 018a 0100     		.2byte	0x1
 2082 018c 50       		.byte	0x50
 2083 018d 12000000 		.4byte	.LVL18
 2084 0191 24000000 		.4byte	.LFE207
 2085 0195 0100     		.2byte	0x1
 2086 0197 55       		.byte	0x55
 2087 0198 00000000 		.4byte	0
 2088 019c 00000000 		.4byte	0
 2089              		.section	.debug_aranges,"",%progbits
 2090 0000 3C000000 		.4byte	0x3c
 2091 0004 0200     		.2byte	0x2
 2092 0006 00000000 		.4byte	.Ldebug_info0
 2093 000a 04       		.byte	0x4
 2094 000b 00       		.byte	0
 2095 000c 0000     		.2byte	0
 2096 000e 0000     		.2byte	0
 2097 0010 00000000 		.4byte	.LFB209
 2098 0014 24000000 		.4byte	.LFE209-.LFB209
 2099 0018 00000000 		.4byte	.LFB210
 2100 001c 1A000000 		.4byte	.LFE210-.LFB210
 2101 0020 00000000 		.4byte	.LFB208
ARM GAS  /tmp/ccgmh6C8.s 			page 38


 2102 0024 26000000 		.4byte	.LFE208-.LFB208
 2103 0028 00000000 		.4byte	.LFB207
 2104 002c 24000000 		.4byte	.LFE207-.LFB207
 2105 0030 00000000 		.4byte	.LFB211
 2106 0034 18000000 		.4byte	.LFE211-.LFB211
 2107 0038 00000000 		.4byte	0
 2108 003c 00000000 		.4byte	0
 2109              		.section	.debug_ranges,"",%progbits
 2110              	.Ldebug_ranges0:
 2111 0000 00000000 		.4byte	.LFB209
 2112 0004 24000000 		.4byte	.LFE209
 2113 0008 00000000 		.4byte	.LFB210
 2114 000c 1A000000 		.4byte	.LFE210
 2115 0010 00000000 		.4byte	.LFB208
 2116 0014 26000000 		.4byte	.LFE208
 2117 0018 00000000 		.4byte	.LFB207
 2118 001c 24000000 		.4byte	.LFE207
 2119 0020 00000000 		.4byte	.LFB211
 2120 0024 18000000 		.4byte	.LFE211
 2121 0028 00000000 		.4byte	0
 2122 002c 00000000 		.4byte	0
 2123              		.section	.debug_line,"",%progbits
 2124              	.Ldebug_line0:
 2125 0000 9C020000 		.section	.debug_str,"MS",%progbits,1
 2125      02001C02 
 2125      00000201 
 2125      FB0E0D00 
 2125      01010101 
 2126              	.LASF50:
 2127 0000 74687265 		.ascii	"threads_list_t\000"
 2127      6164735F 
 2127      6C697374 
 2127      5F7400
 2128              	.LASF23:
 2129 000f 74726566 		.ascii	"trefs_t\000"
 2129      735F7400 
 2130              	.LASF55:
 2131 0017 72656164 		.ascii	"ready_list_t\000"
 2131      795F6C69 
 2131      73745F74 
 2131      00
 2132              	.LASF2:
 2133 0024 73697A65 		.ascii	"size_t\000"
 2133      5F7400
 2134              	.LASF115:
 2135 002b 2F686F6D 		.ascii	"/home/peter/ChibiOS_16.1.4/os/hal/lib/streams/memst"
 2135      652F7065 
 2135      7465722F 
 2135      43686962 
 2135      694F535F 
 2136 005e 7265616D 		.ascii	"reams.c\000"
 2136      732E6300 
 2137              	.LASF89:
 2138 0066 7264796D 		.ascii	"rdymsg\000"
 2138      736700
 2139              	.LASF19:
 2140 006d 75696E74 		.ascii	"uint64_t\000"
ARM GAS  /tmp/ccgmh6C8.s 			page 39


 2140      36345F74 
 2140      00
 2141              	.LASF3:
 2142 0076 5F5F7569 		.ascii	"__uint8_t\000"
 2142      6E74385F 
 2142      7400
 2143              	.LASF86:
 2144 0080 706F7274 		.ascii	"port_intctx\000"
 2144      5F696E74 
 2144      63747800 
 2145              	.LASF74:
 2146 008c 73797374 		.ascii	"system_debug_t\000"
 2146      656D5F64 
 2146      65627567 
 2146      5F7400
 2147              	.LASF13:
 2148 009b 6C6F6E67 		.ascii	"long long unsigned int\000"
 2148      206C6F6E 
 2148      6720756E 
 2148      7369676E 
 2148      65642069 
 2149              	.LASF90:
 2150 00b2 65786974 		.ascii	"exitcode\000"
 2150      636F6465 
 2150      00
 2151              	.LASF81:
 2152 00bb 6D61696E 		.ascii	"mainthread\000"
 2152      74687265 
 2152      616400
 2153              	.LASF71:
 2154 00c6 76697274 		.ascii	"virtual_timers_list_t\000"
 2154      75616C5F 
 2154      74696D65 
 2154      72735F6C 
 2154      6973745F 
 2155              	.LASF113:
 2156 00dc 49544D5F 		.ascii	"ITM_RxBuffer\000"
 2156      52784275 
 2156      66666572 
 2156      00
 2157              	.LASF54:
 2158 00e9 63685F74 		.ascii	"ch_threads_queue\000"
 2158      68726561 
 2158      64735F71 
 2158      75657565 
 2158      00
 2159              	.LASF33:
 2160 00fa 705F7072 		.ascii	"p_prio\000"
 2160      696F00
 2161              	.LASF111:
 2162 0101 72656164 		.ascii	"reads\000"
 2162      7300
 2163              	.LASF11:
 2164 0107 6C6F6E67 		.ascii	"long long int\000"
 2164      206C6F6E 
 2164      6720696E 
 2164      7400
ARM GAS  /tmp/ccgmh6C8.s 			page 40


 2165              	.LASF1:
 2166 0115 7369676E 		.ascii	"signed char\000"
 2166      65642063 
 2166      68617200 
 2167              	.LASF48:
 2168 0121 705F6D70 		.ascii	"p_mpool\000"
 2168      6F6F6C00 
 2169              	.LASF100:
 2170 0129 6D5F7175 		.ascii	"m_queue\000"
 2170      65756500 
 2171              	.LASF80:
 2172 0131 76746C69 		.ascii	"vtlist\000"
 2172      737400
 2173              	.LASF24:
 2174 0138 74736C69 		.ascii	"tslices_t\000"
 2174      6365735F 
 2174      7400
 2175              	.LASF92:
 2176 0142 77747472 		.ascii	"wttrp\000"
 2176      7000
 2177              	.LASF78:
 2178 0148 63685F73 		.ascii	"ch_system\000"
 2178      79737465 
 2178      6D00
 2179              	.LASF8:
 2180 0152 6C6F6E67 		.ascii	"long int\000"
 2180      20696E74 
 2180      00
 2181              	.LASF22:
 2182 015b 74737461 		.ascii	"tstate_t\000"
 2182      74655F74 
 2182      00
 2183              	.LASF117:
 2184 0164 6D656D63 		.ascii	"memcpy\000"
 2184      707900
 2185              	.LASF108:
 2186 016b 62756666 		.ascii	"buffer\000"
 2186      657200
 2187              	.LASF35:
 2188 0172 705F6E65 		.ascii	"p_newer\000"
 2188      77657200 
 2189              	.LASF97:
 2190 017a 735F7175 		.ascii	"s_queue\000"
 2190      65756500 
 2191              	.LASF60:
 2192 0182 725F6E65 		.ascii	"r_newer\000"
 2192      77657200 
 2193              	.LASF83:
 2194 018a 72656761 		.ascii	"regarm_t\000"
 2194      726D5F74 
 2194      00
 2195              	.LASF67:
 2196 0193 76745F70 		.ascii	"vt_prev\000"
 2196      72657600 
 2197              	.LASF103:
 2198 019b 6D757465 		.ascii	"mutex_t\000"
 2198      785F7400 
ARM GAS  /tmp/ccgmh6C8.s 			page 41


 2199              	.LASF82:
 2200 01a3 69646C65 		.ascii	"idle_thread_wa\000"
 2200      5F746872 
 2200      6561645F 
 2200      776100
 2201              	.LASF28:
 2202 01b2 636E745F 		.ascii	"cnt_t\000"
 2202      7400
 2203              	.LASF0:
 2204 01b8 756E7369 		.ascii	"unsigned int\000"
 2204      676E6564 
 2204      20696E74 
 2204      00
 2205              	.LASF66:
 2206 01c5 76745F6E 		.ascii	"vt_next\000"
 2206      65787400 
 2207              	.LASF93:
 2208 01cd 77747365 		.ascii	"wtsemp\000"
 2208      6D7000
 2209              	.LASF43:
 2210 01d4 705F6D73 		.ascii	"p_msgqueue\000"
 2210      67717565 
 2210      756500
 2211              	.LASF98:
 2212 01df 735F636E 		.ascii	"s_cnt\000"
 2212      7400
 2213              	.LASF6:
 2214 01e5 73686F72 		.ascii	"short unsigned int\000"
 2214      7420756E 
 2214      7369676E 
 2214      65642069 
 2214      6E7400
 2215              	.LASF51:
 2216 01f8 63685F74 		.ascii	"ch_thread\000"
 2216      68726561 
 2216      6400
 2217              	.LASF26:
 2218 0202 6D73675F 		.ascii	"msg_t\000"
 2218      7400
 2219              	.LASF77:
 2220 0208 63685F73 		.ascii	"ch_system_t\000"
 2220      79737465 
 2220      6D5F7400 
 2221              	.LASF112:
 2222 0214 77726974 		.ascii	"writes\000"
 2222      657300
 2223              	.LASF21:
 2224 021b 746D6F64 		.ascii	"tmode_t\000"
 2224      655F7400 
 2225              	.LASF56:
 2226 0223 63685F72 		.ascii	"ch_ready_list\000"
 2226      65616479 
 2226      5F6C6973 
 2226      7400
 2227              	.LASF27:
 2228 0231 6576656E 		.ascii	"eventmask_t\000"
 2228      746D6173 
ARM GAS  /tmp/ccgmh6C8.s 			page 42


 2228      6B5F7400 
 2229              	.LASF7:
 2230 023d 5F5F696E 		.ascii	"__int32_t\000"
 2230      7433325F 
 2230      7400
 2231              	.LASF84:
 2232 0247 73746B61 		.ascii	"stkalign_t\000"
 2232      6C69676E 
 2232      5F7400
 2233              	.LASF116:
 2234 0252 6D734F62 		.ascii	"msObjectInit\000"
 2234      6A656374 
 2234      496E6974 
 2234      00
 2235              	.LASF106:
 2236 025f 77726974 		.ascii	"write\000"
 2236      6500
 2237              	.LASF42:
 2238 0265 705F7761 		.ascii	"p_waiting\000"
 2238      6974696E 
 2238      6700
 2239              	.LASF14:
 2240 026f 73697A65 		.ascii	"sizetype\000"
 2240      74797065 
 2240      00
 2241              	.LASF49:
 2242 0278 74687265 		.ascii	"thread_reference_t\000"
 2242      61645F72 
 2242      65666572 
 2242      656E6365 
 2242      5F7400
 2243              	.LASF72:
 2244 028b 63685F76 		.ascii	"ch_virtual_timers_list\000"
 2244      69727475 
 2244      616C5F74 
 2244      696D6572 
 2244      735F6C69 
 2245              	.LASF36:
 2246 02a2 705F6F6C 		.ascii	"p_older\000"
 2246      64657200 
 2247              	.LASF59:
 2248 02aa 725F6374 		.ascii	"r_ctx\000"
 2248      7800
 2249              	.LASF88:
 2250 02b0 746D5F63 		.ascii	"tm_calibration_t\000"
 2250      616C6962 
 2250      72617469 
 2250      6F6E5F74 
 2250      00
 2251              	.LASF62:
 2252 02c1 725F6375 		.ascii	"r_current\000"
 2252      7272656E 
 2252      7400
 2253              	.LASF61:
 2254 02cb 725F6F6C 		.ascii	"r_older\000"
 2254      64657200 
 2255              	.LASF105:
ARM GAS  /tmp/ccgmh6C8.s 			page 43


 2256 02d3 4D656D53 		.ascii	"MemStreamVMT\000"
 2256      74726561 
 2256      6D564D54 
 2256      00
 2257              	.LASF12:
 2258 02e0 5F5F7569 		.ascii	"__uint64_t\000"
 2258      6E743634 
 2258      5F7400
 2259              	.LASF64:
 2260 02eb 76697274 		.ascii	"virtual_timer_t\000"
 2260      75616C5F 
 2260      74696D65 
 2260      725F7400 
 2261              	.LASF32:
 2262 02fb 705F7072 		.ascii	"p_prev\000"
 2262      657600
 2263              	.LASF25:
 2264 0302 74707269 		.ascii	"tprio_t\000"
 2264      6F5F7400 
 2265              	.LASF110:
 2266 030a 4D656D6F 		.ascii	"MemoryStream\000"
 2266      72795374 
 2266      7265616D 
 2266      00
 2267              	.LASF75:
 2268 0317 63685F73 		.ascii	"ch_system_debug\000"
 2268      79737465 
 2268      6D5F6465 
 2268      62756700 
 2269              	.LASF104:
 2270 0327 5F426F6F 		.ascii	"_Bool\000"
 2270      6C00
 2271              	.LASF17:
 2272 032d 696E7433 		.ascii	"int32_t\000"
 2272      325F7400 
 2273              	.LASF4:
 2274 0335 756E7369 		.ascii	"unsigned char\000"
 2274      676E6564 
 2274      20636861 
 2274      7200
 2275              	.LASF38:
 2276 0343 705F7374 		.ascii	"p_state\000"
 2276      61746500 
 2277              	.LASF46:
 2278 034b 705F6D74 		.ascii	"p_mtxlist\000"
 2278      786C6973 
 2278      7400
 2279              	.LASF5:
 2280 0355 73686F72 		.ascii	"short int\000"
 2280      7420696E 
 2280      7400
 2281              	.LASF41:
 2282 035f 705F7072 		.ascii	"p_preempt\000"
 2282      65656D70 
 2282      7400
 2283              	.LASF58:
 2284 0369 725F7072 		.ascii	"r_prio\000"
ARM GAS  /tmp/ccgmh6C8.s 			page 44


 2284      696F00
 2285              	.LASF95:
 2286 0370 65776D61 		.ascii	"ewmask\000"
 2286      736B00
 2287              	.LASF31:
 2288 0377 705F6E65 		.ascii	"p_next\000"
 2288      787400
 2289              	.LASF39:
 2290 037e 705F666C 		.ascii	"p_flags\000"
 2290      61677300 
 2291              	.LASF37:
 2292 0386 705F6E61 		.ascii	"p_name\000"
 2292      6D6500
 2293              	.LASF65:
 2294 038d 63685F76 		.ascii	"ch_virtual_timer\000"
 2294      69727475 
 2294      616C5F74 
 2294      696D6572 
 2294      00
 2295              	.LASF96:
 2296 039e 63685F73 		.ascii	"ch_semaphore\000"
 2296      656D6170 
 2296      686F7265 
 2296      00
 2297              	.LASF45:
 2298 03ab 705F6570 		.ascii	"p_epending\000"
 2298      656E6469 
 2298      6E6700
 2299              	.LASF18:
 2300 03b6 75696E74 		.ascii	"uint32_t\000"
 2300      33325F74 
 2300      00
 2301              	.LASF94:
 2302 03bf 77746D74 		.ascii	"wtmtxp\000"
 2302      787000
 2303              	.LASF57:
 2304 03c6 725F7175 		.ascii	"r_queue\000"
 2304      65756500 
 2305              	.LASF68:
 2306 03ce 76745F64 		.ascii	"vt_delta\000"
 2306      656C7461 
 2306      00
 2307              	.LASF52:
 2308 03d7 63685F74 		.ascii	"ch_threads_list\000"
 2308      68726561 
 2308      64735F6C 
 2308      69737400 
 2309              	.LASF10:
 2310 03e7 6C6F6E67 		.ascii	"long unsigned int\000"
 2310      20756E73 
 2310      69676E65 
 2310      6420696E 
 2310      7400
 2311              	.LASF114:
 2312 03f9 474E5520 		.ascii	"GNU C 4.9.3 20150529 (prerelease) -mcpu=cortex-m3 -"
 2312      4320342E 
 2312      392E3320 
ARM GAS  /tmp/ccgmh6C8.s 			page 45


 2312      32303135 
 2312      30353239 
 2313 042c 6D6E6F2D 		.ascii	"mno-thumb-interwork -mthumb -ggdb -O2 -std=c99 -fom"
 2313      7468756D 
 2313      622D696E 
 2313      74657277 
 2313      6F726B20 
 2314 045f 69742D66 		.ascii	"it-frame-pointer -falign-functions=16 -ffunction-se"
 2314      72616D65 
 2314      2D706F69 
 2314      6E746572 
 2314      202D6661 
 2315 0492 6374696F 		.ascii	"ctions -fdata-sections -fno-common\000"
 2315      6E73202D 
 2315      66646174 
 2315      612D7365 
 2315      6374696F 
 2316              	.LASF107:
 2317 04b5 72656164 		.ascii	"read\000"
 2317      00
 2318              	.LASF15:
 2319 04ba 63686172 		.ascii	"char\000"
 2319      00
 2320              	.LASF30:
 2321 04bf 74687265 		.ascii	"thread_t\000"
 2321      61645F74 
 2321      00
 2322              	.LASF102:
 2323 04c8 6D5F6E65 		.ascii	"m_next\000"
 2323      787400
 2324              	.LASF29:
 2325 04cf 73797374 		.ascii	"systime_t\000"
 2325      696D655F 
 2325      7400
 2326              	.LASF47:
 2327 04d9 705F7265 		.ascii	"p_realprio\000"
 2327      616C7072 
 2327      696F00
 2328              	.LASF63:
 2329 04e4 76746675 		.ascii	"vtfunc_t\000"
 2329      6E635F74 
 2329      00
 2330              	.LASF9:
 2331 04ed 5F5F7569 		.ascii	"__uint32_t\000"
 2331      6E743332 
 2331      5F7400
 2332              	.LASF76:
 2333 04f8 70616E69 		.ascii	"panic_msg\000"
 2333      635F6D73 
 2333      6700
 2334              	.LASF87:
 2335 0502 6F666673 		.ascii	"offset\000"
 2335      657400
 2336              	.LASF85:
 2337 0509 636F6E74 		.ascii	"context\000"
 2337      65787400 
 2338              	.LASF20:
ARM GAS  /tmp/ccgmh6C8.s 			page 46


 2339 0511 7274636E 		.ascii	"rtcnt_t\000"
 2339      745F7400 
 2340              	.LASF70:
 2341 0519 76745F70 		.ascii	"vt_par\000"
 2341      617200
 2342              	.LASF53:
 2343 0520 74687265 		.ascii	"threads_queue_t\000"
 2343      6164735F 
 2343      71756575 
 2343      655F7400 
 2344              	.LASF99:
 2345 0530 63685F6D 		.ascii	"ch_mutex\000"
 2345      75746578 
 2345      00
 2346              	.LASF40:
 2347 0539 705F7265 		.ascii	"p_refs\000"
 2347      667300
 2348              	.LASF79:
 2349 0540 726C6973 		.ascii	"rlist\000"
 2349      7400
 2350              	.LASF16:
 2351 0546 75696E74 		.ascii	"uint8_t\000"
 2351      385F7400 
 2352              	.LASF91:
 2353 054e 77746F62 		.ascii	"wtobjp\000"
 2353      6A7000
 2354              	.LASF109:
 2355 0555 73697A65 		.ascii	"size\000"
 2355      00
 2356              	.LASF73:
 2357 055a 76745F73 		.ascii	"vt_systime\000"
 2357      79737469 
 2357      6D6500
 2358              	.LASF44:
 2359 0565 705F6D73 		.ascii	"p_msg\000"
 2359      6700
 2360              	.LASF101:
 2361 056b 6D5F6F77 		.ascii	"m_owner\000"
 2361      6E657200 
 2362              	.LASF34:
 2363 0573 705F6374 		.ascii	"p_ctx\000"
 2363      7800
 2364              	.LASF69:
 2365 0579 76745F66 		.ascii	"vt_func\000"
 2365      756E6300 
 2366              		.ident	"GCC: (15:4.9.3+svn227297-1) 4.9.3 20150529 (prerelease)"
ARM GAS  /tmp/ccgmh6C8.s 			page 47


DEFINED SYMBOLS
                            *ABS*:00000000 memstreams.c
     /tmp/ccgmh6C8.s:19     .text.put:00000000 $t
     /tmp/ccgmh6C8.s:24     .text.put:00000000 put
     /tmp/ccgmh6C8.s:72     .text.get:00000000 $t
     /tmp/ccgmh6C8.s:77     .text.get:00000000 get
     /tmp/ccgmh6C8.s:114    .text.reads:00000000 $t
     /tmp/ccgmh6C8.s:119    .text.reads:00000000 reads
     /tmp/ccgmh6C8.s:167    .text.writes:00000000 $t
     /tmp/ccgmh6C8.s:172    .text.writes:00000000 writes
     /tmp/ccgmh6C8.s:218    .text.msObjectInit:00000000 $t
     /tmp/ccgmh6C8.s:224    .text.msObjectInit:00000000 msObjectInit
     /tmp/ccgmh6C8.s:259    .text.msObjectInit:00000014 $d
     /tmp/ccgmh6C8.s:264    .rodata.vmt:00000000 $d
     /tmp/ccgmh6C8.s:268    .rodata.vmt:00000000 vmt
                     .debug_frame:00000010 $d
     /tmp/ccgmh6C8.s:263    .text.msObjectInit:00000018 $t

UNDEFINED SYMBOLS
memcpy
