ARM GAS  /tmp/cccXQC49.s 			page 1


   1              		.syntax unified
   2              		.cpu cortex-m3
   3              		.fpu softvfp
   4              		.eabi_attribute 20, 1
   5              		.eabi_attribute 21, 1
   6              		.eabi_attribute 23, 3
   7              		.eabi_attribute 24, 1
   8              		.eabi_attribute 25, 1
   9              		.eabi_attribute 26, 1
  10              		.eabi_attribute 30, 2
  11              		.eabi_attribute 34, 1
  12              		.eabi_attribute 18, 4
  13              		.thumb
  14              		.file	"pal.c"
  15              		.text
  16              	.Ltext0:
  17              		.cfi_sections	.debug_frame
  18              		.section	.text.palReadBus,"ax",%progbits
  19              		.align	2
  20              		.p2align 4,,15
  21              		.global	palReadBus
  22              		.thumb
  23              		.thumb_func
  24              		.type	palReadBus, %function
  25              	palReadBus:
  26              	.LFB207:
  27              		.file 1 "/home/peter/ChibiOS_16.1.4/os/hal/src/pal.c"
  28              		.loc 1 65 0
  29              		.cfi_startproc
  30              		@ args = 0, pretend = 0, frame = 0
  31              		@ frame_needed = 0, uses_anonymous_args = 0
  32              		@ link register save eliminated.
  33              	.LVL0:
  34              		.loc 1 69 0
  35 0000 0368     		ldr	r3, [r0]
  36 0002 8168     		ldr	r1, [r0, #8]
  37 0004 1B69     		ldr	r3, [r3, #16]
  38 0006 4268     		ldr	r2, [r0, #4]
  39 0008 23FA01F0 		lsr	r0, r3, r1
  40              	.LVL1:
  41              		.loc 1 70 0
  42 000c 1040     		ands	r0, r0, r2
  43 000e 7047     		bx	lr
  44              		.cfi_endproc
  45              	.LFE207:
  46              		.size	palReadBus, .-palReadBus
  47              		.section	.text.palWriteBus,"ax",%progbits
  48              		.align	2
  49              		.p2align 4,,15
  50              		.global	palWriteBus
  51              		.thumb
  52              		.thumb_func
  53              		.type	palWriteBus, %function
  54              	palWriteBus:
  55              	.LFB208:
  56              		.loc 1 90 0
  57              		.cfi_startproc
ARM GAS  /tmp/cccXQC49.s 			page 2


  58              		@ args = 0, pretend = 0, frame = 0
  59              		@ frame_needed = 0, uses_anonymous_args = 0
  60              		@ link register save eliminated.
  61              	.LVL2:
  62 0000 30B4     		push	{r4, r5}
  63              		.cfi_def_cfa_offset 8
  64              		.cfi_offset 4, -8
  65              		.cfi_offset 5, -4
  66              		.loc 1 94 0
  67 0002 4368     		ldr	r3, [r0, #4]
  68 0004 8468     		ldr	r4, [r0, #8]
  69 0006 23EA0102 		bic	r2, r3, r1
  70 000a 04F11005 		add	r5, r4, #16
  71 000e 0B40     		ands	r3, r3, r1
  72 0010 03FA04F1 		lsl	r1, r3, r4
  73              	.LVL3:
  74 0014 02FA05F3 		lsl	r3, r2, r5
  75 0018 0268     		ldr	r2, [r0]
  76 001a 0B43     		orrs	r3, r3, r1
  77 001c 9361     		str	r3, [r2, #24]
  78              		.loc 1 95 0
  79 001e 30BC     		pop	{r4, r5}
  80              		.cfi_restore 5
  81              		.cfi_restore 4
  82              		.cfi_def_cfa_offset 0
  83 0020 7047     		bx	lr
  84              		.cfi_endproc
  85              	.LFE208:
  86              		.size	palWriteBus, .-palWriteBus
  87 0022 00BFAFF3 		.section	.text.palSetBusMode,"ax",%progbits
  87      0080AFF3 
  87      0080AFF3 
  87      0080
  88              		.align	2
  89              		.p2align 4,,15
  90              		.global	palSetBusMode
  91              		.thumb
  92              		.thumb_func
  93              		.type	palSetBusMode, %function
  94              	palSetBusMode:
  95              	.LFB209:
  96              		.loc 1 113 0
  97              		.cfi_startproc
  98              		@ args = 0, pretend = 0, frame = 0
  99              		@ frame_needed = 0, uses_anonymous_args = 0
 100              		@ link register save eliminated.
 101              	.LVL4:
 102              		.loc 1 117 0
 103 0000 8368     		ldr	r3, [r0, #8]
 104              		.loc 1 113 0
 105 0002 0A46     		mov	r2, r1
 106              		.loc 1 117 0
 107 0004 4168     		ldr	r1, [r0, #4]
 108              	.LVL5:
 109 0006 0068     		ldr	r0, [r0]
 110              	.LVL6:
 111 0008 9940     		lsls	r1, r1, r3
ARM GAS  /tmp/cccXQC49.s 			page 3


 112 000a FFF7FEBF 		b	_pal_lld_setgroupmode
 113              	.LVL7:
 114              		.cfi_endproc
 115              	.LFE209:
 116              		.size	palSetBusMode, .-palSetBusMode
 117 000e 00BF     		.text
 118              	.Letext0:
 119              		.file 2 "/usr/include/newlib/machine/_default_types.h"
 120              		.file 3 "/usr/include/newlib/stdint.h"
 121              		.file 4 "/home/peter/ChibiOS_16.1.4/os/rt/ports/ARMCMx/compilers/GCC/chtypes.h"
 122              		.file 5 "/home/peter/ChibiOS_16.1.4/os/rt/include/chsystypes.h"
 123              		.file 6 "/home/peter/ChibiOS_16.1.4/os/rt/include/chschd.h"
 124              		.file 7 "/home/peter/ChibiOS_16.1.4/os/rt/ports/ARMCMx/chcore.h"
 125              		.file 8 "/home/peter/ChibiOS_16.1.4/os/rt/ports/ARMCMx/chcore_v7m.h"
 126              		.file 9 "/home/peter/ChibiOS_16.1.4/os/rt/include/chtm.h"
 127              		.file 10 "/home/peter/ChibiOS_16.1.4/os/rt/include/chsem.h"
 128              		.file 11 "/home/peter/ChibiOS_16.1.4/os/rt/include/chmtx.h"
 129              		.file 12 "/home/peter/ChibiOS_16.1.4/os/hal/ports/STM32/LLD/GPIOv2/pal_lld.h"
 130              		.file 13 "/home/peter/ChibiOS_16.1.4/os/hal/include/pal.h"
 131              		.file 14 "/home/peter/ChibiOS_16.1.4/os/ext/CMSIS/include/core_cm3.h"
 132              		.section	.debug_info,"",%progbits
 133              	.Ldebug_info0:
 134 0000 C7080000 		.4byte	0x8c7
 135 0004 0400     		.2byte	0x4
 136 0006 00000000 		.4byte	.Ldebug_abbrev0
 137 000a 04       		.byte	0x4
 138 000b 01       		.uleb128 0x1
 139 000c 27040000 		.4byte	.LASF129
 140 0010 01       		.byte	0x1
 141 0011 3E010000 		.4byte	.LASF130
 142 0015 00000000 		.4byte	.Ldebug_ranges0+0
 143 0019 00000000 		.4byte	0
 144 001d 00000000 		.4byte	.Ldebug_line0
 145 0021 02       		.uleb128 0x2
 146 0022 04       		.byte	0x4
 147 0023 05       		.byte	0x5
 148 0024 696E7400 		.ascii	"int\000"
 149 0028 03       		.uleb128 0x3
 150 0029 04       		.byte	0x4
 151 002a 07       		.byte	0x7
 152 002b B1010000 		.4byte	.LASF0
 153 002f 03       		.uleb128 0x3
 154 0030 01       		.byte	0x1
 155 0031 06       		.byte	0x6
 156 0032 DC000000 		.4byte	.LASF1
 157 0036 04       		.uleb128 0x4
 158 0037 23000000 		.4byte	.LASF4
 159 003b 02       		.byte	0x2
 160 003c 1D       		.byte	0x1d
 161 003d 41000000 		.4byte	0x41
 162 0041 03       		.uleb128 0x3
 163 0042 01       		.byte	0x1
 164 0043 08       		.byte	0x8
 165 0044 3B030000 		.4byte	.LASF2
 166 0048 03       		.uleb128 0x3
 167 0049 02       		.byte	0x2
 168 004a 05       		.byte	0x5
ARM GAS  /tmp/cccXQC49.s 			page 4


 169 004b 53030000 		.4byte	.LASF3
 170 004f 04       		.uleb128 0x4
 171 0050 F8040000 		.4byte	.LASF5
 172 0054 02       		.byte	0x2
 173 0055 2B       		.byte	0x2b
 174 0056 5A000000 		.4byte	0x5a
 175 005a 03       		.uleb128 0x3
 176 005b 02       		.byte	0x2
 177 005c 07       		.byte	0x7
 178 005d E3010000 		.4byte	.LASF6
 179 0061 04       		.uleb128 0x4
 180 0062 34020000 		.4byte	.LASF7
 181 0066 02       		.byte	0x2
 182 0067 3F       		.byte	0x3f
 183 0068 6C000000 		.4byte	0x6c
 184 006c 03       		.uleb128 0x3
 185 006d 04       		.byte	0x4
 186 006e 05       		.byte	0x5
 187 006f 13010000 		.4byte	.LASF8
 188 0073 04       		.uleb128 0x4
 189 0074 31050000 		.4byte	.LASF9
 190 0078 02       		.byte	0x2
 191 0079 41       		.byte	0x41
 192 007a 7E000000 		.4byte	0x7e
 193 007e 03       		.uleb128 0x3
 194 007f 04       		.byte	0x4
 195 0080 07       		.byte	0x7
 196 0081 15040000 		.4byte	.LASF10
 197 0085 03       		.uleb128 0x3
 198 0086 08       		.byte	0x8
 199 0087 05       		.byte	0x5
 200 0088 CE000000 		.4byte	.LASF11
 201 008c 04       		.uleb128 0x4
 202 008d 58020000 		.4byte	.LASF12
 203 0091 02       		.byte	0x2
 204 0092 5B       		.byte	0x5b
 205 0093 97000000 		.4byte	0x97
 206 0097 03       		.uleb128 0x3
 207 0098 08       		.byte	0x8
 208 0099 07       		.byte	0x7
 209 009a 62000000 		.4byte	.LASF13
 210 009e 04       		.uleb128 0x4
 211 009f B7050000 		.4byte	.LASF14
 212 00a3 03       		.byte	0x3
 213 00a4 15       		.byte	0x15
 214 00a5 36000000 		.4byte	0x36
 215 00a9 04       		.uleb128 0x4
 216 00aa 25010000 		.4byte	.LASF15
 217 00ae 03       		.byte	0x3
 218 00af 21       		.byte	0x21
 219 00b0 4F000000 		.4byte	0x4f
 220 00b4 04       		.uleb128 0x4
 221 00b5 33030000 		.4byte	.LASF16
 222 00b9 03       		.byte	0x3
 223 00ba 2C       		.byte	0x2c
 224 00bb 61000000 		.4byte	0x61
 225 00bf 04       		.uleb128 0x4
ARM GAS  /tmp/cccXQC49.s 			page 5


 226 00c0 E4030000 		.4byte	.LASF17
 227 00c4 03       		.byte	0x3
 228 00c5 2D       		.byte	0x2d
 229 00c6 73000000 		.4byte	0x73
 230 00ca 04       		.uleb128 0x4
 231 00cb 1A000000 		.4byte	.LASF18
 232 00cf 03       		.byte	0x3
 233 00d0 39       		.byte	0x39
 234 00d1 8C000000 		.4byte	0x8c
 235 00d5 04       		.uleb128 0x4
 236 00d6 84030000 		.4byte	.LASF19
 237 00da 03       		.byte	0x3
 238 00db 4B       		.byte	0x4b
 239 00dc 28000000 		.4byte	0x28
 240 00e0 04       		.uleb128 0x4
 241 00e1 76050000 		.4byte	.LASF20
 242 00e5 04       		.byte	0x4
 243 00e6 39       		.byte	0x39
 244 00e7 BF000000 		.4byte	0xbf
 245 00eb 04       		.uleb128 0x4
 246 00ec 12020000 		.4byte	.LASF21
 247 00f0 04       		.byte	0x4
 248 00f1 3C       		.byte	0x3c
 249 00f2 9E000000 		.4byte	0x9e
 250 00f6 04       		.uleb128 0x4
 251 00f7 1C010000 		.4byte	.LASF22
 252 00fb 04       		.byte	0x4
 253 00fc 3D       		.byte	0x3d
 254 00fd 9E000000 		.4byte	0x9e
 255 0101 04       		.uleb128 0x4
 256 0102 F6020000 		.4byte	.LASF23
 257 0106 04       		.byte	0x4
 258 0107 3E       		.byte	0x3e
 259 0108 9E000000 		.4byte	0x9e
 260 010c 04       		.uleb128 0x4
 261 010d 04010000 		.4byte	.LASF24
 262 0111 04       		.byte	0x4
 263 0112 3F       		.byte	0x3f
 264 0113 9E000000 		.4byte	0x9e
 265 0117 04       		.uleb128 0x4
 266 0118 15030000 		.4byte	.LASF25
 267 011c 04       		.byte	0x4
 268 011d 40       		.byte	0x40
 269 011e BF000000 		.4byte	0xbf
 270 0122 04       		.uleb128 0x4
 271 0123 00020000 		.4byte	.LASF26
 272 0127 04       		.byte	0x4
 273 0128 41       		.byte	0x41
 274 0129 B4000000 		.4byte	0xb4
 275 012d 04       		.uleb128 0x4
 276 012e 28020000 		.4byte	.LASF27
 277 0132 04       		.byte	0x4
 278 0133 43       		.byte	0x43
 279 0134 BF000000 		.4byte	0xbf
 280 0138 04       		.uleb128 0x4
 281 0139 AB010000 		.4byte	.LASF28
 282 013d 04       		.byte	0x4
ARM GAS  /tmp/cccXQC49.s 			page 6


 283 013e 45       		.byte	0x45
 284 013f B4000000 		.4byte	0xb4
 285 0143 04       		.uleb128 0x4
 286 0144 13050000 		.4byte	.LASF29
 287 0148 05       		.byte	0x5
 288 0149 33       		.byte	0x33
 289 014a BF000000 		.4byte	0xbf
 290 014e 04       		.uleb128 0x4
 291 014f 03050000 		.4byte	.LASF30
 292 0153 05       		.byte	0x5
 293 0154 3F       		.byte	0x3f
 294 0155 59010000 		.4byte	0x159
 295 0159 05       		.uleb128 0x5
 296 015a F6010000 		.4byte	.LASF51
 297 015e 44       		.byte	0x44
 298 015f 06       		.byte	0x6
 299 0160 C2       		.byte	0xc2
 300 0161 52020000 		.4byte	0x252
 301 0165 06       		.uleb128 0x6
 302 0166 7D030000 		.4byte	.LASF31
 303 016a 06       		.byte	0x6
 304 016b C3       		.byte	0xc3
 305 016c 5D020000 		.4byte	0x25d
 306 0170 00       		.byte	0
 307 0171 06       		.uleb128 0x6
 308 0172 0E030000 		.4byte	.LASF32
 309 0176 06       		.byte	0x6
 310 0177 C5       		.byte	0xc5
 311 0178 5D020000 		.4byte	0x25d
 312 017c 04       		.byte	0x4
 313 017d 06       		.uleb128 0x6
 314 017e C7000000 		.4byte	.LASF33
 315 0182 06       		.byte	0x6
 316 0183 C7       		.byte	0xc7
 317 0184 17010000 		.4byte	0x117
 318 0188 08       		.byte	0x8
 319 0189 06       		.uleb128 0x6
 320 018a EF050000 		.4byte	.LASF34
 321 018e 06       		.byte	0x6
 322 018f C8       		.byte	0xc8
 323 0190 92040000 		.4byte	0x492
 324 0194 0C       		.byte	0xc
 325 0195 06       		.uleb128 0x6
 326 0196 2E010000 		.4byte	.LASF35
 327 019a 06       		.byte	0x6
 328 019b CA       		.byte	0xca
 329 019c 5D020000 		.4byte	0x25d
 330 01a0 10       		.byte	0x10
 331 01a1 06       		.uleb128 0x6
 332 01a2 A6020000 		.4byte	.LASF36
 333 01a6 06       		.byte	0x6
 334 01a7 CB       		.byte	0xcb
 335 01a8 5D020000 		.4byte	0x25d
 336 01ac 14       		.byte	0x14
 337 01ad 06       		.uleb128 0x6
 338 01ae C6050000 		.4byte	.LASF37
 339 01b2 06       		.byte	0x6
ARM GAS  /tmp/cccXQC49.s 			page 7


 340 01b3 D2       		.byte	0xd2
 341 01b4 11060000 		.4byte	0x611
 342 01b8 18       		.byte	0x18
 343 01b9 06       		.uleb128 0x6
 344 01ba 5D030000 		.4byte	.LASF38
 345 01be 06       		.byte	0x6
 346 01bf DD       		.byte	0xdd
 347 01c0 F6000000 		.4byte	0xf6
 348 01c4 1C       		.byte	0x1c
 349 01c5 06       		.uleb128 0x6
 350 01c6 91030000 		.4byte	.LASF39
 351 01ca 06       		.byte	0x6
 352 01cb E1       		.byte	0xe1
 353 01cc EB000000 		.4byte	0xeb
 354 01d0 1D       		.byte	0x1d
 355 01d1 06       		.uleb128 0x6
 356 01d2 AA050000 		.4byte	.LASF40
 357 01d6 06       		.byte	0x6
 358 01d7 E6       		.byte	0xe6
 359 01d8 01010000 		.4byte	0x101
 360 01dc 1E       		.byte	0x1e
 361 01dd 06       		.uleb128 0x6
 362 01de 65030000 		.4byte	.LASF41
 363 01e2 06       		.byte	0x6
 364 01e3 EC       		.byte	0xec
 365 01e4 0C010000 		.4byte	0x10c
 366 01e8 1F       		.byte	0x1f
 367 01e9 07       		.uleb128 0x7
 368 01ea 705F7500 		.ascii	"p_u\000"
 369 01ee 06       		.byte	0x6
 370 01ef 3101     		.2byte	0x131
 371 01f1 4C050000 		.4byte	0x54c
 372 01f5 20       		.byte	0x20
 373 01f6 08       		.uleb128 0x8
 374 01f7 63020000 		.4byte	.LASF42
 375 01fb 06       		.byte	0x6
 376 01fc 3601     		.2byte	0x136
 377 01fe 63020000 		.4byte	0x263
 378 0202 24       		.byte	0x24
 379 0203 08       		.uleb128 0x8
 380 0204 CD010000 		.4byte	.LASF43
 381 0208 06       		.byte	0x6
 382 0209 3C01     		.2byte	0x13c
 383 020b 87020000 		.4byte	0x287
 384 020f 28       		.byte	0x28
 385 0210 08       		.uleb128 0x8
 386 0211 D8050000 		.4byte	.LASF44
 387 0215 06       		.byte	0x6
 388 0216 4001     		.2byte	0x140
 389 0218 22010000 		.4byte	0x122
 390 021c 30       		.byte	0x30
 391 021d 08       		.uleb128 0x8
 392 021e D9030000 		.4byte	.LASF45
 393 0222 06       		.byte	0x6
 394 0223 4601     		.2byte	0x146
 395 0225 2D010000 		.4byte	0x12d
 396 0229 34       		.byte	0x34
ARM GAS  /tmp/cccXQC49.s 			page 8


 397 022a 08       		.uleb128 0x8
 398 022b 49030000 		.4byte	.LASF46
 399 022f 06       		.byte	0x6
 400 0230 4D01     		.2byte	0x14d
 401 0232 0B060000 		.4byte	0x60b
 402 0236 38       		.byte	0x38
 403 0237 08       		.uleb128 0x8
 404 0238 1D050000 		.4byte	.LASF47
 405 023c 06       		.byte	0x6
 406 023d 5101     		.2byte	0x151
 407 023f 17010000 		.4byte	0x117
 408 0243 3C       		.byte	0x3c
 409 0244 08       		.uleb128 0x8
 410 0245 ED000000 		.4byte	.LASF48
 411 0249 06       		.byte	0x6
 412 024a 5801     		.2byte	0x158
 413 024c 3A030000 		.4byte	0x33a
 414 0250 40       		.byte	0x40
 415 0251 00       		.byte	0
 416 0252 04       		.uleb128 0x4
 417 0253 76020000 		.4byte	.LASF49
 418 0257 05       		.byte	0x5
 419 0258 44       		.byte	0x44
 420 0259 5D020000 		.4byte	0x25d
 421 025d 09       		.uleb128 0x9
 422 025e 04       		.byte	0x4
 423 025f 4E010000 		.4byte	0x14e
 424 0263 04       		.uleb128 0x4
 425 0264 49020000 		.4byte	.LASF50
 426 0268 05       		.byte	0x5
 427 0269 49       		.byte	0x49
 428 026a 6E020000 		.4byte	0x26e
 429 026e 05       		.uleb128 0x5
 430 026f 05040000 		.4byte	.LASF52
 431 0273 04       		.byte	0x4
 432 0274 06       		.byte	0x6
 433 0275 B0       		.byte	0xb0
 434 0276 87020000 		.4byte	0x287
 435 027a 06       		.uleb128 0x6
 436 027b 7D030000 		.4byte	.LASF31
 437 027f 06       		.byte	0x6
 438 0280 B1       		.byte	0xb1
 439 0281 5D020000 		.4byte	0x25d
 440 0285 00       		.byte	0
 441 0286 00       		.byte	0
 442 0287 04       		.uleb128 0x4
 443 0288 91050000 		.4byte	.LASF53
 444 028c 05       		.byte	0x5
 445 028d 50       		.byte	0x50
 446 028e 92020000 		.4byte	0x292
 447 0292 05       		.uleb128 0x5
 448 0293 B6000000 		.4byte	.LASF54
 449 0297 08       		.byte	0x8
 450 0298 06       		.byte	0x6
 451 0299 B7       		.byte	0xb7
 452 029a B7020000 		.4byte	0x2b7
 453 029e 06       		.uleb128 0x6
ARM GAS  /tmp/cccXQC49.s 			page 9


 454 029f 7D030000 		.4byte	.LASF31
 455 02a3 06       		.byte	0x6
 456 02a4 B8       		.byte	0xb8
 457 02a5 5D020000 		.4byte	0x25d
 458 02a9 00       		.byte	0
 459 02aa 06       		.uleb128 0x6
 460 02ab 0E030000 		.4byte	.LASF32
 461 02af 06       		.byte	0x6
 462 02b0 B9       		.byte	0xb9
 463 02b1 5D020000 		.4byte	0x25d
 464 02b5 04       		.byte	0x4
 465 02b6 00       		.byte	0
 466 02b7 04       		.uleb128 0x4
 467 02b8 00000000 		.4byte	.LASF55
 468 02bc 05       		.byte	0x5
 469 02bd 57       		.byte	0x57
 470 02be C2020000 		.4byte	0x2c2
 471 02c2 0A       		.uleb128 0xa
 472 02c3 1A020000 		.4byte	.LASF56
 473 02c7 1C       		.byte	0x1c
 474 02c8 06       		.byte	0x6
 475 02c9 9001     		.2byte	0x190
 476 02cb 1E030000 		.4byte	0x31e
 477 02cf 08       		.uleb128 0x8
 478 02d0 F4030000 		.4byte	.LASF57
 479 02d4 06       		.byte	0x6
 480 02d5 9101     		.2byte	0x191
 481 02d7 87020000 		.4byte	0x287
 482 02db 00       		.byte	0
 483 02dc 08       		.uleb128 0x8
 484 02dd 6F030000 		.4byte	.LASF58
 485 02e1 06       		.byte	0x6
 486 02e2 9201     		.2byte	0x192
 487 02e4 17010000 		.4byte	0x117
 488 02e8 08       		.byte	0x8
 489 02e9 08       		.uleb128 0x8
 490 02ea AE020000 		.4byte	.LASF59
 491 02ee 06       		.byte	0x6
 492 02ef 9401     		.2byte	0x194
 493 02f1 92040000 		.4byte	0x492
 494 02f5 0C       		.byte	0xc
 495 02f6 08       		.uleb128 0x8
 496 02f7 72010000 		.4byte	.LASF60
 497 02fb 06       		.byte	0x6
 498 02fc 9701     		.2byte	0x197
 499 02fe 5D020000 		.4byte	0x25d
 500 0302 10       		.byte	0x10
 501 0303 08       		.uleb128 0x8
 502 0304 CF020000 		.4byte	.LASF61
 503 0308 06       		.byte	0x6
 504 0309 9801     		.2byte	0x198
 505 030b 5D020000 		.4byte	0x25d
 506 030f 14       		.byte	0x14
 507 0310 08       		.uleb128 0x8
 508 0311 C5020000 		.4byte	.LASF62
 509 0315 06       		.byte	0x6
 510 0316 9B01     		.2byte	0x19b
ARM GAS  /tmp/cccXQC49.s 			page 10


 511 0318 5D020000 		.4byte	0x25d
 512 031c 18       		.byte	0x18
 513 031d 00       		.byte	0
 514 031e 04       		.uleb128 0x4
 515 031f 28050000 		.4byte	.LASF63
 516 0323 05       		.byte	0x5
 517 0324 5C       		.byte	0x5c
 518 0325 29030000 		.4byte	0x329
 519 0329 09       		.uleb128 0x9
 520 032a 04       		.byte	0x4
 521 032b 2F030000 		.4byte	0x32f
 522 032f 0B       		.uleb128 0xb
 523 0330 3A030000 		.4byte	0x33a
 524 0334 0C       		.uleb128 0xc
 525 0335 3A030000 		.4byte	0x33a
 526 0339 00       		.byte	0
 527 033a 0D       		.uleb128 0xd
 528 033b 04       		.byte	0x4
 529 033c 04       		.uleb128 0x4
 530 033d FE020000 		.4byte	.LASF64
 531 0341 05       		.byte	0x5
 532 0342 61       		.byte	0x61
 533 0343 47030000 		.4byte	0x347
 534 0347 0A       		.uleb128 0xa
 535 0348 BB030000 		.4byte	.LASF65
 536 034c 14       		.byte	0x14
 537 034d 06       		.byte	0x6
 538 034e 6B01     		.2byte	0x16b
 539 0350 96030000 		.4byte	0x396
 540 0354 08       		.uleb128 0x8
 541 0355 BE010000 		.4byte	.LASF66
 542 0359 06       		.byte	0x6
 543 035a 6C01     		.2byte	0x16c
 544 035c 23060000 		.4byte	0x623
 545 0360 00       		.byte	0
 546 0361 08       		.uleb128 0x8
 547 0362 88010000 		.4byte	.LASF67
 548 0366 06       		.byte	0x6
 549 0367 6D01     		.2byte	0x16d
 550 0369 23060000 		.4byte	0x623
 551 036d 04       		.byte	0x4
 552 036e 08       		.uleb128 0x8
 553 036f FC030000 		.4byte	.LASF68
 554 0373 06       		.byte	0x6
 555 0374 6E01     		.2byte	0x16e
 556 0376 43010000 		.4byte	0x143
 557 037a 08       		.byte	0x8
 558 037b 08       		.uleb128 0x8
 559 037c F5050000 		.4byte	.LASF69
 560 0380 06       		.byte	0x6
 561 0381 6F01     		.2byte	0x16f
 562 0383 1E030000 		.4byte	0x31e
 563 0387 0C       		.byte	0xc
 564 0388 08       		.uleb128 0x8
 565 0389 7E050000 		.4byte	.LASF70
 566 038d 06       		.byte	0x6
 567 038e 7101     		.2byte	0x171
ARM GAS  /tmp/cccXQC49.s 			page 11


 568 0390 3A030000 		.4byte	0x33a
 569 0394 10       		.byte	0x10
 570 0395 00       		.byte	0
 571 0396 04       		.uleb128 0x4
 572 0397 93000000 		.4byte	.LASF71
 573 039b 05       		.byte	0x5
 574 039c 66       		.byte	0x66
 575 039d A1030000 		.4byte	0x3a1
 576 03a1 0A       		.uleb128 0xa
 577 03a2 89020000 		.4byte	.LASF72
 578 03a6 10       		.byte	0x10
 579 03a7 06       		.byte	0x6
 580 03a8 7B01     		.2byte	0x17b
 581 03aa E3030000 		.4byte	0x3e3
 582 03ae 08       		.uleb128 0x8
 583 03af BE010000 		.4byte	.LASF66
 584 03b3 06       		.byte	0x6
 585 03b4 7C01     		.2byte	0x17c
 586 03b6 23060000 		.4byte	0x623
 587 03ba 00       		.byte	0
 588 03bb 08       		.uleb128 0x8
 589 03bc 88010000 		.4byte	.LASF67
 590 03c0 06       		.byte	0x6
 591 03c1 7E01     		.2byte	0x17e
 592 03c3 23060000 		.4byte	0x623
 593 03c7 04       		.byte	0x4
 594 03c8 08       		.uleb128 0x8
 595 03c9 FC030000 		.4byte	.LASF68
 596 03cd 06       		.byte	0x6
 597 03ce 8001     		.2byte	0x180
 598 03d0 43010000 		.4byte	0x143
 599 03d4 08       		.byte	0x8
 600 03d5 08       		.uleb128 0x8
 601 03d6 CD050000 		.4byte	.LASF73
 602 03da 06       		.byte	0x6
 603 03db 8201     		.2byte	0x182
 604 03dd 29060000 		.4byte	0x629
 605 03e1 0C       		.byte	0xc
 606 03e2 00       		.byte	0
 607 03e3 04       		.uleb128 0x4
 608 03e4 40000000 		.4byte	.LASF74
 609 03e8 05       		.byte	0x5
 610 03e9 6B       		.byte	0x6b
 611 03ea EE030000 		.4byte	0x3ee
 612 03ee 0A       		.uleb128 0xa
 613 03ef 1D030000 		.4byte	.LASF75
 614 03f3 04       		.byte	0x4
 615 03f4 06       		.byte	0x6
 616 03f5 A201     		.2byte	0x1a2
 617 03f7 09040000 		.4byte	0x409
 618 03fb 08       		.uleb128 0x8
 619 03fc 3C050000 		.4byte	.LASF76
 620 0400 06       		.byte	0x6
 621 0401 AA01     		.2byte	0x1aa
 622 0403 2E060000 		.4byte	0x62e
 623 0407 00       		.byte	0
 624 0408 00       		.byte	0
ARM GAS  /tmp/cccXQC49.s 			page 12


 625 0409 04       		.uleb128 0x4
 626 040a 06020000 		.4byte	.LASF77
 627 040e 05       		.byte	0x5
 628 040f 70       		.byte	0x70
 629 0410 14040000 		.4byte	0x414
 630 0414 0E       		.uleb128 0xe
 631 0415 B1030000 		.4byte	.LASF78
 632 0419 5001     		.2byte	0x150
 633 041b 06       		.byte	0x6
 634 041c C201     		.2byte	0x1c2
 635 041e 70040000 		.4byte	0x470
 636 0422 08       		.uleb128 0x8
 637 0423 B1050000 		.4byte	.LASF79
 638 0427 06       		.byte	0x6
 639 0428 C601     		.2byte	0x1c6
 640 042a B7020000 		.4byte	0x2b7
 641 042e 00       		.byte	0
 642 042f 08       		.uleb128 0x8
 643 0430 FD000000 		.4byte	.LASF80
 644 0434 06       		.byte	0x6
 645 0435 CA01     		.2byte	0x1ca
 646 0437 96030000 		.4byte	0x396
 647 043b 1C       		.byte	0x1c
 648 043c 07       		.uleb128 0x7
 649 043d 64626700 		.ascii	"dbg\000"
 650 0441 06       		.byte	0x6
 651 0442 CE01     		.2byte	0x1ce
 652 0444 E3030000 		.4byte	0x3e3
 653 0448 2C       		.byte	0x2c
 654 0449 08       		.uleb128 0x8
 655 044a 88000000 		.4byte	.LASF81
 656 044e 06       		.byte	0x6
 657 044f D201     		.2byte	0x1d2
 658 0451 4E010000 		.4byte	0x14e
 659 0455 30       		.byte	0x30
 660 0456 07       		.uleb128 0x7
 661 0457 746D00   		.ascii	"tm\000"
 662 045a 06       		.byte	0x6
 663 045b D701     		.2byte	0x1d7
 664 045d 41050000 		.4byte	0x541
 665 0461 74       		.byte	0x74
 666 0462 08       		.uleb128 0x8
 667 0463 A2030000 		.4byte	.LASF82
 668 0467 06       		.byte	0x6
 669 0468 E301     		.2byte	0x1e3
 670 046a 33060000 		.4byte	0x633
 671 046e 78       		.byte	0x78
 672 046f 00       		.byte	0
 673 0470 03       		.uleb128 0x3
 674 0471 04       		.byte	0x4
 675 0472 07       		.byte	0x7
 676 0473 6D020000 		.4byte	.LASF83
 677 0477 0F       		.uleb128 0xf
 678 0478 BF000000 		.4byte	0xbf
 679 047c 04       		.uleb128 0x4
 680 047d 7F010000 		.4byte	.LASF84
 681 0481 07       		.byte	0x7
ARM GAS  /tmp/cccXQC49.s 			page 13


 682 0482 65       		.byte	0x65
 683 0483 3A030000 		.4byte	0x33a
 684 0487 04       		.uleb128 0x4
 685 0488 3E020000 		.4byte	.LASF85
 686 048c 07       		.byte	0x7
 687 048d 6D       		.byte	0x6d
 688 048e CA000000 		.4byte	0xca
 689 0492 05       		.uleb128 0x5
 690 0493 58050000 		.4byte	.LASF86
 691 0497 04       		.byte	0x4
 692 0498 07       		.byte	0x7
 693 0499 89       		.byte	0x89
 694 049a AB040000 		.4byte	0x4ab
 695 049e 10       		.uleb128 0x10
 696 049f 72313300 		.ascii	"r13\000"
 697 04a3 07       		.byte	0x7
 698 04a4 8A       		.byte	0x8a
 699 04a5 26050000 		.4byte	0x526
 700 04a9 00       		.byte	0
 701 04aa 00       		.byte	0
 702 04ab 05       		.uleb128 0x5
 703 04ac 34000000 		.4byte	.LASF87
 704 04b0 24       		.byte	0x24
 705 04b1 08       		.byte	0x8
 706 04b2 FD       		.byte	0xfd
 707 04b3 26050000 		.4byte	0x526
 708 04b7 07       		.uleb128 0x7
 709 04b8 723400   		.ascii	"r4\000"
 710 04bb 08       		.byte	0x8
 711 04bc 1001     		.2byte	0x110
 712 04be 7C040000 		.4byte	0x47c
 713 04c2 00       		.byte	0
 714 04c3 07       		.uleb128 0x7
 715 04c4 723500   		.ascii	"r5\000"
 716 04c7 08       		.byte	0x8
 717 04c8 1101     		.2byte	0x111
 718 04ca 7C040000 		.4byte	0x47c
 719 04ce 04       		.byte	0x4
 720 04cf 07       		.uleb128 0x7
 721 04d0 723600   		.ascii	"r6\000"
 722 04d3 08       		.byte	0x8
 723 04d4 1201     		.2byte	0x112
 724 04d6 7C040000 		.4byte	0x47c
 725 04da 08       		.byte	0x8
 726 04db 07       		.uleb128 0x7
 727 04dc 723700   		.ascii	"r7\000"
 728 04df 08       		.byte	0x8
 729 04e0 1301     		.2byte	0x113
 730 04e2 7C040000 		.4byte	0x47c
 731 04e6 0C       		.byte	0xc
 732 04e7 07       		.uleb128 0x7
 733 04e8 723800   		.ascii	"r8\000"
 734 04eb 08       		.byte	0x8
 735 04ec 1401     		.2byte	0x114
 736 04ee 7C040000 		.4byte	0x47c
 737 04f2 10       		.byte	0x10
 738 04f3 07       		.uleb128 0x7
ARM GAS  /tmp/cccXQC49.s 			page 14


 739 04f4 723900   		.ascii	"r9\000"
 740 04f7 08       		.byte	0x8
 741 04f8 1501     		.2byte	0x115
 742 04fa 7C040000 		.4byte	0x47c
 743 04fe 14       		.byte	0x14
 744 04ff 07       		.uleb128 0x7
 745 0500 72313000 		.ascii	"r10\000"
 746 0504 08       		.byte	0x8
 747 0505 1601     		.2byte	0x116
 748 0507 7C040000 		.4byte	0x47c
 749 050b 18       		.byte	0x18
 750 050c 07       		.uleb128 0x7
 751 050d 72313100 		.ascii	"r11\000"
 752 0511 08       		.byte	0x8
 753 0512 1701     		.2byte	0x117
 754 0514 7C040000 		.4byte	0x47c
 755 0518 1C       		.byte	0x1c
 756 0519 07       		.uleb128 0x7
 757 051a 6C7200   		.ascii	"lr\000"
 758 051d 08       		.byte	0x8
 759 051e 1801     		.2byte	0x118
 760 0520 7C040000 		.4byte	0x47c
 761 0524 20       		.byte	0x20
 762 0525 00       		.byte	0
 763 0526 09       		.uleb128 0x9
 764 0527 04       		.byte	0x4
 765 0528 AB040000 		.4byte	0x4ab
 766 052c 11       		.uleb128 0x11
 767 052d 04       		.byte	0x4
 768 052e 09       		.byte	0x9
 769 052f 38       		.byte	0x38
 770 0530 41050000 		.4byte	0x541
 771 0534 06       		.uleb128 0x6
 772 0535 46050000 		.4byte	.LASF88
 773 0539 09       		.byte	0x9
 774 053a 3C       		.byte	0x3c
 775 053b E0000000 		.4byte	0xe0
 776 053f 00       		.byte	0
 777 0540 00       		.byte	0
 778 0541 04       		.uleb128 0x4
 779 0542 B4020000 		.4byte	.LASF89
 780 0546 09       		.byte	0x9
 781 0547 3D       		.byte	0x3d
 782 0548 2C050000 		.4byte	0x52c
 783 054c 12       		.uleb128 0x12
 784 054d 04       		.byte	0x4
 785 054e 06       		.byte	0x6
 786 054f FA       		.byte	0xfa
 787 0550 A9050000 		.4byte	0x5a9
 788 0554 13       		.uleb128 0x13
 789 0555 13000000 		.4byte	.LASF90
 790 0559 06       		.byte	0x6
 791 055a 0101     		.2byte	0x101
 792 055c 22010000 		.4byte	0x122
 793 0560 13       		.uleb128 0x13
 794 0561 7F000000 		.4byte	.LASF91
 795 0565 06       		.byte	0x6
ARM GAS  /tmp/cccXQC49.s 			page 15


 796 0566 0801     		.2byte	0x108
 797 0568 22010000 		.4byte	0x122
 798 056c 13       		.uleb128 0x13
 799 056d BF050000 		.4byte	.LASF92
 800 0571 06       		.byte	0x6
 801 0572 0F01     		.2byte	0x10f
 802 0574 3A030000 		.4byte	0x33a
 803 0578 13       		.uleb128 0x13
 804 0579 0D000000 		.4byte	.LASF93
 805 057d 06       		.byte	0x6
 806 057e 1601     		.2byte	0x116
 807 0580 A9050000 		.4byte	0x5a9
 808 0584 13       		.uleb128 0x13
 809 0585 C6010000 		.4byte	.LASF94
 810 0589 06       		.byte	0x6
 811 058a 1E01     		.2byte	0x11e
 812 058c D4050000 		.4byte	0x5d4
 813 0590 13       		.uleb128 0x13
 814 0591 ED030000 		.4byte	.LASF95
 815 0595 06       		.byte	0x6
 816 0596 2701     		.2byte	0x127
 817 0598 0B060000 		.4byte	0x60b
 818 059c 13       		.uleb128 0x13
 819 059d 76030000 		.4byte	.LASF96
 820 05a1 06       		.byte	0x6
 821 05a2 2F01     		.2byte	0x12f
 822 05a4 2D010000 		.4byte	0x12d
 823 05a8 00       		.byte	0
 824 05a9 09       		.uleb128 0x9
 825 05aa 04       		.byte	0x4
 826 05ab 52020000 		.4byte	0x252
 827 05af 05       		.uleb128 0x5
 828 05b0 CC030000 		.4byte	.LASF97
 829 05b4 0C       		.byte	0xc
 830 05b5 0A       		.byte	0xa
 831 05b6 34       		.byte	0x34
 832 05b7 D4050000 		.4byte	0x5d4
 833 05bb 06       		.uleb128 0x6
 834 05bc 36010000 		.4byte	.LASF98
 835 05c0 0A       		.byte	0xa
 836 05c1 35       		.byte	0x35
 837 05c2 87020000 		.4byte	0x287
 838 05c6 00       		.byte	0
 839 05c7 06       		.uleb128 0x6
 840 05c8 DD010000 		.4byte	.LASF99
 841 05cc 0A       		.byte	0xa
 842 05cd 37       		.byte	0x37
 843 05ce 38010000 		.4byte	0x138
 844 05d2 08       		.byte	0x8
 845 05d3 00       		.byte	0
 846 05d4 09       		.uleb128 0x9
 847 05d5 04       		.byte	0x4
 848 05d6 AF050000 		.4byte	0x5af
 849 05da 05       		.uleb128 0x5
 850 05db A1050000 		.4byte	.LASF100
 851 05df 10       		.byte	0x10
 852 05e0 0B       		.byte	0xb
ARM GAS  /tmp/cccXQC49.s 			page 16


 853 05e1 39       		.byte	0x39
 854 05e2 0B060000 		.4byte	0x60b
 855 05e6 06       		.uleb128 0x6
 856 05e7 F5000000 		.4byte	.LASF101
 857 05eb 0B       		.byte	0xb
 858 05ec 3A       		.byte	0x3a
 859 05ed 87020000 		.4byte	0x287
 860 05f1 00       		.byte	0
 861 05f2 06       		.uleb128 0x6
 862 05f3 E7050000 		.4byte	.LASF102
 863 05f7 0B       		.byte	0xb
 864 05f8 3C       		.byte	0x3c
 865 05f9 5D020000 		.4byte	0x25d
 866 05fd 08       		.byte	0x8
 867 05fe 06       		.uleb128 0x6
 868 05ff 0C050000 		.4byte	.LASF103
 869 0603 0B       		.byte	0xb
 870 0604 3E       		.byte	0x3e
 871 0605 4E060000 		.4byte	0x64e
 872 0609 0C       		.byte	0xc
 873 060a 00       		.byte	0
 874 060b 09       		.uleb128 0x9
 875 060c 04       		.byte	0x4
 876 060d DA050000 		.4byte	0x5da
 877 0611 09       		.uleb128 0x9
 878 0612 04       		.byte	0x4
 879 0613 17060000 		.4byte	0x617
 880 0617 14       		.uleb128 0x14
 881 0618 1C060000 		.4byte	0x61c
 882 061c 03       		.uleb128 0x3
 883 061d 01       		.byte	0x1
 884 061e 08       		.byte	0x8
 885 061f E3040000 		.4byte	.LASF104
 886 0623 09       		.uleb128 0x9
 887 0624 04       		.byte	0x4
 888 0625 3C030000 		.4byte	0x33c
 889 0629 0F       		.uleb128 0xf
 890 062a 43010000 		.4byte	0x143
 891 062e 0F       		.uleb128 0xf
 892 062f 11060000 		.4byte	0x611
 893 0633 15       		.uleb128 0x15
 894 0634 87040000 		.4byte	0x487
 895 0638 43060000 		.4byte	0x643
 896 063c 16       		.uleb128 0x16
 897 063d 70040000 		.4byte	0x470
 898 0641 1A       		.byte	0x1a
 899 0642 00       		.byte	0
 900 0643 04       		.uleb128 0x4
 901 0644 9D010000 		.4byte	.LASF105
 902 0648 0B       		.byte	0xb
 903 0649 34       		.byte	0x34
 904 064a DA050000 		.4byte	0x5da
 905 064e 09       		.uleb128 0x9
 906 064f 04       		.byte	0x4
 907 0650 43060000 		.4byte	0x643
 908 0654 03       		.uleb128 0x3
 909 0655 01       		.byte	0x1
ARM GAS  /tmp/cccXQC49.s 			page 17


 910 0656 02       		.byte	0x2
 911 0657 2D030000 		.4byte	.LASF106
 912 065b 11       		.uleb128 0x11
 913 065c 04       		.byte	0x4
 914 065d 0C       		.byte	0xc
 915 065e E7       		.byte	0xe7
 916 065f 7C060000 		.4byte	0x67c
 917 0663 10       		.uleb128 0x10
 918 0664 73657400 		.ascii	"set\000"
 919 0668 0C       		.byte	0xc
 920 0669 E8       		.byte	0xe8
 921 066a A9000000 		.4byte	0xa9
 922 066e 00       		.byte	0
 923 066f 06       		.uleb128 0x6
 924 0670 A0020000 		.4byte	.LASF107
 925 0674 0C       		.byte	0xc
 926 0675 E9       		.byte	0xe9
 927 0676 A9000000 		.4byte	0xa9
 928 067a 02       		.byte	0x2
 929 067b 00       		.byte	0
 930 067c 12       		.uleb128 0x12
 931 067d 04       		.byte	0x4
 932 067e 0C       		.byte	0xc
 933 067f E5       		.byte	0xe5
 934 0680 97060000 		.4byte	0x697
 935 0684 17       		.uleb128 0x17
 936 0685 5700     		.ascii	"W\000"
 937 0687 0C       		.byte	0xc
 938 0688 E6       		.byte	0xe6
 939 0689 BF000000 		.4byte	0xbf
 940 068d 17       		.uleb128 0x17
 941 068e 4800     		.ascii	"H\000"
 942 0690 0C       		.byte	0xc
 943 0691 EA       		.byte	0xea
 944 0692 5B060000 		.4byte	0x65b
 945 0696 00       		.byte	0
 946 0697 11       		.uleb128 0x11
 947 0698 2C       		.byte	0x2c
 948 0699 0C       		.byte	0xc
 949 069a DD       		.byte	0xdd
 950 069b 24070000 		.4byte	0x724
 951 069f 06       		.uleb128 0x6
 952 06a0 5C000000 		.4byte	.LASF108
 953 06a4 0C       		.byte	0xc
 954 06a5 DF       		.byte	0xdf
 955 06a6 77040000 		.4byte	0x477
 956 06aa 00       		.byte	0
 957 06ab 06       		.uleb128 0x6
 958 06ac 2D000000 		.4byte	.LASF109
 959 06b0 0C       		.byte	0xc
 960 06b1 E0       		.byte	0xe0
 961 06b2 77040000 		.4byte	0x477
 962 06b6 04       		.byte	0x4
 963 06b7 06       		.uleb128 0x6
 964 06b8 6A010000 		.4byte	.LASF110
 965 06bc 0C       		.byte	0xc
 966 06bd E1       		.byte	0xe1
ARM GAS  /tmp/cccXQC49.s 			page 18


 967 06be 77040000 		.4byte	0x477
 968 06c2 08       		.byte	0x8
 969 06c3 06       		.uleb128 0x6
 970 06c4 79000000 		.4byte	.LASF111
 971 06c8 0C       		.byte	0xc
 972 06c9 E2       		.byte	0xe2
 973 06ca 77040000 		.4byte	0x477
 974 06ce 0C       		.byte	0xc
 975 06cf 10       		.uleb128 0x10
 976 06d0 49445200 		.ascii	"IDR\000"
 977 06d4 0C       		.byte	0xc
 978 06d5 E3       		.byte	0xe3
 979 06d6 77040000 		.4byte	0x477
 980 06da 10       		.byte	0x10
 981 06db 10       		.uleb128 0x10
 982 06dc 4F445200 		.ascii	"ODR\000"
 983 06e0 0C       		.byte	0xc
 984 06e1 E4       		.byte	0xe4
 985 06e2 77040000 		.4byte	0x477
 986 06e6 14       		.byte	0x14
 987 06e7 06       		.uleb128 0x6
 988 06e8 E8000000 		.4byte	.LASF112
 989 06ec 0C       		.byte	0xc
 990 06ed EB       		.byte	0xeb
 991 06ee 24070000 		.4byte	0x724
 992 06f2 18       		.byte	0x18
 993 06f3 06       		.uleb128 0x6
 994 06f4 D8010000 		.4byte	.LASF113
 995 06f8 0C       		.byte	0xc
 996 06f9 EC       		.byte	0xec
 997 06fa 77040000 		.4byte	0x477
 998 06fe 1C       		.byte	0x1c
 999 06ff 06       		.uleb128 0x6
 1000 0700 F1020000 		.4byte	.LASF114
 1001 0704 0C       		.byte	0xc
 1002 0705 ED       		.byte	0xed
 1003 0706 77040000 		.4byte	0x477
 1004 070a 20       		.byte	0x20
 1005 070b 06       		.uleb128 0x6
 1006 070c DE020000 		.4byte	.LASF115
 1007 0710 0C       		.byte	0xc
 1008 0711 EE       		.byte	0xee
 1009 0712 77040000 		.4byte	0x477
 1010 0716 24       		.byte	0x24
 1011 0717 10       		.uleb128 0x10
 1012 0718 42525200 		.ascii	"BRR\000"
 1013 071c 0C       		.byte	0xc
 1014 071d EF       		.byte	0xef
 1015 071e 77040000 		.4byte	0x477
 1016 0722 28       		.byte	0x28
 1017 0723 00       		.byte	0
 1018 0724 0F       		.uleb128 0xf
 1019 0725 7C060000 		.4byte	0x67c
 1020 0729 04       		.uleb128 0x4
 1021 072a 90010000 		.4byte	.LASF116
 1022 072e 0C       		.byte	0xc
 1023 072f F0       		.byte	0xf0
ARM GAS  /tmp/cccXQC49.s 			page 19


 1024 0730 97060000 		.4byte	0x697
 1025 0734 18       		.uleb128 0x18
 1026 0735 4F000000 		.4byte	.LASF117
 1027 0739 0C       		.byte	0xc
 1028 073a 3F01     		.2byte	0x13f
 1029 073c BF000000 		.4byte	0xbf
 1030 0740 18       		.uleb128 0x18
 1031 0741 DE050000 		.4byte	.LASF118
 1032 0745 0C       		.byte	0xc
 1033 0746 4401     		.2byte	0x144
 1034 0748 BF000000 		.4byte	0xbf
 1035 074c 18       		.uleb128 0x18
 1036 074d 4D050000 		.4byte	.LASF119
 1037 0751 0C       		.byte	0xc
 1038 0752 5101     		.2byte	0x151
 1039 0754 58070000 		.4byte	0x758
 1040 0758 09       		.uleb128 0x9
 1041 0759 04       		.byte	0x4
 1042 075a 29070000 		.4byte	0x729
 1043 075e 11       		.uleb128 0x11
 1044 075f 0C       		.byte	0xc
 1045 0760 0D       		.byte	0xd
 1046 0761 7A       		.byte	0x7a
 1047 0762 8B070000 		.4byte	0x78b
 1048 0766 06       		.uleb128 0x6
 1049 0767 D7020000 		.4byte	.LASF120
 1050 076b 0D       		.byte	0xd
 1051 076c 7E       		.byte	0x7e
 1052 076d 4C070000 		.4byte	0x74c
 1053 0771 00       		.byte	0
 1054 0772 06       		.uleb128 0x6
 1055 0773 7A010000 		.4byte	.LASF121
 1056 0777 0D       		.byte	0xd
 1057 0778 84       		.byte	0x84
 1058 0779 34070000 		.4byte	0x734
 1059 077d 04       		.byte	0x4
 1060 077e 06       		.uleb128 0x6
 1061 077f 46050000 		.4byte	.LASF88
 1062 0783 0D       		.byte	0xd
 1063 0784 88       		.byte	0x88
 1064 0785 D5000000 		.4byte	0xd5
 1065 0789 08       		.byte	0x8
 1066 078a 00       		.byte	0
 1067 078b 04       		.uleb128 0x4
 1068 078c A5010000 		.4byte	.LASF122
 1069 0790 0D       		.byte	0xd
 1070 0791 89       		.byte	0x89
 1071 0792 5E070000 		.4byte	0x75e
 1072 0796 19       		.uleb128 0x19
 1073 0797 ED040000 		.4byte	.LASF131
 1074 079b 01       		.byte	0x1
 1075 079c 41       		.byte	0x41
 1076 079d 34070000 		.4byte	0x734
 1077 07a1 00000000 		.4byte	.LFB207
 1078 07a5 10000000 		.4byte	.LFE207-.LFB207
 1079 07a9 01       		.uleb128 0x1
 1080 07aa 9C       		.byte	0x9c
ARM GAS  /tmp/cccXQC49.s 			page 20


 1081 07ab C8070000 		.4byte	0x7c8
 1082 07af 1A       		.uleb128 0x1a
 1083 07b0 62757300 		.ascii	"bus\000"
 1084 07b4 01       		.byte	0x1
 1085 07b5 41       		.byte	0x41
 1086 07b6 C8070000 		.4byte	0x7c8
 1087 07ba 00000000 		.4byte	.LLST0
 1088 07be 1B       		.uleb128 0x1b
 1089 07bf 99030000 		.4byte	.LASF124
 1090 07c3 DE070000 		.4byte	0x7de
 1091 07c7 00       		.byte	0
 1092 07c8 09       		.uleb128 0x9
 1093 07c9 04       		.byte	0x4
 1094 07ca 8B070000 		.4byte	0x78b
 1095 07ce 15       		.uleb128 0x15
 1096 07cf 1C060000 		.4byte	0x61c
 1097 07d3 DE070000 		.4byte	0x7de
 1098 07d7 16       		.uleb128 0x16
 1099 07d8 70040000 		.4byte	0x470
 1100 07dc 0A       		.byte	0xa
 1101 07dd 00       		.byte	0
 1102 07de 14       		.uleb128 0x14
 1103 07df CE070000 		.4byte	0x7ce
 1104 07e3 1C       		.uleb128 0x1c
 1105 07e4 85050000 		.4byte	.LASF125
 1106 07e8 01       		.byte	0x1
 1107 07e9 5A       		.byte	0x5a
 1108 07ea 00000000 		.4byte	.LFB208
 1109 07ee 22000000 		.4byte	.LFE208-.LFB208
 1110 07f2 01       		.uleb128 0x1
 1111 07f3 9C       		.byte	0x9c
 1112 07f4 1E080000 		.4byte	0x81e
 1113 07f8 1D       		.uleb128 0x1d
 1114 07f9 62757300 		.ascii	"bus\000"
 1115 07fd 01       		.byte	0x1
 1116 07fe 5A       		.byte	0x5a
 1117 07ff C8070000 		.4byte	0x7c8
 1118 0803 01       		.uleb128 0x1
 1119 0804 50       		.byte	0x50
 1120 0805 1E       		.uleb128 0x1e
 1121 0806 0E010000 		.4byte	.LASF123
 1122 080a 01       		.byte	0x1
 1123 080b 5A       		.byte	0x5a
 1124 080c 34070000 		.4byte	0x734
 1125 0810 21000000 		.4byte	.LLST1
 1126 0814 1B       		.uleb128 0x1b
 1127 0815 99030000 		.4byte	.LASF124
 1128 0819 2E080000 		.4byte	0x82e
 1129 081d 00       		.byte	0
 1130 081e 15       		.uleb128 0x15
 1131 081f 1C060000 		.4byte	0x61c
 1132 0823 2E080000 		.4byte	0x82e
 1133 0827 16       		.uleb128 0x16
 1134 0828 70040000 		.4byte	0x470
 1135 082c 0B       		.byte	0xb
 1136 082d 00       		.byte	0
 1137 082e 14       		.uleb128 0x14
ARM GAS  /tmp/cccXQC49.s 			page 21


 1138 082f 1E080000 		.4byte	0x81e
 1139 0833 1C       		.uleb128 0x1c
 1140 0834 E3020000 		.4byte	.LASF126
 1141 0838 01       		.byte	0x1
 1142 0839 71       		.byte	0x71
 1143 083a 00000000 		.4byte	.LFB209
 1144 083e 0E000000 		.4byte	.LFE209-.LFB209
 1145 0842 01       		.uleb128 0x1
 1146 0843 9C       		.byte	0x9c
 1147 0844 81080000 		.4byte	0x881
 1148 0848 1A       		.uleb128 0x1a
 1149 0849 62757300 		.ascii	"bus\000"
 1150 084d 01       		.byte	0x1
 1151 084e 71       		.byte	0x71
 1152 084f C8070000 		.4byte	0x7c8
 1153 0853 42000000 		.4byte	.LLST2
 1154 0857 1E       		.uleb128 0x1e
 1155 0858 E8040000 		.4byte	.LASF127
 1156 085c 01       		.byte	0x1
 1157 085d 71       		.byte	0x71
 1158 085e 40070000 		.4byte	0x740
 1159 0862 63000000 		.4byte	.LLST3
 1160 0866 1B       		.uleb128 0x1b
 1161 0867 99030000 		.4byte	.LASF124
 1162 086b 91080000 		.4byte	0x891
 1163 086f 1F       		.uleb128 0x1f
 1164 0870 0E000000 		.4byte	.LVL7
 1165 0874 B2080000 		.4byte	0x8b2
 1166 0878 20       		.uleb128 0x20
 1167 0879 01       		.uleb128 0x1
 1168 087a 52       		.byte	0x52
 1169 087b 03       		.uleb128 0x3
 1170 087c F3       		.byte	0xf3
 1171 087d 01       		.uleb128 0x1
 1172 087e 51       		.byte	0x51
 1173 087f 00       		.byte	0
 1174 0880 00       		.byte	0
 1175 0881 15       		.uleb128 0x15
 1176 0882 1C060000 		.4byte	0x61c
 1177 0886 91080000 		.4byte	0x891
 1178 088a 16       		.uleb128 0x16
 1179 088b 70040000 		.4byte	0x470
 1180 088f 0D       		.byte	0xd
 1181 0890 00       		.byte	0
 1182 0891 14       		.uleb128 0x14
 1183 0892 81080000 		.4byte	0x881
 1184 0896 21       		.uleb128 0x21
 1185 0897 A9000000 		.4byte	.LASF128
 1186 089b 0E       		.byte	0xe
 1187 089c 5506     		.2byte	0x655
 1188 089e A2080000 		.4byte	0x8a2
 1189 08a2 0F       		.uleb128 0xf
 1190 08a3 B4000000 		.4byte	0xb4
 1191 08a7 22       		.uleb128 0x22
 1192 08a8 636800   		.ascii	"ch\000"
 1193 08ab 06       		.byte	0x6
 1194 08ac 0902     		.2byte	0x209
ARM GAS  /tmp/cccXQC49.s 			page 22


 1195 08ae 09040000 		.4byte	0x409
 1196 08b2 23       		.uleb128 0x23
 1197 08b3 60050000 		.4byte	.LASF132
 1198 08b7 0C       		.byte	0xc
 1199 08b8 2402     		.2byte	0x224
 1200 08ba 0C       		.uleb128 0xc
 1201 08bb 4C070000 		.4byte	0x74c
 1202 08bf 0C       		.uleb128 0xc
 1203 08c0 34070000 		.4byte	0x734
 1204 08c4 0C       		.uleb128 0xc
 1205 08c5 40070000 		.4byte	0x740
 1206 08c9 00       		.byte	0
 1207 08ca 00       		.byte	0
 1208              		.section	.debug_abbrev,"",%progbits
 1209              	.Ldebug_abbrev0:
 1210 0000 01       		.uleb128 0x1
 1211 0001 11       		.uleb128 0x11
 1212 0002 01       		.byte	0x1
 1213 0003 25       		.uleb128 0x25
 1214 0004 0E       		.uleb128 0xe
 1215 0005 13       		.uleb128 0x13
 1216 0006 0B       		.uleb128 0xb
 1217 0007 03       		.uleb128 0x3
 1218 0008 0E       		.uleb128 0xe
 1219 0009 55       		.uleb128 0x55
 1220 000a 17       		.uleb128 0x17
 1221 000b 11       		.uleb128 0x11
 1222 000c 01       		.uleb128 0x1
 1223 000d 10       		.uleb128 0x10
 1224 000e 17       		.uleb128 0x17
 1225 000f 00       		.byte	0
 1226 0010 00       		.byte	0
 1227 0011 02       		.uleb128 0x2
 1228 0012 24       		.uleb128 0x24
 1229 0013 00       		.byte	0
 1230 0014 0B       		.uleb128 0xb
 1231 0015 0B       		.uleb128 0xb
 1232 0016 3E       		.uleb128 0x3e
 1233 0017 0B       		.uleb128 0xb
 1234 0018 03       		.uleb128 0x3
 1235 0019 08       		.uleb128 0x8
 1236 001a 00       		.byte	0
 1237 001b 00       		.byte	0
 1238 001c 03       		.uleb128 0x3
 1239 001d 24       		.uleb128 0x24
 1240 001e 00       		.byte	0
 1241 001f 0B       		.uleb128 0xb
 1242 0020 0B       		.uleb128 0xb
 1243 0021 3E       		.uleb128 0x3e
 1244 0022 0B       		.uleb128 0xb
 1245 0023 03       		.uleb128 0x3
 1246 0024 0E       		.uleb128 0xe
 1247 0025 00       		.byte	0
 1248 0026 00       		.byte	0
 1249 0027 04       		.uleb128 0x4
 1250 0028 16       		.uleb128 0x16
 1251 0029 00       		.byte	0
ARM GAS  /tmp/cccXQC49.s 			page 23


 1252 002a 03       		.uleb128 0x3
 1253 002b 0E       		.uleb128 0xe
 1254 002c 3A       		.uleb128 0x3a
 1255 002d 0B       		.uleb128 0xb
 1256 002e 3B       		.uleb128 0x3b
 1257 002f 0B       		.uleb128 0xb
 1258 0030 49       		.uleb128 0x49
 1259 0031 13       		.uleb128 0x13
 1260 0032 00       		.byte	0
 1261 0033 00       		.byte	0
 1262 0034 05       		.uleb128 0x5
 1263 0035 13       		.uleb128 0x13
 1264 0036 01       		.byte	0x1
 1265 0037 03       		.uleb128 0x3
 1266 0038 0E       		.uleb128 0xe
 1267 0039 0B       		.uleb128 0xb
 1268 003a 0B       		.uleb128 0xb
 1269 003b 3A       		.uleb128 0x3a
 1270 003c 0B       		.uleb128 0xb
 1271 003d 3B       		.uleb128 0x3b
 1272 003e 0B       		.uleb128 0xb
 1273 003f 01       		.uleb128 0x1
 1274 0040 13       		.uleb128 0x13
 1275 0041 00       		.byte	0
 1276 0042 00       		.byte	0
 1277 0043 06       		.uleb128 0x6
 1278 0044 0D       		.uleb128 0xd
 1279 0045 00       		.byte	0
 1280 0046 03       		.uleb128 0x3
 1281 0047 0E       		.uleb128 0xe
 1282 0048 3A       		.uleb128 0x3a
 1283 0049 0B       		.uleb128 0xb
 1284 004a 3B       		.uleb128 0x3b
 1285 004b 0B       		.uleb128 0xb
 1286 004c 49       		.uleb128 0x49
 1287 004d 13       		.uleb128 0x13
 1288 004e 38       		.uleb128 0x38
 1289 004f 0B       		.uleb128 0xb
 1290 0050 00       		.byte	0
 1291 0051 00       		.byte	0
 1292 0052 07       		.uleb128 0x7
 1293 0053 0D       		.uleb128 0xd
 1294 0054 00       		.byte	0
 1295 0055 03       		.uleb128 0x3
 1296 0056 08       		.uleb128 0x8
 1297 0057 3A       		.uleb128 0x3a
 1298 0058 0B       		.uleb128 0xb
 1299 0059 3B       		.uleb128 0x3b
 1300 005a 05       		.uleb128 0x5
 1301 005b 49       		.uleb128 0x49
 1302 005c 13       		.uleb128 0x13
 1303 005d 38       		.uleb128 0x38
 1304 005e 0B       		.uleb128 0xb
 1305 005f 00       		.byte	0
 1306 0060 00       		.byte	0
 1307 0061 08       		.uleb128 0x8
 1308 0062 0D       		.uleb128 0xd
ARM GAS  /tmp/cccXQC49.s 			page 24


 1309 0063 00       		.byte	0
 1310 0064 03       		.uleb128 0x3
 1311 0065 0E       		.uleb128 0xe
 1312 0066 3A       		.uleb128 0x3a
 1313 0067 0B       		.uleb128 0xb
 1314 0068 3B       		.uleb128 0x3b
 1315 0069 05       		.uleb128 0x5
 1316 006a 49       		.uleb128 0x49
 1317 006b 13       		.uleb128 0x13
 1318 006c 38       		.uleb128 0x38
 1319 006d 0B       		.uleb128 0xb
 1320 006e 00       		.byte	0
 1321 006f 00       		.byte	0
 1322 0070 09       		.uleb128 0x9
 1323 0071 0F       		.uleb128 0xf
 1324 0072 00       		.byte	0
 1325 0073 0B       		.uleb128 0xb
 1326 0074 0B       		.uleb128 0xb
 1327 0075 49       		.uleb128 0x49
 1328 0076 13       		.uleb128 0x13
 1329 0077 00       		.byte	0
 1330 0078 00       		.byte	0
 1331 0079 0A       		.uleb128 0xa
 1332 007a 13       		.uleb128 0x13
 1333 007b 01       		.byte	0x1
 1334 007c 03       		.uleb128 0x3
 1335 007d 0E       		.uleb128 0xe
 1336 007e 0B       		.uleb128 0xb
 1337 007f 0B       		.uleb128 0xb
 1338 0080 3A       		.uleb128 0x3a
 1339 0081 0B       		.uleb128 0xb
 1340 0082 3B       		.uleb128 0x3b
 1341 0083 05       		.uleb128 0x5
 1342 0084 01       		.uleb128 0x1
 1343 0085 13       		.uleb128 0x13
 1344 0086 00       		.byte	0
 1345 0087 00       		.byte	0
 1346 0088 0B       		.uleb128 0xb
 1347 0089 15       		.uleb128 0x15
 1348 008a 01       		.byte	0x1
 1349 008b 27       		.uleb128 0x27
 1350 008c 19       		.uleb128 0x19
 1351 008d 01       		.uleb128 0x1
 1352 008e 13       		.uleb128 0x13
 1353 008f 00       		.byte	0
 1354 0090 00       		.byte	0
 1355 0091 0C       		.uleb128 0xc
 1356 0092 05       		.uleb128 0x5
 1357 0093 00       		.byte	0
 1358 0094 49       		.uleb128 0x49
 1359 0095 13       		.uleb128 0x13
 1360 0096 00       		.byte	0
 1361 0097 00       		.byte	0
 1362 0098 0D       		.uleb128 0xd
 1363 0099 0F       		.uleb128 0xf
 1364 009a 00       		.byte	0
 1365 009b 0B       		.uleb128 0xb
ARM GAS  /tmp/cccXQC49.s 			page 25


 1366 009c 0B       		.uleb128 0xb
 1367 009d 00       		.byte	0
 1368 009e 00       		.byte	0
 1369 009f 0E       		.uleb128 0xe
 1370 00a0 13       		.uleb128 0x13
 1371 00a1 01       		.byte	0x1
 1372 00a2 03       		.uleb128 0x3
 1373 00a3 0E       		.uleb128 0xe
 1374 00a4 0B       		.uleb128 0xb
 1375 00a5 05       		.uleb128 0x5
 1376 00a6 3A       		.uleb128 0x3a
 1377 00a7 0B       		.uleb128 0xb
 1378 00a8 3B       		.uleb128 0x3b
 1379 00a9 05       		.uleb128 0x5
 1380 00aa 01       		.uleb128 0x1
 1381 00ab 13       		.uleb128 0x13
 1382 00ac 00       		.byte	0
 1383 00ad 00       		.byte	0
 1384 00ae 0F       		.uleb128 0xf
 1385 00af 35       		.uleb128 0x35
 1386 00b0 00       		.byte	0
 1387 00b1 49       		.uleb128 0x49
 1388 00b2 13       		.uleb128 0x13
 1389 00b3 00       		.byte	0
 1390 00b4 00       		.byte	0
 1391 00b5 10       		.uleb128 0x10
 1392 00b6 0D       		.uleb128 0xd
 1393 00b7 00       		.byte	0
 1394 00b8 03       		.uleb128 0x3
 1395 00b9 08       		.uleb128 0x8
 1396 00ba 3A       		.uleb128 0x3a
 1397 00bb 0B       		.uleb128 0xb
 1398 00bc 3B       		.uleb128 0x3b
 1399 00bd 0B       		.uleb128 0xb
 1400 00be 49       		.uleb128 0x49
 1401 00bf 13       		.uleb128 0x13
 1402 00c0 38       		.uleb128 0x38
 1403 00c1 0B       		.uleb128 0xb
 1404 00c2 00       		.byte	0
 1405 00c3 00       		.byte	0
 1406 00c4 11       		.uleb128 0x11
 1407 00c5 13       		.uleb128 0x13
 1408 00c6 01       		.byte	0x1
 1409 00c7 0B       		.uleb128 0xb
 1410 00c8 0B       		.uleb128 0xb
 1411 00c9 3A       		.uleb128 0x3a
 1412 00ca 0B       		.uleb128 0xb
 1413 00cb 3B       		.uleb128 0x3b
 1414 00cc 0B       		.uleb128 0xb
 1415 00cd 01       		.uleb128 0x1
 1416 00ce 13       		.uleb128 0x13
 1417 00cf 00       		.byte	0
 1418 00d0 00       		.byte	0
 1419 00d1 12       		.uleb128 0x12
 1420 00d2 17       		.uleb128 0x17
 1421 00d3 01       		.byte	0x1
 1422 00d4 0B       		.uleb128 0xb
ARM GAS  /tmp/cccXQC49.s 			page 26


 1423 00d5 0B       		.uleb128 0xb
 1424 00d6 3A       		.uleb128 0x3a
 1425 00d7 0B       		.uleb128 0xb
 1426 00d8 3B       		.uleb128 0x3b
 1427 00d9 0B       		.uleb128 0xb
 1428 00da 01       		.uleb128 0x1
 1429 00db 13       		.uleb128 0x13
 1430 00dc 00       		.byte	0
 1431 00dd 00       		.byte	0
 1432 00de 13       		.uleb128 0x13
 1433 00df 0D       		.uleb128 0xd
 1434 00e0 00       		.byte	0
 1435 00e1 03       		.uleb128 0x3
 1436 00e2 0E       		.uleb128 0xe
 1437 00e3 3A       		.uleb128 0x3a
 1438 00e4 0B       		.uleb128 0xb
 1439 00e5 3B       		.uleb128 0x3b
 1440 00e6 05       		.uleb128 0x5
 1441 00e7 49       		.uleb128 0x49
 1442 00e8 13       		.uleb128 0x13
 1443 00e9 00       		.byte	0
 1444 00ea 00       		.byte	0
 1445 00eb 14       		.uleb128 0x14
 1446 00ec 26       		.uleb128 0x26
 1447 00ed 00       		.byte	0
 1448 00ee 49       		.uleb128 0x49
 1449 00ef 13       		.uleb128 0x13
 1450 00f0 00       		.byte	0
 1451 00f1 00       		.byte	0
 1452 00f2 15       		.uleb128 0x15
 1453 00f3 01       		.uleb128 0x1
 1454 00f4 01       		.byte	0x1
 1455 00f5 49       		.uleb128 0x49
 1456 00f6 13       		.uleb128 0x13
 1457 00f7 01       		.uleb128 0x1
 1458 00f8 13       		.uleb128 0x13
 1459 00f9 00       		.byte	0
 1460 00fa 00       		.byte	0
 1461 00fb 16       		.uleb128 0x16
 1462 00fc 21       		.uleb128 0x21
 1463 00fd 00       		.byte	0
 1464 00fe 49       		.uleb128 0x49
 1465 00ff 13       		.uleb128 0x13
 1466 0100 2F       		.uleb128 0x2f
 1467 0101 0B       		.uleb128 0xb
 1468 0102 00       		.byte	0
 1469 0103 00       		.byte	0
 1470 0104 17       		.uleb128 0x17
 1471 0105 0D       		.uleb128 0xd
 1472 0106 00       		.byte	0
 1473 0107 03       		.uleb128 0x3
 1474 0108 08       		.uleb128 0x8
 1475 0109 3A       		.uleb128 0x3a
 1476 010a 0B       		.uleb128 0xb
 1477 010b 3B       		.uleb128 0x3b
 1478 010c 0B       		.uleb128 0xb
 1479 010d 49       		.uleb128 0x49
ARM GAS  /tmp/cccXQC49.s 			page 27


 1480 010e 13       		.uleb128 0x13
 1481 010f 00       		.byte	0
 1482 0110 00       		.byte	0
 1483 0111 18       		.uleb128 0x18
 1484 0112 16       		.uleb128 0x16
 1485 0113 00       		.byte	0
 1486 0114 03       		.uleb128 0x3
 1487 0115 0E       		.uleb128 0xe
 1488 0116 3A       		.uleb128 0x3a
 1489 0117 0B       		.uleb128 0xb
 1490 0118 3B       		.uleb128 0x3b
 1491 0119 05       		.uleb128 0x5
 1492 011a 49       		.uleb128 0x49
 1493 011b 13       		.uleb128 0x13
 1494 011c 00       		.byte	0
 1495 011d 00       		.byte	0
 1496 011e 19       		.uleb128 0x19
 1497 011f 2E       		.uleb128 0x2e
 1498 0120 01       		.byte	0x1
 1499 0121 3F       		.uleb128 0x3f
 1500 0122 19       		.uleb128 0x19
 1501 0123 03       		.uleb128 0x3
 1502 0124 0E       		.uleb128 0xe
 1503 0125 3A       		.uleb128 0x3a
 1504 0126 0B       		.uleb128 0xb
 1505 0127 3B       		.uleb128 0x3b
 1506 0128 0B       		.uleb128 0xb
 1507 0129 27       		.uleb128 0x27
 1508 012a 19       		.uleb128 0x19
 1509 012b 49       		.uleb128 0x49
 1510 012c 13       		.uleb128 0x13
 1511 012d 11       		.uleb128 0x11
 1512 012e 01       		.uleb128 0x1
 1513 012f 12       		.uleb128 0x12
 1514 0130 06       		.uleb128 0x6
 1515 0131 40       		.uleb128 0x40
 1516 0132 18       		.uleb128 0x18
 1517 0133 9742     		.uleb128 0x2117
 1518 0135 19       		.uleb128 0x19
 1519 0136 01       		.uleb128 0x1
 1520 0137 13       		.uleb128 0x13
 1521 0138 00       		.byte	0
 1522 0139 00       		.byte	0
 1523 013a 1A       		.uleb128 0x1a
 1524 013b 05       		.uleb128 0x5
 1525 013c 00       		.byte	0
 1526 013d 03       		.uleb128 0x3
 1527 013e 08       		.uleb128 0x8
 1528 013f 3A       		.uleb128 0x3a
 1529 0140 0B       		.uleb128 0xb
 1530 0141 3B       		.uleb128 0x3b
 1531 0142 0B       		.uleb128 0xb
 1532 0143 49       		.uleb128 0x49
 1533 0144 13       		.uleb128 0x13
 1534 0145 02       		.uleb128 0x2
 1535 0146 17       		.uleb128 0x17
 1536 0147 00       		.byte	0
ARM GAS  /tmp/cccXQC49.s 			page 28


 1537 0148 00       		.byte	0
 1538 0149 1B       		.uleb128 0x1b
 1539 014a 34       		.uleb128 0x34
 1540 014b 00       		.byte	0
 1541 014c 03       		.uleb128 0x3
 1542 014d 0E       		.uleb128 0xe
 1543 014e 49       		.uleb128 0x49
 1544 014f 13       		.uleb128 0x13
 1545 0150 34       		.uleb128 0x34
 1546 0151 19       		.uleb128 0x19
 1547 0152 00       		.byte	0
 1548 0153 00       		.byte	0
 1549 0154 1C       		.uleb128 0x1c
 1550 0155 2E       		.uleb128 0x2e
 1551 0156 01       		.byte	0x1
 1552 0157 3F       		.uleb128 0x3f
 1553 0158 19       		.uleb128 0x19
 1554 0159 03       		.uleb128 0x3
 1555 015a 0E       		.uleb128 0xe
 1556 015b 3A       		.uleb128 0x3a
 1557 015c 0B       		.uleb128 0xb
 1558 015d 3B       		.uleb128 0x3b
 1559 015e 0B       		.uleb128 0xb
 1560 015f 27       		.uleb128 0x27
 1561 0160 19       		.uleb128 0x19
 1562 0161 11       		.uleb128 0x11
 1563 0162 01       		.uleb128 0x1
 1564 0163 12       		.uleb128 0x12
 1565 0164 06       		.uleb128 0x6
 1566 0165 40       		.uleb128 0x40
 1567 0166 18       		.uleb128 0x18
 1568 0167 9742     		.uleb128 0x2117
 1569 0169 19       		.uleb128 0x19
 1570 016a 01       		.uleb128 0x1
 1571 016b 13       		.uleb128 0x13
 1572 016c 00       		.byte	0
 1573 016d 00       		.byte	0
 1574 016e 1D       		.uleb128 0x1d
 1575 016f 05       		.uleb128 0x5
 1576 0170 00       		.byte	0
 1577 0171 03       		.uleb128 0x3
 1578 0172 08       		.uleb128 0x8
 1579 0173 3A       		.uleb128 0x3a
 1580 0174 0B       		.uleb128 0xb
 1581 0175 3B       		.uleb128 0x3b
 1582 0176 0B       		.uleb128 0xb
 1583 0177 49       		.uleb128 0x49
 1584 0178 13       		.uleb128 0x13
 1585 0179 02       		.uleb128 0x2
 1586 017a 18       		.uleb128 0x18
 1587 017b 00       		.byte	0
 1588 017c 00       		.byte	0
 1589 017d 1E       		.uleb128 0x1e
 1590 017e 05       		.uleb128 0x5
 1591 017f 00       		.byte	0
 1592 0180 03       		.uleb128 0x3
 1593 0181 0E       		.uleb128 0xe
ARM GAS  /tmp/cccXQC49.s 			page 29


 1594 0182 3A       		.uleb128 0x3a
 1595 0183 0B       		.uleb128 0xb
 1596 0184 3B       		.uleb128 0x3b
 1597 0185 0B       		.uleb128 0xb
 1598 0186 49       		.uleb128 0x49
 1599 0187 13       		.uleb128 0x13
 1600 0188 02       		.uleb128 0x2
 1601 0189 17       		.uleb128 0x17
 1602 018a 00       		.byte	0
 1603 018b 00       		.byte	0
 1604 018c 1F       		.uleb128 0x1f
 1605 018d 898201   		.uleb128 0x4109
 1606 0190 01       		.byte	0x1
 1607 0191 11       		.uleb128 0x11
 1608 0192 01       		.uleb128 0x1
 1609 0193 9542     		.uleb128 0x2115
 1610 0195 19       		.uleb128 0x19
 1611 0196 31       		.uleb128 0x31
 1612 0197 13       		.uleb128 0x13
 1613 0198 00       		.byte	0
 1614 0199 00       		.byte	0
 1615 019a 20       		.uleb128 0x20
 1616 019b 8A8201   		.uleb128 0x410a
 1617 019e 00       		.byte	0
 1618 019f 02       		.uleb128 0x2
 1619 01a0 18       		.uleb128 0x18
 1620 01a1 9142     		.uleb128 0x2111
 1621 01a3 18       		.uleb128 0x18
 1622 01a4 00       		.byte	0
 1623 01a5 00       		.byte	0
 1624 01a6 21       		.uleb128 0x21
 1625 01a7 34       		.uleb128 0x34
 1626 01a8 00       		.byte	0
 1627 01a9 03       		.uleb128 0x3
 1628 01aa 0E       		.uleb128 0xe
 1629 01ab 3A       		.uleb128 0x3a
 1630 01ac 0B       		.uleb128 0xb
 1631 01ad 3B       		.uleb128 0x3b
 1632 01ae 05       		.uleb128 0x5
 1633 01af 49       		.uleb128 0x49
 1634 01b0 13       		.uleb128 0x13
 1635 01b1 3F       		.uleb128 0x3f
 1636 01b2 19       		.uleb128 0x19
 1637 01b3 3C       		.uleb128 0x3c
 1638 01b4 19       		.uleb128 0x19
 1639 01b5 00       		.byte	0
 1640 01b6 00       		.byte	0
 1641 01b7 22       		.uleb128 0x22
 1642 01b8 34       		.uleb128 0x34
 1643 01b9 00       		.byte	0
 1644 01ba 03       		.uleb128 0x3
 1645 01bb 08       		.uleb128 0x8
 1646 01bc 3A       		.uleb128 0x3a
 1647 01bd 0B       		.uleb128 0xb
 1648 01be 3B       		.uleb128 0x3b
 1649 01bf 05       		.uleb128 0x5
 1650 01c0 49       		.uleb128 0x49
ARM GAS  /tmp/cccXQC49.s 			page 30


 1651 01c1 13       		.uleb128 0x13
 1652 01c2 3F       		.uleb128 0x3f
 1653 01c3 19       		.uleb128 0x19
 1654 01c4 3C       		.uleb128 0x3c
 1655 01c5 19       		.uleb128 0x19
 1656 01c6 00       		.byte	0
 1657 01c7 00       		.byte	0
 1658 01c8 23       		.uleb128 0x23
 1659 01c9 2E       		.uleb128 0x2e
 1660 01ca 01       		.byte	0x1
 1661 01cb 3F       		.uleb128 0x3f
 1662 01cc 19       		.uleb128 0x19
 1663 01cd 03       		.uleb128 0x3
 1664 01ce 0E       		.uleb128 0xe
 1665 01cf 3A       		.uleb128 0x3a
 1666 01d0 0B       		.uleb128 0xb
 1667 01d1 3B       		.uleb128 0x3b
 1668 01d2 05       		.uleb128 0x5
 1669 01d3 27       		.uleb128 0x27
 1670 01d4 19       		.uleb128 0x19
 1671 01d5 3C       		.uleb128 0x3c
 1672 01d6 19       		.uleb128 0x19
 1673 01d7 00       		.byte	0
 1674 01d8 00       		.byte	0
 1675 01d9 00       		.byte	0
 1676              		.section	.debug_loc,"",%progbits
 1677              	.Ldebug_loc0:
 1678              	.LLST0:
 1679 0000 00000000 		.4byte	.LVL0
 1680 0004 0C000000 		.4byte	.LVL1
 1681 0008 0100     		.2byte	0x1
 1682 000a 50       		.byte	0x50
 1683 000b 0C000000 		.4byte	.LVL1
 1684 000f 10000000 		.4byte	.LFE207
 1685 0013 0400     		.2byte	0x4
 1686 0015 F3       		.byte	0xf3
 1687 0016 01       		.uleb128 0x1
 1688 0017 50       		.byte	0x50
 1689 0018 9F       		.byte	0x9f
 1690 0019 00000000 		.4byte	0
 1691 001d 00000000 		.4byte	0
 1692              	.LLST1:
 1693 0021 00000000 		.4byte	.LVL2
 1694 0025 14000000 		.4byte	.LVL3
 1695 0029 0100     		.2byte	0x1
 1696 002b 51       		.byte	0x51
 1697 002c 14000000 		.4byte	.LVL3
 1698 0030 22000000 		.4byte	.LFE208
 1699 0034 0400     		.2byte	0x4
 1700 0036 F3       		.byte	0xf3
 1701 0037 01       		.uleb128 0x1
 1702 0038 51       		.byte	0x51
 1703 0039 9F       		.byte	0x9f
 1704 003a 00000000 		.4byte	0
 1705 003e 00000000 		.4byte	0
 1706              	.LLST2:
 1707 0042 00000000 		.4byte	.LVL4
ARM GAS  /tmp/cccXQC49.s 			page 31


 1708 0046 08000000 		.4byte	.LVL6
 1709 004a 0100     		.2byte	0x1
 1710 004c 50       		.byte	0x50
 1711 004d 08000000 		.4byte	.LVL6
 1712 0051 0E000000 		.4byte	.LFE209
 1713 0055 0400     		.2byte	0x4
 1714 0057 F3       		.byte	0xf3
 1715 0058 01       		.uleb128 0x1
 1716 0059 50       		.byte	0x50
 1717 005a 9F       		.byte	0x9f
 1718 005b 00000000 		.4byte	0
 1719 005f 00000000 		.4byte	0
 1720              	.LLST3:
 1721 0063 00000000 		.4byte	.LVL4
 1722 0067 06000000 		.4byte	.LVL5
 1723 006b 0100     		.2byte	0x1
 1724 006d 51       		.byte	0x51
 1725 006e 06000000 		.4byte	.LVL5
 1726 0072 0D000000 		.4byte	.LVL7-1
 1727 0076 0100     		.2byte	0x1
 1728 0078 52       		.byte	0x52
 1729 0079 0D000000 		.4byte	.LVL7-1
 1730 007d 0E000000 		.4byte	.LFE209
 1731 0081 0400     		.2byte	0x4
 1732 0083 F3       		.byte	0xf3
 1733 0084 01       		.uleb128 0x1
 1734 0085 51       		.byte	0x51
 1735 0086 9F       		.byte	0x9f
 1736 0087 00000000 		.4byte	0
 1737 008b 00000000 		.4byte	0
 1738              		.section	.debug_aranges,"",%progbits
 1739 0000 2C000000 		.4byte	0x2c
 1740 0004 0200     		.2byte	0x2
 1741 0006 00000000 		.4byte	.Ldebug_info0
 1742 000a 04       		.byte	0x4
 1743 000b 00       		.byte	0
 1744 000c 0000     		.2byte	0
 1745 000e 0000     		.2byte	0
 1746 0010 00000000 		.4byte	.LFB207
 1747 0014 10000000 		.4byte	.LFE207-.LFB207
 1748 0018 00000000 		.4byte	.LFB208
 1749 001c 22000000 		.4byte	.LFE208-.LFB208
 1750 0020 00000000 		.4byte	.LFB209
 1751 0024 0E000000 		.4byte	.LFE209-.LFB209
 1752 0028 00000000 		.4byte	0
 1753 002c 00000000 		.4byte	0
 1754              		.section	.debug_ranges,"",%progbits
 1755              	.Ldebug_ranges0:
 1756 0000 00000000 		.4byte	.LFB207
 1757 0004 10000000 		.4byte	.LFE207
 1758 0008 00000000 		.4byte	.LFB208
 1759 000c 22000000 		.4byte	.LFE208
 1760 0010 00000000 		.4byte	.LFB209
 1761 0014 0E000000 		.4byte	.LFE209
 1762 0018 00000000 		.4byte	0
 1763 001c 00000000 		.4byte	0
 1764              		.section	.debug_line,"",%progbits
ARM GAS  /tmp/cccXQC49.s 			page 32


 1765              	.Ldebug_line0:
 1766 0000 7E020000 		.section	.debug_str,"MS",%progbits,1
 1766      02004102 
 1766      00000201 
 1766      FB0E0D00 
 1766      01010101 
 1767              	.LASF55:
 1768 0000 72656164 		.ascii	"ready_list_t\000"
 1768      795F6C69 
 1768      73745F74 
 1768      00
 1769              	.LASF93:
 1770 000d 77747472 		.ascii	"wttrp\000"
 1770      7000
 1771              	.LASF90:
 1772 0013 7264796D 		.ascii	"rdymsg\000"
 1772      736700
 1773              	.LASF18:
 1774 001a 75696E74 		.ascii	"uint64_t\000"
 1774      36345F74 
 1774      00
 1775              	.LASF4:
 1776 0023 5F5F7569 		.ascii	"__uint8_t\000"
 1776      6E74385F 
 1776      7400
 1777              	.LASF109:
 1778 002d 4F545950 		.ascii	"OTYPER\000"
 1778      455200
 1779              	.LASF87:
 1780 0034 706F7274 		.ascii	"port_intctx\000"
 1780      5F696E74 
 1780      63747800 
 1781              	.LASF74:
 1782 0040 73797374 		.ascii	"system_debug_t\000"
 1782      656D5F64 
 1782      65627567 
 1782      5F7400
 1783              	.LASF117:
 1784 004f 696F706F 		.ascii	"ioportmask_t\000"
 1784      72746D61 
 1784      736B5F74 
 1784      00
 1785              	.LASF108:
 1786 005c 4D4F4445 		.ascii	"MODER\000"
 1786      5200
 1787              	.LASF13:
 1788 0062 6C6F6E67 		.ascii	"long long unsigned int\000"
 1788      206C6F6E 
 1788      6720756E 
 1788      7369676E 
 1788      65642069 
 1789              	.LASF111:
 1790 0079 50555044 		.ascii	"PUPDR\000"
 1790      5200
 1791              	.LASF91:
 1792 007f 65786974 		.ascii	"exitcode\000"
 1792      636F6465 
ARM GAS  /tmp/cccXQC49.s 			page 33


 1792      00
 1793              	.LASF81:
 1794 0088 6D61696E 		.ascii	"mainthread\000"
 1794      74687265 
 1794      616400
 1795              	.LASF71:
 1796 0093 76697274 		.ascii	"virtual_timers_list_t\000"
 1796      75616C5F 
 1796      74696D65 
 1796      72735F6C 
 1796      6973745F 
 1797              	.LASF128:
 1798 00a9 49544D5F 		.ascii	"ITM_RxBuffer\000"
 1798      52784275 
 1798      66666572 
 1798      00
 1799              	.LASF54:
 1800 00b6 63685F74 		.ascii	"ch_threads_queue\000"
 1800      68726561 
 1800      64735F71 
 1800      75657565 
 1800      00
 1801              	.LASF33:
 1802 00c7 705F7072 		.ascii	"p_prio\000"
 1802      696F00
 1803              	.LASF11:
 1804 00ce 6C6F6E67 		.ascii	"long long int\000"
 1804      206C6F6E 
 1804      6720696E 
 1804      7400
 1805              	.LASF1:
 1806 00dc 7369676E 		.ascii	"signed char\000"
 1806      65642063 
 1806      68617200 
 1807              	.LASF112:
 1808 00e8 42535252 		.ascii	"BSRR\000"
 1808      00
 1809              	.LASF48:
 1810 00ed 705F6D70 		.ascii	"p_mpool\000"
 1810      6F6F6C00 
 1811              	.LASF101:
 1812 00f5 6D5F7175 		.ascii	"m_queue\000"
 1812      65756500 
 1813              	.LASF80:
 1814 00fd 76746C69 		.ascii	"vtlist\000"
 1814      737400
 1815              	.LASF24:
 1816 0104 74736C69 		.ascii	"tslices_t\000"
 1816      6365735F 
 1816      7400
 1817              	.LASF123:
 1818 010e 62697473 		.ascii	"bits\000"
 1818      00
 1819              	.LASF8:
 1820 0113 6C6F6E67 		.ascii	"long int\000"
 1820      20696E74 
 1820      00
ARM GAS  /tmp/cccXQC49.s 			page 34


 1821              	.LASF22:
 1822 011c 74737461 		.ascii	"tstate_t\000"
 1822      74655F74 
 1822      00
 1823              	.LASF15:
 1824 0125 75696E74 		.ascii	"uint16_t\000"
 1824      31365F74 
 1824      00
 1825              	.LASF35:
 1826 012e 705F6E65 		.ascii	"p_newer\000"
 1826      77657200 
 1827              	.LASF98:
 1828 0136 735F7175 		.ascii	"s_queue\000"
 1828      65756500 
 1829              	.LASF130:
 1830 013e 2F686F6D 		.ascii	"/home/peter/ChibiOS_16.1.4/os/hal/src/pal.c\000"
 1830      652F7065 
 1830      7465722F 
 1830      43686962 
 1830      694F535F 
 1831              	.LASF110:
 1832 016a 4F535045 		.ascii	"OSPEEDR\000"
 1832      45445200 
 1833              	.LASF60:
 1834 0172 725F6E65 		.ascii	"r_newer\000"
 1834      77657200 
 1835              	.LASF121:
 1836 017a 6D61736B 		.ascii	"mask\000"
 1836      00
 1837              	.LASF84:
 1838 017f 72656761 		.ascii	"regarm_t\000"
 1838      726D5F74 
 1838      00
 1839              	.LASF67:
 1840 0188 76745F70 		.ascii	"vt_prev\000"
 1840      72657600 
 1841              	.LASF116:
 1842 0190 73746D33 		.ascii	"stm32_gpio_t\000"
 1842      325F6770 
 1842      696F5F74 
 1842      00
 1843              	.LASF105:
 1844 019d 6D757465 		.ascii	"mutex_t\000"
 1844      785F7400 
 1845              	.LASF122:
 1846 01a5 494F4275 		.ascii	"IOBus\000"
 1846      7300
 1847              	.LASF28:
 1848 01ab 636E745F 		.ascii	"cnt_t\000"
 1848      7400
 1849              	.LASF0:
 1850 01b1 756E7369 		.ascii	"unsigned int\000"
 1850      676E6564 
 1850      20696E74 
 1850      00
 1851              	.LASF66:
 1852 01be 76745F6E 		.ascii	"vt_next\000"
ARM GAS  /tmp/cccXQC49.s 			page 35


 1852      65787400 
 1853              	.LASF94:
 1854 01c6 77747365 		.ascii	"wtsemp\000"
 1854      6D7000
 1855              	.LASF43:
 1856 01cd 705F6D73 		.ascii	"p_msgqueue\000"
 1856      67717565 
 1856      756500
 1857              	.LASF113:
 1858 01d8 4C434B52 		.ascii	"LCKR\000"
 1858      00
 1859              	.LASF99:
 1860 01dd 735F636E 		.ascii	"s_cnt\000"
 1860      7400
 1861              	.LASF6:
 1862 01e3 73686F72 		.ascii	"short unsigned int\000"
 1862      7420756E 
 1862      7369676E 
 1862      65642069 
 1862      6E7400
 1863              	.LASF51:
 1864 01f6 63685F74 		.ascii	"ch_thread\000"
 1864      68726561 
 1864      6400
 1865              	.LASF26:
 1866 0200 6D73675F 		.ascii	"msg_t\000"
 1866      7400
 1867              	.LASF77:
 1868 0206 63685F73 		.ascii	"ch_system_t\000"
 1868      79737465 
 1868      6D5F7400 
 1869              	.LASF21:
 1870 0212 746D6F64 		.ascii	"tmode_t\000"
 1870      655F7400 
 1871              	.LASF56:
 1872 021a 63685F72 		.ascii	"ch_ready_list\000"
 1872      65616479 
 1872      5F6C6973 
 1872      7400
 1873              	.LASF27:
 1874 0228 6576656E 		.ascii	"eventmask_t\000"
 1874      746D6173 
 1874      6B5F7400 
 1875              	.LASF7:
 1876 0234 5F5F696E 		.ascii	"__int32_t\000"
 1876      7433325F 
 1876      7400
 1877              	.LASF85:
 1878 023e 73746B61 		.ascii	"stkalign_t\000"
 1878      6C69676E 
 1878      5F7400
 1879              	.LASF50:
 1880 0249 74687265 		.ascii	"threads_list_t\000"
 1880      6164735F 
 1880      6C697374 
 1880      5F7400
 1881              	.LASF12:
ARM GAS  /tmp/cccXQC49.s 			page 36


 1882 0258 5F5F7569 		.ascii	"__uint64_t\000"
 1882      6E743634 
 1882      5F7400
 1883              	.LASF42:
 1884 0263 705F7761 		.ascii	"p_waiting\000"
 1884      6974696E 
 1884      6700
 1885              	.LASF83:
 1886 026d 73697A65 		.ascii	"sizetype\000"
 1886      74797065 
 1886      00
 1887              	.LASF49:
 1888 0276 74687265 		.ascii	"thread_reference_t\000"
 1888      61645F72 
 1888      65666572 
 1888      656E6365 
 1888      5F7400
 1889              	.LASF72:
 1890 0289 63685F76 		.ascii	"ch_virtual_timers_list\000"
 1890      69727475 
 1890      616C5F74 
 1890      696D6572 
 1890      735F6C69 
 1891              	.LASF107:
 1892 02a0 636C6561 		.ascii	"clear\000"
 1892      7200
 1893              	.LASF36:
 1894 02a6 705F6F6C 		.ascii	"p_older\000"
 1894      64657200 
 1895              	.LASF59:
 1896 02ae 725F6374 		.ascii	"r_ctx\000"
 1896      7800
 1897              	.LASF89:
 1898 02b4 746D5F63 		.ascii	"tm_calibration_t\000"
 1898      616C6962 
 1898      72617469 
 1898      6F6E5F74 
 1898      00
 1899              	.LASF62:
 1900 02c5 725F6375 		.ascii	"r_current\000"
 1900      7272656E 
 1900      7400
 1901              	.LASF61:
 1902 02cf 725F6F6C 		.ascii	"r_older\000"
 1902      64657200 
 1903              	.LASF120:
 1904 02d7 706F7274 		.ascii	"portid\000"
 1904      696400
 1905              	.LASF115:
 1906 02de 41465248 		.ascii	"AFRH\000"
 1906      00
 1907              	.LASF126:
 1908 02e3 70616C53 		.ascii	"palSetBusMode\000"
 1908      65744275 
 1908      734D6F64 
 1908      6500
 1909              	.LASF114:
ARM GAS  /tmp/cccXQC49.s 			page 37


 1910 02f1 4146524C 		.ascii	"AFRL\000"
 1910      00
 1911              	.LASF23:
 1912 02f6 74726566 		.ascii	"trefs_t\000"
 1912      735F7400 
 1913              	.LASF64:
 1914 02fe 76697274 		.ascii	"virtual_timer_t\000"
 1914      75616C5F 
 1914      74696D65 
 1914      725F7400 
 1915              	.LASF32:
 1916 030e 705F7072 		.ascii	"p_prev\000"
 1916      657600
 1917              	.LASF25:
 1918 0315 74707269 		.ascii	"tprio_t\000"
 1918      6F5F7400 
 1919              	.LASF75:
 1920 031d 63685F73 		.ascii	"ch_system_debug\000"
 1920      79737465 
 1920      6D5F6465 
 1920      62756700 
 1921              	.LASF106:
 1922 032d 5F426F6F 		.ascii	"_Bool\000"
 1922      6C00
 1923              	.LASF16:
 1924 0333 696E7433 		.ascii	"int32_t\000"
 1924      325F7400 
 1925              	.LASF2:
 1926 033b 756E7369 		.ascii	"unsigned char\000"
 1926      676E6564 
 1926      20636861 
 1926      7200
 1927              	.LASF46:
 1928 0349 705F6D74 		.ascii	"p_mtxlist\000"
 1928      786C6973 
 1928      7400
 1929              	.LASF3:
 1930 0353 73686F72 		.ascii	"short int\000"
 1930      7420696E 
 1930      7400
 1931              	.LASF38:
 1932 035d 705F7374 		.ascii	"p_state\000"
 1932      61746500 
 1933              	.LASF41:
 1934 0365 705F7072 		.ascii	"p_preempt\000"
 1934      65656D70 
 1934      7400
 1935              	.LASF58:
 1936 036f 725F7072 		.ascii	"r_prio\000"
 1936      696F00
 1937              	.LASF96:
 1938 0376 65776D61 		.ascii	"ewmask\000"
 1938      736B00
 1939              	.LASF31:
 1940 037d 705F6E65 		.ascii	"p_next\000"
 1940      787400
 1941              	.LASF19:
ARM GAS  /tmp/cccXQC49.s 			page 38


 1942 0384 75696E74 		.ascii	"uint_fast8_t\000"
 1942      5F666173 
 1942      74385F74 
 1942      00
 1943              	.LASF39:
 1944 0391 705F666C 		.ascii	"p_flags\000"
 1944      61677300 
 1945              	.LASF124:
 1946 0399 5F5F6675 		.ascii	"__func__\000"
 1946      6E635F5F 
 1946      00
 1947              	.LASF82:
 1948 03a2 69646C65 		.ascii	"idle_thread_wa\000"
 1948      5F746872 
 1948      6561645F 
 1948      776100
 1949              	.LASF78:
 1950 03b1 63685F73 		.ascii	"ch_system\000"
 1950      79737465 
 1950      6D00
 1951              	.LASF65:
 1952 03bb 63685F76 		.ascii	"ch_virtual_timer\000"
 1952      69727475 
 1952      616C5F74 
 1952      696D6572 
 1952      00
 1953              	.LASF97:
 1954 03cc 63685F73 		.ascii	"ch_semaphore\000"
 1954      656D6170 
 1954      686F7265 
 1954      00
 1955              	.LASF45:
 1956 03d9 705F6570 		.ascii	"p_epending\000"
 1956      656E6469 
 1956      6E6700
 1957              	.LASF17:
 1958 03e4 75696E74 		.ascii	"uint32_t\000"
 1958      33325F74 
 1958      00
 1959              	.LASF95:
 1960 03ed 77746D74 		.ascii	"wtmtxp\000"
 1960      787000
 1961              	.LASF57:
 1962 03f4 725F7175 		.ascii	"r_queue\000"
 1962      65756500 
 1963              	.LASF68:
 1964 03fc 76745F64 		.ascii	"vt_delta\000"
 1964      656C7461 
 1964      00
 1965              	.LASF52:
 1966 0405 63685F74 		.ascii	"ch_threads_list\000"
 1966      68726561 
 1966      64735F6C 
 1966      69737400 
 1967              	.LASF10:
 1968 0415 6C6F6E67 		.ascii	"long unsigned int\000"
 1968      20756E73 
ARM GAS  /tmp/cccXQC49.s 			page 39


 1968      69676E65 
 1968      6420696E 
 1968      7400
 1969              	.LASF129:
 1970 0427 474E5520 		.ascii	"GNU C 4.9.3 20150529 (prerelease) -mcpu=cortex-m3 -"
 1970      4320342E 
 1970      392E3320 
 1970      32303135 
 1970      30353239 
 1971 045a 6D6E6F2D 		.ascii	"mno-thumb-interwork -mthumb -ggdb -O2 -std=c99 -fom"
 1971      7468756D 
 1971      622D696E 
 1971      74657277 
 1971      6F726B20 
 1972 048d 69742D66 		.ascii	"it-frame-pointer -falign-functions=16 -ffunction-se"
 1972      72616D65 
 1972      2D706F69 
 1972      6E746572 
 1972      202D6661 
 1973 04c0 6374696F 		.ascii	"ctions -fdata-sections -fno-common\000"
 1973      6E73202D 
 1973      66646174 
 1973      612D7365 
 1973      6374696F 
 1974              	.LASF104:
 1975 04e3 63686172 		.ascii	"char\000"
 1975      00
 1976              	.LASF127:
 1977 04e8 6D6F6465 		.ascii	"mode\000"
 1977      00
 1978              	.LASF131:
 1979 04ed 70616C52 		.ascii	"palReadBus\000"
 1979      65616442 
 1979      757300
 1980              	.LASF5:
 1981 04f8 5F5F7569 		.ascii	"__uint16_t\000"
 1981      6E743136 
 1981      5F7400
 1982              	.LASF30:
 1983 0503 74687265 		.ascii	"thread_t\000"
 1983      61645F74 
 1983      00
 1984              	.LASF103:
 1985 050c 6D5F6E65 		.ascii	"m_next\000"
 1985      787400
 1986              	.LASF29:
 1987 0513 73797374 		.ascii	"systime_t\000"
 1987      696D655F 
 1987      7400
 1988              	.LASF47:
 1989 051d 705F7265 		.ascii	"p_realprio\000"
 1989      616C7072 
 1989      696F00
 1990              	.LASF63:
 1991 0528 76746675 		.ascii	"vtfunc_t\000"
 1991      6E635F74 
 1991      00
ARM GAS  /tmp/cccXQC49.s 			page 40


 1992              	.LASF9:
 1993 0531 5F5F7569 		.ascii	"__uint32_t\000"
 1993      6E743332 
 1993      5F7400
 1994              	.LASF76:
 1995 053c 70616E69 		.ascii	"panic_msg\000"
 1995      635F6D73 
 1995      6700
 1996              	.LASF88:
 1997 0546 6F666673 		.ascii	"offset\000"
 1997      657400
 1998              	.LASF119:
 1999 054d 696F706F 		.ascii	"ioportid_t\000"
 1999      72746964 
 1999      5F7400
 2000              	.LASF86:
 2001 0558 636F6E74 		.ascii	"context\000"
 2001      65787400 
 2002              	.LASF132:
 2003 0560 5F70616C 		.ascii	"_pal_lld_setgroupmode\000"
 2003      5F6C6C64 
 2003      5F736574 
 2003      67726F75 
 2003      706D6F64 
 2004              	.LASF20:
 2005 0576 7274636E 		.ascii	"rtcnt_t\000"
 2005      745F7400 
 2006              	.LASF70:
 2007 057e 76745F70 		.ascii	"vt_par\000"
 2007      617200
 2008              	.LASF125:
 2009 0585 70616C57 		.ascii	"palWriteBus\000"
 2009      72697465 
 2009      42757300 
 2010              	.LASF53:
 2011 0591 74687265 		.ascii	"threads_queue_t\000"
 2011      6164735F 
 2011      71756575 
 2011      655F7400 
 2012              	.LASF100:
 2013 05a1 63685F6D 		.ascii	"ch_mutex\000"
 2013      75746578 
 2013      00
 2014              	.LASF40:
 2015 05aa 705F7265 		.ascii	"p_refs\000"
 2015      667300
 2016              	.LASF79:
 2017 05b1 726C6973 		.ascii	"rlist\000"
 2017      7400
 2018              	.LASF14:
 2019 05b7 75696E74 		.ascii	"uint8_t\000"
 2019      385F7400 
 2020              	.LASF92:
 2021 05bf 77746F62 		.ascii	"wtobjp\000"
 2021      6A7000
 2022              	.LASF37:
 2023 05c6 705F6E61 		.ascii	"p_name\000"
ARM GAS  /tmp/cccXQC49.s 			page 41


 2023      6D6500
 2024              	.LASF73:
 2025 05cd 76745F73 		.ascii	"vt_systime\000"
 2025      79737469 
 2025      6D6500
 2026              	.LASF44:
 2027 05d8 705F6D73 		.ascii	"p_msg\000"
 2027      6700
 2028              	.LASF118:
 2029 05de 696F6D6F 		.ascii	"iomode_t\000"
 2029      64655F74 
 2029      00
 2030              	.LASF102:
 2031 05e7 6D5F6F77 		.ascii	"m_owner\000"
 2031      6E657200 
 2032              	.LASF34:
 2033 05ef 705F6374 		.ascii	"p_ctx\000"
 2033      7800
 2034              	.LASF69:
 2035 05f5 76745F66 		.ascii	"vt_func\000"
 2035      756E6300 
 2036              		.ident	"GCC: (15:4.9.3+svn227297-1) 4.9.3 20150529 (prerelease)"
ARM GAS  /tmp/cccXQC49.s 			page 42


DEFINED SYMBOLS
                            *ABS*:00000000 pal.c
     /tmp/cccXQC49.s:19     .text.palReadBus:00000000 $t
     /tmp/cccXQC49.s:25     .text.palReadBus:00000000 palReadBus
     /tmp/cccXQC49.s:48     .text.palWriteBus:00000000 $t
     /tmp/cccXQC49.s:54     .text.palWriteBus:00000000 palWriteBus
     /tmp/cccXQC49.s:88     .text.palSetBusMode:00000000 $t
     /tmp/cccXQC49.s:94     .text.palSetBusMode:00000000 palSetBusMode
                     .debug_frame:00000010 $d

UNDEFINED SYMBOLS
_pal_lld_setgroupmode
