ARM GAS  /tmp/cc7tzSNd.s 			page 1


   1              		.syntax unified
   2              		.cpu cortex-m3
   3              		.fpu softvfp
   4              		.eabi_attribute 20, 1
   5              		.eabi_attribute 21, 1
   6              		.eabi_attribute 23, 3
   7              		.eabi_attribute 24, 1
   8              		.eabi_attribute 25, 1
   9              		.eabi_attribute 26, 1
  10              		.eabi_attribute 30, 2
  11              		.eabi_attribute 34, 1
  12              		.eabi_attribute 18, 4
  13              		.thumb
  14              		.file	"st.c"
  15              		.text
  16              	.Ltext0:
  17              		.cfi_sections	.debug_frame
  18              		.section	.text.stInit,"ax",%progbits
  19              		.align	2
  20              		.p2align 4,,15
  21              		.global	stInit
  22              		.thumb
  23              		.thumb_func
  24              		.type	stInit, %function
  25              	stInit:
  26              	.LFB207:
  27              		.file 1 "/home/peter/ChibiOS_16.1.4/os/hal/src/st.c"
  28              		.loc 1 60 0
  29              		.cfi_startproc
  30              		@ args = 0, pretend = 0, frame = 0
  31              		@ frame_needed = 0, uses_anonymous_args = 0
  32              		@ link register save eliminated.
  33              		.loc 1 62 0
  34 0000 FFF7FEBF 		b	st_lld_init
  35              	.LVL0:
  36              		.cfi_endproc
  37              	.LFE207:
  38              		.size	stInit, .-stInit
  39 0004 AFF30080 		.section	.text.stStartAlarm,"ax",%progbits
  39      AFF30080 
  39      AFF30080 
  40              		.align	2
  41              		.p2align 4,,15
  42              		.global	stStartAlarm
  43              		.thumb
  44              		.thumb_func
  45              		.type	stStartAlarm, %function
  46              	stStartAlarm:
  47              	.LFB208:
  48              		.loc 1 77 0
  49              		.cfi_startproc
  50              		@ args = 0, pretend = 0, frame = 0
  51              		@ frame_needed = 0, uses_anonymous_args = 0
  52              		@ link register save eliminated.
  53              	.LVL1:
  54              	.LBB10:
  55              	.LBB11:
ARM GAS  /tmp/cc7tzSNd.s 			page 2


  56              		.file 2 "/home/peter/ChibiOS_16.1.4/os/hal/ports/STM32/LLD/TIMv1/st_lld.h"
  57              		.loc 2 155 0
  58 0000 034B     		ldr	r3, .L3
  59              		.loc 2 156 0
  60 0002 0021     		movs	r1, #0
  61              		.loc 2 157 0
  62 0004 0222     		movs	r2, #2
  63              		.loc 2 155 0
  64 0006 5863     		str	r0, [r3, #52]
  65              		.loc 2 156 0
  66 0008 1961     		str	r1, [r3, #16]
  67              		.loc 2 157 0
  68 000a DA60     		str	r2, [r3, #12]
  69 000c 7047     		bx	lr
  70              	.L4:
  71 000e 00BF     		.align	2
  72              	.L3:
  73 0010 000C0040 		.word	1073744896
  74              	.LBE11:
  75              	.LBE10:
  76              		.cfi_endproc
  77              	.LFE208:
  78              		.size	stStartAlarm, .-stStartAlarm
  79 0014 AFF30080 		.section	.text.stStopAlarm,"ax",%progbits
  79      AFF30080 
  79      AFF30080 
  80              		.align	2
  81              		.p2align 4,,15
  82              		.global	stStopAlarm
  83              		.thumb
  84              		.thumb_func
  85              		.type	stStopAlarm, %function
  86              	stStopAlarm:
  87              	.LFB209:
  88              		.loc 1 91 0
  89              		.cfi_startproc
  90              		@ args = 0, pretend = 0, frame = 0
  91              		@ frame_needed = 0, uses_anonymous_args = 0
  92              		@ link register save eliminated.
  93              	.LBB12:
  94              	.LBB13:
  95              		.loc 2 167 0
  96 0000 014B     		ldr	r3, .L6
  97 0002 0022     		movs	r2, #0
  98 0004 DA60     		str	r2, [r3, #12]
  99 0006 7047     		bx	lr
 100              	.L7:
 101              		.align	2
 102              	.L6:
 103 0008 000C0040 		.word	1073744896
 104              	.LBE13:
 105              	.LBE12:
 106              		.cfi_endproc
 107              	.LFE209:
 108              		.size	stStopAlarm, .-stStopAlarm
 109 000c AFF30080 		.section	.text.stSetAlarm,"ax",%progbits
 110              		.align	2
ARM GAS  /tmp/cc7tzSNd.s 			page 3


 111              		.p2align 4,,15
 112              		.global	stSetAlarm
 113              		.thumb
 114              		.thumb_func
 115              		.type	stSetAlarm, %function
 116              	stSetAlarm:
 117              	.LFB210:
 118              		.loc 1 105 0
 119              		.cfi_startproc
 120              		@ args = 0, pretend = 0, frame = 0
 121              		@ frame_needed = 0, uses_anonymous_args = 0
 122              		@ link register save eliminated.
 123              	.LVL2:
 124              	.LBB14:
 125              	.LBB15:
 126              		.loc 2 179 0
 127 0000 014B     		ldr	r3, .L9
 128 0002 5863     		str	r0, [r3, #52]
 129 0004 7047     		bx	lr
 130              	.L10:
 131 0006 00BF     		.align	2
 132              	.L9:
 133 0008 000C0040 		.word	1073744896
 134              	.LBE15:
 135              	.LBE14:
 136              		.cfi_endproc
 137              	.LFE210:
 138              		.size	stSetAlarm, .-stSetAlarm
 139 000c AFF30080 		.section	.text.stGetAlarm,"ax",%progbits
 140              		.align	2
 141              		.p2align 4,,15
 142              		.global	stGetAlarm
 143              		.thumb
 144              		.thumb_func
 145              		.type	stGetAlarm, %function
 146              	stGetAlarm:
 147              	.LFB211:
 148              		.loc 1 121 0
 149              		.cfi_startproc
 150              		@ args = 0, pretend = 0, frame = 0
 151              		@ frame_needed = 0, uses_anonymous_args = 0
 152              		@ link register save eliminated.
 153              	.LBB16:
 154              	.LBB17:
 155              		.loc 2 191 0
 156 0000 014B     		ldr	r3, .L12
 157 0002 586B     		ldr	r0, [r3, #52]
 158              	.LBE17:
 159              	.LBE16:
 160              		.loc 1 126 0
 161 0004 7047     		bx	lr
 162              	.L13:
 163 0006 00BF     		.align	2
 164              	.L12:
 165 0008 000C0040 		.word	1073744896
 166              		.cfi_endproc
 167              	.LFE211:
ARM GAS  /tmp/cc7tzSNd.s 			page 4


 168              		.size	stGetAlarm, .-stGetAlarm
 169 000c AFF30080 		.text
 170              	.Letext0:
 171              		.file 3 "/usr/include/newlib/machine/_default_types.h"
 172              		.file 4 "/usr/include/newlib/stdint.h"
 173              		.file 5 "/home/peter/ChibiOS_16.1.4/os/rt/ports/ARMCMx/compilers/GCC/chtypes.h"
 174              		.file 6 "/home/peter/ChibiOS_16.1.4/os/rt/include/chsystypes.h"
 175              		.file 7 "/home/peter/ChibiOS_16.1.4/os/rt/include/chschd.h"
 176              		.file 8 "/home/peter/ChibiOS_16.1.4/os/rt/ports/ARMCMx/chcore.h"
 177              		.file 9 "/home/peter/ChibiOS_16.1.4/os/rt/ports/ARMCMx/chcore_v7m.h"
 178              		.file 10 "/home/peter/ChibiOS_16.1.4/os/rt/include/chtm.h"
 179              		.file 11 "/home/peter/ChibiOS_16.1.4/os/rt/include/chsem.h"
 180              		.file 12 "/home/peter/ChibiOS_16.1.4/os/rt/include/chmtx.h"
 181              		.file 13 "/home/peter/ChibiOS_16.1.4/os/hal/ports/STM32/LLD/TIMv1/stm32_tim.h"
 182              		.file 14 "/home/peter/ChibiOS_16.1.4/os/ext/CMSIS/include/core_cm3.h"
 183              		.section	.debug_info,"",%progbits
 184              	.Ldebug_info0:
 185 0000 0B090000 		.4byte	0x90b
 186 0004 0400     		.2byte	0x4
 187 0006 00000000 		.4byte	.Ldebug_abbrev0
 188 000a 04       		.byte	0x4
 189 000b 01       		.uleb128 0x1
 190 000c 0F040000 		.4byte	.LASF124
 191 0010 01       		.byte	0x1
 192 0011 3E020000 		.4byte	.LASF125
 193 0015 00000000 		.4byte	.Ldebug_ranges0+0
 194 0019 00000000 		.4byte	0
 195 001d 00000000 		.4byte	.Ldebug_line0
 196 0021 02       		.uleb128 0x2
 197 0022 04       		.byte	0x4
 198 0023 05       		.byte	0x5
 199 0024 696E7400 		.ascii	"int\000"
 200 0028 03       		.uleb128 0x3
 201 0029 04       		.byte	0x4
 202 002a 07       		.byte	0x7
 203 002b A2010000 		.4byte	.LASF0
 204 002f 03       		.uleb128 0x3
 205 0030 01       		.byte	0x1
 206 0031 06       		.byte	0x6
 207 0032 E5000000 		.4byte	.LASF1
 208 0036 04       		.uleb128 0x4
 209 0037 37000000 		.4byte	.LASF5
 210 003b 03       		.byte	0x3
 211 003c 1D       		.byte	0x1d
 212 003d 41000000 		.4byte	0x41
 213 0041 03       		.uleb128 0x3
 214 0042 01       		.byte	0x1
 215 0043 08       		.byte	0x8
 216 0044 33030000 		.4byte	.LASF2
 217 0048 03       		.uleb128 0x3
 218 0049 02       		.byte	0x2
 219 004a 05       		.byte	0x5
 220 004b 4B030000 		.4byte	.LASF3
 221 004f 03       		.uleb128 0x3
 222 0050 02       		.byte	0x2
 223 0051 07       		.byte	0x7
 224 0052 51010000 		.4byte	.LASF4
ARM GAS  /tmp/cc7tzSNd.s 			page 5


 225 0056 04       		.uleb128 0x4
 226 0057 16020000 		.4byte	.LASF6
 227 005b 03       		.byte	0x3
 228 005c 3F       		.byte	0x3f
 229 005d 61000000 		.4byte	0x61
 230 0061 03       		.uleb128 0x3
 231 0062 04       		.byte	0x4
 232 0063 05       		.byte	0x5
 233 0064 14010000 		.4byte	.LASF7
 234 0068 04       		.uleb128 0x4
 235 0069 0F050000 		.4byte	.LASF8
 236 006d 03       		.byte	0x3
 237 006e 41       		.byte	0x41
 238 006f 73000000 		.4byte	0x73
 239 0073 03       		.uleb128 0x3
 240 0074 04       		.byte	0x4
 241 0075 07       		.byte	0x7
 242 0076 FD030000 		.4byte	.LASF9
 243 007a 03       		.uleb128 0x3
 244 007b 08       		.byte	0x8
 245 007c 05       		.byte	0x5
 246 007d 33010000 		.4byte	.LASF10
 247 0081 04       		.uleb128 0x4
 248 0082 E3020000 		.4byte	.LASF11
 249 0086 03       		.byte	0x3
 250 0087 5B       		.byte	0x5b
 251 0088 8C000000 		.4byte	0x8c
 252 008c 03       		.uleb128 0x3
 253 008d 08       		.byte	0x8
 254 008e 07       		.byte	0x7
 255 008f 5C000000 		.4byte	.LASF12
 256 0093 04       		.uleb128 0x4
 257 0094 7C030000 		.4byte	.LASF13
 258 0098 04       		.byte	0x4
 259 0099 15       		.byte	0x15
 260 009a 36000000 		.4byte	0x36
 261 009e 04       		.uleb128 0x4
 262 009f 2B030000 		.4byte	.LASF14
 263 00a3 04       		.byte	0x4
 264 00a4 2C       		.byte	0x2c
 265 00a5 56000000 		.4byte	0x56
 266 00a9 04       		.uleb128 0x4
 267 00aa CC030000 		.4byte	.LASF15
 268 00ae 04       		.byte	0x4
 269 00af 2D       		.byte	0x2d
 270 00b0 68000000 		.4byte	0x68
 271 00b4 04       		.uleb128 0x4
 272 00b5 2E000000 		.4byte	.LASF16
 273 00b9 04       		.byte	0x4
 274 00ba 39       		.byte	0x39
 275 00bb 81000000 		.4byte	0x81
 276 00bf 04       		.uleb128 0x4
 277 00c0 46050000 		.4byte	.LASF17
 278 00c4 05       		.byte	0x5
 279 00c5 39       		.byte	0x39
 280 00c6 A9000000 		.4byte	0xa9
 281 00ca 04       		.uleb128 0x4
ARM GAS  /tmp/cc7tzSNd.s 			page 6


 282 00cb 1D010000 		.4byte	.LASF18
 283 00cf 05       		.byte	0x5
 284 00d0 3C       		.byte	0x3c
 285 00d1 93000000 		.4byte	0x93
 286 00d5 04       		.uleb128 0x4
 287 00d6 25010000 		.4byte	.LASF19
 288 00da 05       		.byte	0x5
 289 00db 3D       		.byte	0x3d
 290 00dc 93000000 		.4byte	0x93
 291 00e0 04       		.uleb128 0x4
 292 00e1 EE020000 		.4byte	.LASF20
 293 00e5 05       		.byte	0x5
 294 00e6 3E       		.byte	0x3e
 295 00e7 93000000 		.4byte	0x93
 296 00eb 04       		.uleb128 0x4
 297 00ec 00010000 		.4byte	.LASF21
 298 00f0 05       		.byte	0x5
 299 00f1 3F       		.byte	0x3f
 300 00f2 93000000 		.4byte	0x93
 301 00f6 04       		.uleb128 0x4
 302 00f7 0D030000 		.4byte	.LASF22
 303 00fb 05       		.byte	0x5
 304 00fc 40       		.byte	0x40
 305 00fd A9000000 		.4byte	0xa9
 306 0101 04       		.uleb128 0x4
 307 0102 DE010000 		.4byte	.LASF23
 308 0106 05       		.byte	0x5
 309 0107 41       		.byte	0x41
 310 0108 9E000000 		.4byte	0x9e
 311 010c 04       		.uleb128 0x4
 312 010d 0A020000 		.4byte	.LASF24
 313 0111 05       		.byte	0x5
 314 0112 43       		.byte	0x43
 315 0113 A9000000 		.4byte	0xa9
 316 0117 04       		.uleb128 0x4
 317 0118 9C010000 		.4byte	.LASF25
 318 011c 05       		.byte	0x5
 319 011d 45       		.byte	0x45
 320 011e 9E000000 		.4byte	0x9e
 321 0122 04       		.uleb128 0x4
 322 0123 F1040000 		.4byte	.LASF26
 323 0127 06       		.byte	0x6
 324 0128 33       		.byte	0x33
 325 0129 A9000000 		.4byte	0xa9
 326 012d 04       		.uleb128 0x4
 327 012e E1040000 		.4byte	.LASF27
 328 0132 06       		.byte	0x6
 329 0133 3F       		.byte	0x3f
 330 0134 38010000 		.4byte	0x138
 331 0138 05       		.uleb128 0x5
 332 0139 D4010000 		.4byte	.LASF48
 333 013d 44       		.byte	0x44
 334 013e 07       		.byte	0x7
 335 013f C2       		.byte	0xc2
 336 0140 31020000 		.4byte	0x231
 337 0144 06       		.uleb128 0x6
 338 0145 75030000 		.4byte	.LASF28
ARM GAS  /tmp/cc7tzSNd.s 			page 7


 339 0149 07       		.byte	0x7
 340 014a C3       		.byte	0xc3
 341 014b 3C020000 		.4byte	0x23c
 342 014f 00       		.byte	0
 343 0150 06       		.uleb128 0x6
 344 0151 06030000 		.4byte	.LASF29
 345 0155 07       		.byte	0x7
 346 0156 C5       		.byte	0xc5
 347 0157 3C020000 		.4byte	0x23c
 348 015b 04       		.byte	0x4
 349 015c 06       		.uleb128 0x6
 350 015d CC000000 		.4byte	.LASF30
 351 0161 07       		.byte	0x7
 352 0162 C7       		.byte	0xc7
 353 0163 F6000000 		.4byte	0xf6
 354 0167 08       		.byte	0x8
 355 0168 06       		.uleb128 0x6
 356 0169 E5050000 		.4byte	.LASF31
 357 016d 07       		.byte	0x7
 358 016e C8       		.byte	0xc8
 359 016f 91040000 		.4byte	0x491
 360 0173 0C       		.byte	0xc
 361 0174 06       		.uleb128 0x6
 362 0175 41010000 		.4byte	.LASF32
 363 0179 07       		.byte	0x7
 364 017a CA       		.byte	0xca
 365 017b 3C020000 		.4byte	0x23c
 366 017f 10       		.byte	0x10
 367 0180 06       		.uleb128 0x6
 368 0181 A6020000 		.4byte	.LASF33
 369 0185 07       		.byte	0x7
 370 0186 CB       		.byte	0xcb
 371 0187 3C020000 		.4byte	0x23c
 372 018b 14       		.byte	0x14
 373 018c 06       		.uleb128 0x6
 374 018d AA050000 		.4byte	.LASF34
 375 0191 07       		.byte	0x7
 376 0192 D2       		.byte	0xd2
 377 0193 10060000 		.4byte	0x610
 378 0197 18       		.byte	0x18
 379 0198 06       		.uleb128 0x6
 380 0199 55030000 		.4byte	.LASF35
 381 019d 07       		.byte	0x7
 382 019e DD       		.byte	0xdd
 383 019f D5000000 		.4byte	0xd5
 384 01a3 1C       		.byte	0x1c
 385 01a4 06       		.uleb128 0x6
 386 01a5 C4050000 		.4byte	.LASF36
 387 01a9 07       		.byte	0x7
 388 01aa E1       		.byte	0xe1
 389 01ab CA000000 		.4byte	0xca
 390 01af 1D       		.byte	0x1d
 391 01b0 06       		.uleb128 0x6
 392 01b1 80050000 		.4byte	.LASF37
 393 01b5 07       		.byte	0x7
 394 01b6 E6       		.byte	0xe6
 395 01b7 E0000000 		.4byte	0xe0
ARM GAS  /tmp/cc7tzSNd.s 			page 8


 396 01bb 1E       		.byte	0x1e
 397 01bc 06       		.uleb128 0x6
 398 01bd 5D030000 		.4byte	.LASF38
 399 01c1 07       		.byte	0x7
 400 01c2 EC       		.byte	0xec
 401 01c3 EB000000 		.4byte	0xeb
 402 01c7 1F       		.byte	0x1f
 403 01c8 07       		.uleb128 0x7
 404 01c9 705F7500 		.ascii	"p_u\000"
 405 01cd 07       		.byte	0x7
 406 01ce 3101     		.2byte	0x131
 407 01d0 4B050000 		.4byte	0x54b
 408 01d4 20       		.byte	0x20
 409 01d5 08       		.uleb128 0x8
 410 01d6 69020000 		.4byte	.LASF39
 411 01da 07       		.byte	0x7
 412 01db 3601     		.2byte	0x136
 413 01dd 42020000 		.4byte	0x242
 414 01e1 24       		.byte	0x24
 415 01e2 08       		.uleb128 0x8
 416 01e3 BE010000 		.4byte	.LASF40
 417 01e7 07       		.byte	0x7
 418 01e8 3C01     		.2byte	0x13c
 419 01ea 66020000 		.4byte	0x266
 420 01ee 28       		.byte	0x28
 421 01ef 08       		.uleb128 0x8
 422 01f0 40050000 		.4byte	.LASF41
 423 01f4 07       		.byte	0x7
 424 01f5 4001     		.2byte	0x140
 425 01f7 01010000 		.4byte	0x101
 426 01fb 30       		.byte	0x30
 427 01fc 08       		.uleb128 0x8
 428 01fd C1030000 		.4byte	.LASF42
 429 0201 07       		.byte	0x7
 430 0202 4601     		.2byte	0x146
 431 0204 0C010000 		.4byte	0x10c
 432 0208 34       		.byte	0x34
 433 0209 08       		.uleb128 0x8
 434 020a 41030000 		.4byte	.LASF43
 435 020e 07       		.byte	0x7
 436 020f 4D01     		.2byte	0x14d
 437 0211 0A060000 		.4byte	0x60a
 438 0215 38       		.byte	0x38
 439 0216 08       		.uleb128 0x8
 440 0217 FB040000 		.4byte	.LASF44
 441 021b 07       		.byte	0x7
 442 021c 5101     		.2byte	0x151
 443 021e F6000000 		.4byte	0xf6
 444 0222 3C       		.byte	0x3c
 445 0223 08       		.uleb128 0x8
 446 0224 6C010000 		.4byte	.LASF45
 447 0228 07       		.byte	0x7
 448 0229 5801     		.2byte	0x158
 449 022b 19030000 		.4byte	0x319
 450 022f 40       		.byte	0x40
 451 0230 00       		.byte	0
 452 0231 04       		.uleb128 0x4
ARM GAS  /tmp/cc7tzSNd.s 			page 9


 453 0232 7C020000 		.4byte	.LASF46
 454 0236 06       		.byte	0x6
 455 0237 44       		.byte	0x44
 456 0238 3C020000 		.4byte	0x23c
 457 023c 09       		.uleb128 0x9
 458 023d 04       		.byte	0x4
 459 023e 2D010000 		.4byte	0x12d
 460 0242 04       		.uleb128 0x4
 461 0243 00000000 		.4byte	.LASF47
 462 0247 06       		.byte	0x6
 463 0248 49       		.byte	0x49
 464 0249 4D020000 		.4byte	0x24d
 465 024d 05       		.uleb128 0x5
 466 024e ED030000 		.4byte	.LASF49
 467 0252 04       		.byte	0x4
 468 0253 07       		.byte	0x7
 469 0254 B0       		.byte	0xb0
 470 0255 66020000 		.4byte	0x266
 471 0259 06       		.uleb128 0x6
 472 025a 75030000 		.4byte	.LASF28
 473 025e 07       		.byte	0x7
 474 025f B1       		.byte	0xb1
 475 0260 3C020000 		.4byte	0x23c
 476 0264 00       		.byte	0
 477 0265 00       		.byte	0
 478 0266 04       		.uleb128 0x4
 479 0267 67050000 		.4byte	.LASF50
 480 026b 06       		.byte	0x6
 481 026c 50       		.byte	0x50
 482 026d 71020000 		.4byte	0x271
 483 0271 05       		.uleb128 0x5
 484 0272 BB000000 		.4byte	.LASF51
 485 0276 08       		.byte	0x8
 486 0277 07       		.byte	0x7
 487 0278 B7       		.byte	0xb7
 488 0279 96020000 		.4byte	0x296
 489 027d 06       		.uleb128 0x6
 490 027e 75030000 		.4byte	.LASF28
 491 0282 07       		.byte	0x7
 492 0283 B8       		.byte	0xb8
 493 0284 3C020000 		.4byte	0x23c
 494 0288 00       		.byte	0
 495 0289 06       		.uleb128 0x6
 496 028a 06030000 		.4byte	.LASF29
 497 028e 07       		.byte	0x7
 498 028f B9       		.byte	0xb9
 499 0290 3C020000 		.4byte	0x23c
 500 0294 04       		.byte	0x4
 501 0295 00       		.byte	0
 502 0296 04       		.uleb128 0x4
 503 0297 0F000000 		.4byte	.LASF52
 504 029b 06       		.byte	0x6
 505 029c 57       		.byte	0x57
 506 029d A1020000 		.4byte	0x2a1
 507 02a1 0A       		.uleb128 0xa
 508 02a2 FC010000 		.4byte	.LASF53
 509 02a6 1C       		.byte	0x1c
ARM GAS  /tmp/cc7tzSNd.s 			page 10


 510 02a7 07       		.byte	0x7
 511 02a8 9001     		.2byte	0x190
 512 02aa FD020000 		.4byte	0x2fd
 513 02ae 08       		.uleb128 0x8
 514 02af DC030000 		.4byte	.LASF54
 515 02b3 07       		.byte	0x7
 516 02b4 9101     		.2byte	0x191
 517 02b6 66020000 		.4byte	0x266
 518 02ba 00       		.byte	0
 519 02bb 08       		.uleb128 0x8
 520 02bc 67030000 		.4byte	.LASF55
 521 02c0 07       		.byte	0x7
 522 02c1 9201     		.2byte	0x192
 523 02c3 F6000000 		.4byte	0xf6
 524 02c7 08       		.byte	0x8
 525 02c8 08       		.uleb128 0x8
 526 02c9 B5020000 		.4byte	.LASF56
 527 02cd 07       		.byte	0x7
 528 02ce 9401     		.2byte	0x194
 529 02d0 91040000 		.4byte	0x491
 530 02d4 0C       		.byte	0xc
 531 02d5 08       		.uleb128 0x8
 532 02d6 64010000 		.4byte	.LASF57
 533 02da 07       		.byte	0x7
 534 02db 9701     		.2byte	0x197
 535 02dd 3C020000 		.4byte	0x23c
 536 02e1 10       		.byte	0x10
 537 02e2 08       		.uleb128 0x8
 538 02e3 DB020000 		.4byte	.LASF58
 539 02e7 07       		.byte	0x7
 540 02e8 9801     		.2byte	0x198
 541 02ea 3C020000 		.4byte	0x23c
 542 02ee 14       		.byte	0x14
 543 02ef 08       		.uleb128 0x8
 544 02f0 D1020000 		.4byte	.LASF59
 545 02f4 07       		.byte	0x7
 546 02f5 9B01     		.2byte	0x19b
 547 02f7 3C020000 		.4byte	0x23c
 548 02fb 18       		.byte	0x18
 549 02fc 00       		.byte	0
 550 02fd 04       		.uleb128 0x4
 551 02fe 06050000 		.4byte	.LASF60
 552 0302 06       		.byte	0x6
 553 0303 5C       		.byte	0x5c
 554 0304 08030000 		.4byte	0x308
 555 0308 09       		.uleb128 0x9
 556 0309 04       		.byte	0x4
 557 030a 0E030000 		.4byte	0x30e
 558 030e 0B       		.uleb128 0xb
 559 030f 19030000 		.4byte	0x319
 560 0313 0C       		.uleb128 0xc
 561 0314 19030000 		.4byte	0x319
 562 0318 00       		.byte	0
 563 0319 0D       		.uleb128 0xd
 564 031a 04       		.byte	0x4
 565 031b 04       		.uleb128 0x4
 566 031c F6020000 		.4byte	.LASF61
ARM GAS  /tmp/cc7tzSNd.s 			page 11


 567 0320 06       		.byte	0x6
 568 0321 61       		.byte	0x61
 569 0322 26030000 		.4byte	0x326
 570 0326 0A       		.uleb128 0xa
 571 0327 8D030000 		.4byte	.LASF62
 572 032b 14       		.byte	0x14
 573 032c 07       		.byte	0x7
 574 032d 6B01     		.2byte	0x16b
 575 032f 75030000 		.4byte	0x375
 576 0333 08       		.uleb128 0x8
 577 0334 AF010000 		.4byte	.LASF63
 578 0338 07       		.byte	0x7
 579 0339 6C01     		.2byte	0x16c
 580 033b 22060000 		.4byte	0x622
 581 033f 00       		.byte	0
 582 0340 08       		.uleb128 0x8
 583 0341 7D010000 		.4byte	.LASF64
 584 0345 07       		.byte	0x7
 585 0346 6D01     		.2byte	0x16d
 586 0348 22060000 		.4byte	0x622
 587 034c 04       		.byte	0x4
 588 034d 08       		.uleb128 0x8
 589 034e E4030000 		.4byte	.LASF65
 590 0352 07       		.byte	0x7
 591 0353 6E01     		.2byte	0x16e
 592 0355 22010000 		.4byte	0x122
 593 0359 08       		.byte	0x8
 594 035a 08       		.uleb128 0x8
 595 035b EB050000 		.4byte	.LASF66
 596 035f 07       		.byte	0x7
 597 0360 6F01     		.2byte	0x16f
 598 0362 FD020000 		.4byte	0x2fd
 599 0366 0C       		.byte	0xc
 600 0367 08       		.uleb128 0x8
 601 0368 60050000 		.4byte	.LASF67
 602 036c 07       		.byte	0x7
 603 036d 7101     		.2byte	0x171
 604 036f 19030000 		.4byte	0x319
 605 0373 10       		.byte	0x10
 606 0374 00       		.byte	0
 607 0375 04       		.uleb128 0x4
 608 0376 87000000 		.4byte	.LASF68
 609 037a 06       		.byte	0x6
 610 037b 66       		.byte	0x66
 611 037c 80030000 		.4byte	0x380
 612 0380 0A       		.uleb128 0xa
 613 0381 8F020000 		.4byte	.LASF69
 614 0385 10       		.byte	0x10
 615 0386 07       		.byte	0x7
 616 0387 7B01     		.2byte	0x17b
 617 0389 C2030000 		.4byte	0x3c2
 618 038d 08       		.uleb128 0x8
 619 038e AF010000 		.4byte	.LASF63
 620 0392 07       		.byte	0x7
 621 0393 7C01     		.2byte	0x17c
 622 0395 22060000 		.4byte	0x622
 623 0399 00       		.byte	0
ARM GAS  /tmp/cc7tzSNd.s 			page 12


 624 039a 08       		.uleb128 0x8
 625 039b 7D010000 		.4byte	.LASF64
 626 039f 07       		.byte	0x7
 627 03a0 7E01     		.2byte	0x17e
 628 03a2 22060000 		.4byte	0x622
 629 03a6 04       		.byte	0x4
 630 03a7 08       		.uleb128 0x8
 631 03a8 E4030000 		.4byte	.LASF65
 632 03ac 07       		.byte	0x7
 633 03ad 8001     		.2byte	0x180
 634 03af 22010000 		.4byte	0x122
 635 03b3 08       		.byte	0x8
 636 03b4 08       		.uleb128 0x8
 637 03b5 B1050000 		.4byte	.LASF70
 638 03b9 07       		.byte	0x7
 639 03ba 8201     		.2byte	0x182
 640 03bc 28060000 		.4byte	0x628
 641 03c0 0C       		.byte	0xc
 642 03c1 00       		.byte	0
 643 03c2 04       		.uleb128 0x4
 644 03c3 4D000000 		.4byte	.LASF71
 645 03c7 06       		.byte	0x6
 646 03c8 6B       		.byte	0x6b
 647 03c9 CD030000 		.4byte	0x3cd
 648 03cd 0A       		.uleb128 0xa
 649 03ce 15030000 		.4byte	.LASF72
 650 03d2 04       		.byte	0x4
 651 03d3 07       		.byte	0x7
 652 03d4 A201     		.2byte	0x1a2
 653 03d6 E8030000 		.4byte	0x3e8
 654 03da 08       		.uleb128 0x8
 655 03db 1A050000 		.4byte	.LASF73
 656 03df 07       		.byte	0x7
 657 03e0 AA01     		.2byte	0x1aa
 658 03e2 2D060000 		.4byte	0x62d
 659 03e6 00       		.byte	0
 660 03e7 00       		.byte	0
 661 03e8 04       		.uleb128 0x4
 662 03e9 E4010000 		.4byte	.LASF74
 663 03ed 06       		.byte	0x6
 664 03ee 70       		.byte	0x70
 665 03ef F3030000 		.4byte	0x3f3
 666 03f3 0E       		.uleb128 0xe
 667 03f4 0A010000 		.4byte	.LASF75
 668 03f8 5001     		.2byte	0x150
 669 03fa 07       		.byte	0x7
 670 03fb C201     		.2byte	0x1c2
 671 03fd 4F040000 		.4byte	0x44f
 672 0401 08       		.uleb128 0x8
 673 0402 87050000 		.4byte	.LASF76
 674 0406 07       		.byte	0x7
 675 0407 C601     		.2byte	0x1c6
 676 0409 96020000 		.4byte	0x296
 677 040d 00       		.byte	0
 678 040e 08       		.uleb128 0x8
 679 040f F9000000 		.4byte	.LASF77
 680 0413 07       		.byte	0x7
ARM GAS  /tmp/cc7tzSNd.s 			page 13


 681 0414 CA01     		.2byte	0x1ca
 682 0416 75030000 		.4byte	0x375
 683 041a 1C       		.byte	0x1c
 684 041b 07       		.uleb128 0x7
 685 041c 64626700 		.ascii	"dbg\000"
 686 0420 07       		.byte	0x7
 687 0421 CE01     		.2byte	0x1ce
 688 0423 C2030000 		.4byte	0x3c2
 689 0427 2C       		.byte	0x2c
 690 0428 08       		.uleb128 0x8
 691 0429 7C000000 		.4byte	.LASF78
 692 042d 07       		.byte	0x7
 693 042e D201     		.2byte	0x1d2
 694 0430 2D010000 		.4byte	0x12d
 695 0434 30       		.byte	0x30
 696 0435 07       		.uleb128 0x7
 697 0436 746D00   		.ascii	"tm\000"
 698 0439 07       		.byte	0x7
 699 043a D701     		.2byte	0x1d7
 700 043c 40050000 		.4byte	0x540
 701 0440 74       		.byte	0x74
 702 0441 08       		.uleb128 0x8
 703 0442 8D010000 		.4byte	.LASF79
 704 0446 07       		.byte	0x7
 705 0447 E301     		.2byte	0x1e3
 706 0449 32060000 		.4byte	0x632
 707 044d 78       		.byte	0x78
 708 044e 00       		.byte	0
 709 044f 03       		.uleb128 0x3
 710 0450 04       		.byte	0x4
 711 0451 07       		.byte	0x7
 712 0452 73020000 		.4byte	.LASF80
 713 0456 0F       		.uleb128 0xf
 714 0457 A9000000 		.4byte	0xa9
 715 045b 10       		.uleb128 0x10
 716 045c A9000000 		.4byte	0xa9
 717 0460 6B040000 		.4byte	0x46b
 718 0464 11       		.uleb128 0x11
 719 0465 4F040000 		.4byte	0x44f
 720 0469 01       		.byte	0x1
 721 046a 00       		.byte	0
 722 046b 10       		.uleb128 0x10
 723 046c A9000000 		.4byte	0xa9
 724 0470 7B040000 		.4byte	0x47b
 725 0474 11       		.uleb128 0x11
 726 0475 4F040000 		.4byte	0x44f
 727 0479 03       		.byte	0x3
 728 047a 00       		.byte	0
 729 047b 04       		.uleb128 0x4
 730 047c 74010000 		.4byte	.LASF81
 731 0480 08       		.byte	0x8
 732 0481 65       		.byte	0x65
 733 0482 19030000 		.4byte	0x319
 734 0486 04       		.uleb128 0x4
 735 0487 33020000 		.4byte	.LASF82
 736 048b 08       		.byte	0x8
 737 048c 6D       		.byte	0x6d
ARM GAS  /tmp/cc7tzSNd.s 			page 14


 738 048d B4000000 		.4byte	0xb4
 739 0491 05       		.uleb128 0x5
 740 0492 38050000 		.4byte	.LASF83
 741 0496 04       		.byte	0x4
 742 0497 08       		.byte	0x8
 743 0498 89       		.byte	0x89
 744 0499 AA040000 		.4byte	0x4aa
 745 049d 12       		.uleb128 0x12
 746 049e 72313300 		.ascii	"r13\000"
 747 04a2 08       		.byte	0x8
 748 04a3 8A       		.byte	0x8a
 749 04a4 25050000 		.4byte	0x525
 750 04a8 00       		.byte	0
 751 04a9 00       		.byte	0
 752 04aa 05       		.uleb128 0x5
 753 04ab 41000000 		.4byte	.LASF84
 754 04af 24       		.byte	0x24
 755 04b0 09       		.byte	0x9
 756 04b1 FD       		.byte	0xfd
 757 04b2 25050000 		.4byte	0x525
 758 04b6 07       		.uleb128 0x7
 759 04b7 723400   		.ascii	"r4\000"
 760 04ba 09       		.byte	0x9
 761 04bb 1001     		.2byte	0x110
 762 04bd 7B040000 		.4byte	0x47b
 763 04c1 00       		.byte	0
 764 04c2 07       		.uleb128 0x7
 765 04c3 723500   		.ascii	"r5\000"
 766 04c6 09       		.byte	0x9
 767 04c7 1101     		.2byte	0x111
 768 04c9 7B040000 		.4byte	0x47b
 769 04cd 04       		.byte	0x4
 770 04ce 07       		.uleb128 0x7
 771 04cf 723600   		.ascii	"r6\000"
 772 04d2 09       		.byte	0x9
 773 04d3 1201     		.2byte	0x112
 774 04d5 7B040000 		.4byte	0x47b
 775 04d9 08       		.byte	0x8
 776 04da 07       		.uleb128 0x7
 777 04db 723700   		.ascii	"r7\000"
 778 04de 09       		.byte	0x9
 779 04df 1301     		.2byte	0x113
 780 04e1 7B040000 		.4byte	0x47b
 781 04e5 0C       		.byte	0xc
 782 04e6 07       		.uleb128 0x7
 783 04e7 723800   		.ascii	"r8\000"
 784 04ea 09       		.byte	0x9
 785 04eb 1401     		.2byte	0x114
 786 04ed 7B040000 		.4byte	0x47b
 787 04f1 10       		.byte	0x10
 788 04f2 07       		.uleb128 0x7
 789 04f3 723900   		.ascii	"r9\000"
 790 04f6 09       		.byte	0x9
 791 04f7 1501     		.2byte	0x115
 792 04f9 7B040000 		.4byte	0x47b
 793 04fd 14       		.byte	0x14
 794 04fe 07       		.uleb128 0x7
ARM GAS  /tmp/cc7tzSNd.s 			page 15


 795 04ff 72313000 		.ascii	"r10\000"
 796 0503 09       		.byte	0x9
 797 0504 1601     		.2byte	0x116
 798 0506 7B040000 		.4byte	0x47b
 799 050a 18       		.byte	0x18
 800 050b 07       		.uleb128 0x7
 801 050c 72313100 		.ascii	"r11\000"
 802 0510 09       		.byte	0x9
 803 0511 1701     		.2byte	0x117
 804 0513 7B040000 		.4byte	0x47b
 805 0517 1C       		.byte	0x1c
 806 0518 07       		.uleb128 0x7
 807 0519 6C7200   		.ascii	"lr\000"
 808 051c 09       		.byte	0x9
 809 051d 1801     		.2byte	0x118
 810 051f 7B040000 		.4byte	0x47b
 811 0523 20       		.byte	0x20
 812 0524 00       		.byte	0
 813 0525 09       		.uleb128 0x9
 814 0526 04       		.byte	0x4
 815 0527 AA040000 		.4byte	0x4aa
 816 052b 13       		.uleb128 0x13
 817 052c 04       		.byte	0x4
 818 052d 0A       		.byte	0xa
 819 052e 38       		.byte	0x38
 820 052f 40050000 		.4byte	0x540
 821 0533 06       		.uleb128 0x6
 822 0534 24050000 		.4byte	.LASF85
 823 0538 0A       		.byte	0xa
 824 0539 3C       		.byte	0x3c
 825 053a BF000000 		.4byte	0xbf
 826 053e 00       		.byte	0
 827 053f 00       		.byte	0
 828 0540 04       		.uleb128 0x4
 829 0541 BB020000 		.4byte	.LASF86
 830 0545 0A       		.byte	0xa
 831 0546 3D       		.byte	0x3d
 832 0547 2B050000 		.4byte	0x52b
 833 054b 14       		.uleb128 0x14
 834 054c 04       		.byte	0x4
 835 054d 07       		.byte	0x7
 836 054e FA       		.byte	0xfa
 837 054f A8050000 		.4byte	0x5a8
 838 0553 15       		.uleb128 0x15
 839 0554 27000000 		.4byte	.LASF87
 840 0558 07       		.byte	0x7
 841 0559 0101     		.2byte	0x101
 842 055b 01010000 		.4byte	0x101
 843 055f 15       		.uleb128 0x15
 844 0560 73000000 		.4byte	.LASF88
 845 0564 07       		.byte	0x7
 846 0565 0801     		.2byte	0x108
 847 0567 01010000 		.4byte	0x101
 848 056b 15       		.uleb128 0x15
 849 056c A3050000 		.4byte	.LASF89
 850 0570 07       		.byte	0x7
 851 0571 0F01     		.2byte	0x10f
ARM GAS  /tmp/cc7tzSNd.s 			page 16


 852 0573 19030000 		.4byte	0x319
 853 0577 15       		.uleb128 0x15
 854 0578 21000000 		.4byte	.LASF90
 855 057c 07       		.byte	0x7
 856 057d 1601     		.2byte	0x116
 857 057f A8050000 		.4byte	0x5a8
 858 0583 15       		.uleb128 0x15
 859 0584 B7010000 		.4byte	.LASF91
 860 0588 07       		.byte	0x7
 861 0589 1E01     		.2byte	0x11e
 862 058b D3050000 		.4byte	0x5d3
 863 058f 15       		.uleb128 0x15
 864 0590 D5030000 		.4byte	.LASF92
 865 0594 07       		.byte	0x7
 866 0595 2701     		.2byte	0x127
 867 0597 0A060000 		.4byte	0x60a
 868 059b 15       		.uleb128 0x15
 869 059c 6E030000 		.4byte	.LASF93
 870 05a0 07       		.byte	0x7
 871 05a1 2F01     		.2byte	0x12f
 872 05a3 0C010000 		.4byte	0x10c
 873 05a7 00       		.byte	0
 874 05a8 09       		.uleb128 0x9
 875 05a9 04       		.byte	0x4
 876 05aa 31020000 		.4byte	0x231
 877 05ae 05       		.uleb128 0x5
 878 05af AF030000 		.4byte	.LASF94
 879 05b3 0C       		.byte	0xc
 880 05b4 0B       		.byte	0xb
 881 05b5 34       		.byte	0x34
 882 05b6 D3050000 		.4byte	0x5d3
 883 05ba 06       		.uleb128 0x6
 884 05bb 49010000 		.4byte	.LASF95
 885 05bf 0B       		.byte	0xb
 886 05c0 35       		.byte	0x35
 887 05c1 66020000 		.4byte	0x266
 888 05c5 00       		.byte	0
 889 05c6 06       		.uleb128 0x6
 890 05c7 C9010000 		.4byte	.LASF96
 891 05cb 0B       		.byte	0xb
 892 05cc 37       		.byte	0x37
 893 05cd 17010000 		.4byte	0x117
 894 05d1 08       		.byte	0x8
 895 05d2 00       		.byte	0
 896 05d3 09       		.uleb128 0x9
 897 05d4 04       		.byte	0x4
 898 05d5 AE050000 		.4byte	0x5ae
 899 05d9 05       		.uleb128 0x5
 900 05da 77050000 		.4byte	.LASF97
 901 05de 10       		.byte	0x10
 902 05df 0C       		.byte	0xc
 903 05e0 39       		.byte	0x39
 904 05e1 0A060000 		.4byte	0x60a
 905 05e5 06       		.uleb128 0x6
 906 05e6 F1000000 		.4byte	.LASF98
 907 05ea 0C       		.byte	0xc
 908 05eb 3A       		.byte	0x3a
ARM GAS  /tmp/cc7tzSNd.s 			page 17


 909 05ec 66020000 		.4byte	0x266
 910 05f0 00       		.byte	0
 911 05f1 06       		.uleb128 0x6
 912 05f2 DD050000 		.4byte	.LASF99
 913 05f6 0C       		.byte	0xc
 914 05f7 3C       		.byte	0x3c
 915 05f8 3C020000 		.4byte	0x23c
 916 05fc 08       		.byte	0x8
 917 05fd 06       		.uleb128 0x6
 918 05fe EA040000 		.4byte	.LASF100
 919 0602 0C       		.byte	0xc
 920 0603 3E       		.byte	0x3e
 921 0604 4D060000 		.4byte	0x64d
 922 0608 0C       		.byte	0xc
 923 0609 00       		.byte	0
 924 060a 09       		.uleb128 0x9
 925 060b 04       		.byte	0x4
 926 060c D9050000 		.4byte	0x5d9
 927 0610 09       		.uleb128 0x9
 928 0611 04       		.byte	0x4
 929 0612 16060000 		.4byte	0x616
 930 0616 16       		.uleb128 0x16
 931 0617 1B060000 		.4byte	0x61b
 932 061b 03       		.uleb128 0x3
 933 061c 01       		.byte	0x1
 934 061d 08       		.byte	0x8
 935 061e D7040000 		.4byte	.LASF101
 936 0622 09       		.uleb128 0x9
 937 0623 04       		.byte	0x4
 938 0624 1B030000 		.4byte	0x31b
 939 0628 0F       		.uleb128 0xf
 940 0629 22010000 		.4byte	0x122
 941 062d 0F       		.uleb128 0xf
 942 062e 10060000 		.4byte	0x610
 943 0632 10       		.uleb128 0x10
 944 0633 86040000 		.4byte	0x486
 945 0637 42060000 		.4byte	0x642
 946 063b 11       		.uleb128 0x11
 947 063c 4F040000 		.4byte	0x44f
 948 0640 1A       		.byte	0x1a
 949 0641 00       		.byte	0
 950 0642 04       		.uleb128 0x4
 951 0643 85010000 		.4byte	.LASF102
 952 0647 0C       		.byte	0xc
 953 0648 34       		.byte	0x34
 954 0649 D9050000 		.4byte	0x5d9
 955 064d 09       		.uleb128 0x9
 956 064e 04       		.byte	0x4
 957 064f 42060000 		.4byte	0x642
 958 0653 03       		.uleb128 0x3
 959 0654 01       		.byte	0x1
 960 0655 02       		.byte	0x2
 961 0656 25030000 		.4byte	.LASF103
 962 065a 17       		.uleb128 0x17
 963 065b 60       		.byte	0x60
 964 065c 0D       		.byte	0xd
 965 065d A101     		.2byte	0x1a1
ARM GAS  /tmp/cc7tzSNd.s 			page 18


 966 065f 66070000 		.4byte	0x766
 967 0663 07       		.uleb128 0x7
 968 0664 43523100 		.ascii	"CR1\000"
 969 0668 0D       		.byte	0xd
 970 0669 A201     		.2byte	0x1a2
 971 066b 56040000 		.4byte	0x456
 972 066f 00       		.byte	0
 973 0670 07       		.uleb128 0x7
 974 0671 43523200 		.ascii	"CR2\000"
 975 0675 0D       		.byte	0xd
 976 0676 A301     		.2byte	0x1a3
 977 0678 56040000 		.4byte	0x456
 978 067c 04       		.byte	0x4
 979 067d 08       		.uleb128 0x8
 980 067e CF010000 		.4byte	.LASF104
 981 0682 0D       		.byte	0xd
 982 0683 A401     		.2byte	0x1a4
 983 0685 56040000 		.4byte	0x456
 984 0689 08       		.byte	0x8
 985 068a 08       		.uleb128 0x8
 986 068b 1C000000 		.4byte	.LASF105
 987 068f 0D       		.byte	0xd
 988 0690 A501     		.2byte	0x1a5
 989 0692 56040000 		.4byte	0x456
 990 0696 0C       		.byte	0xc
 991 0697 07       		.uleb128 0x7
 992 0698 535200   		.ascii	"SR\000"
 993 069b 0D       		.byte	0xd
 994 069c A601     		.2byte	0x1a6
 995 069e 56040000 		.4byte	0x456
 996 06a2 10       		.byte	0x10
 997 06a3 07       		.uleb128 0x7
 998 06a4 45475200 		.ascii	"EGR\000"
 999 06a8 0D       		.byte	0xd
 1000 06a9 A701     		.2byte	0x1a7
 1001 06ab 56040000 		.4byte	0x456
 1002 06af 14       		.byte	0x14
 1003 06b0 08       		.uleb128 0x8
 1004 06b1 D3000000 		.4byte	.LASF106
 1005 06b5 0D       		.byte	0xd
 1006 06b6 A801     		.2byte	0x1a8
 1007 06b8 56040000 		.4byte	0x456
 1008 06bc 18       		.byte	0x18
 1009 06bd 08       		.uleb128 0x8
 1010 06be D9000000 		.4byte	.LASF107
 1011 06c2 0D       		.byte	0xd
 1012 06c3 A901     		.2byte	0x1a9
 1013 06c5 56040000 		.4byte	0x456
 1014 06c9 1C       		.byte	0x1c
 1015 06ca 08       		.uleb128 0x8
 1016 06cb 2E010000 		.4byte	.LASF108
 1017 06cf 0D       		.byte	0xd
 1018 06d0 AA01     		.2byte	0x1aa
 1019 06d2 56040000 		.4byte	0x456
 1020 06d6 20       		.byte	0x20
 1021 06d7 07       		.uleb128 0x7
 1022 06d8 434E5400 		.ascii	"CNT\000"
ARM GAS  /tmp/cc7tzSNd.s 			page 19


 1023 06dc 0D       		.byte	0xd
 1024 06dd AB01     		.2byte	0x1ab
 1025 06df 56040000 		.4byte	0x456
 1026 06e3 24       		.byte	0x24
 1027 06e4 07       		.uleb128 0x7
 1028 06e5 50534300 		.ascii	"PSC\000"
 1029 06e9 0D       		.byte	0xd
 1030 06ea AC01     		.2byte	0x1ac
 1031 06ec 56040000 		.4byte	0x456
 1032 06f0 28       		.byte	0x28
 1033 06f1 07       		.uleb128 0x7
 1034 06f2 41525200 		.ascii	"ARR\000"
 1035 06f6 0D       		.byte	0xd
 1036 06f7 AD01     		.2byte	0x1ad
 1037 06f9 56040000 		.4byte	0x456
 1038 06fd 2C       		.byte	0x2c
 1039 06fe 07       		.uleb128 0x7
 1040 06ff 52435200 		.ascii	"RCR\000"
 1041 0703 0D       		.byte	0xd
 1042 0704 AE01     		.2byte	0x1ae
 1043 0706 56040000 		.4byte	0x456
 1044 070a 30       		.byte	0x30
 1045 070b 07       		.uleb128 0x7
 1046 070c 43435200 		.ascii	"CCR\000"
 1047 0710 0D       		.byte	0xd
 1048 0711 AF01     		.2byte	0x1af
 1049 0713 66070000 		.4byte	0x766
 1050 0717 34       		.byte	0x34
 1051 0718 08       		.uleb128 0x8
 1052 0719 B6000000 		.4byte	.LASF109
 1053 071d 0D       		.byte	0xd
 1054 071e B001     		.2byte	0x1b0
 1055 0720 56040000 		.4byte	0x456
 1056 0724 44       		.byte	0x44
 1057 0725 07       		.uleb128 0x7
 1058 0726 44435200 		.ascii	"DCR\000"
 1059 072a 0D       		.byte	0xd
 1060 072b B101     		.2byte	0x1b1
 1061 072d 56040000 		.4byte	0x456
 1062 0731 48       		.byte	0x48
 1063 0732 08       		.uleb128 0x8
 1064 0733 DC040000 		.4byte	.LASF110
 1065 0737 0D       		.byte	0xd
 1066 0738 B201     		.2byte	0x1b2
 1067 073a 56040000 		.4byte	0x456
 1068 073e 4C       		.byte	0x4c
 1069 073f 07       		.uleb128 0x7
 1070 0740 4F5200   		.ascii	"OR\000"
 1071 0743 0D       		.byte	0xd
 1072 0744 B301     		.2byte	0x1b3
 1073 0746 56040000 		.4byte	0x456
 1074 074a 50       		.byte	0x50
 1075 074b 08       		.uleb128 0x8
 1076 074c DF000000 		.4byte	.LASF111
 1077 0750 0D       		.byte	0xd
 1078 0751 B401     		.2byte	0x1b4
 1079 0753 56040000 		.4byte	0x456
ARM GAS  /tmp/cc7tzSNd.s 			page 20


 1080 0757 54       		.byte	0x54
 1081 0758 08       		.uleb128 0x8
 1082 0759 BC030000 		.4byte	.LASF112
 1083 075d 0D       		.byte	0xd
 1084 075e B501     		.2byte	0x1b5
 1085 0760 6B070000 		.4byte	0x76b
 1086 0764 58       		.byte	0x58
 1087 0765 00       		.byte	0
 1088 0766 0F       		.uleb128 0xf
 1089 0767 6B040000 		.4byte	0x46b
 1090 076b 0F       		.uleb128 0xf
 1091 076c 5B040000 		.4byte	0x45b
 1092 0770 18       		.uleb128 0x18
 1093 0771 F0010000 		.4byte	.LASF113
 1094 0775 0D       		.byte	0xd
 1095 0776 B601     		.2byte	0x1b6
 1096 0778 5A060000 		.4byte	0x65a
 1097 077c 19       		.uleb128 0x19
 1098 077d 20020000 		.4byte	.LASF114
 1099 0781 02       		.byte	0x2
 1100 0782 99       		.byte	0x99
 1101 0783 03       		.byte	0x3
 1102 0784 94070000 		.4byte	0x794
 1103 0788 1A       		.uleb128 0x1a
 1104 0789 CC020000 		.4byte	.LASF116
 1105 078d 02       		.byte	0x2
 1106 078e 99       		.byte	0x99
 1107 078f 22010000 		.4byte	0x122
 1108 0793 00       		.byte	0
 1109 0794 1B       		.uleb128 0x1b
 1110 0795 4E050000 		.4byte	.LASF126
 1111 0799 02       		.byte	0x2
 1112 079a A5       		.byte	0xa5
 1113 079b 03       		.byte	0x3
 1114 079c 19       		.uleb128 0x19
 1115 079d CC050000 		.4byte	.LASF115
 1116 07a1 02       		.byte	0x2
 1117 07a2 B1       		.byte	0xb1
 1118 07a3 03       		.byte	0x3
 1119 07a4 B4070000 		.4byte	0x7b4
 1120 07a8 1A       		.uleb128 0x1a
 1121 07a9 CC020000 		.4byte	.LASF116
 1122 07ad 02       		.byte	0x2
 1123 07ae B1       		.byte	0xb1
 1124 07af 22010000 		.4byte	0x122
 1125 07b3 00       		.byte	0
 1126 07b4 1C       		.uleb128 0x1c
 1127 07b5 9E030000 		.4byte	.LASF127
 1128 07b9 02       		.byte	0x2
 1129 07ba BD       		.byte	0xbd
 1130 07bb 22010000 		.4byte	0x122
 1131 07bf 03       		.byte	0x3
 1132 07c0 1D       		.uleb128 0x1d
 1133 07c1 AE020000 		.4byte	.LASF117
 1134 07c5 01       		.byte	0x1
 1135 07c6 3C       		.byte	0x3c
 1136 07c7 00000000 		.4byte	.LFB207
ARM GAS  /tmp/cc7tzSNd.s 			page 21


 1137 07cb 04000000 		.4byte	.LFE207-.LFB207
 1138 07cf 01       		.uleb128 0x1
 1139 07d0 9C       		.byte	0x9c
 1140 07d1 DF070000 		.4byte	0x7df
 1141 07d5 1E       		.uleb128 0x1e
 1142 07d6 04000000 		.4byte	.LVL0
 1143 07da 07090000 		.4byte	0x907
 1144 07de 00       		.byte	0
 1145 07df 1D       		.uleb128 0x1d
 1146 07e0 2B050000 		.4byte	.LASF118
 1147 07e4 01       		.byte	0x1
 1148 07e5 4D       		.byte	0x4d
 1149 07e6 00000000 		.4byte	.LFB208
 1150 07ea 14000000 		.4byte	.LFE208-.LFB208
 1151 07ee 01       		.uleb128 0x1
 1152 07ef 9C       		.byte	0x9c
 1153 07f0 22080000 		.4byte	0x822
 1154 07f4 1F       		.uleb128 0x1f
 1155 07f5 BC050000 		.4byte	.LASF121
 1156 07f9 01       		.byte	0x1
 1157 07fa 4D       		.byte	0x4d
 1158 07fb 22010000 		.4byte	0x122
 1159 07ff 01       		.uleb128 0x1
 1160 0800 50       		.byte	0x50
 1161 0801 20       		.uleb128 0x20
 1162 0802 84030000 		.4byte	.LASF122
 1163 0806 32080000 		.4byte	0x832
 1164 080a 21       		.uleb128 0x21
 1165 080b 7C070000 		.4byte	0x77c
 1166 080f 00000000 		.4byte	.LBB10
 1167 0813 14000000 		.4byte	.LBE10-.LBB10
 1168 0817 01       		.byte	0x1
 1169 0818 51       		.byte	0x51
 1170 0819 22       		.uleb128 0x22
 1171 081a 88070000 		.4byte	0x788
 1172 081e 01       		.uleb128 0x1
 1173 081f 50       		.byte	0x50
 1174 0820 00       		.byte	0
 1175 0821 00       		.byte	0
 1176 0822 10       		.uleb128 0x10
 1177 0823 1B060000 		.4byte	0x61b
 1178 0827 32080000 		.4byte	0x832
 1179 082b 11       		.uleb128 0x11
 1180 082c 4F040000 		.4byte	0x44f
 1181 0830 0C       		.byte	0xc
 1182 0831 00       		.byte	0
 1183 0832 16       		.uleb128 0x16
 1184 0833 22080000 		.4byte	0x822
 1185 0837 1D       		.uleb128 0x1d
 1186 0838 CB040000 		.4byte	.LASF119
 1187 083c 01       		.byte	0x1
 1188 083d 5B       		.byte	0x5b
 1189 083e 00000000 		.4byte	.LFB209
 1190 0842 0C000000 		.4byte	.LFE209-.LFB209
 1191 0846 01       		.uleb128 0x1
 1192 0847 9C       		.byte	0x9c
 1193 0848 5C080000 		.4byte	0x85c
ARM GAS  /tmp/cc7tzSNd.s 			page 22


 1194 084c 23       		.uleb128 0x23
 1195 084d 94070000 		.4byte	0x794
 1196 0851 00000000 		.4byte	.LBB12
 1197 0855 0C000000 		.4byte	.LBE12-.LBB12
 1198 0859 01       		.byte	0x1
 1199 085a 5D       		.byte	0x5d
 1200 085b 00       		.byte	0
 1201 085c 1D       		.uleb128 0x1d
 1202 085d 8D050000 		.4byte	.LASF120
 1203 0861 01       		.byte	0x1
 1204 0862 69       		.byte	0x69
 1205 0863 00000000 		.4byte	.LFB210
 1206 0867 0C000000 		.4byte	.LFE210-.LFB210
 1207 086b 01       		.uleb128 0x1
 1208 086c 9C       		.byte	0x9c
 1209 086d 9F080000 		.4byte	0x89f
 1210 0871 1F       		.uleb128 0x1f
 1211 0872 BC050000 		.4byte	.LASF121
 1212 0876 01       		.byte	0x1
 1213 0877 69       		.byte	0x69
 1214 0878 22010000 		.4byte	0x122
 1215 087c 01       		.uleb128 0x1
 1216 087d 50       		.byte	0x50
 1217 087e 20       		.uleb128 0x20
 1218 087f 84030000 		.4byte	.LASF122
 1219 0883 AF080000 		.4byte	0x8af
 1220 0887 21       		.uleb128 0x21
 1221 0888 9C070000 		.4byte	0x79c
 1222 088c 00000000 		.4byte	.LBB14
 1223 0890 0C000000 		.4byte	.LBE14-.LBB14
 1224 0894 01       		.byte	0x1
 1225 0895 6D       		.byte	0x6d
 1226 0896 22       		.uleb128 0x22
 1227 0897 A8070000 		.4byte	0x7a8
 1228 089b 01       		.uleb128 0x1
 1229 089c 50       		.byte	0x50
 1230 089d 00       		.byte	0
 1231 089e 00       		.byte	0
 1232 089f 10       		.uleb128 0x10
 1233 08a0 1B060000 		.4byte	0x61b
 1234 08a4 AF080000 		.4byte	0x8af
 1235 08a8 11       		.uleb128 0x11
 1236 08a9 4F040000 		.4byte	0x44f
 1237 08ad 0A       		.byte	0xa
 1238 08ae 00       		.byte	0
 1239 08af 16       		.uleb128 0x16
 1240 08b0 9F080000 		.4byte	0x89f
 1241 08b4 24       		.uleb128 0x24
 1242 08b5 98050000 		.4byte	.LASF128
 1243 08b9 01       		.byte	0x1
 1244 08ba 79       		.byte	0x79
 1245 08bb 22010000 		.4byte	0x122
 1246 08bf 00000000 		.4byte	.LFB211
 1247 08c3 0C000000 		.4byte	.LFE211-.LFB211
 1248 08c7 01       		.uleb128 0x1
 1249 08c8 9C       		.byte	0x9c
 1250 08c9 E6080000 		.4byte	0x8e6
ARM GAS  /tmp/cc7tzSNd.s 			page 23


 1251 08cd 20       		.uleb128 0x20
 1252 08ce 84030000 		.4byte	.LASF122
 1253 08d2 E6080000 		.4byte	0x8e6
 1254 08d6 23       		.uleb128 0x23
 1255 08d7 B4070000 		.4byte	0x7b4
 1256 08db 00000000 		.4byte	.LBB16
 1257 08df 04000000 		.4byte	.LBE16-.LBB16
 1258 08e3 01       		.byte	0x1
 1259 08e4 7D       		.byte	0x7d
 1260 08e5 00       		.byte	0
 1261 08e6 16       		.uleb128 0x16
 1262 08e7 9F080000 		.4byte	0x89f
 1263 08eb 25       		.uleb128 0x25
 1264 08ec 9D000000 		.4byte	.LASF123
 1265 08f0 0E       		.byte	0xe
 1266 08f1 5506     		.2byte	0x655
 1267 08f3 F7080000 		.4byte	0x8f7
 1268 08f7 0F       		.uleb128 0xf
 1269 08f8 9E000000 		.4byte	0x9e
 1270 08fc 26       		.uleb128 0x26
 1271 08fd 636800   		.ascii	"ch\000"
 1272 0900 07       		.byte	0x7
 1273 0901 0902     		.2byte	0x209
 1274 0903 E8030000 		.4byte	0x3e8
 1275 0907 27       		.uleb128 0x27
 1276 0908 AA000000 		.4byte	.LASF129
 1277 090c 02       		.byte	0x2
 1278 090d 7B       		.byte	0x7b
 1279 090e 00       		.byte	0
 1280              		.section	.debug_abbrev,"",%progbits
 1281              	.Ldebug_abbrev0:
 1282 0000 01       		.uleb128 0x1
 1283 0001 11       		.uleb128 0x11
 1284 0002 01       		.byte	0x1
 1285 0003 25       		.uleb128 0x25
 1286 0004 0E       		.uleb128 0xe
 1287 0005 13       		.uleb128 0x13
 1288 0006 0B       		.uleb128 0xb
 1289 0007 03       		.uleb128 0x3
 1290 0008 0E       		.uleb128 0xe
 1291 0009 55       		.uleb128 0x55
 1292 000a 17       		.uleb128 0x17
 1293 000b 11       		.uleb128 0x11
 1294 000c 01       		.uleb128 0x1
 1295 000d 10       		.uleb128 0x10
 1296 000e 17       		.uleb128 0x17
 1297 000f 00       		.byte	0
 1298 0010 00       		.byte	0
 1299 0011 02       		.uleb128 0x2
 1300 0012 24       		.uleb128 0x24
 1301 0013 00       		.byte	0
 1302 0014 0B       		.uleb128 0xb
 1303 0015 0B       		.uleb128 0xb
 1304 0016 3E       		.uleb128 0x3e
 1305 0017 0B       		.uleb128 0xb
 1306 0018 03       		.uleb128 0x3
 1307 0019 08       		.uleb128 0x8
ARM GAS  /tmp/cc7tzSNd.s 			page 24


 1308 001a 00       		.byte	0
 1309 001b 00       		.byte	0
 1310 001c 03       		.uleb128 0x3
 1311 001d 24       		.uleb128 0x24
 1312 001e 00       		.byte	0
 1313 001f 0B       		.uleb128 0xb
 1314 0020 0B       		.uleb128 0xb
 1315 0021 3E       		.uleb128 0x3e
 1316 0022 0B       		.uleb128 0xb
 1317 0023 03       		.uleb128 0x3
 1318 0024 0E       		.uleb128 0xe
 1319 0025 00       		.byte	0
 1320 0026 00       		.byte	0
 1321 0027 04       		.uleb128 0x4
 1322 0028 16       		.uleb128 0x16
 1323 0029 00       		.byte	0
 1324 002a 03       		.uleb128 0x3
 1325 002b 0E       		.uleb128 0xe
 1326 002c 3A       		.uleb128 0x3a
 1327 002d 0B       		.uleb128 0xb
 1328 002e 3B       		.uleb128 0x3b
 1329 002f 0B       		.uleb128 0xb
 1330 0030 49       		.uleb128 0x49
 1331 0031 13       		.uleb128 0x13
 1332 0032 00       		.byte	0
 1333 0033 00       		.byte	0
 1334 0034 05       		.uleb128 0x5
 1335 0035 13       		.uleb128 0x13
 1336 0036 01       		.byte	0x1
 1337 0037 03       		.uleb128 0x3
 1338 0038 0E       		.uleb128 0xe
 1339 0039 0B       		.uleb128 0xb
 1340 003a 0B       		.uleb128 0xb
 1341 003b 3A       		.uleb128 0x3a
 1342 003c 0B       		.uleb128 0xb
 1343 003d 3B       		.uleb128 0x3b
 1344 003e 0B       		.uleb128 0xb
 1345 003f 01       		.uleb128 0x1
 1346 0040 13       		.uleb128 0x13
 1347 0041 00       		.byte	0
 1348 0042 00       		.byte	0
 1349 0043 06       		.uleb128 0x6
 1350 0044 0D       		.uleb128 0xd
 1351 0045 00       		.byte	0
 1352 0046 03       		.uleb128 0x3
 1353 0047 0E       		.uleb128 0xe
 1354 0048 3A       		.uleb128 0x3a
 1355 0049 0B       		.uleb128 0xb
 1356 004a 3B       		.uleb128 0x3b
 1357 004b 0B       		.uleb128 0xb
 1358 004c 49       		.uleb128 0x49
 1359 004d 13       		.uleb128 0x13
 1360 004e 38       		.uleb128 0x38
 1361 004f 0B       		.uleb128 0xb
 1362 0050 00       		.byte	0
 1363 0051 00       		.byte	0
 1364 0052 07       		.uleb128 0x7
ARM GAS  /tmp/cc7tzSNd.s 			page 25


 1365 0053 0D       		.uleb128 0xd
 1366 0054 00       		.byte	0
 1367 0055 03       		.uleb128 0x3
 1368 0056 08       		.uleb128 0x8
 1369 0057 3A       		.uleb128 0x3a
 1370 0058 0B       		.uleb128 0xb
 1371 0059 3B       		.uleb128 0x3b
 1372 005a 05       		.uleb128 0x5
 1373 005b 49       		.uleb128 0x49
 1374 005c 13       		.uleb128 0x13
 1375 005d 38       		.uleb128 0x38
 1376 005e 0B       		.uleb128 0xb
 1377 005f 00       		.byte	0
 1378 0060 00       		.byte	0
 1379 0061 08       		.uleb128 0x8
 1380 0062 0D       		.uleb128 0xd
 1381 0063 00       		.byte	0
 1382 0064 03       		.uleb128 0x3
 1383 0065 0E       		.uleb128 0xe
 1384 0066 3A       		.uleb128 0x3a
 1385 0067 0B       		.uleb128 0xb
 1386 0068 3B       		.uleb128 0x3b
 1387 0069 05       		.uleb128 0x5
 1388 006a 49       		.uleb128 0x49
 1389 006b 13       		.uleb128 0x13
 1390 006c 38       		.uleb128 0x38
 1391 006d 0B       		.uleb128 0xb
 1392 006e 00       		.byte	0
 1393 006f 00       		.byte	0
 1394 0070 09       		.uleb128 0x9
 1395 0071 0F       		.uleb128 0xf
 1396 0072 00       		.byte	0
 1397 0073 0B       		.uleb128 0xb
 1398 0074 0B       		.uleb128 0xb
 1399 0075 49       		.uleb128 0x49
 1400 0076 13       		.uleb128 0x13
 1401 0077 00       		.byte	0
 1402 0078 00       		.byte	0
 1403 0079 0A       		.uleb128 0xa
 1404 007a 13       		.uleb128 0x13
 1405 007b 01       		.byte	0x1
 1406 007c 03       		.uleb128 0x3
 1407 007d 0E       		.uleb128 0xe
 1408 007e 0B       		.uleb128 0xb
 1409 007f 0B       		.uleb128 0xb
 1410 0080 3A       		.uleb128 0x3a
 1411 0081 0B       		.uleb128 0xb
 1412 0082 3B       		.uleb128 0x3b
 1413 0083 05       		.uleb128 0x5
 1414 0084 01       		.uleb128 0x1
 1415 0085 13       		.uleb128 0x13
 1416 0086 00       		.byte	0
 1417 0087 00       		.byte	0
 1418 0088 0B       		.uleb128 0xb
 1419 0089 15       		.uleb128 0x15
 1420 008a 01       		.byte	0x1
 1421 008b 27       		.uleb128 0x27
ARM GAS  /tmp/cc7tzSNd.s 			page 26


 1422 008c 19       		.uleb128 0x19
 1423 008d 01       		.uleb128 0x1
 1424 008e 13       		.uleb128 0x13
 1425 008f 00       		.byte	0
 1426 0090 00       		.byte	0
 1427 0091 0C       		.uleb128 0xc
 1428 0092 05       		.uleb128 0x5
 1429 0093 00       		.byte	0
 1430 0094 49       		.uleb128 0x49
 1431 0095 13       		.uleb128 0x13
 1432 0096 00       		.byte	0
 1433 0097 00       		.byte	0
 1434 0098 0D       		.uleb128 0xd
 1435 0099 0F       		.uleb128 0xf
 1436 009a 00       		.byte	0
 1437 009b 0B       		.uleb128 0xb
 1438 009c 0B       		.uleb128 0xb
 1439 009d 00       		.byte	0
 1440 009e 00       		.byte	0
 1441 009f 0E       		.uleb128 0xe
 1442 00a0 13       		.uleb128 0x13
 1443 00a1 01       		.byte	0x1
 1444 00a2 03       		.uleb128 0x3
 1445 00a3 0E       		.uleb128 0xe
 1446 00a4 0B       		.uleb128 0xb
 1447 00a5 05       		.uleb128 0x5
 1448 00a6 3A       		.uleb128 0x3a
 1449 00a7 0B       		.uleb128 0xb
 1450 00a8 3B       		.uleb128 0x3b
 1451 00a9 05       		.uleb128 0x5
 1452 00aa 01       		.uleb128 0x1
 1453 00ab 13       		.uleb128 0x13
 1454 00ac 00       		.byte	0
 1455 00ad 00       		.byte	0
 1456 00ae 0F       		.uleb128 0xf
 1457 00af 35       		.uleb128 0x35
 1458 00b0 00       		.byte	0
 1459 00b1 49       		.uleb128 0x49
 1460 00b2 13       		.uleb128 0x13
 1461 00b3 00       		.byte	0
 1462 00b4 00       		.byte	0
 1463 00b5 10       		.uleb128 0x10
 1464 00b6 01       		.uleb128 0x1
 1465 00b7 01       		.byte	0x1
 1466 00b8 49       		.uleb128 0x49
 1467 00b9 13       		.uleb128 0x13
 1468 00ba 01       		.uleb128 0x1
 1469 00bb 13       		.uleb128 0x13
 1470 00bc 00       		.byte	0
 1471 00bd 00       		.byte	0
 1472 00be 11       		.uleb128 0x11
 1473 00bf 21       		.uleb128 0x21
 1474 00c0 00       		.byte	0
 1475 00c1 49       		.uleb128 0x49
 1476 00c2 13       		.uleb128 0x13
 1477 00c3 2F       		.uleb128 0x2f
 1478 00c4 0B       		.uleb128 0xb
ARM GAS  /tmp/cc7tzSNd.s 			page 27


 1479 00c5 00       		.byte	0
 1480 00c6 00       		.byte	0
 1481 00c7 12       		.uleb128 0x12
 1482 00c8 0D       		.uleb128 0xd
 1483 00c9 00       		.byte	0
 1484 00ca 03       		.uleb128 0x3
 1485 00cb 08       		.uleb128 0x8
 1486 00cc 3A       		.uleb128 0x3a
 1487 00cd 0B       		.uleb128 0xb
 1488 00ce 3B       		.uleb128 0x3b
 1489 00cf 0B       		.uleb128 0xb
 1490 00d0 49       		.uleb128 0x49
 1491 00d1 13       		.uleb128 0x13
 1492 00d2 38       		.uleb128 0x38
 1493 00d3 0B       		.uleb128 0xb
 1494 00d4 00       		.byte	0
 1495 00d5 00       		.byte	0
 1496 00d6 13       		.uleb128 0x13
 1497 00d7 13       		.uleb128 0x13
 1498 00d8 01       		.byte	0x1
 1499 00d9 0B       		.uleb128 0xb
 1500 00da 0B       		.uleb128 0xb
 1501 00db 3A       		.uleb128 0x3a
 1502 00dc 0B       		.uleb128 0xb
 1503 00dd 3B       		.uleb128 0x3b
 1504 00de 0B       		.uleb128 0xb
 1505 00df 01       		.uleb128 0x1
 1506 00e0 13       		.uleb128 0x13
 1507 00e1 00       		.byte	0
 1508 00e2 00       		.byte	0
 1509 00e3 14       		.uleb128 0x14
 1510 00e4 17       		.uleb128 0x17
 1511 00e5 01       		.byte	0x1
 1512 00e6 0B       		.uleb128 0xb
 1513 00e7 0B       		.uleb128 0xb
 1514 00e8 3A       		.uleb128 0x3a
 1515 00e9 0B       		.uleb128 0xb
 1516 00ea 3B       		.uleb128 0x3b
 1517 00eb 0B       		.uleb128 0xb
 1518 00ec 01       		.uleb128 0x1
 1519 00ed 13       		.uleb128 0x13
 1520 00ee 00       		.byte	0
 1521 00ef 00       		.byte	0
 1522 00f0 15       		.uleb128 0x15
 1523 00f1 0D       		.uleb128 0xd
 1524 00f2 00       		.byte	0
 1525 00f3 03       		.uleb128 0x3
 1526 00f4 0E       		.uleb128 0xe
 1527 00f5 3A       		.uleb128 0x3a
 1528 00f6 0B       		.uleb128 0xb
 1529 00f7 3B       		.uleb128 0x3b
 1530 00f8 05       		.uleb128 0x5
 1531 00f9 49       		.uleb128 0x49
 1532 00fa 13       		.uleb128 0x13
 1533 00fb 00       		.byte	0
 1534 00fc 00       		.byte	0
 1535 00fd 16       		.uleb128 0x16
ARM GAS  /tmp/cc7tzSNd.s 			page 28


 1536 00fe 26       		.uleb128 0x26
 1537 00ff 00       		.byte	0
 1538 0100 49       		.uleb128 0x49
 1539 0101 13       		.uleb128 0x13
 1540 0102 00       		.byte	0
 1541 0103 00       		.byte	0
 1542 0104 17       		.uleb128 0x17
 1543 0105 13       		.uleb128 0x13
 1544 0106 01       		.byte	0x1
 1545 0107 0B       		.uleb128 0xb
 1546 0108 0B       		.uleb128 0xb
 1547 0109 3A       		.uleb128 0x3a
 1548 010a 0B       		.uleb128 0xb
 1549 010b 3B       		.uleb128 0x3b
 1550 010c 05       		.uleb128 0x5
 1551 010d 01       		.uleb128 0x1
 1552 010e 13       		.uleb128 0x13
 1553 010f 00       		.byte	0
 1554 0110 00       		.byte	0
 1555 0111 18       		.uleb128 0x18
 1556 0112 16       		.uleb128 0x16
 1557 0113 00       		.byte	0
 1558 0114 03       		.uleb128 0x3
 1559 0115 0E       		.uleb128 0xe
 1560 0116 3A       		.uleb128 0x3a
 1561 0117 0B       		.uleb128 0xb
 1562 0118 3B       		.uleb128 0x3b
 1563 0119 05       		.uleb128 0x5
 1564 011a 49       		.uleb128 0x49
 1565 011b 13       		.uleb128 0x13
 1566 011c 00       		.byte	0
 1567 011d 00       		.byte	0
 1568 011e 19       		.uleb128 0x19
 1569 011f 2E       		.uleb128 0x2e
 1570 0120 01       		.byte	0x1
 1571 0121 03       		.uleb128 0x3
 1572 0122 0E       		.uleb128 0xe
 1573 0123 3A       		.uleb128 0x3a
 1574 0124 0B       		.uleb128 0xb
 1575 0125 3B       		.uleb128 0x3b
 1576 0126 0B       		.uleb128 0xb
 1577 0127 27       		.uleb128 0x27
 1578 0128 19       		.uleb128 0x19
 1579 0129 20       		.uleb128 0x20
 1580 012a 0B       		.uleb128 0xb
 1581 012b 01       		.uleb128 0x1
 1582 012c 13       		.uleb128 0x13
 1583 012d 00       		.byte	0
 1584 012e 00       		.byte	0
 1585 012f 1A       		.uleb128 0x1a
 1586 0130 05       		.uleb128 0x5
 1587 0131 00       		.byte	0
 1588 0132 03       		.uleb128 0x3
 1589 0133 0E       		.uleb128 0xe
 1590 0134 3A       		.uleb128 0x3a
 1591 0135 0B       		.uleb128 0xb
 1592 0136 3B       		.uleb128 0x3b
ARM GAS  /tmp/cc7tzSNd.s 			page 29


 1593 0137 0B       		.uleb128 0xb
 1594 0138 49       		.uleb128 0x49
 1595 0139 13       		.uleb128 0x13
 1596 013a 00       		.byte	0
 1597 013b 00       		.byte	0
 1598 013c 1B       		.uleb128 0x1b
 1599 013d 2E       		.uleb128 0x2e
 1600 013e 00       		.byte	0
 1601 013f 03       		.uleb128 0x3
 1602 0140 0E       		.uleb128 0xe
 1603 0141 3A       		.uleb128 0x3a
 1604 0142 0B       		.uleb128 0xb
 1605 0143 3B       		.uleb128 0x3b
 1606 0144 0B       		.uleb128 0xb
 1607 0145 27       		.uleb128 0x27
 1608 0146 19       		.uleb128 0x19
 1609 0147 20       		.uleb128 0x20
 1610 0148 0B       		.uleb128 0xb
 1611 0149 00       		.byte	0
 1612 014a 00       		.byte	0
 1613 014b 1C       		.uleb128 0x1c
 1614 014c 2E       		.uleb128 0x2e
 1615 014d 00       		.byte	0
 1616 014e 03       		.uleb128 0x3
 1617 014f 0E       		.uleb128 0xe
 1618 0150 3A       		.uleb128 0x3a
 1619 0151 0B       		.uleb128 0xb
 1620 0152 3B       		.uleb128 0x3b
 1621 0153 0B       		.uleb128 0xb
 1622 0154 27       		.uleb128 0x27
 1623 0155 19       		.uleb128 0x19
 1624 0156 49       		.uleb128 0x49
 1625 0157 13       		.uleb128 0x13
 1626 0158 20       		.uleb128 0x20
 1627 0159 0B       		.uleb128 0xb
 1628 015a 00       		.byte	0
 1629 015b 00       		.byte	0
 1630 015c 1D       		.uleb128 0x1d
 1631 015d 2E       		.uleb128 0x2e
 1632 015e 01       		.byte	0x1
 1633 015f 3F       		.uleb128 0x3f
 1634 0160 19       		.uleb128 0x19
 1635 0161 03       		.uleb128 0x3
 1636 0162 0E       		.uleb128 0xe
 1637 0163 3A       		.uleb128 0x3a
 1638 0164 0B       		.uleb128 0xb
 1639 0165 3B       		.uleb128 0x3b
 1640 0166 0B       		.uleb128 0xb
 1641 0167 27       		.uleb128 0x27
 1642 0168 19       		.uleb128 0x19
 1643 0169 11       		.uleb128 0x11
 1644 016a 01       		.uleb128 0x1
 1645 016b 12       		.uleb128 0x12
 1646 016c 06       		.uleb128 0x6
 1647 016d 40       		.uleb128 0x40
 1648 016e 18       		.uleb128 0x18
 1649 016f 9742     		.uleb128 0x2117
ARM GAS  /tmp/cc7tzSNd.s 			page 30


 1650 0171 19       		.uleb128 0x19
 1651 0172 01       		.uleb128 0x1
 1652 0173 13       		.uleb128 0x13
 1653 0174 00       		.byte	0
 1654 0175 00       		.byte	0
 1655 0176 1E       		.uleb128 0x1e
 1656 0177 898201   		.uleb128 0x4109
 1657 017a 00       		.byte	0
 1658 017b 11       		.uleb128 0x11
 1659 017c 01       		.uleb128 0x1
 1660 017d 9542     		.uleb128 0x2115
 1661 017f 19       		.uleb128 0x19
 1662 0180 31       		.uleb128 0x31
 1663 0181 13       		.uleb128 0x13
 1664 0182 00       		.byte	0
 1665 0183 00       		.byte	0
 1666 0184 1F       		.uleb128 0x1f
 1667 0185 05       		.uleb128 0x5
 1668 0186 00       		.byte	0
 1669 0187 03       		.uleb128 0x3
 1670 0188 0E       		.uleb128 0xe
 1671 0189 3A       		.uleb128 0x3a
 1672 018a 0B       		.uleb128 0xb
 1673 018b 3B       		.uleb128 0x3b
 1674 018c 0B       		.uleb128 0xb
 1675 018d 49       		.uleb128 0x49
 1676 018e 13       		.uleb128 0x13
 1677 018f 02       		.uleb128 0x2
 1678 0190 18       		.uleb128 0x18
 1679 0191 00       		.byte	0
 1680 0192 00       		.byte	0
 1681 0193 20       		.uleb128 0x20
 1682 0194 34       		.uleb128 0x34
 1683 0195 00       		.byte	0
 1684 0196 03       		.uleb128 0x3
 1685 0197 0E       		.uleb128 0xe
 1686 0198 49       		.uleb128 0x49
 1687 0199 13       		.uleb128 0x13
 1688 019a 34       		.uleb128 0x34
 1689 019b 19       		.uleb128 0x19
 1690 019c 00       		.byte	0
 1691 019d 00       		.byte	0
 1692 019e 21       		.uleb128 0x21
 1693 019f 1D       		.uleb128 0x1d
 1694 01a0 01       		.byte	0x1
 1695 01a1 31       		.uleb128 0x31
 1696 01a2 13       		.uleb128 0x13
 1697 01a3 11       		.uleb128 0x11
 1698 01a4 01       		.uleb128 0x1
 1699 01a5 12       		.uleb128 0x12
 1700 01a6 06       		.uleb128 0x6
 1701 01a7 58       		.uleb128 0x58
 1702 01a8 0B       		.uleb128 0xb
 1703 01a9 59       		.uleb128 0x59
 1704 01aa 0B       		.uleb128 0xb
 1705 01ab 00       		.byte	0
 1706 01ac 00       		.byte	0
ARM GAS  /tmp/cc7tzSNd.s 			page 31


 1707 01ad 22       		.uleb128 0x22
 1708 01ae 05       		.uleb128 0x5
 1709 01af 00       		.byte	0
 1710 01b0 31       		.uleb128 0x31
 1711 01b1 13       		.uleb128 0x13
 1712 01b2 02       		.uleb128 0x2
 1713 01b3 18       		.uleb128 0x18
 1714 01b4 00       		.byte	0
 1715 01b5 00       		.byte	0
 1716 01b6 23       		.uleb128 0x23
 1717 01b7 1D       		.uleb128 0x1d
 1718 01b8 00       		.byte	0
 1719 01b9 31       		.uleb128 0x31
 1720 01ba 13       		.uleb128 0x13
 1721 01bb 11       		.uleb128 0x11
 1722 01bc 01       		.uleb128 0x1
 1723 01bd 12       		.uleb128 0x12
 1724 01be 06       		.uleb128 0x6
 1725 01bf 58       		.uleb128 0x58
 1726 01c0 0B       		.uleb128 0xb
 1727 01c1 59       		.uleb128 0x59
 1728 01c2 0B       		.uleb128 0xb
 1729 01c3 00       		.byte	0
 1730 01c4 00       		.byte	0
 1731 01c5 24       		.uleb128 0x24
 1732 01c6 2E       		.uleb128 0x2e
 1733 01c7 01       		.byte	0x1
 1734 01c8 3F       		.uleb128 0x3f
 1735 01c9 19       		.uleb128 0x19
 1736 01ca 03       		.uleb128 0x3
 1737 01cb 0E       		.uleb128 0xe
 1738 01cc 3A       		.uleb128 0x3a
 1739 01cd 0B       		.uleb128 0xb
 1740 01ce 3B       		.uleb128 0x3b
 1741 01cf 0B       		.uleb128 0xb
 1742 01d0 27       		.uleb128 0x27
 1743 01d1 19       		.uleb128 0x19
 1744 01d2 49       		.uleb128 0x49
 1745 01d3 13       		.uleb128 0x13
 1746 01d4 11       		.uleb128 0x11
 1747 01d5 01       		.uleb128 0x1
 1748 01d6 12       		.uleb128 0x12
 1749 01d7 06       		.uleb128 0x6
 1750 01d8 40       		.uleb128 0x40
 1751 01d9 18       		.uleb128 0x18
 1752 01da 9742     		.uleb128 0x2117
 1753 01dc 19       		.uleb128 0x19
 1754 01dd 01       		.uleb128 0x1
 1755 01de 13       		.uleb128 0x13
 1756 01df 00       		.byte	0
 1757 01e0 00       		.byte	0
 1758 01e1 25       		.uleb128 0x25
 1759 01e2 34       		.uleb128 0x34
 1760 01e3 00       		.byte	0
 1761 01e4 03       		.uleb128 0x3
 1762 01e5 0E       		.uleb128 0xe
 1763 01e6 3A       		.uleb128 0x3a
ARM GAS  /tmp/cc7tzSNd.s 			page 32


 1764 01e7 0B       		.uleb128 0xb
 1765 01e8 3B       		.uleb128 0x3b
 1766 01e9 05       		.uleb128 0x5
 1767 01ea 49       		.uleb128 0x49
 1768 01eb 13       		.uleb128 0x13
 1769 01ec 3F       		.uleb128 0x3f
 1770 01ed 19       		.uleb128 0x19
 1771 01ee 3C       		.uleb128 0x3c
 1772 01ef 19       		.uleb128 0x19
 1773 01f0 00       		.byte	0
 1774 01f1 00       		.byte	0
 1775 01f2 26       		.uleb128 0x26
 1776 01f3 34       		.uleb128 0x34
 1777 01f4 00       		.byte	0
 1778 01f5 03       		.uleb128 0x3
 1779 01f6 08       		.uleb128 0x8
 1780 01f7 3A       		.uleb128 0x3a
 1781 01f8 0B       		.uleb128 0xb
 1782 01f9 3B       		.uleb128 0x3b
 1783 01fa 05       		.uleb128 0x5
 1784 01fb 49       		.uleb128 0x49
 1785 01fc 13       		.uleb128 0x13
 1786 01fd 3F       		.uleb128 0x3f
 1787 01fe 19       		.uleb128 0x19
 1788 01ff 3C       		.uleb128 0x3c
 1789 0200 19       		.uleb128 0x19
 1790 0201 00       		.byte	0
 1791 0202 00       		.byte	0
 1792 0203 27       		.uleb128 0x27
 1793 0204 2E       		.uleb128 0x2e
 1794 0205 00       		.byte	0
 1795 0206 3F       		.uleb128 0x3f
 1796 0207 19       		.uleb128 0x19
 1797 0208 03       		.uleb128 0x3
 1798 0209 0E       		.uleb128 0xe
 1799 020a 3A       		.uleb128 0x3a
 1800 020b 0B       		.uleb128 0xb
 1801 020c 3B       		.uleb128 0x3b
 1802 020d 0B       		.uleb128 0xb
 1803 020e 27       		.uleb128 0x27
 1804 020f 19       		.uleb128 0x19
 1805 0210 3C       		.uleb128 0x3c
 1806 0211 19       		.uleb128 0x19
 1807 0212 00       		.byte	0
 1808 0213 00       		.byte	0
 1809 0214 00       		.byte	0
 1810              		.section	.debug_aranges,"",%progbits
 1811 0000 3C000000 		.4byte	0x3c
 1812 0004 0200     		.2byte	0x2
 1813 0006 00000000 		.4byte	.Ldebug_info0
 1814 000a 04       		.byte	0x4
 1815 000b 00       		.byte	0
 1816 000c 0000     		.2byte	0
 1817 000e 0000     		.2byte	0
 1818 0010 00000000 		.4byte	.LFB207
 1819 0014 04000000 		.4byte	.LFE207-.LFB207
 1820 0018 00000000 		.4byte	.LFB208
ARM GAS  /tmp/cc7tzSNd.s 			page 33


 1821 001c 14000000 		.4byte	.LFE208-.LFB208
 1822 0020 00000000 		.4byte	.LFB209
 1823 0024 0C000000 		.4byte	.LFE209-.LFB209
 1824 0028 00000000 		.4byte	.LFB210
 1825 002c 0C000000 		.4byte	.LFE210-.LFB210
 1826 0030 00000000 		.4byte	.LFB211
 1827 0034 0C000000 		.4byte	.LFE211-.LFB211
 1828 0038 00000000 		.4byte	0
 1829 003c 00000000 		.4byte	0
 1830              		.section	.debug_ranges,"",%progbits
 1831              	.Ldebug_ranges0:
 1832 0000 00000000 		.4byte	.LFB207
 1833 0004 04000000 		.4byte	.LFE207
 1834 0008 00000000 		.4byte	.LFB208
 1835 000c 14000000 		.4byte	.LFE208
 1836 0010 00000000 		.4byte	.LFB209
 1837 0014 0C000000 		.4byte	.LFE209
 1838 0018 00000000 		.4byte	.LFB210
 1839 001c 0C000000 		.4byte	.LFE210
 1840 0020 00000000 		.4byte	.LFB211
 1841 0024 0C000000 		.4byte	.LFE211
 1842 0028 00000000 		.4byte	0
 1843 002c 00000000 		.4byte	0
 1844              		.section	.debug_line,"",%progbits
 1845              	.Ldebug_line0:
 1846 0000 93020000 		.section	.debug_str,"MS",%progbits,1
 1846      02001A02 
 1846      00000201 
 1846      FB0E0D00 
 1846      01010101 
 1847              	.LASF47:
 1848 0000 74687265 		.ascii	"threads_list_t\000"
 1848      6164735F 
 1848      6C697374 
 1848      5F7400
 1849              	.LASF52:
 1850 000f 72656164 		.ascii	"ready_list_t\000"
 1850      795F6C69 
 1850      73745F74 
 1850      00
 1851              	.LASF105:
 1852 001c 44494552 		.ascii	"DIER\000"
 1852      00
 1853              	.LASF90:
 1854 0021 77747472 		.ascii	"wttrp\000"
 1854      7000
 1855              	.LASF87:
 1856 0027 7264796D 		.ascii	"rdymsg\000"
 1856      736700
 1857              	.LASF16:
 1858 002e 75696E74 		.ascii	"uint64_t\000"
 1858      36345F74 
 1858      00
 1859              	.LASF5:
 1860 0037 5F5F7569 		.ascii	"__uint8_t\000"
 1860      6E74385F 
 1860      7400
ARM GAS  /tmp/cc7tzSNd.s 			page 34


 1861              	.LASF84:
 1862 0041 706F7274 		.ascii	"port_intctx\000"
 1862      5F696E74 
 1862      63747800 
 1863              	.LASF71:
 1864 004d 73797374 		.ascii	"system_debug_t\000"
 1864      656D5F64 
 1864      65627567 
 1864      5F7400
 1865              	.LASF12:
 1866 005c 6C6F6E67 		.ascii	"long long unsigned int\000"
 1866      206C6F6E 
 1866      6720756E 
 1866      7369676E 
 1866      65642069 
 1867              	.LASF88:
 1868 0073 65786974 		.ascii	"exitcode\000"
 1868      636F6465 
 1868      00
 1869              	.LASF78:
 1870 007c 6D61696E 		.ascii	"mainthread\000"
 1870      74687265 
 1870      616400
 1871              	.LASF68:
 1872 0087 76697274 		.ascii	"virtual_timers_list_t\000"
 1872      75616C5F 
 1872      74696D65 
 1872      72735F6C 
 1872      6973745F 
 1873              	.LASF123:
 1874 009d 49544D5F 		.ascii	"ITM_RxBuffer\000"
 1874      52784275 
 1874      66666572 
 1874      00
 1875              	.LASF129:
 1876 00aa 73745F6C 		.ascii	"st_lld_init\000"
 1876      6C645F69 
 1876      6E697400 
 1877              	.LASF109:
 1878 00b6 42445452 		.ascii	"BDTR\000"
 1878      00
 1879              	.LASF51:
 1880 00bb 63685F74 		.ascii	"ch_threads_queue\000"
 1880      68726561 
 1880      64735F71 
 1880      75657565 
 1880      00
 1881              	.LASF30:
 1882 00cc 705F7072 		.ascii	"p_prio\000"
 1882      696F00
 1883              	.LASF106:
 1884 00d3 43434D52 		.ascii	"CCMR1\000"
 1884      3100
 1885              	.LASF107:
 1886 00d9 43434D52 		.ascii	"CCMR2\000"
 1886      3200
 1887              	.LASF111:
ARM GAS  /tmp/cc7tzSNd.s 			page 35


 1888 00df 43434D52 		.ascii	"CCMR3\000"
 1888      3300
 1889              	.LASF1:
 1890 00e5 7369676E 		.ascii	"signed char\000"
 1890      65642063 
 1890      68617200 
 1891              	.LASF98:
 1892 00f1 6D5F7175 		.ascii	"m_queue\000"
 1892      65756500 
 1893              	.LASF77:
 1894 00f9 76746C69 		.ascii	"vtlist\000"
 1894      737400
 1895              	.LASF21:
 1896 0100 74736C69 		.ascii	"tslices_t\000"
 1896      6365735F 
 1896      7400
 1897              	.LASF75:
 1898 010a 63685F73 		.ascii	"ch_system\000"
 1898      79737465 
 1898      6D00
 1899              	.LASF7:
 1900 0114 6C6F6E67 		.ascii	"long int\000"
 1900      20696E74 
 1900      00
 1901              	.LASF18:
 1902 011d 746D6F64 		.ascii	"tmode_t\000"
 1902      655F7400 
 1903              	.LASF19:
 1904 0125 74737461 		.ascii	"tstate_t\000"
 1904      74655F74 
 1904      00
 1905              	.LASF108:
 1906 012e 43434552 		.ascii	"CCER\000"
 1906      00
 1907              	.LASF10:
 1908 0133 6C6F6E67 		.ascii	"long long int\000"
 1908      206C6F6E 
 1908      6720696E 
 1908      7400
 1909              	.LASF32:
 1910 0141 705F6E65 		.ascii	"p_newer\000"
 1910      77657200 
 1911              	.LASF95:
 1912 0149 735F7175 		.ascii	"s_queue\000"
 1912      65756500 
 1913              	.LASF4:
 1914 0151 73686F72 		.ascii	"short unsigned int\000"
 1914      7420756E 
 1914      7369676E 
 1914      65642069 
 1914      6E7400
 1915              	.LASF57:
 1916 0164 725F6E65 		.ascii	"r_newer\000"
 1916      77657200 
 1917              	.LASF45:
 1918 016c 705F6D70 		.ascii	"p_mpool\000"
 1918      6F6F6C00 
ARM GAS  /tmp/cc7tzSNd.s 			page 36


 1919              	.LASF81:
 1920 0174 72656761 		.ascii	"regarm_t\000"
 1920      726D5F74 
 1920      00
 1921              	.LASF64:
 1922 017d 76745F70 		.ascii	"vt_prev\000"
 1922      72657600 
 1923              	.LASF102:
 1924 0185 6D757465 		.ascii	"mutex_t\000"
 1924      785F7400 
 1925              	.LASF79:
 1926 018d 69646C65 		.ascii	"idle_thread_wa\000"
 1926      5F746872 
 1926      6561645F 
 1926      776100
 1927              	.LASF25:
 1928 019c 636E745F 		.ascii	"cnt_t\000"
 1928      7400
 1929              	.LASF0:
 1930 01a2 756E7369 		.ascii	"unsigned int\000"
 1930      676E6564 
 1930      20696E74 
 1930      00
 1931              	.LASF63:
 1932 01af 76745F6E 		.ascii	"vt_next\000"
 1932      65787400 
 1933              	.LASF91:
 1934 01b7 77747365 		.ascii	"wtsemp\000"
 1934      6D7000
 1935              	.LASF40:
 1936 01be 705F6D73 		.ascii	"p_msgqueue\000"
 1936      67717565 
 1936      756500
 1937              	.LASF96:
 1938 01c9 735F636E 		.ascii	"s_cnt\000"
 1938      7400
 1939              	.LASF104:
 1940 01cf 534D4352 		.ascii	"SMCR\000"
 1940      00
 1941              	.LASF48:
 1942 01d4 63685F74 		.ascii	"ch_thread\000"
 1942      68726561 
 1942      6400
 1943              	.LASF23:
 1944 01de 6D73675F 		.ascii	"msg_t\000"
 1944      7400
 1945              	.LASF74:
 1946 01e4 63685F73 		.ascii	"ch_system_t\000"
 1946      79737465 
 1946      6D5F7400 
 1947              	.LASF113:
 1948 01f0 73746D33 		.ascii	"stm32_tim_t\000"
 1948      325F7469 
 1948      6D5F7400 
 1949              	.LASF53:
 1950 01fc 63685F72 		.ascii	"ch_ready_list\000"
 1950      65616479 
ARM GAS  /tmp/cc7tzSNd.s 			page 37


 1950      5F6C6973 
 1950      7400
 1951              	.LASF24:
 1952 020a 6576656E 		.ascii	"eventmask_t\000"
 1952      746D6173 
 1952      6B5F7400 
 1953              	.LASF6:
 1954 0216 5F5F696E 		.ascii	"__int32_t\000"
 1954      7433325F 
 1954      7400
 1955              	.LASF114:
 1956 0220 73745F6C 		.ascii	"st_lld_start_alarm\000"
 1956      6C645F73 
 1956      74617274 
 1956      5F616C61 
 1956      726D00
 1957              	.LASF82:
 1958 0233 73746B61 		.ascii	"stkalign_t\000"
 1958      6C69676E 
 1958      5F7400
 1959              	.LASF125:
 1960 023e 2F686F6D 		.ascii	"/home/peter/ChibiOS_16.1.4/os/hal/src/st.c\000"
 1960      652F7065 
 1960      7465722F 
 1960      43686962 
 1960      694F535F 
 1961              	.LASF39:
 1962 0269 705F7761 		.ascii	"p_waiting\000"
 1962      6974696E 
 1962      6700
 1963              	.LASF80:
 1964 0273 73697A65 		.ascii	"sizetype\000"
 1964      74797065 
 1964      00
 1965              	.LASF46:
 1966 027c 74687265 		.ascii	"thread_reference_t\000"
 1966      61645F72 
 1966      65666572 
 1966      656E6365 
 1966      5F7400
 1967              	.LASF69:
 1968 028f 63685F76 		.ascii	"ch_virtual_timers_list\000"
 1968      69727475 
 1968      616C5F74 
 1968      696D6572 
 1968      735F6C69 
 1969              	.LASF33:
 1970 02a6 705F6F6C 		.ascii	"p_older\000"
 1970      64657200 
 1971              	.LASF117:
 1972 02ae 7374496E 		.ascii	"stInit\000"
 1972      697400
 1973              	.LASF56:
 1974 02b5 725F6374 		.ascii	"r_ctx\000"
 1974      7800
 1975              	.LASF86:
 1976 02bb 746D5F63 		.ascii	"tm_calibration_t\000"
ARM GAS  /tmp/cc7tzSNd.s 			page 38


 1976      616C6962 
 1976      72617469 
 1976      6F6E5F74 
 1976      00
 1977              	.LASF116:
 1978 02cc 74696D65 		.ascii	"time\000"
 1978      00
 1979              	.LASF59:
 1980 02d1 725F6375 		.ascii	"r_current\000"
 1980      7272656E 
 1980      7400
 1981              	.LASF58:
 1982 02db 725F6F6C 		.ascii	"r_older\000"
 1982      64657200 
 1983              	.LASF11:
 1984 02e3 5F5F7569 		.ascii	"__uint64_t\000"
 1984      6E743634 
 1984      5F7400
 1985              	.LASF20:
 1986 02ee 74726566 		.ascii	"trefs_t\000"
 1986      735F7400 
 1987              	.LASF61:
 1988 02f6 76697274 		.ascii	"virtual_timer_t\000"
 1988      75616C5F 
 1988      74696D65 
 1988      725F7400 
 1989              	.LASF29:
 1990 0306 705F7072 		.ascii	"p_prev\000"
 1990      657600
 1991              	.LASF22:
 1992 030d 74707269 		.ascii	"tprio_t\000"
 1992      6F5F7400 
 1993              	.LASF72:
 1994 0315 63685F73 		.ascii	"ch_system_debug\000"
 1994      79737465 
 1994      6D5F6465 
 1994      62756700 
 1995              	.LASF103:
 1996 0325 5F426F6F 		.ascii	"_Bool\000"
 1996      6C00
 1997              	.LASF14:
 1998 032b 696E7433 		.ascii	"int32_t\000"
 1998      325F7400 
 1999              	.LASF2:
 2000 0333 756E7369 		.ascii	"unsigned char\000"
 2000      676E6564 
 2000      20636861 
 2000      7200
 2001              	.LASF43:
 2002 0341 705F6D74 		.ascii	"p_mtxlist\000"
 2002      786C6973 
 2002      7400
 2003              	.LASF3:
 2004 034b 73686F72 		.ascii	"short int\000"
 2004      7420696E 
 2004      7400
 2005              	.LASF35:
ARM GAS  /tmp/cc7tzSNd.s 			page 39


 2006 0355 705F7374 		.ascii	"p_state\000"
 2006      61746500 
 2007              	.LASF38:
 2008 035d 705F7072 		.ascii	"p_preempt\000"
 2008      65656D70 
 2008      7400
 2009              	.LASF55:
 2010 0367 725F7072 		.ascii	"r_prio\000"
 2010      696F00
 2011              	.LASF93:
 2012 036e 65776D61 		.ascii	"ewmask\000"
 2012      736B00
 2013              	.LASF28:
 2014 0375 705F6E65 		.ascii	"p_next\000"
 2014      787400
 2015              	.LASF13:
 2016 037c 75696E74 		.ascii	"uint8_t\000"
 2016      385F7400 
 2017              	.LASF122:
 2018 0384 5F5F6675 		.ascii	"__func__\000"
 2018      6E635F5F 
 2018      00
 2019              	.LASF62:
 2020 038d 63685F76 		.ascii	"ch_virtual_timer\000"
 2020      69727475 
 2020      616C5F74 
 2020      696D6572 
 2020      00
 2021              	.LASF127:
 2022 039e 73745F6C 		.ascii	"st_lld_get_alarm\000"
 2022      6C645F67 
 2022      65745F61 
 2022      6C61726D 
 2022      00
 2023              	.LASF94:
 2024 03af 63685F73 		.ascii	"ch_semaphore\000"
 2024      656D6170 
 2024      686F7265 
 2024      00
 2025              	.LASF112:
 2026 03bc 43435852 		.ascii	"CCXR\000"
 2026      00
 2027              	.LASF42:
 2028 03c1 705F6570 		.ascii	"p_epending\000"
 2028      656E6469 
 2028      6E6700
 2029              	.LASF15:
 2030 03cc 75696E74 		.ascii	"uint32_t\000"
 2030      33325F74 
 2030      00
 2031              	.LASF92:
 2032 03d5 77746D74 		.ascii	"wtmtxp\000"
 2032      787000
 2033              	.LASF54:
 2034 03dc 725F7175 		.ascii	"r_queue\000"
 2034      65756500 
 2035              	.LASF65:
ARM GAS  /tmp/cc7tzSNd.s 			page 40


 2036 03e4 76745F64 		.ascii	"vt_delta\000"
 2036      656C7461 
 2036      00
 2037              	.LASF49:
 2038 03ed 63685F74 		.ascii	"ch_threads_list\000"
 2038      68726561 
 2038      64735F6C 
 2038      69737400 
 2039              	.LASF9:
 2040 03fd 6C6F6E67 		.ascii	"long unsigned int\000"
 2040      20756E73 
 2040      69676E65 
 2040      6420696E 
 2040      7400
 2041              	.LASF124:
 2042 040f 474E5520 		.ascii	"GNU C 4.9.3 20150529 (prerelease) -mcpu=cortex-m3 -"
 2042      4320342E 
 2042      392E3320 
 2042      32303135 
 2042      30353239 
 2043 0442 6D6E6F2D 		.ascii	"mno-thumb-interwork -mthumb -ggdb -O2 -std=c99 -fom"
 2043      7468756D 
 2043      622D696E 
 2043      74657277 
 2043      6F726B20 
 2044 0475 69742D66 		.ascii	"it-frame-pointer -falign-functions=16 -ffunction-se"
 2044      72616D65 
 2044      2D706F69 
 2044      6E746572 
 2044      202D6661 
 2045 04a8 6374696F 		.ascii	"ctions -fdata-sections -fno-common\000"
 2045      6E73202D 
 2045      66646174 
 2045      612D7365 
 2045      6374696F 
 2046              	.LASF119:
 2047 04cb 73745374 		.ascii	"stStopAlarm\000"
 2047      6F70416C 
 2047      61726D00 
 2048              	.LASF101:
 2049 04d7 63686172 		.ascii	"char\000"
 2049      00
 2050              	.LASF110:
 2051 04dc 444D4152 		.ascii	"DMAR\000"
 2051      00
 2052              	.LASF27:
 2053 04e1 74687265 		.ascii	"thread_t\000"
 2053      61645F74 
 2053      00
 2054              	.LASF100:
 2055 04ea 6D5F6E65 		.ascii	"m_next\000"
 2055      787400
 2056              	.LASF26:
 2057 04f1 73797374 		.ascii	"systime_t\000"
 2057      696D655F 
 2057      7400
 2058              	.LASF44:
ARM GAS  /tmp/cc7tzSNd.s 			page 41


 2059 04fb 705F7265 		.ascii	"p_realprio\000"
 2059      616C7072 
 2059      696F00
 2060              	.LASF60:
 2061 0506 76746675 		.ascii	"vtfunc_t\000"
 2061      6E635F74 
 2061      00
 2062              	.LASF8:
 2063 050f 5F5F7569 		.ascii	"__uint32_t\000"
 2063      6E743332 
 2063      5F7400
 2064              	.LASF73:
 2065 051a 70616E69 		.ascii	"panic_msg\000"
 2065      635F6D73 
 2065      6700
 2066              	.LASF85:
 2067 0524 6F666673 		.ascii	"offset\000"
 2067      657400
 2068              	.LASF118:
 2069 052b 73745374 		.ascii	"stStartAlarm\000"
 2069      61727441 
 2069      6C61726D 
 2069      00
 2070              	.LASF83:
 2071 0538 636F6E74 		.ascii	"context\000"
 2071      65787400 
 2072              	.LASF41:
 2073 0540 705F6D73 		.ascii	"p_msg\000"
 2073      6700
 2074              	.LASF17:
 2075 0546 7274636E 		.ascii	"rtcnt_t\000"
 2075      745F7400 
 2076              	.LASF126:
 2077 054e 73745F6C 		.ascii	"st_lld_stop_alarm\000"
 2077      6C645F73 
 2077      746F705F 
 2077      616C6172 
 2077      6D00
 2078              	.LASF67:
 2079 0560 76745F70 		.ascii	"vt_par\000"
 2079      617200
 2080              	.LASF50:
 2081 0567 74687265 		.ascii	"threads_queue_t\000"
 2081      6164735F 
 2081      71756575 
 2081      655F7400 
 2082              	.LASF97:
 2083 0577 63685F6D 		.ascii	"ch_mutex\000"
 2083      75746578 
 2083      00
 2084              	.LASF37:
 2085 0580 705F7265 		.ascii	"p_refs\000"
 2085      667300
 2086              	.LASF76:
 2087 0587 726C6973 		.ascii	"rlist\000"
 2087      7400
 2088              	.LASF120:
ARM GAS  /tmp/cc7tzSNd.s 			page 42


 2089 058d 73745365 		.ascii	"stSetAlarm\000"
 2089      74416C61 
 2089      726D00
 2090              	.LASF128:
 2091 0598 73744765 		.ascii	"stGetAlarm\000"
 2091      74416C61 
 2091      726D00
 2092              	.LASF89:
 2093 05a3 77746F62 		.ascii	"wtobjp\000"
 2093      6A7000
 2094              	.LASF34:
 2095 05aa 705F6E61 		.ascii	"p_name\000"
 2095      6D6500
 2096              	.LASF70:
 2097 05b1 76745F73 		.ascii	"vt_systime\000"
 2097      79737469 
 2097      6D6500
 2098              	.LASF121:
 2099 05bc 61627374 		.ascii	"abstime\000"
 2099      696D6500 
 2100              	.LASF36:
 2101 05c4 705F666C 		.ascii	"p_flags\000"
 2101      61677300 
 2102              	.LASF115:
 2103 05cc 73745F6C 		.ascii	"st_lld_set_alarm\000"
 2103      6C645F73 
 2103      65745F61 
 2103      6C61726D 
 2103      00
 2104              	.LASF99:
 2105 05dd 6D5F6F77 		.ascii	"m_owner\000"
 2105      6E657200 
 2106              	.LASF31:
 2107 05e5 705F6374 		.ascii	"p_ctx\000"
 2107      7800
 2108              	.LASF66:
 2109 05eb 76745F66 		.ascii	"vt_func\000"
 2109      756E6300 
 2110              		.ident	"GCC: (15:4.9.3+svn227297-1) 4.9.3 20150529 (prerelease)"
ARM GAS  /tmp/cc7tzSNd.s 			page 43


DEFINED SYMBOLS
                            *ABS*:00000000 st.c
     /tmp/cc7tzSNd.s:19     .text.stInit:00000000 $t
     /tmp/cc7tzSNd.s:25     .text.stInit:00000000 stInit
     /tmp/cc7tzSNd.s:40     .text.stStartAlarm:00000000 $t
     /tmp/cc7tzSNd.s:46     .text.stStartAlarm:00000000 stStartAlarm
     /tmp/cc7tzSNd.s:73     .text.stStartAlarm:00000010 $d
     /tmp/cc7tzSNd.s:80     .text.stStopAlarm:00000000 $t
     /tmp/cc7tzSNd.s:86     .text.stStopAlarm:00000000 stStopAlarm
     /tmp/cc7tzSNd.s:103    .text.stStopAlarm:00000008 $d
     /tmp/cc7tzSNd.s:110    .text.stSetAlarm:00000000 $t
     /tmp/cc7tzSNd.s:116    .text.stSetAlarm:00000000 stSetAlarm
     /tmp/cc7tzSNd.s:133    .text.stSetAlarm:00000008 $d
     /tmp/cc7tzSNd.s:140    .text.stGetAlarm:00000000 $t
     /tmp/cc7tzSNd.s:146    .text.stGetAlarm:00000000 stGetAlarm
     /tmp/cc7tzSNd.s:165    .text.stGetAlarm:00000008 $d
                     .debug_frame:00000010 $d
     /tmp/cc7tzSNd.s:79     .text.stStartAlarm:00000014 $t
     /tmp/cc7tzSNd.s:109    .text.stStopAlarm:0000000c $t
     /tmp/cc7tzSNd.s:139    .text.stSetAlarm:0000000c $t
     /tmp/cc7tzSNd.s:169    .text.stGetAlarm:0000000c $t

UNDEFINED SYMBOLS
st_lld_init
