ARM GAS  /tmp/cc8zbNAv.s 			page 1


   1              		.syntax unified
   2              		.cpu cortex-m3
   3              		.fpu softvfp
   4              		.eabi_attribute 20, 1
   5              		.eabi_attribute 21, 1
   6              		.eabi_attribute 23, 3
   7              		.eabi_attribute 24, 1
   8              		.eabi_attribute 25, 1
   9              		.eabi_attribute 26, 1
  10              		.eabi_attribute 30, 2
  11              		.eabi_attribute 34, 1
  12              		.eabi_attribute 18, 4
  13              		.thumb
  14              		.file	"vectors.c"
  15              		.text
  16              	.Ltext0:
  17              		.cfi_sections	.debug_frame
  18              		.section	.text._unhandled_exception,"ax",%progbits
  19              		.align	2
  20              		.p2align 4,,15
  21              		.global	_unhandled_exception
  22              		.thumb
  23              		.thumb_func
  24              		.type	_unhandled_exception, %function
  25              	_unhandled_exception:
  26              	.LFB63:
  27              		.file 1 "/home/peter/ChibiOS_16.1.4/os/common/ports/ARMCMx/compilers/GCC/vectors.c"
  28              		.loc 1 46 0
  29              		.cfi_startproc
  30              		@ Volatile: function does not return.
  31              		@ args = 0, pretend = 0, frame = 0
  32              		@ frame_needed = 0, uses_anonymous_args = 0
  33              		@ link register save eliminated.
  34              	.L2:
  35              		.loc 1 50 0 discriminator 1
  36 0000 FEE7     		b	.L2
  37              		.cfi_endproc
  38              	.LFE63:
  39              		.size	_unhandled_exception, .-_unhandled_exception
  40              		.weak	NMI_Handler
  41              		.thumb_set NMI_Handler,_unhandled_exception
  42              		.weak	HardFault_Handler
  43              		.thumb_set HardFault_Handler,_unhandled_exception
  44              		.weak	MemManage_Handler
  45              		.thumb_set MemManage_Handler,_unhandled_exception
  46              		.weak	BusFault_Handler
  47              		.thumb_set BusFault_Handler,_unhandled_exception
  48              		.weak	UsageFault_Handler
  49              		.thumb_set UsageFault_Handler,_unhandled_exception
  50              		.weak	Vector1C
  51              		.thumb_set Vector1C,_unhandled_exception
  52              		.weak	Vector20
  53              		.thumb_set Vector20,_unhandled_exception
  54              		.weak	Vector24
  55              		.thumb_set Vector24,_unhandled_exception
  56              		.weak	Vector28
  57              		.thumb_set Vector28,_unhandled_exception
ARM GAS  /tmp/cc8zbNAv.s 			page 2


  58              		.weak	SVC_Handler
  59              		.thumb_set SVC_Handler,_unhandled_exception
  60              		.weak	DebugMon_Handler
  61              		.thumb_set DebugMon_Handler,_unhandled_exception
  62              		.weak	Vector34
  63              		.thumb_set Vector34,_unhandled_exception
  64              		.weak	PendSV_Handler
  65              		.thumb_set PendSV_Handler,_unhandled_exception
  66              		.weak	SysTick_Handler
  67              		.thumb_set SysTick_Handler,_unhandled_exception
  68              		.weak	Vector40
  69              		.thumb_set Vector40,_unhandled_exception
  70              		.weak	Vector44
  71              		.thumb_set Vector44,_unhandled_exception
  72              		.weak	Vector48
  73              		.thumb_set Vector48,_unhandled_exception
  74              		.weak	Vector4C
  75              		.thumb_set Vector4C,_unhandled_exception
  76              		.weak	Vector50
  77              		.thumb_set Vector50,_unhandled_exception
  78              		.weak	Vector54
  79              		.thumb_set Vector54,_unhandled_exception
  80              		.weak	Vector58
  81              		.thumb_set Vector58,_unhandled_exception
  82              		.weak	Vector5C
  83              		.thumb_set Vector5C,_unhandled_exception
  84              		.weak	Vector60
  85              		.thumb_set Vector60,_unhandled_exception
  86              		.weak	Vector64
  87              		.thumb_set Vector64,_unhandled_exception
  88              		.weak	Vector68
  89              		.thumb_set Vector68,_unhandled_exception
  90              		.weak	Vector6C
  91              		.thumb_set Vector6C,_unhandled_exception
  92              		.weak	Vector70
  93              		.thumb_set Vector70,_unhandled_exception
  94              		.weak	Vector74
  95              		.thumb_set Vector74,_unhandled_exception
  96              		.weak	Vector78
  97              		.thumb_set Vector78,_unhandled_exception
  98              		.weak	Vector7C
  99              		.thumb_set Vector7C,_unhandled_exception
 100              		.weak	Vector80
 101              		.thumb_set Vector80,_unhandled_exception
 102              		.weak	Vector84
 103              		.thumb_set Vector84,_unhandled_exception
 104              		.weak	Vector88
 105              		.thumb_set Vector88,_unhandled_exception
 106              		.weak	Vector8C
 107              		.thumb_set Vector8C,_unhandled_exception
 108              		.weak	Vector90
 109              		.thumb_set Vector90,_unhandled_exception
 110              		.weak	Vector94
 111              		.thumb_set Vector94,_unhandled_exception
 112              		.weak	Vector98
 113              		.thumb_set Vector98,_unhandled_exception
 114              		.weak	Vector9C
ARM GAS  /tmp/cc8zbNAv.s 			page 3


 115              		.thumb_set Vector9C,_unhandled_exception
 116              		.weak	VectorA0
 117              		.thumb_set VectorA0,_unhandled_exception
 118              		.weak	VectorA4
 119              		.thumb_set VectorA4,_unhandled_exception
 120              		.weak	VectorA8
 121              		.thumb_set VectorA8,_unhandled_exception
 122              		.weak	VectorAC
 123              		.thumb_set VectorAC,_unhandled_exception
 124              		.weak	VectorB0
 125              		.thumb_set VectorB0,_unhandled_exception
 126              		.weak	VectorB4
 127              		.thumb_set VectorB4,_unhandled_exception
 128              		.weak	VectorB8
 129              		.thumb_set VectorB8,_unhandled_exception
 130              		.weak	VectorBC
 131              		.thumb_set VectorBC,_unhandled_exception
 132              		.weak	VectorC0
 133              		.thumb_set VectorC0,_unhandled_exception
 134              		.weak	VectorC4
 135              		.thumb_set VectorC4,_unhandled_exception
 136              		.weak	VectorC8
 137              		.thumb_set VectorC8,_unhandled_exception
 138              		.weak	VectorCC
 139              		.thumb_set VectorCC,_unhandled_exception
 140              		.weak	VectorD0
 141              		.thumb_set VectorD0,_unhandled_exception
 142              		.weak	VectorD4
 143              		.thumb_set VectorD4,_unhandled_exception
 144              		.weak	VectorD8
 145              		.thumb_set VectorD8,_unhandled_exception
 146              		.weak	VectorDC
 147              		.thumb_set VectorDC,_unhandled_exception
 148              		.weak	VectorE0
 149              		.thumb_set VectorE0,_unhandled_exception
 150              		.weak	VectorE4
 151              		.thumb_set VectorE4,_unhandled_exception
 152              		.weak	VectorE8
 153              		.thumb_set VectorE8,_unhandled_exception
 154              		.weak	VectorEC
 155              		.thumb_set VectorEC,_unhandled_exception
 156              		.weak	VectorF0
 157              		.thumb_set VectorF0,_unhandled_exception
 158              		.weak	VectorF4
 159              		.thumb_set VectorF4,_unhandled_exception
 160              		.weak	VectorF8
 161              		.thumb_set VectorF8,_unhandled_exception
 162              		.weak	VectorFC
 163              		.thumb_set VectorFC,_unhandled_exception
 164              		.weak	Vector100
 165              		.thumb_set Vector100,_unhandled_exception
 166              		.weak	Vector104
 167              		.thumb_set Vector104,_unhandled_exception
 168              		.weak	Vector108
 169              		.thumb_set Vector108,_unhandled_exception
 170              		.weak	Vector10C
 171              		.thumb_set Vector10C,_unhandled_exception
ARM GAS  /tmp/cc8zbNAv.s 			page 4


 172              		.weak	Vector110
 173              		.thumb_set Vector110,_unhandled_exception
 174              		.weak	Vector114
 175              		.thumb_set Vector114,_unhandled_exception
 176              		.weak	Vector118
 177              		.thumb_set Vector118,_unhandled_exception
 178              		.weak	Vector11C
 179              		.thumb_set Vector11C,_unhandled_exception
 180              		.weak	Vector120
 181              		.thumb_set Vector120,_unhandled_exception
 182              		.weak	Vector124
 183              		.thumb_set Vector124,_unhandled_exception
 184              		.weak	Vector128
 185              		.thumb_set Vector128,_unhandled_exception
 186              		.weak	Vector12C
 187              		.thumb_set Vector12C,_unhandled_exception
 188              		.weak	Vector130
 189              		.thumb_set Vector130,_unhandled_exception
 190              		.weak	Vector134
 191              		.thumb_set Vector134,_unhandled_exception
 192              		.weak	Vector138
 193              		.thumb_set Vector138,_unhandled_exception
 194              		.weak	Vector13C
 195              		.thumb_set Vector13C,_unhandled_exception
 196              		.weak	Vector140
 197              		.thumb_set Vector140,_unhandled_exception
 198              		.weak	Vector144
 199              		.thumb_set Vector144,_unhandled_exception
 200              		.weak	Vector148
 201              		.thumb_set Vector148,_unhandled_exception
 202              		.weak	Vector14C
 203              		.thumb_set Vector14C,_unhandled_exception
 204              		.weak	Vector150
 205              		.thumb_set Vector150,_unhandled_exception
 206              		.weak	Vector154
 207              		.thumb_set Vector154,_unhandled_exception
 208              		.weak	Vector158
 209              		.thumb_set Vector158,_unhandled_exception
 210              		.weak	Vector15C
 211              		.thumb_set Vector15C,_unhandled_exception
 212              		.weak	Vector160
 213              		.thumb_set Vector160,_unhandled_exception
 214              		.weak	Vector164
 215              		.thumb_set Vector164,_unhandled_exception
 216              		.weak	Vector168
 217              		.thumb_set Vector168,_unhandled_exception
 218              		.weak	Vector16C
 219              		.thumb_set Vector16C,_unhandled_exception
 220              		.weak	Vector170
 221              		.thumb_set Vector170,_unhandled_exception
 222              		.weak	Vector174
 223              		.thumb_set Vector174,_unhandled_exception
 224              		.weak	Vector178
 225              		.thumb_set Vector178,_unhandled_exception
 226              		.weak	Vector17C
 227              		.thumb_set Vector17C,_unhandled_exception
 228              		.weak	Vector180
ARM GAS  /tmp/cc8zbNAv.s 			page 5


 229              		.thumb_set Vector180,_unhandled_exception
 230              		.weak	Vector184
 231              		.thumb_set Vector184,_unhandled_exception
 232              		.weak	Vector188
 233              		.thumb_set Vector188,_unhandled_exception
 234              		.weak	Vector18C
 235              		.thumb_set Vector18C,_unhandled_exception
 236              		.weak	Vector190
 237              		.thumb_set Vector190,_unhandled_exception
 238              		.weak	Vector194
 239              		.thumb_set Vector194,_unhandled_exception
 240              		.weak	Vector198
 241              		.thumb_set Vector198,_unhandled_exception
 242              		.weak	Vector19C
 243              		.thumb_set Vector19C,_unhandled_exception
 244              		.weak	Vector1A0
 245              		.thumb_set Vector1A0,_unhandled_exception
 246              		.weak	Vector1A4
 247              		.thumb_set Vector1A4,_unhandled_exception
 248              		.weak	Vector1A8
 249              		.thumb_set Vector1A8,_unhandled_exception
 250              		.weak	Vector1AC
 251              		.thumb_set Vector1AC,_unhandled_exception
 252              		.weak	Vector1B0
 253              		.thumb_set Vector1B0,_unhandled_exception
 254              		.weak	Vector1B4
 255              		.thumb_set Vector1B4,_unhandled_exception
 256              		.weak	Vector1B8
 257              		.thumb_set Vector1B8,_unhandled_exception
 258              		.weak	Vector1BC
 259              		.thumb_set Vector1BC,_unhandled_exception
 260              		.global	_vectors
 261 0002 00BFAFF3 		.section	.vectors,"aw",%progbits
 261      0080AFF3 
 261      0080AFF3 
 261      0080
 262              		.align	7
 263              		.type	_vectors, %object
 264              		.size	_vectors, 448
 265              	_vectors:
 266 0000 00000000 		.word	__main_stack_end__
 267 0004 00000000 		.word	Reset_Handler
 268 0008 00000000 		.word	NMI_Handler
 269 000c 00000000 		.word	HardFault_Handler
 270 0010 00000000 		.word	MemManage_Handler
 271 0014 00000000 		.word	BusFault_Handler
 272 0018 00000000 		.word	UsageFault_Handler
 273 001c 00000000 		.word	Vector1C
 274 0020 00000000 		.word	Vector20
 275 0024 00000000 		.word	Vector24
 276 0028 00000000 		.word	Vector28
 277 002c 00000000 		.word	SVC_Handler
 278 0030 00000000 		.word	DebugMon_Handler
 279 0034 00000000 		.word	Vector34
 280 0038 00000000 		.word	PendSV_Handler
 281 003c 00000000 		.word	SysTick_Handler
 282 0040 00000000 		.word	Vector40
ARM GAS  /tmp/cc8zbNAv.s 			page 6


 283 0044 00000000 		.word	Vector44
 284 0048 00000000 		.word	Vector48
 285 004c 00000000 		.word	Vector4C
 286 0050 00000000 		.word	Vector50
 287 0054 00000000 		.word	Vector54
 288 0058 00000000 		.word	Vector58
 289 005c 00000000 		.word	Vector5C
 290 0060 00000000 		.word	Vector60
 291 0064 00000000 		.word	Vector64
 292 0068 00000000 		.word	Vector68
 293 006c 00000000 		.word	Vector6C
 294 0070 00000000 		.word	Vector70
 295 0074 00000000 		.word	Vector74
 296 0078 00000000 		.word	Vector78
 297 007c 00000000 		.word	Vector7C
 298 0080 00000000 		.word	Vector80
 299 0084 00000000 		.word	Vector84
 300 0088 00000000 		.word	Vector88
 301 008c 00000000 		.word	Vector8C
 302 0090 00000000 		.word	Vector90
 303 0094 00000000 		.word	Vector94
 304 0098 00000000 		.word	Vector98
 305 009c 00000000 		.word	Vector9C
 306 00a0 00000000 		.word	VectorA0
 307 00a4 00000000 		.word	VectorA4
 308 00a8 00000000 		.word	VectorA8
 309 00ac 00000000 		.word	VectorAC
 310 00b0 00000000 		.word	VectorB0
 311 00b4 00000000 		.word	VectorB4
 312 00b8 00000000 		.word	VectorB8
 313 00bc 00000000 		.word	VectorBC
 314 00c0 00000000 		.word	VectorC0
 315 00c4 00000000 		.word	VectorC4
 316 00c8 00000000 		.word	VectorC8
 317 00cc 00000000 		.word	VectorCC
 318 00d0 00000000 		.word	VectorD0
 319 00d4 00000000 		.word	VectorD4
 320 00d8 00000000 		.word	VectorD8
 321 00dc 00000000 		.word	VectorDC
 322 00e0 00000000 		.word	VectorE0
 323 00e4 00000000 		.word	VectorE4
 324 00e8 00000000 		.word	VectorE8
 325 00ec 00000000 		.word	VectorEC
 326 00f0 00000000 		.word	VectorF0
 327 00f4 00000000 		.word	VectorF4
 328 00f8 00000000 		.word	VectorF8
 329 00fc 00000000 		.word	VectorFC
 330 0100 00000000 		.word	Vector100
 331 0104 00000000 		.word	Vector104
 332 0108 00000000 		.word	Vector108
 333 010c 00000000 		.word	Vector10C
 334 0110 00000000 		.word	Vector110
 335 0114 00000000 		.word	Vector114
 336 0118 00000000 		.word	Vector118
 337 011c 00000000 		.word	Vector11C
 338 0120 00000000 		.word	Vector120
 339 0124 00000000 		.word	Vector124
ARM GAS  /tmp/cc8zbNAv.s 			page 7


 340 0128 00000000 		.word	Vector128
 341 012c 00000000 		.word	Vector12C
 342 0130 00000000 		.word	Vector130
 343 0134 00000000 		.word	Vector134
 344 0138 00000000 		.word	Vector138
 345 013c 00000000 		.word	Vector13C
 346 0140 00000000 		.word	Vector140
 347 0144 00000000 		.word	Vector144
 348 0148 00000000 		.word	Vector148
 349 014c 00000000 		.word	Vector14C
 350 0150 00000000 		.word	Vector150
 351 0154 00000000 		.word	Vector154
 352 0158 00000000 		.word	Vector158
 353 015c 00000000 		.word	Vector15C
 354 0160 00000000 		.word	Vector160
 355 0164 00000000 		.word	Vector164
 356 0168 00000000 		.word	Vector168
 357 016c 00000000 		.word	Vector16C
 358 0170 00000000 		.word	Vector170
 359 0174 00000000 		.word	Vector174
 360 0178 00000000 		.word	Vector178
 361 017c 00000000 		.word	Vector17C
 362 0180 00000000 		.word	Vector180
 363 0184 00000000 		.word	Vector184
 364 0188 00000000 		.word	Vector188
 365 018c 00000000 		.word	Vector18C
 366 0190 00000000 		.word	Vector190
 367 0194 00000000 		.word	Vector194
 368 0198 00000000 		.word	Vector198
 369 019c 00000000 		.word	Vector19C
 370 01a0 00000000 		.word	Vector1A0
 371 01a4 00000000 		.word	Vector1A4
 372 01a8 00000000 		.word	Vector1A8
 373 01ac 00000000 		.word	Vector1AC
 374 01b0 00000000 		.word	Vector1B0
 375 01b4 00000000 		.word	Vector1B4
 376 01b8 00000000 		.word	Vector1B8
 377 01bc 00000000 		.word	Vector1BC
 378 01c0 00000000 		.text
 378      00000000 
 378      00000000 
 378      00000000 
 378      00000000 
 379              	.Letext0:
 380              		.file 2 "/usr/include/newlib/machine/_default_types.h"
 381              		.file 3 "/usr/include/newlib/stdint.h"
 382              		.file 4 "/home/peter/ChibiOS_16.1.4/os/common/ports/ARMCMx/compilers/GCC/vectors.h"
 383              		.file 5 "/home/peter/ChibiOS_16.1.4/os/ext/CMSIS/include/core_cm3.h"
 384              		.section	.debug_info,"",%progbits
 385              	.Ldebug_info0:
 386 0000 DF010000 		.4byte	0x1df
 387 0004 0400     		.2byte	0x4
 388 0006 00000000 		.4byte	.Ldebug_abbrev0
 389 000a 04       		.byte	0x4
 390 000b 01       		.uleb128 0x1
 391 000c C0010000 		.4byte	.LASF36
 392 0010 01       		.byte	0x1
ARM GAS  /tmp/cc8zbNAv.s 			page 8


 393 0011 E5000000 		.4byte	.LASF37
 394 0015 00000000 		.4byte	.Ldebug_ranges0+0
 395 0019 00000000 		.4byte	0
 396 001d 00000000 		.4byte	.Ldebug_line0
 397 0021 02       		.uleb128 0x2
 398 0022 01       		.byte	0x1
 399 0023 06       		.byte	0x6
 400 0024 C7020000 		.4byte	.LASF0
 401 0028 02       		.uleb128 0x2
 402 0029 01       		.byte	0x1
 403 002a 08       		.byte	0x8
 404 002b 7A000000 		.4byte	.LASF1
 405 002f 02       		.uleb128 0x2
 406 0030 02       		.byte	0x2
 407 0031 05       		.byte	0x5
 408 0032 99020000 		.4byte	.LASF2
 409 0036 02       		.uleb128 0x2
 410 0037 02       		.byte	0x2
 411 0038 07       		.byte	0x7
 412 0039 3F000000 		.4byte	.LASF3
 413 003d 03       		.uleb128 0x3
 414 003e 25000000 		.4byte	.LASF5
 415 0042 02       		.byte	0x2
 416 0043 3F       		.byte	0x3f
 417 0044 48000000 		.4byte	0x48
 418 0048 02       		.uleb128 0x2
 419 0049 04       		.byte	0x4
 420 004a 05       		.byte	0x5
 421 004b AC020000 		.4byte	.LASF4
 422 004f 03       		.uleb128 0x3
 423 0050 CE000000 		.4byte	.LASF6
 424 0054 02       		.byte	0x2
 425 0055 41       		.byte	0x41
 426 0056 5A000000 		.4byte	0x5a
 427 005a 02       		.uleb128 0x2
 428 005b 04       		.byte	0x4
 429 005c 07       		.byte	0x7
 430 005d 88000000 		.4byte	.LASF7
 431 0061 02       		.uleb128 0x2
 432 0062 08       		.byte	0x8
 433 0063 05       		.byte	0x5
 434 0064 A1010000 		.4byte	.LASF8
 435 0068 02       		.uleb128 0x2
 436 0069 08       		.byte	0x8
 437 006a 07       		.byte	0x7
 438 006b 45010000 		.4byte	.LASF9
 439 006f 04       		.uleb128 0x4
 440 0070 04       		.byte	0x4
 441 0071 05       		.byte	0x5
 442 0072 696E7400 		.ascii	"int\000"
 443 0076 02       		.uleb128 0x2
 444 0077 04       		.byte	0x4
 445 0078 07       		.byte	0x7
 446 0079 2F010000 		.4byte	.LASF10
 447 007d 03       		.uleb128 0x3
 448 007e 5D000000 		.4byte	.LASF11
 449 0082 03       		.byte	0x3
ARM GAS  /tmp/cc8zbNAv.s 			page 9


 450 0083 2C       		.byte	0x2c
 451 0084 3D000000 		.4byte	0x3d
 452 0088 03       		.uleb128 0x3
 453 0089 A3020000 		.4byte	.LASF12
 454 008d 03       		.byte	0x3
 455 008e 2D       		.byte	0x2d
 456 008f 4F000000 		.4byte	0x4f
 457 0093 02       		.uleb128 0x2
 458 0094 04       		.byte	0x4
 459 0095 07       		.byte	0x7
 460 0096 85010000 		.4byte	.LASF13
 461 009a 03       		.uleb128 0x3
 462 009b 00000000 		.4byte	.LASF14
 463 009f 04       		.byte	0x4
 464 00a0 32       		.byte	0x32
 465 00a1 A5000000 		.4byte	0xa5
 466 00a5 05       		.uleb128 0x5
 467 00a6 04       		.byte	0x4
 468 00a7 AB000000 		.4byte	0xab
 469 00ab 06       		.uleb128 0x6
 470 00ac 07       		.uleb128 0x7
 471 00ad C001     		.2byte	0x1c0
 472 00af 04       		.byte	0x4
 473 00b0 37       		.byte	0x37
 474 00b1 82010000 		.4byte	0x182
 475 00b5 08       		.uleb128 0x8
 476 00b6 52000000 		.4byte	.LASF15
 477 00ba 04       		.byte	0x4
 478 00bb 38       		.byte	0x38
 479 00bc 82010000 		.4byte	0x182
 480 00c0 00       		.byte	0
 481 00c1 08       		.uleb128 0x8
 482 00c2 77010000 		.4byte	.LASF16
 483 00c6 04       		.byte	0x4
 484 00c7 39       		.byte	0x39
 485 00c8 9A000000 		.4byte	0x9a
 486 00cc 04       		.byte	0x4
 487 00cd 08       		.uleb128 0x8
 488 00ce D9000000 		.4byte	.LASF17
 489 00d2 04       		.byte	0x4
 490 00d3 3A       		.byte	0x3a
 491 00d4 9A000000 		.4byte	0x9a
 492 00d8 08       		.byte	0x8
 493 00d9 08       		.uleb128 0x8
 494 00da BC000000 		.4byte	.LASF18
 495 00de 04       		.byte	0x4
 496 00df 3B       		.byte	0x3b
 497 00e0 9A000000 		.4byte	0x9a
 498 00e4 0C       		.byte	0xc
 499 00e5 08       		.uleb128 0x8
 500 00e6 B5020000 		.4byte	.LASF19
 501 00ea 04       		.byte	0x4
 502 00eb 3C       		.byte	0x3c
 503 00ec 9A000000 		.4byte	0x9a
 504 00f0 10       		.byte	0x10
 505 00f1 08       		.uleb128 0x8
 506 00f2 AF010000 		.4byte	.LASF20
ARM GAS  /tmp/cc8zbNAv.s 			page 10


 507 00f6 04       		.byte	0x4
 508 00f7 3D       		.byte	0x3d
 509 00f8 9A000000 		.4byte	0x9a
 510 00fc 14       		.byte	0x14
 511 00fd 08       		.uleb128 0x8
 512 00fe 8E010000 		.4byte	.LASF21
 513 0102 04       		.byte	0x4
 514 0103 3E       		.byte	0x3e
 515 0104 9A000000 		.4byte	0x9a
 516 0108 18       		.byte	0x18
 517 0109 08       		.uleb128 0x8
 518 010a B3000000 		.4byte	.LASF22
 519 010e 04       		.byte	0x4
 520 010f 3F       		.byte	0x3f
 521 0110 9A000000 		.4byte	0x9a
 522 0114 1C       		.byte	0x1c
 523 0115 08       		.uleb128 0x8
 524 0116 3C010000 		.4byte	.LASF23
 525 011a 04       		.byte	0x4
 526 011b 40       		.byte	0x40
 527 011c 9A000000 		.4byte	0x9a
 528 0120 20       		.byte	0x20
 529 0121 08       		.uleb128 0x8
 530 0122 5C010000 		.4byte	.LASF24
 531 0126 04       		.byte	0x4
 532 0127 41       		.byte	0x41
 533 0128 9A000000 		.4byte	0x9a
 534 012c 24       		.byte	0x24
 535 012d 08       		.uleb128 0x8
 536 012e 65010000 		.4byte	.LASF25
 537 0132 04       		.byte	0x4
 538 0133 42       		.byte	0x42
 539 0134 9A000000 		.4byte	0x9a
 540 0138 28       		.byte	0x28
 541 0139 08       		.uleb128 0x8
 542 013a 9A000000 		.4byte	.LASF26
 543 013e 04       		.byte	0x4
 544 013f 43       		.byte	0x43
 545 0140 9A000000 		.4byte	0x9a
 546 0144 2C       		.byte	0x2c
 547 0145 08       		.uleb128 0x8
 548 0146 65000000 		.4byte	.LASF27
 549 014a 04       		.byte	0x4
 550 014b 44       		.byte	0x44
 551 014c 9A000000 		.4byte	0x9a
 552 0150 30       		.byte	0x30
 553 0151 08       		.uleb128 0x8
 554 0152 0D000000 		.4byte	.LASF28
 555 0156 04       		.byte	0x4
 556 0157 45       		.byte	0x45
 557 0158 9A000000 		.4byte	0x9a
 558 015c 34       		.byte	0x34
 559 015d 08       		.uleb128 0x8
 560 015e 16000000 		.4byte	.LASF29
 561 0162 04       		.byte	0x4
 562 0163 46       		.byte	0x46
 563 0164 9A000000 		.4byte	0x9a
ARM GAS  /tmp/cc8zbNAv.s 			page 11


 564 0168 38       		.byte	0x38
 565 0169 08       		.uleb128 0x8
 566 016a 2F000000 		.4byte	.LASF30
 567 016e 04       		.byte	0x4
 568 016f 47       		.byte	0x47
 569 0170 9A000000 		.4byte	0x9a
 570 0174 3C       		.byte	0x3c
 571 0175 08       		.uleb128 0x8
 572 0176 91020000 		.4byte	.LASF31
 573 017a 04       		.byte	0x4
 574 017b 48       		.byte	0x48
 575 017c 88010000 		.4byte	0x188
 576 0180 40       		.byte	0x40
 577 0181 00       		.byte	0
 578 0182 05       		.uleb128 0x5
 579 0183 04       		.byte	0x4
 580 0184 88000000 		.4byte	0x88
 581 0188 09       		.uleb128 0x9
 582 0189 9A000000 		.4byte	0x9a
 583 018d 98010000 		.4byte	0x198
 584 0191 0A       		.uleb128 0xa
 585 0192 93000000 		.4byte	0x93
 586 0196 5F       		.byte	0x5f
 587 0197 00       		.byte	0
 588 0198 03       		.uleb128 0x3
 589 0199 D3020000 		.4byte	.LASF32
 590 019d 04       		.byte	0x4
 591 019e 49       		.byte	0x49
 592 019f AC000000 		.4byte	0xac
 593 01a3 0B       		.uleb128 0xb
 594 01a4 7C020000 		.4byte	.LASF38
 595 01a8 01       		.byte	0x1
 596 01a9 2E       		.byte	0x2e
 597 01aa 00000000 		.4byte	.LFB63
 598 01ae 02000000 		.4byte	.LFE63-.LFB63
 599 01b2 01       		.uleb128 0x1
 600 01b3 9C       		.byte	0x9c
 601 01b4 0C       		.uleb128 0xc
 602 01b5 A6000000 		.4byte	.LASF33
 603 01b9 05       		.byte	0x5
 604 01ba 5506     		.2byte	0x655
 605 01bc C0010000 		.4byte	0x1c0
 606 01c0 0D       		.uleb128 0xd
 607 01c1 7D000000 		.4byte	0x7d
 608 01c5 0E       		.uleb128 0xe
 609 01c6 6E010000 		.4byte	.LASF34
 610 01ca 01       		.byte	0x1
 611 01cb B901     		.2byte	0x1b9
 612 01cd 98010000 		.4byte	0x198
 613 01d1 05       		.uleb128 0x5
 614 01d2 03       		.byte	0x3
 615 01d3 00000000 		.4byte	_vectors
 616 01d7 0F       		.uleb128 0xf
 617 01d8 DD020000 		.4byte	.LASF35
 618 01dc 01       		.byte	0x1
 619 01dd 36       		.byte	0x36
 620 01de 88000000 		.4byte	0x88
ARM GAS  /tmp/cc8zbNAv.s 			page 12


 621 01e2 00       		.byte	0
 622              		.section	.debug_abbrev,"",%progbits
 623              	.Ldebug_abbrev0:
 624 0000 01       		.uleb128 0x1
 625 0001 11       		.uleb128 0x11
 626 0002 01       		.byte	0x1
 627 0003 25       		.uleb128 0x25
 628 0004 0E       		.uleb128 0xe
 629 0005 13       		.uleb128 0x13
 630 0006 0B       		.uleb128 0xb
 631 0007 03       		.uleb128 0x3
 632 0008 0E       		.uleb128 0xe
 633 0009 55       		.uleb128 0x55
 634 000a 17       		.uleb128 0x17
 635 000b 11       		.uleb128 0x11
 636 000c 01       		.uleb128 0x1
 637 000d 10       		.uleb128 0x10
 638 000e 17       		.uleb128 0x17
 639 000f 00       		.byte	0
 640 0010 00       		.byte	0
 641 0011 02       		.uleb128 0x2
 642 0012 24       		.uleb128 0x24
 643 0013 00       		.byte	0
 644 0014 0B       		.uleb128 0xb
 645 0015 0B       		.uleb128 0xb
 646 0016 3E       		.uleb128 0x3e
 647 0017 0B       		.uleb128 0xb
 648 0018 03       		.uleb128 0x3
 649 0019 0E       		.uleb128 0xe
 650 001a 00       		.byte	0
 651 001b 00       		.byte	0
 652 001c 03       		.uleb128 0x3
 653 001d 16       		.uleb128 0x16
 654 001e 00       		.byte	0
 655 001f 03       		.uleb128 0x3
 656 0020 0E       		.uleb128 0xe
 657 0021 3A       		.uleb128 0x3a
 658 0022 0B       		.uleb128 0xb
 659 0023 3B       		.uleb128 0x3b
 660 0024 0B       		.uleb128 0xb
 661 0025 49       		.uleb128 0x49
 662 0026 13       		.uleb128 0x13
 663 0027 00       		.byte	0
 664 0028 00       		.byte	0
 665 0029 04       		.uleb128 0x4
 666 002a 24       		.uleb128 0x24
 667 002b 00       		.byte	0
 668 002c 0B       		.uleb128 0xb
 669 002d 0B       		.uleb128 0xb
 670 002e 3E       		.uleb128 0x3e
 671 002f 0B       		.uleb128 0xb
 672 0030 03       		.uleb128 0x3
 673 0031 08       		.uleb128 0x8
 674 0032 00       		.byte	0
 675 0033 00       		.byte	0
 676 0034 05       		.uleb128 0x5
 677 0035 0F       		.uleb128 0xf
ARM GAS  /tmp/cc8zbNAv.s 			page 13


 678 0036 00       		.byte	0
 679 0037 0B       		.uleb128 0xb
 680 0038 0B       		.uleb128 0xb
 681 0039 49       		.uleb128 0x49
 682 003a 13       		.uleb128 0x13
 683 003b 00       		.byte	0
 684 003c 00       		.byte	0
 685 003d 06       		.uleb128 0x6
 686 003e 15       		.uleb128 0x15
 687 003f 00       		.byte	0
 688 0040 27       		.uleb128 0x27
 689 0041 19       		.uleb128 0x19
 690 0042 00       		.byte	0
 691 0043 00       		.byte	0
 692 0044 07       		.uleb128 0x7
 693 0045 13       		.uleb128 0x13
 694 0046 01       		.byte	0x1
 695 0047 0B       		.uleb128 0xb
 696 0048 05       		.uleb128 0x5
 697 0049 3A       		.uleb128 0x3a
 698 004a 0B       		.uleb128 0xb
 699 004b 3B       		.uleb128 0x3b
 700 004c 0B       		.uleb128 0xb
 701 004d 01       		.uleb128 0x1
 702 004e 13       		.uleb128 0x13
 703 004f 00       		.byte	0
 704 0050 00       		.byte	0
 705 0051 08       		.uleb128 0x8
 706 0052 0D       		.uleb128 0xd
 707 0053 00       		.byte	0
 708 0054 03       		.uleb128 0x3
 709 0055 0E       		.uleb128 0xe
 710 0056 3A       		.uleb128 0x3a
 711 0057 0B       		.uleb128 0xb
 712 0058 3B       		.uleb128 0x3b
 713 0059 0B       		.uleb128 0xb
 714 005a 49       		.uleb128 0x49
 715 005b 13       		.uleb128 0x13
 716 005c 38       		.uleb128 0x38
 717 005d 0B       		.uleb128 0xb
 718 005e 00       		.byte	0
 719 005f 00       		.byte	0
 720 0060 09       		.uleb128 0x9
 721 0061 01       		.uleb128 0x1
 722 0062 01       		.byte	0x1
 723 0063 49       		.uleb128 0x49
 724 0064 13       		.uleb128 0x13
 725 0065 01       		.uleb128 0x1
 726 0066 13       		.uleb128 0x13
 727 0067 00       		.byte	0
 728 0068 00       		.byte	0
 729 0069 0A       		.uleb128 0xa
 730 006a 21       		.uleb128 0x21
 731 006b 00       		.byte	0
 732 006c 49       		.uleb128 0x49
 733 006d 13       		.uleb128 0x13
 734 006e 2F       		.uleb128 0x2f
ARM GAS  /tmp/cc8zbNAv.s 			page 14


 735 006f 0B       		.uleb128 0xb
 736 0070 00       		.byte	0
 737 0071 00       		.byte	0
 738 0072 0B       		.uleb128 0xb
 739 0073 2E       		.uleb128 0x2e
 740 0074 00       		.byte	0
 741 0075 3F       		.uleb128 0x3f
 742 0076 19       		.uleb128 0x19
 743 0077 03       		.uleb128 0x3
 744 0078 0E       		.uleb128 0xe
 745 0079 3A       		.uleb128 0x3a
 746 007a 0B       		.uleb128 0xb
 747 007b 3B       		.uleb128 0x3b
 748 007c 0B       		.uleb128 0xb
 749 007d 27       		.uleb128 0x27
 750 007e 19       		.uleb128 0x19
 751 007f 11       		.uleb128 0x11
 752 0080 01       		.uleb128 0x1
 753 0081 12       		.uleb128 0x12
 754 0082 06       		.uleb128 0x6
 755 0083 40       		.uleb128 0x40
 756 0084 18       		.uleb128 0x18
 757 0085 9742     		.uleb128 0x2117
 758 0087 19       		.uleb128 0x19
 759 0088 00       		.byte	0
 760 0089 00       		.byte	0
 761 008a 0C       		.uleb128 0xc
 762 008b 34       		.uleb128 0x34
 763 008c 00       		.byte	0
 764 008d 03       		.uleb128 0x3
 765 008e 0E       		.uleb128 0xe
 766 008f 3A       		.uleb128 0x3a
 767 0090 0B       		.uleb128 0xb
 768 0091 3B       		.uleb128 0x3b
 769 0092 05       		.uleb128 0x5
 770 0093 49       		.uleb128 0x49
 771 0094 13       		.uleb128 0x13
 772 0095 3F       		.uleb128 0x3f
 773 0096 19       		.uleb128 0x19
 774 0097 3C       		.uleb128 0x3c
 775 0098 19       		.uleb128 0x19
 776 0099 00       		.byte	0
 777 009a 00       		.byte	0
 778 009b 0D       		.uleb128 0xd
 779 009c 35       		.uleb128 0x35
 780 009d 00       		.byte	0
 781 009e 49       		.uleb128 0x49
 782 009f 13       		.uleb128 0x13
 783 00a0 00       		.byte	0
 784 00a1 00       		.byte	0
 785 00a2 0E       		.uleb128 0xe
 786 00a3 34       		.uleb128 0x34
 787 00a4 00       		.byte	0
 788 00a5 03       		.uleb128 0x3
 789 00a6 0E       		.uleb128 0xe
 790 00a7 3A       		.uleb128 0x3a
 791 00a8 0B       		.uleb128 0xb
ARM GAS  /tmp/cc8zbNAv.s 			page 15


 792 00a9 3B       		.uleb128 0x3b
 793 00aa 05       		.uleb128 0x5
 794 00ab 49       		.uleb128 0x49
 795 00ac 13       		.uleb128 0x13
 796 00ad 3F       		.uleb128 0x3f
 797 00ae 19       		.uleb128 0x19
 798 00af 02       		.uleb128 0x2
 799 00b0 18       		.uleb128 0x18
 800 00b1 00       		.byte	0
 801 00b2 00       		.byte	0
 802 00b3 0F       		.uleb128 0xf
 803 00b4 34       		.uleb128 0x34
 804 00b5 00       		.byte	0
 805 00b6 03       		.uleb128 0x3
 806 00b7 0E       		.uleb128 0xe
 807 00b8 3A       		.uleb128 0x3a
 808 00b9 0B       		.uleb128 0xb
 809 00ba 3B       		.uleb128 0x3b
 810 00bb 0B       		.uleb128 0xb
 811 00bc 49       		.uleb128 0x49
 812 00bd 13       		.uleb128 0x13
 813 00be 3F       		.uleb128 0x3f
 814 00bf 19       		.uleb128 0x19
 815 00c0 3C       		.uleb128 0x3c
 816 00c1 19       		.uleb128 0x19
 817 00c2 00       		.byte	0
 818 00c3 00       		.byte	0
 819 00c4 00       		.byte	0
 820              		.section	.debug_aranges,"",%progbits
 821 0000 1C000000 		.4byte	0x1c
 822 0004 0200     		.2byte	0x2
 823 0006 00000000 		.4byte	.Ldebug_info0
 824 000a 04       		.byte	0x4
 825 000b 00       		.byte	0
 826 000c 0000     		.2byte	0
 827 000e 0000     		.2byte	0
 828 0010 00000000 		.4byte	.LFB63
 829 0014 02000000 		.4byte	.LFE63-.LFB63
 830 0018 00000000 		.4byte	0
 831 001c 00000000 		.4byte	0
 832              		.section	.debug_ranges,"",%progbits
 833              	.Ldebug_ranges0:
 834 0000 00000000 		.4byte	.LFB63
 835 0004 02000000 		.4byte	.LFE63
 836 0008 00000000 		.4byte	0
 837 000c 00000000 		.4byte	0
 838              		.section	.debug_line,"",%progbits
 839              	.Ldebug_line0:
 840 0000 15010000 		.section	.debug_str,"MS",%progbits,1
 840      0200FB00 
 840      00000201 
 840      FB0E0D00 
 840      01010101 
 841              	.LASF14:
 842 0000 6972715F 		.ascii	"irq_vector_t\000"
 842      76656374 
 842      6F725F74 
ARM GAS  /tmp/cc8zbNAv.s 			page 16


 842      00
 843              	.LASF28:
 844 000d 76656374 		.ascii	"vector34\000"
 844      6F723334 
 844      00
 845              	.LASF29:
 846 0016 70656E64 		.ascii	"pendsv_handler\000"
 846      73765F68 
 846      616E646C 
 846      657200
 847              	.LASF5:
 848 0025 5F5F696E 		.ascii	"__int32_t\000"
 848      7433325F 
 848      7400
 849              	.LASF30:
 850 002f 73797374 		.ascii	"systick_handler\000"
 850      69636B5F 
 850      68616E64 
 850      6C657200 
 851              	.LASF3:
 852 003f 73686F72 		.ascii	"short unsigned int\000"
 852      7420756E 
 852      7369676E 
 852      65642069 
 852      6E7400
 853              	.LASF15:
 854 0052 696E6974 		.ascii	"init_stack\000"
 854      5F737461 
 854      636B00
 855              	.LASF11:
 856 005d 696E7433 		.ascii	"int32_t\000"
 856      325F7400 
 857              	.LASF27:
 858 0065 64656275 		.ascii	"debugmonitor_handler\000"
 858      676D6F6E 
 858      69746F72 
 858      5F68616E 
 858      646C6572 
 859              	.LASF1:
 860 007a 756E7369 		.ascii	"unsigned char\000"
 860      676E6564 
 860      20636861 
 860      7200
 861              	.LASF7:
 862 0088 6C6F6E67 		.ascii	"long unsigned int\000"
 862      20756E73 
 862      69676E65 
 862      6420696E 
 862      7400
 863              	.LASF26:
 864 009a 7376635F 		.ascii	"svc_handler\000"
 864      68616E64 
 864      6C657200 
 865              	.LASF33:
 866 00a6 49544D5F 		.ascii	"ITM_RxBuffer\000"
 866      52784275 
 866      66666572 
ARM GAS  /tmp/cc8zbNAv.s 			page 17


 866      00
 867              	.LASF22:
 868 00b3 76656374 		.ascii	"vector1c\000"
 868      6F723163 
 868      00
 869              	.LASF18:
 870 00bc 68617264 		.ascii	"hardfault_handler\000"
 870      6661756C 
 870      745F6861 
 870      6E646C65 
 870      7200
 871              	.LASF6:
 872 00ce 5F5F7569 		.ascii	"__uint32_t\000"
 872      6E743332 
 872      5F7400
 873              	.LASF17:
 874 00d9 6E6D695F 		.ascii	"nmi_handler\000"
 874      68616E64 
 874      6C657200 
 875              	.LASF37:
 876 00e5 2F686F6D 		.ascii	"/home/peter/ChibiOS_16.1.4/os/common/ports/ARMCMx/c"
 876      652F7065 
 876      7465722F 
 876      43686962 
 876      694F535F 
 877 0118 6F6D7069 		.ascii	"ompilers/GCC/vectors.c\000"
 877      6C657273 
 877      2F474343 
 877      2F766563 
 877      746F7273 
 878              	.LASF10:
 879 012f 756E7369 		.ascii	"unsigned int\000"
 879      676E6564 
 879      20696E74 
 879      00
 880              	.LASF23:
 881 013c 76656374 		.ascii	"vector20\000"
 881      6F723230 
 881      00
 882              	.LASF9:
 883 0145 6C6F6E67 		.ascii	"long long unsigned int\000"
 883      206C6F6E 
 883      6720756E 
 883      7369676E 
 883      65642069 
 884              	.LASF24:
 885 015c 76656374 		.ascii	"vector24\000"
 885      6F723234 
 885      00
 886              	.LASF25:
 887 0165 76656374 		.ascii	"vector28\000"
 887      6F723238 
 887      00
 888              	.LASF34:
 889 016e 5F766563 		.ascii	"_vectors\000"
 889      746F7273 
 889      00
ARM GAS  /tmp/cc8zbNAv.s 			page 18


 890              	.LASF16:
 891 0177 72657365 		.ascii	"reset_handler\000"
 891      745F6861 
 891      6E646C65 
 891      7200
 892              	.LASF13:
 893 0185 73697A65 		.ascii	"sizetype\000"
 893      74797065 
 893      00
 894              	.LASF21:
 895 018e 75736167 		.ascii	"usagefault_handler\000"
 895      65666175 
 895      6C745F68 
 895      616E646C 
 895      657200
 896              	.LASF8:
 897 01a1 6C6F6E67 		.ascii	"long long int\000"
 897      206C6F6E 
 897      6720696E 
 897      7400
 898              	.LASF20:
 899 01af 62757366 		.ascii	"busfault_handler\000"
 899      61756C74 
 899      5F68616E 
 899      646C6572 
 899      00
 900              	.LASF36:
 901 01c0 474E5520 		.ascii	"GNU C 4.9.3 20150529 (prerelease) -mcpu=cortex-m3 -"
 901      4320342E 
 901      392E3320 
 901      32303135 
 901      30353239 
 902 01f3 6D6E6F2D 		.ascii	"mno-thumb-interwork -mthumb -ggdb -O2 -std=c99 -fom"
 902      7468756D 
 902      622D696E 
 902      74657277 
 902      6F726B20 
 903 0226 69742D66 		.ascii	"it-frame-pointer -falign-functions=16 -ffunction-se"
 903      72616D65 
 903      2D706F69 
 903      6E746572 
 903      202D6661 
 904 0259 6374696F 		.ascii	"ctions -fdata-sections -fno-common\000"
 904      6E73202D 
 904      66646174 
 904      612D7365 
 904      6374696F 
 905              	.LASF38:
 906 027c 5F756E68 		.ascii	"_unhandled_exception\000"
 906      616E646C 
 906      65645F65 
 906      78636570 
 906      74696F6E 
 907              	.LASF31:
 908 0291 76656374 		.ascii	"vectors\000"
 908      6F727300 
 909              	.LASF2:
ARM GAS  /tmp/cc8zbNAv.s 			page 19


 910 0299 73686F72 		.ascii	"short int\000"
 910      7420696E 
 910      7400
 911              	.LASF12:
 912 02a3 75696E74 		.ascii	"uint32_t\000"
 912      33325F74 
 912      00
 913              	.LASF4:
 914 02ac 6C6F6E67 		.ascii	"long int\000"
 914      20696E74 
 914      00
 915              	.LASF19:
 916 02b5 6D656D6D 		.ascii	"memmanage_handler\000"
 916      616E6167 
 916      655F6861 
 916      6E646C65 
 916      7200
 917              	.LASF0:
 918 02c7 7369676E 		.ascii	"signed char\000"
 918      65642063 
 918      68617200 
 919              	.LASF32:
 920 02d3 76656374 		.ascii	"vectors_t\000"
 920      6F72735F 
 920      7400
 921              	.LASF35:
 922 02dd 5F5F6D61 		.ascii	"__main_stack_end__\000"
 922      696E5F73 
 922      7461636B 
 922      5F656E64 
 922      5F5F00
 923              		.ident	"GCC: (15:4.9.3+svn227297-1) 4.9.3 20150529 (prerelease)"
ARM GAS  /tmp/cc8zbNAv.s 			page 20


DEFINED SYMBOLS
                            *ABS*:00000000 vectors.c
     /tmp/cc8zbNAv.s:19     .text._unhandled_exception:00000000 $t
     /tmp/cc8zbNAv.s:25     .text._unhandled_exception:00000000 _unhandled_exception
     /tmp/cc8zbNAv.s:25     .text._unhandled_exception:00000000 NMI_Handler
     /tmp/cc8zbNAv.s:25     .text._unhandled_exception:00000000 HardFault_Handler
     /tmp/cc8zbNAv.s:25     .text._unhandled_exception:00000000 MemManage_Handler
     /tmp/cc8zbNAv.s:25     .text._unhandled_exception:00000000 BusFault_Handler
     /tmp/cc8zbNAv.s:25     .text._unhandled_exception:00000000 UsageFault_Handler
     /tmp/cc8zbNAv.s:25     .text._unhandled_exception:00000000 Vector1C
     /tmp/cc8zbNAv.s:25     .text._unhandled_exception:00000000 Vector20
     /tmp/cc8zbNAv.s:25     .text._unhandled_exception:00000000 Vector24
     /tmp/cc8zbNAv.s:25     .text._unhandled_exception:00000000 Vector28
     /tmp/cc8zbNAv.s:25     .text._unhandled_exception:00000000 SVC_Handler
     /tmp/cc8zbNAv.s:25     .text._unhandled_exception:00000000 DebugMon_Handler
     /tmp/cc8zbNAv.s:25     .text._unhandled_exception:00000000 Vector34
     /tmp/cc8zbNAv.s:25     .text._unhandled_exception:00000000 PendSV_Handler
     /tmp/cc8zbNAv.s:25     .text._unhandled_exception:00000000 SysTick_Handler
     /tmp/cc8zbNAv.s:25     .text._unhandled_exception:00000000 Vector40
     /tmp/cc8zbNAv.s:25     .text._unhandled_exception:00000000 Vector44
     /tmp/cc8zbNAv.s:25     .text._unhandled_exception:00000000 Vector48
     /tmp/cc8zbNAv.s:25     .text._unhandled_exception:00000000 Vector4C
     /tmp/cc8zbNAv.s:25     .text._unhandled_exception:00000000 Vector50
     /tmp/cc8zbNAv.s:25     .text._unhandled_exception:00000000 Vector54
     /tmp/cc8zbNAv.s:25     .text._unhandled_exception:00000000 Vector58
     /tmp/cc8zbNAv.s:25     .text._unhandled_exception:00000000 Vector5C
     /tmp/cc8zbNAv.s:25     .text._unhandled_exception:00000000 Vector60
     /tmp/cc8zbNAv.s:25     .text._unhandled_exception:00000000 Vector64
     /tmp/cc8zbNAv.s:25     .text._unhandled_exception:00000000 Vector68
     /tmp/cc8zbNAv.s:25     .text._unhandled_exception:00000000 Vector6C
     /tmp/cc8zbNAv.s:25     .text._unhandled_exception:00000000 Vector70
     /tmp/cc8zbNAv.s:25     .text._unhandled_exception:00000000 Vector74
     /tmp/cc8zbNAv.s:25     .text._unhandled_exception:00000000 Vector78
     /tmp/cc8zbNAv.s:25     .text._unhandled_exception:00000000 Vector7C
     /tmp/cc8zbNAv.s:25     .text._unhandled_exception:00000000 Vector80
     /tmp/cc8zbNAv.s:25     .text._unhandled_exception:00000000 Vector84
     /tmp/cc8zbNAv.s:25     .text._unhandled_exception:00000000 Vector88
     /tmp/cc8zbNAv.s:25     .text._unhandled_exception:00000000 Vector8C
     /tmp/cc8zbNAv.s:25     .text._unhandled_exception:00000000 Vector90
     /tmp/cc8zbNAv.s:25     .text._unhandled_exception:00000000 Vector94
     /tmp/cc8zbNAv.s:25     .text._unhandled_exception:00000000 Vector98
     /tmp/cc8zbNAv.s:25     .text._unhandled_exception:00000000 Vector9C
     /tmp/cc8zbNAv.s:25     .text._unhandled_exception:00000000 VectorA0
     /tmp/cc8zbNAv.s:25     .text._unhandled_exception:00000000 VectorA4
     /tmp/cc8zbNAv.s:25     .text._unhandled_exception:00000000 VectorA8
     /tmp/cc8zbNAv.s:25     .text._unhandled_exception:00000000 VectorAC
     /tmp/cc8zbNAv.s:25     .text._unhandled_exception:00000000 VectorB0
     /tmp/cc8zbNAv.s:25     .text._unhandled_exception:00000000 VectorB4
     /tmp/cc8zbNAv.s:25     .text._unhandled_exception:00000000 VectorB8
     /tmp/cc8zbNAv.s:25     .text._unhandled_exception:00000000 VectorBC
     /tmp/cc8zbNAv.s:25     .text._unhandled_exception:00000000 VectorC0
     /tmp/cc8zbNAv.s:25     .text._unhandled_exception:00000000 VectorC4
     /tmp/cc8zbNAv.s:25     .text._unhandled_exception:00000000 VectorC8
     /tmp/cc8zbNAv.s:25     .text._unhandled_exception:00000000 VectorCC
     /tmp/cc8zbNAv.s:25     .text._unhandled_exception:00000000 VectorD0
     /tmp/cc8zbNAv.s:25     .text._unhandled_exception:00000000 VectorD4
     /tmp/cc8zbNAv.s:25     .text._unhandled_exception:00000000 VectorD8
ARM GAS  /tmp/cc8zbNAv.s 			page 21


     /tmp/cc8zbNAv.s:25     .text._unhandled_exception:00000000 VectorDC
     /tmp/cc8zbNAv.s:25     .text._unhandled_exception:00000000 VectorE0
     /tmp/cc8zbNAv.s:25     .text._unhandled_exception:00000000 VectorE4
     /tmp/cc8zbNAv.s:25     .text._unhandled_exception:00000000 VectorE8
     /tmp/cc8zbNAv.s:25     .text._unhandled_exception:00000000 VectorEC
     /tmp/cc8zbNAv.s:25     .text._unhandled_exception:00000000 VectorF0
     /tmp/cc8zbNAv.s:25     .text._unhandled_exception:00000000 VectorF4
     /tmp/cc8zbNAv.s:25     .text._unhandled_exception:00000000 VectorF8
     /tmp/cc8zbNAv.s:25     .text._unhandled_exception:00000000 VectorFC
     /tmp/cc8zbNAv.s:25     .text._unhandled_exception:00000000 Vector100
     /tmp/cc8zbNAv.s:25     .text._unhandled_exception:00000000 Vector104
     /tmp/cc8zbNAv.s:25     .text._unhandled_exception:00000000 Vector108
     /tmp/cc8zbNAv.s:25     .text._unhandled_exception:00000000 Vector10C
     /tmp/cc8zbNAv.s:25     .text._unhandled_exception:00000000 Vector110
     /tmp/cc8zbNAv.s:25     .text._unhandled_exception:00000000 Vector114
     /tmp/cc8zbNAv.s:25     .text._unhandled_exception:00000000 Vector118
     /tmp/cc8zbNAv.s:25     .text._unhandled_exception:00000000 Vector11C
     /tmp/cc8zbNAv.s:25     .text._unhandled_exception:00000000 Vector120
     /tmp/cc8zbNAv.s:25     .text._unhandled_exception:00000000 Vector124
     /tmp/cc8zbNAv.s:25     .text._unhandled_exception:00000000 Vector128
     /tmp/cc8zbNAv.s:25     .text._unhandled_exception:00000000 Vector12C
     /tmp/cc8zbNAv.s:25     .text._unhandled_exception:00000000 Vector130
     /tmp/cc8zbNAv.s:25     .text._unhandled_exception:00000000 Vector134
     /tmp/cc8zbNAv.s:25     .text._unhandled_exception:00000000 Vector138
     /tmp/cc8zbNAv.s:25     .text._unhandled_exception:00000000 Vector13C
     /tmp/cc8zbNAv.s:25     .text._unhandled_exception:00000000 Vector140
     /tmp/cc8zbNAv.s:25     .text._unhandled_exception:00000000 Vector144
     /tmp/cc8zbNAv.s:25     .text._unhandled_exception:00000000 Vector148
     /tmp/cc8zbNAv.s:25     .text._unhandled_exception:00000000 Vector14C
     /tmp/cc8zbNAv.s:25     .text._unhandled_exception:00000000 Vector150
     /tmp/cc8zbNAv.s:25     .text._unhandled_exception:00000000 Vector154
     /tmp/cc8zbNAv.s:25     .text._unhandled_exception:00000000 Vector158
     /tmp/cc8zbNAv.s:25     .text._unhandled_exception:00000000 Vector15C
     /tmp/cc8zbNAv.s:25     .text._unhandled_exception:00000000 Vector160
     /tmp/cc8zbNAv.s:25     .text._unhandled_exception:00000000 Vector164
     /tmp/cc8zbNAv.s:25     .text._unhandled_exception:00000000 Vector168
     /tmp/cc8zbNAv.s:25     .text._unhandled_exception:00000000 Vector16C
     /tmp/cc8zbNAv.s:25     .text._unhandled_exception:00000000 Vector170
     /tmp/cc8zbNAv.s:25     .text._unhandled_exception:00000000 Vector174
     /tmp/cc8zbNAv.s:25     .text._unhandled_exception:00000000 Vector178
     /tmp/cc8zbNAv.s:25     .text._unhandled_exception:00000000 Vector17C
     /tmp/cc8zbNAv.s:25     .text._unhandled_exception:00000000 Vector180
     /tmp/cc8zbNAv.s:25     .text._unhandled_exception:00000000 Vector184
     /tmp/cc8zbNAv.s:25     .text._unhandled_exception:00000000 Vector188
     /tmp/cc8zbNAv.s:25     .text._unhandled_exception:00000000 Vector18C
     /tmp/cc8zbNAv.s:25     .text._unhandled_exception:00000000 Vector190
     /tmp/cc8zbNAv.s:25     .text._unhandled_exception:00000000 Vector194
     /tmp/cc8zbNAv.s:25     .text._unhandled_exception:00000000 Vector198
     /tmp/cc8zbNAv.s:25     .text._unhandled_exception:00000000 Vector19C
     /tmp/cc8zbNAv.s:25     .text._unhandled_exception:00000000 Vector1A0
     /tmp/cc8zbNAv.s:25     .text._unhandled_exception:00000000 Vector1A4
     /tmp/cc8zbNAv.s:25     .text._unhandled_exception:00000000 Vector1A8
     /tmp/cc8zbNAv.s:25     .text._unhandled_exception:00000000 Vector1AC
     /tmp/cc8zbNAv.s:25     .text._unhandled_exception:00000000 Vector1B0
     /tmp/cc8zbNAv.s:25     .text._unhandled_exception:00000000 Vector1B4
     /tmp/cc8zbNAv.s:25     .text._unhandled_exception:00000000 Vector1B8
     /tmp/cc8zbNAv.s:25     .text._unhandled_exception:00000000 Vector1BC
ARM GAS  /tmp/cc8zbNAv.s 			page 22


     /tmp/cc8zbNAv.s:265    .vectors:00000000 _vectors
     /tmp/cc8zbNAv.s:262    .vectors:00000000 $d
                     .debug_frame:00000010 $d

UNDEFINED SYMBOLS
__main_stack_end__
Reset_Handler
